2025-03-26 22:22:25,930 [INFO] Activator:176 - 


2025-03-26 22:22:25,937 [INFO] Activator:177 - !SESSION log4j initialized
2025-03-26 22:22:32,156 [ERROR] LogOutputStream:75 - [STDERR_REDIRECT] Mar 26, 2025 10:22:32 PM org.apache.lucene.internal.vectorization.VectorizationProvider lookup
2025-03-26 22:22:32,164 [ERROR] LogOutputStream:75 - [STDERR_REDIRECT] WARNING: Java vector incubator module is not readable. For optimal vector performance, pass '--add-modules jdk.incubator.vector' to enable Vector API.
2025-03-26 22:22:32,166 [ERROR] LogOutputStream:75 - [STDERR_REDIRECT] 
2025-03-26 22:22:35,071 [INFO] LogOutputStream:77 - [STDOUT_REDIRECT] 
2025-03-26 22:22:45,939 [INFO] ApplicationProperties:184 - Using Application install path: C:\ST\STM32CubeIDE_1.16.1\STM32CubeIDE\plugins\com.st.stm32cube.common.mx_6.14.0.202502271554
2025-03-26 22:22:45,963 [INFO] DbMcusXml:78 - Set database path to: C:\ST\STM32CubeIDE_1.16.1\STM32CubeIDE\plugins\com.st.stm32cube.common.mx_6.14.0.202502271554\\db\/mcu/
2025-03-26 22:22:45,964 [INFO] ApiDb:274 - Set plugin database path to: C:\ST\STM32CubeIDE_1.16.1\STM32CubeIDE\plugins\com.st.stm32cube.common.mx_6.14.0.202502271554\\db\/plugins/boardmanager/
2025-03-26 22:22:45,964 [WARN] ApiDb:259 - Overriding images path with different value:  => C:\ST\STM32CubeIDE_1.16.1\STM32CubeIDE\plugins\com.st.stm32cube.common.mx_6.14.0.202502271554\\db\/plugins/mcufinder/images/
2025-03-26 22:22:45,972 [INFO] ApiDb:250 - Set database path to: C:\Users\Shuvro\.stmcufinder\plugins\mcufinder//mcu/
2025-03-26 22:22:45,974 [INFO] DbMcusAds:125 - Set database path to: C:\Users\Shuvro\.stmcufinder\plugins\mcufinder//mcu/
2025-03-26 22:22:45,993 [INFO] CrossReferenceDbSqlite:203 - Set database path to: C:\Users\Shuvro\.stmcufinder\plugins\mcufinder//mcu/cs/
2025-03-26 22:22:46,186 [INFO] RulesReader:64 - Compatibility file has been processed (301 Rules)
2025-03-26 22:22:46,364 [INFO] DbMcusXml:78 - Set database path to: C:\ST\STM32CubeIDE_1.16.1\STM32CubeIDE\plugins\com.st.stm32cube.common.mx_6.14.0.202502271554\\db\/mcu/
2025-03-26 22:22:46,365 [INFO] ApiDb:274 - Set plugin database path to: C:\ST\STM32CubeIDE_1.16.1\STM32CubeIDE\plugins\com.st.stm32cube.common.mx_6.14.0.202502271554\\db\/plugins/boardmanager/
2025-03-26 22:22:46,365 [INFO] ApiDb:261 - Set plugin images path to: C:\ST\STM32CubeIDE_1.16.1\STM32CubeIDE\plugins\com.st.stm32cube.common.mx_6.14.0.202502271554\\db\/plugins/mcufinder/images/
2025-03-26 22:22:46,366 [WARN] DbFile:41 - Overriding database path with different value: C:\Users\Shuvro\.stmcufinder\plugins\mcufinder/ => C:\Users\Shuvro\.stmcufinder\plugins\mcufinder
2025-03-26 22:22:46,366 [INFO] ApiDb:250 - Set database path to: C:\Users\Shuvro\.stmcufinder\plugins\mcufinder//mcu/
2025-03-26 22:22:46,366 [WARN] DbFile:41 - Overriding database path with different value: C:\Users\Shuvro\.stmcufinder\plugins\mcufinder/ => C:\Users\Shuvro\.stmcufinder\plugins\mcufinder
2025-03-26 22:22:46,366 [INFO] DbMcusAds:125 - Set database path to: C:\Users\Shuvro\.stmcufinder\plugins\mcufinder//mcu/
2025-03-26 22:22:46,366 [WARN] DbFile:41 - Overriding database path with different value: C:\Users\Shuvro\.stmcufinder\plugins\mcufinder/ => C:\Users\Shuvro\.stmcufinder\plugins\mcufinder
2025-03-26 22:22:46,367 [WARN] DbFile:41 - Overriding database path with different value: C:\Users\Shuvro\.stmcufinder\plugins\mcufinder/ => C:\Users\Shuvro\.stmcufinder\plugins\mcufinder
2025-03-26 22:22:46,367 [INFO] CrossReferenceDbSqlite:203 - Set database path to: C:\Users\Shuvro\.stmcufinder\plugins\mcufinder//mcu/cs/
2025-03-26 22:22:46,474 [INFO] MainPanel:272 - HeapMemory: 268435456
2025-03-26 22:22:46,626 [INFO] DbMcusXml:78 - Set database path to: C:\ST\STM32CubeIDE_1.16.1\STM32CubeIDE\plugins\com.st.stm32cube.common.mx_6.14.0.202502271554\\db\/mcu/
2025-03-26 22:22:46,626 [INFO] ApiDb:274 - Set plugin database path to: C:\ST\STM32CubeIDE_1.16.1\STM32CubeIDE\plugins\com.st.stm32cube.common.mx_6.14.0.202502271554\\db\/plugins/boardmanager/
2025-03-26 22:22:46,626 [INFO] ApiDb:261 - Set plugin images path to: C:\ST\STM32CubeIDE_1.16.1\STM32CubeIDE\plugins\com.st.stm32cube.common.mx_6.14.0.202502271554\\db\/plugins/mcufinder/images/
2025-03-26 22:22:46,628 [WARN] DbFile:41 - Overriding database path with different value: C:\Users\Shuvro\.stmcufinder\plugins\mcufinder/ => C:\Users\Shuvro\.stmcufinder\plugins\mcufinder
2025-03-26 22:22:46,628 [INFO] ApiDb:250 - Set database path to: C:\Users\Shuvro\.stmcufinder\plugins\mcufinder//mcu/
2025-03-26 22:22:46,628 [WARN] DbFile:41 - Overriding database path with different value: C:\Users\Shuvro\.stmcufinder\plugins\mcufinder/ => C:\Users\Shuvro\.stmcufinder\plugins\mcufinder
2025-03-26 22:22:46,628 [INFO] DbMcusAds:125 - Set database path to: C:\Users\Shuvro\.stmcufinder\plugins\mcufinder//mcu/
2025-03-26 22:22:46,629 [WARN] DbFile:41 - Overriding database path with different value: C:\Users\Shuvro\.stmcufinder\plugins\mcufinder/ => C:\Users\Shuvro\.stmcufinder\plugins\mcufinder
2025-03-26 22:22:46,629 [WARN] DbFile:41 - Overriding database path with different value: C:\Users\Shuvro\.stmcufinder\plugins\mcufinder/ => C:\Users\Shuvro\.stmcufinder\plugins\mcufinder
2025-03-26 22:22:46,629 [INFO] CrossReferenceDbSqlite:203 - Set database path to: C:\Users\Shuvro\.stmcufinder\plugins\mcufinder//mcu/cs/
2025-03-26 22:22:46,656 [INFO] ApplicationProperties:184 - Using Application install path: C:\ST\STM32CubeIDE_1.16.1\STM32CubeIDE\plugins\com.st.stm32cube.common.mx_6.14.0.202502271554
2025-03-26 22:22:46,658 [INFO] PluginManage:196 - Search for loadable plugins [exclusion list=, ]
2025-03-26 22:22:46,660 [INFO] PluginManage:310 - Check plugin analytics
2025-03-26 22:22:56,649 [INFO] AnalyticsPlugin:253 - Accepted Software Licenses: 
2025-03-26 22:22:56,649 [INFO] AnalyticsPlugin:255 - Accepted CMSIS Pack Licenses: 
2025-03-26 22:22:56,650 [INFO] AnalyticsPlugin:257 - Accepted Firmware Licenses: 
2025-03-26 22:22:56,665 [INFO] PluginManage:359 - Loaded plugin analytics (category:tool,tabindex:-1)
2025-03-26 22:22:56,665 [INFO] PluginManage:310 - Check plugin cadmodel
2025-03-26 22:22:56,673 [INFO] CADModel:105 - Init CAD model plugin
2025-03-26 22:22:56,673 [INFO] PluginManage:359 - Loaded plugin cadmodel (category:power,tabindex:5)
2025-03-26 22:22:56,673 [INFO] PluginManage:310 - Check plugin clock
2025-03-26 22:22:56,718 [INFO] PluginManage:359 - Loaded plugin clock (category:base,tabindex:2)
2025-03-26 22:22:56,719 [INFO] PluginManage:310 - Check plugin ddr
2025-03-26 22:22:56,725 [INFO] PluginManage:359 - Loaded plugin ddr (category:tool,tabindex:6)
2025-03-26 22:22:56,725 [INFO] PluginManage:310 - Check plugin filemanager
2025-03-26 22:22:57,116 [INFO] PluginManage:359 - Loaded plugin filemanager (category:base,tabindex:10)
2025-03-26 22:22:57,117 [INFO] PluginManage:310 - Check plugin ipmanager
2025-03-26 22:22:57,126 [INFO] PluginManage:359 - Loaded plugin ipmanager (category:base,tabindex:5)
2025-03-26 22:22:57,126 [INFO] PluginManage:310 - Check plugin lpbam
2025-03-26 22:22:57,142 [INFO] PluginManage:359 - Loaded plugin lpbam (category:base,tabindex:0)
2025-03-26 22:22:57,142 [INFO] PluginManage:310 - Check plugin memorymap
2025-03-26 22:22:57,171 [INFO] PluginManage:359 - Loaded plugin memorymap (category:base,tabindex:4)
2025-03-26 22:22:57,171 [INFO] PluginManage:310 - Check plugin pinoutandconfiguration
2025-03-26 22:22:57,199 [INFO] PluginManage:359 - Loaded plugin pinoutandconfiguration (category:base,tabindex:1)
2025-03-26 22:22:57,199 [INFO] PluginManage:310 - Check plugin pinoutconfig
2025-03-26 22:22:57,387 [WARN] SupportedApi:132 - Cannot load RTOS API schema: s4s-elt-must-match.1: The content of 'definitions' must match (annotation?, (simpleType | complexType)?, (unique | key | keyref)*)). A problem was found starting at: attribute.
2025-03-26 22:22:57,607 [INFO] PluginManage:359 - Loaded plugin pinoutconfig (category:base,tabindex:0)
2025-03-26 22:22:57,607 [INFO] PluginManage:310 - Check plugin power
2025-03-26 22:22:57,635 [INFO] PluginManage:359 - Loaded plugin power (category:power,tabindex:4)
2025-03-26 22:22:57,635 [INFO] PluginManage:310 - Check plugin projectmanager
2025-03-26 22:22:57,670 [INFO] PluginManage:359 - Loaded plugin projectmanager (category:projectmanager,tabindex:4)
2025-03-26 22:22:57,670 [INFO] PluginManage:310 - Check plugin rif
2025-03-26 22:22:57,682 [INFO] PluginManage:359 - Loaded plugin rif (category:base,tabindex:3)
2025-03-26 22:22:57,682 [INFO] PluginManage:310 - Check plugin thirdparty
2025-03-26 22:22:57,936 [WARN] IntegrityCheckThread:84 - waiting for thirdparty lock release [integrity check]
2025-03-26 22:22:57,936 [INFO] IntegrityCheckThread:86 - entering critical section [integrity check]
2025-03-26 22:22:57,937 [INFO] ThirdPartyUpdaterWithRetryManager:70 - Updater plugin not ready yet. [1/15]
2025-03-26 22:22:57,938 [INFO] PluginManage:359 - Loaded plugin thirdparty (category:base,tabindex:-1)
2025-03-26 22:22:57,938 [INFO] PluginManage:310 - Check plugin tools
2025-03-26 22:22:57,947 [INFO] PluginManage:359 - Loaded plugin tools (category:base,tabindex:7)
2025-03-26 22:22:57,948 [INFO] PluginManage:310 - Check plugin tutovideos
2025-03-26 22:22:58,237 [INFO] PluginManage:359 - Loaded plugin tutovideos (category:base,tabindex:-1)
2025-03-26 22:22:58,237 [INFO] PluginManage:310 - Check plugin updater
2025-03-26 22:22:58,270 [INFO] PluginManage:359 - Loaded plugin updater (category:base,tabindex:12)
2025-03-26 22:22:58,270 [INFO] PluginManage:310 - Check plugin userauth
2025-03-26 22:22:58,276 [INFO] UserAuth:118 - Init User Auth plugin
2025-03-26 22:22:58,277 [INFO] PluginManage:359 - Loaded plugin userauth (category:base,tabindex:14)
2025-03-26 22:22:58,278 [INFO] PluginManage:283 - PluginManage : Loaded plugins [18]
2025-03-26 22:22:58,662 [INFO] PinOutPanel:1589 - setPackage(No Configuration,No Configuration)
2025-03-26 22:22:58,816 [INFO] CADModel:165 - CPN selected for project level
2025-03-26 22:22:58,816 [INFO] CADModel:114 - Register for checkConnection events
2025-03-26 22:22:58,841 [INFO] IPUIPlugin:80 - create IPUIPlugin
2025-03-26 22:22:58,841 [INFO] PluginManager:220 - loadIPPluginJar : add adc
2025-03-26 22:22:58,846 [INFO] IPUIPlugin:80 - create IPUIPlugin
2025-03-26 22:22:58,846 [INFO] PluginManager:220 - loadIPPluginJar : add aes
2025-03-26 22:22:58,850 [INFO] IPUIPlugin:80 - create IPUIPlugin
2025-03-26 22:22:58,851 [INFO] PluginManager:220 - loadIPPluginJar : add can
2025-03-26 22:22:58,854 [INFO] IPUIPlugin:80 - create IPUIPlugin
2025-03-26 22:22:58,854 [INFO] PluginManager:220 - loadIPPluginJar : add comp
2025-03-26 22:22:58,858 [INFO] IPUIPlugin:80 - create IPUIPlugin
2025-03-26 22:22:58,858 [INFO] PluginManager:220 - loadIPPluginJar : add cryp
2025-03-26 22:22:58,863 [INFO] IPUIPlugin:80 - create IPUIPlugin
2025-03-26 22:22:58,863 [INFO] PluginManager:220 - loadIPPluginJar : add ddr_ctrl_phy
2025-03-26 22:22:58,867 [INFO] IPUIPlugin:80 - create IPUIPlugin
2025-03-26 22:22:58,867 [INFO] PluginManager:220 - loadIPPluginJar : add dfsdm
2025-03-26 22:22:58,876 [INFO] IPUIPlugin:80 - create IPUIPlugin
2025-03-26 22:22:58,876 [INFO] PluginManager:220 - loadIPPluginJar : add dma
2025-03-26 22:22:58,880 [INFO] IPUIPlugin:80 - create IPUIPlugin
2025-03-26 22:22:58,880 [INFO] PluginManager:220 - loadIPPluginJar : add dma3
2025-03-26 22:22:58,885 [INFO] IPUIPlugin:80 - create IPUIPlugin
2025-03-26 22:22:58,885 [INFO] PluginManager:220 - loadIPPluginJar : add extmemmanager
2025-03-26 22:22:58,888 [INFO] IPUIPlugin:80 - create IPUIPlugin
2025-03-26 22:22:58,888 [INFO] PluginManager:220 - loadIPPluginJar : add fatfs
2025-03-26 22:22:58,894 [INFO] IPUIPlugin:80 - create IPUIPlugin
2025-03-26 22:22:58,894 [INFO] PluginManager:220 - loadIPPluginJar : add fmc
2025-03-26 22:22:58,902 [INFO] IPUIPlugin:80 - create IPUIPlugin
2025-03-26 22:22:58,902 [INFO] PluginManager:220 - loadIPPluginJar : add freertos
2025-03-26 22:22:58,905 [INFO] IPUIPlugin:80 - create IPUIPlugin
2025-03-26 22:22:58,905 [INFO] PluginManager:220 - loadIPPluginJar : add genericplugin
2025-03-26 22:22:58,909 [INFO] IPUIPlugin:80 - create IPUIPlugin
2025-03-26 22:22:58,909 [INFO] PluginManager:220 - loadIPPluginJar : add gfxmmu
2025-03-26 22:22:58,916 [INFO] IPUIPlugin:80 - create IPUIPlugin
2025-03-26 22:22:58,916 [INFO] PluginManager:220 - loadIPPluginJar : add gic
2025-03-26 22:22:58,922 [INFO] IPUIPlugin:80 - create IPUIPlugin
2025-03-26 22:22:58,922 [INFO] PluginManager:220 - loadIPPluginJar : add gpio
2025-03-26 22:22:58,928 [INFO] IPUIPlugin:80 - create IPUIPlugin
2025-03-26 22:22:58,928 [INFO] PluginManager:220 - loadIPPluginJar : add gtzc
2025-03-26 22:22:58,933 [INFO] IPUIPlugin:80 - create IPUIPlugin
2025-03-26 22:22:58,933 [INFO] PluginManager:220 - loadIPPluginJar : add hash
2025-03-26 22:22:58,938 [INFO] IPUIPlugin:80 - create IPUIPlugin
2025-03-26 22:22:58,938 [INFO] PluginManager:220 - loadIPPluginJar : add i2c
2025-03-26 22:22:58,943 [INFO] IPUIPlugin:80 - create IPUIPlugin
2025-03-26 22:22:58,944 [INFO] PluginManager:220 - loadIPPluginJar : add i2s
2025-03-26 22:22:58,952 [INFO] IPUIPlugin:80 - create IPUIPlugin
2025-03-26 22:22:58,953 [INFO] PluginManager:220 - loadIPPluginJar : add i3c
2025-03-26 22:22:58,958 [INFO] IPUIPlugin:80 - create IPUIPlugin
2025-03-26 22:22:58,958 [INFO] PluginManager:220 - loadIPPluginJar : add ipddr
2025-03-26 22:22:58,968 [INFO] IPUIPlugin:80 - create IPUIPlugin
2025-03-26 22:22:58,968 [INFO] PluginManager:220 - loadIPPluginJar : add linkedlist
2025-03-26 22:22:58,974 [INFO] IPUIPlugin:80 - create IPUIPlugin
2025-03-26 22:22:58,974 [INFO] PluginManager:220 - loadIPPluginJar : add lorawan
2025-03-26 22:22:58,977 [INFO] IPUIPlugin:80 - create IPUIPlugin
2025-03-26 22:22:58,977 [INFO] PluginManager:220 - loadIPPluginJar : add ltdc
2025-03-26 22:22:58,987 [INFO] IPUIPlugin:80 - create IPUIPlugin
2025-03-26 22:22:58,987 [INFO] PluginManager:220 - loadIPPluginJar : add mdma
2025-03-26 22:22:58,992 [INFO] IPUIPlugin:80 - create IPUIPlugin
2025-03-26 22:22:58,992 [INFO] PluginManager:220 - loadIPPluginJar : add nvic
2025-03-26 22:22:58,997 [INFO] IPUIPlugin:80 - create IPUIPlugin
2025-03-26 22:22:58,998 [INFO] PluginManager:220 - loadIPPluginJar : add opamp
2025-03-26 22:22:59,004 [INFO] IPUIPlugin:80 - create IPUIPlugin
2025-03-26 22:22:59,004 [INFO] PluginManager:220 - loadIPPluginJar : add openamp
2025-03-26 22:22:59,009 [INFO] IPUIPlugin:80 - create IPUIPlugin
2025-03-26 22:22:59,010 [INFO] PluginManager:220 - loadIPPluginJar : add pdm2pcm
2025-03-26 22:22:59,021 [INFO] IPUIPlugin:80 - create IPUIPlugin
2025-03-26 22:22:59,028 [INFO] PluginManager:220 - loadIPPluginJar : add plateformsettings
2025-03-26 22:22:59,032 [INFO] IPUIPlugin:80 - create IPUIPlugin
2025-03-26 22:22:59,032 [INFO] PluginManager:220 - loadIPPluginJar : add quadspi
2025-03-26 22:22:59,035 [INFO] IPUIPlugin:80 - create IPUIPlugin
2025-03-26 22:22:59,036 [INFO] PluginManager:220 - loadIPPluginJar : add radio
2025-03-26 22:22:59,041 [INFO] IPUIPlugin:80 - create IPUIPlugin
2025-03-26 22:22:59,041 [INFO] PluginManager:220 - loadIPPluginJar : add resmgrutility
2025-03-26 22:22:59,046 [INFO] IPUIPlugin:80 - create IPUIPlugin
2025-03-26 22:22:59,046 [INFO] PluginManager:220 - loadIPPluginJar : add sai
2025-03-26 22:22:59,050 [INFO] IPUIPlugin:80 - create IPUIPlugin
2025-03-26 22:22:59,050 [INFO] PluginManager:220 - loadIPPluginJar : add spi
2025-03-26 22:22:59,059 [INFO] IPUIPlugin:80 - create IPUIPlugin
2025-03-26 22:22:59,059 [INFO] PluginManager:220 - loadIPPluginJar : add stm32_wpan
2025-03-26 22:22:59,062 [INFO] IPUIPlugin:80 - create IPUIPlugin
2025-03-26 22:22:59,062 [INFO] PluginManager:220 - loadIPPluginJar : add tim
2025-03-26 22:22:59,066 [INFO] IPUIPlugin:80 - create IPUIPlugin
2025-03-26 22:22:59,067 [INFO] PluginManager:220 - loadIPPluginJar : add touchsensing
2025-03-26 22:22:59,071 [INFO] IPUIPlugin:80 - create IPUIPlugin
2025-03-26 22:22:59,071 [INFO] PluginManager:220 - loadIPPluginJar : add tracer_emb
2025-03-26 22:22:59,075 [INFO] IPUIPlugin:80 - create IPUIPlugin
2025-03-26 22:22:59,076 [INFO] PluginManager:220 - loadIPPluginJar : add ts
2025-03-26 22:22:59,078 [INFO] IPUIPlugin:80 - create IPUIPlugin
2025-03-26 22:22:59,079 [INFO] PluginManager:220 - loadIPPluginJar : add tsc
2025-03-26 22:22:59,082 [INFO] IPUIPlugin:80 - create IPUIPlugin
2025-03-26 22:22:59,083 [INFO] PluginManager:220 - loadIPPluginJar : add ucpd
2025-03-26 22:22:59,087 [INFO] IPUIPlugin:80 - create IPUIPlugin
2025-03-26 22:22:59,087 [INFO] PluginManager:220 - loadIPPluginJar : add usart
2025-03-26 22:22:59,092 [INFO] IPUIPlugin:80 - create IPUIPlugin
2025-03-26 22:22:59,093 [INFO] PluginManager:220 - loadIPPluginJar : add usbx
2025-03-26 22:22:59,232 [FATAL] Updater:351 - Updater called before beeing initialized
2025-03-26 22:22:59,276 [INFO] RulesReader:64 - Compatibility file has been processed (301 Rules)
2025-03-26 22:22:59,298 [INFO] RulesReader:64 - Compatibility file has been processed (301 Rules)
2025-03-26 22:22:59,315 [INFO] CADModel:165 - CPN selected for project level
2025-03-26 22:22:59,316 [INFO] CADModel:114 - Register for checkConnection events
2025-03-26 22:22:59,316 [FATAL] Updater:351 - Updater called before beeing initialized
2025-03-26 22:22:59,316 [ERROR] CADModel:125 - Updater not yet initialized, retry later 
2025-03-26 22:22:59,558 [FATAL] Updater:351 - Updater called before beeing initialized
2025-03-26 22:22:59,563 [INFO] CADModel:165 - CPN selected for project level
2025-03-26 22:22:59,563 [INFO] CADModel:114 - Register for checkConnection events
2025-03-26 22:22:59,563 [FATAL] Updater:351 - Updater called before beeing initialized
2025-03-26 22:22:59,563 [ERROR] CADModel:125 - Updater not yet initialized, retry later 
2025-03-26 22:22:59,568 [FATAL] Updater:351 - Updater called before beeing initialized
2025-03-26 22:22:59,756 [FATAL] Updater:351 - Updater called before beeing initialized
2025-03-26 22:22:59,770 [INFO] DbMcusAds:53 - JSON generation date=Thu Mar 06 20:54:21 BDT 2025 (1741272861825)
2025-03-26 22:22:59,771 [FATAL] Updater:351 - Updater called before beeing initialized
2025-03-26 22:22:59,869 [WARN] DetailPanel:346 - Failed to get advertising image, set to default
2025-03-26 22:23:00,339 [FATAL] Updater:351 - Updater called before beeing initialized
2025-03-26 22:23:00,342 [FATAL] Updater:351 - Updater called before beeing initialized
2025-03-26 22:23:00,342 [FATAL] Updater:351 - Updater called before beeing initialized
2025-03-26 22:23:00,343 [WARN] DetailPanel:346 - Failed to get advertising image, set to default
2025-03-26 22:23:00,345 [FATAL] Updater:351 - Updater called before beeing initialized
2025-03-26 22:23:00,423 [ERROR] Updater:1198 - MainUpdater not yet initialized. External WinMGr cannot be set.
2025-03-26 22:23:00,426 [INFO] Updater:1134 - Updater Version found : 6.14.0
2025-03-26 22:23:00,459 [INFO] ApplicationProperties:184 - Using Application install path: C:\ST\STM32CubeIDE_1.16.1\STM32CubeIDE\plugins\com.st.stm32cube.common.mx_6.14.0.202502271554
2025-03-26 22:23:00,938 [INFO] ThirdPartyUpdaterWithRetryManager:70 - Updater plugin not ready yet. [2/15]
2025-03-26 22:23:02,043 [ERROR] LogOutputStream:75 - [STDERR_REDIRECT] Mar 26, 2025 10:23:02 PM java.util.prefs.WindowsPreferences <init>
2025-03-26 22:23:02,047 [ERROR] LogOutputStream:75 - [STDERR_REDIRECT] WARNING: Could not open/create prefs root node Software\JavaSoft\Prefs at root 0xffffffff80000002. Windows RegCreateKeyEx(...) returned error code 5.
2025-03-26 22:23:02,047 [ERROR] LogOutputStream:75 - [STDERR_REDIRECT] 
2025-03-26 22:23:02,749 [INFO] MainUpdater:2872 - connection check result : 10
2025-03-26 22:23:02,750 [INFO] MainUpdater:289 - Updater Check For Update Now.
2025-03-26 22:23:02,750 [INFO] MicroXplorer:498 - Change Database Version : DB.6.0.140
2025-03-26 22:23:02,763 [INFO] McuFinderGlobals:63 - Set McuFinder mode to 2 (CubeIDE integrated)
2025-03-26 22:23:02,764 [INFO] UserAuth:171 - activating auth plugin
2025-03-26 22:23:02,768 [INFO] UserAuth:486 - Internet connection configuration mode: 1
2025-03-26 22:23:02,808 [INFO] JxBrowserEngine:152 - Initiate JxBrowser Engine with user profile folder
2025-03-26 22:23:03,022 [INFO] CheckServerUpdateThread:120 - End of CheckServer Thread
2025-03-26 22:23:04,264 [INFO] WebApp:169 - Instantiating new browser for Auth
2025-03-26 22:23:04,857 [WARN] PackLoader:240 - Cannot read IP mode file for STMicroelectronics.FP-SNS-MOTENVWB1.1.4.0
2025-03-26 22:23:04,881 [WARN] PackLoader:240 - Cannot read IP mode file for STMicroelectronics.FP-ATR-ASTRA1.2.0.2
2025-03-26 22:23:04,891 [WARN] PackLoader:240 - Cannot read IP mode file for STMicroelectronics.FP-ATR-ASTRA1.2.0.1
2025-03-26 22:23:04,925 [WARN] PackLoader:240 - Cannot read IP mode file for STMicroelectronics.X-CUBE-SMBUS.2.1.0
2025-03-26 22:23:04,989 [WARN] PackLoader:240 - Cannot read IP mode file for STMicroelectronics.X-CUBE-WB05N.1.1.0
2025-03-26 22:23:05,069 [WARN] PackLoader:240 - Cannot read IP mode file for STMicroelectronics.X-CUBE-AZRTOS-F7.1.1.0
2025-03-26 22:23:05,244 [WARN] PackLoader:240 - Cannot read IP mode file for STMicroelectronics.X-CUBE-MEMS1.11.0.0
2025-03-26 22:23:05,807 [WARN] PackLoader:240 - Cannot read IP mode file for STMicroelectronics.FP-SNS-FLIGHT1.5.0.2
2025-03-26 22:23:05,825 [WARN] PackLoader:240 - Cannot read IP mode file for STMicroelectronics.X-CUBE-DISPLAY.3.0.0
2025-03-26 22:23:05,842 [WARN] PackLoader:240 - Cannot read IP mode file for STMicroelectronics.X-CUBE-BLE1.7.0.0
2025-03-26 22:23:05,857 [WARN] PackLoader:240 - Cannot read IP mode file for STMicroelectronics.X-CUBE-NFC10.1.0.0
2025-03-26 22:23:05,884 [WARN] PackLoader:240 - Cannot read IP mode file for STMicroelectronics.X-CUBE-BLEMGR.4.0.0
2025-03-26 22:23:05,905 [WARN] PackLoader:240 - Cannot read IP mode file for emotas.I-CUBE-CANOPEN.1.3.0
2025-03-26 22:23:05,921 [WARN] PackLoader:240 - Cannot read IP mode file for STMicroelectronics.X-CUBE-BLEMGR.3.1.0
2025-03-26 22:23:05,934 [WARN] PackLoader:240 - Cannot read IP mode file for STMicroelectronics.X-CUBE-AI.10.0.0
2025-03-26 22:23:05,945 [WARN] PackLoader:240 - Cannot read IP mode file for STMicroelectronics.FP-SNS-SMARTAG2.1.2.0
2025-03-26 22:23:05,955 [WARN] PackLoader:240 - Cannot read IP mode file for STMicroelectronics.FP-SNS-FLIGHT1.5.1.0
2025-03-26 22:23:06,064 [WARN] PackLoader:240 - Cannot read IP mode file for STMicroelectronics.X-CUBE-MEMS1.11.1.0
2025-03-26 22:23:06,456 [INFO] LogOutputStream:77 - [STDOUT_REDIRECT] 1 : Invalid condition id : UX_CORESTACK_Condition cause : null
2025-03-26 22:23:06,457 [INFO] LogOutputStream:77 - [STDOUT_REDIRECT] 1 : Invalid condition id : UX_CORESTACK_Condition cause : null
2025-03-26 22:23:06,461 [INFO] LogOutputStream:77 - [STDOUT_REDIRECT] 1 : Invalid condition id : UX_CORESTACK_Condition cause : null
2025-03-26 22:23:06,464 [INFO] LogOutputStream:77 - [STDOUT_REDIRECT] 1 : Invalid condition id : UX_CORESTACK_Condition cause : null
2025-03-26 22:23:06,467 [INFO] LogOutputStream:77 - [STDOUT_REDIRECT] 1 : Invalid condition id : UX_CORESTACK_Condition cause : null
2025-03-26 22:23:06,476 [WARN] PackLoader:240 - Cannot read IP mode file for STMicroelectronics.X-CUBE-AZRTOS-WL.2.0.0
2025-03-26 22:23:06,490 [WARN] PackLoader:240 - Cannot read IP mode file for STMicroelectronics.FP-SNS-MOTENV1.5.0.0
2025-03-26 22:23:06,504 [WARN] PackLoader:240 - Cannot read IP mode file for wolfSSL.I-CUBE-wolfMQTT.1.19.0
2025-03-26 22:23:06,523 [WARN] PackLoader:240 - Cannot read IP mode file for WES.I-CUBE-Cesium.1.3.0
2025-03-26 22:23:06,535 [WARN] PackLoader:240 - Cannot read IP mode file for STMicroelectronics.X-CUBE-BLE2.3.3.0
2025-03-26 22:23:06,555 [WARN] PackLoader:240 - Cannot read IP mode file for STMicroelectronics.X-CUBE-NFC9.1.0.0
2025-03-26 22:23:06,609 [WARN] PackLoader:240 - Cannot read IP mode file for STMicroelectronics.X-CUBE-BLE1.7.1.0
2025-03-26 22:23:06,685 [WARN] PackLoader:240 - Cannot read IP mode file for STMicroelectronics.X-CUBE-TCPP.4.1.0
2025-03-26 22:23:06,764 [WARN] PackLoader:240 - Cannot read IP mode file for STMicroelectronics.X-CUBE-AZRTOS-G0.1.1.0
2025-03-26 22:23:06,781 [WARN] PackLoader:240 - Cannot read IP mode file for STMicroelectronics.X-CUBE-SAFEA1.1.2.2
2025-03-26 22:23:06,795 [WARN] PackLoader:240 - Cannot read IP mode file for STMicroelectronics.X-CUBE-NFC4.3.0.0
2025-03-26 22:23:06,829 [WARN] PackLoader:240 - Cannot read IP mode file for EmbeddedOffice.I-CUBE-FS-RTOS.1.0.1
2025-03-26 22:23:06,861 [WARN] PackLoader:240 - Cannot read IP mode file for STMicroelectronics.X-CUBE-TCPP.4.2.0
2025-03-26 22:23:06,900 [WARN] PackLoader:240 - Cannot read IP mode file for RealThread.X-CUBE-RT-Thread_Nano.4.1.1
2025-03-26 22:23:06,920 [WARN] PackLoader:240 - Cannot read IP mode file for STMicroelectronics.FP-ATR-SIGFOX1.3.2.0
2025-03-26 22:23:06,938 [WARN] PackLoader:240 - Cannot read IP mode file for wolfSSL.I-CUBE-wolfSSL.5.7.2
2025-03-26 22:23:06,975 [WARN] ConditionMgr:438 - getConditionDescription Invalid condition id : Cortex-A Device cause : null
2025-03-26 22:23:07,079 [WARN] ConditionMgr:1044 - genDependencies : Invalid condition id : Cortex-A Device cause : null
2025-03-26 22:23:07,079 [WARN] ConditionMgr:1044 - genDependencies : Invalid condition id : Cortex-A Device cause : null
2025-03-26 22:23:07,079 [WARN] ConditionMgr:1044 - genDependencies : Invalid condition id : Cortex-A Device cause : null
2025-03-26 22:23:07,095 [WARN] PackLoader:240 - Cannot read IP mode file for STMicroelectronics.X-CUBE-EEPRMA1.5.1.0
2025-03-26 22:23:07,095 [INFO] WebApp:463 - Apply proxy settings
2025-03-26 22:23:07,104 [INFO] WebApp:548 - Chromium requires no authentication
2025-03-26 22:23:07,111 [WARN] PackLoader:240 - Cannot read IP mode file for ITTIA_DB.I-CUBE-ITTIADB.8.9.0
2025-03-26 22:23:07,186 [WARN] PackLoader:240 - Cannot read IP mode file for SEGGER.I-CUBE-embOS.1.3.1
2025-03-26 22:23:07,241 [INFO] WebApp:491 - Direct internet connection detected
2025-03-26 22:23:07,323 [WARN] PackLoader:240 - Cannot read IP mode file for STMicroelectronics.X-CUBE-ALGOBUILD.1.4.0
2025-03-26 22:23:07,330 [WARN] PackLoader:240 - Cannot read IP mode file for STMicroelectronics.X-CUBE-AI.9.1.0
2025-03-26 22:23:07,356 [INFO] WebApp:894 - Register for checkConnection events
2025-03-26 22:23:07,357 [INFO] WebApp:463 - Apply proxy settings
2025-03-26 22:23:07,357 [INFO] WebApp:548 - Chromium requires no authentication
2025-03-26 22:23:07,359 [INFO] WebApp:491 - Direct internet connection detected
2025-03-26 22:23:07,374 [WARN] PackLoader:240 - Cannot read IP mode file for STMicroelectronics.X-CUBE-AZRTOS-F4.1.1.0
2025-03-26 22:23:07,389 [WARN] PackLoader:240 - Cannot read IP mode file for STMicroelectronics.X-CUBE-ISPU.2.1.0
2025-03-26 22:23:07,401 [WARN] PackLoader:240 - Cannot read IP mode file for STMicroelectronics.X-CUBE-FREERTOS.1.2.0
2025-03-26 22:23:07,440 [WARN] PackLoader:240 - Cannot read IP mode file for STMicroelectronics.X-CUBE-AZRTOS-L5.2.0.0
2025-03-26 22:23:07,462 [WARN] PackLoader:240 - Cannot read IP mode file for STMicroelectronics.X-CUBE-NFC6.3.1.0
2025-03-26 22:23:07,478 [WARN] PackLoader:240 - Cannot read IP mode file for STMicroelectronics.X-CUBE-DPower.1.2.0
2025-03-26 22:23:07,487 [WARN] PackLoader:240 - Cannot read IP mode file for STMicroelectronics.X-CUBE-FREERTOS.1.3.0
2025-03-26 22:23:07,495 [WARN] PackLoader:240 - Cannot read IP mode file for STMicroelectronics.X-CUBE-NFC7.1.0.1
2025-03-26 22:23:07,534 [WARN] ConditionMgr:438 - getConditionDescription Invalid condition id : LAN8742 Phy interface Condition cause : null
2025-03-26 22:23:07,536 [WARN] PackLoader:240 - Cannot read IP mode file for STMicroelectronics.X-CUBE-AZRTOS-L4.2.0.0
2025-03-26 22:23:07,538 [WARN] ConditionMgr:1044 - genDependencies : Invalid condition id : LAN8742 Phy interface Condition cause : null
2025-03-26 22:23:07,538 [WARN] ConditionMgr:1044 - genDependencies : Invalid condition id : LAN8742 Phy interface Condition cause : null
2025-03-26 22:23:07,539 [WARN] ConditionMgr:1044 - genDependencies : Invalid condition id : LAN8742 Phy interface Condition cause : null
2025-03-26 22:23:07,555 [WARN] PackLoader:240 - Cannot read IP mode file for STMicroelectronics.X-CUBE-SFXS2LP1.4.0.0
2025-03-26 22:23:07,600 [WARN] PackLoader:240 - Cannot read IP mode file for STMicroelectronics.X-CUBE-AZRTOS-H7.3.3.0
2025-03-26 22:23:07,623 [WARN] PackLoader:240 - Cannot read IP mode file for STMicroelectronics.X-CUBE-IPS.3.0.0
2025-03-26 22:23:07,654 [WARN] ConditionMgr:438 - getConditionDescription Invalid condition id : UX DEVICE CLASS RTOS Condition cause : null
2025-03-26 22:23:07,654 [WARN] ConditionMgr:438 - getConditionDescription Invalid condition id : UX DEVICE CLASS RTOS Condition cause : null
2025-03-26 22:23:07,659 [WARN] PackLoader:240 - Cannot read IP mode file for STMicroelectronics.X-CUBE-AZRTOS-WB.2.0.0
2025-03-26 22:23:07,660 [WARN] ConditionMgr:1044 - genDependencies : Invalid condition id : UX DEVICE CLASS RTOS Condition cause : null
2025-03-26 22:23:07,661 [WARN] ConditionMgr:1044 - genDependencies : Invalid condition id : UX DEVICE CLASS RTOS Condition cause : null
2025-03-26 22:23:07,662 [WARN] ConditionMgr:1044 - genDependencies : Invalid condition id : UX DEVICE CLASS RTOS Condition cause : null
2025-03-26 22:23:07,662 [WARN] ConditionMgr:1044 - genDependencies : Invalid condition id : UX DEVICE CLASS RTOS Condition cause : null
2025-03-26 22:23:07,663 [WARN] ConditionMgr:1044 - genDependencies : Invalid condition id : UX DEVICE CLASS RTOS Condition cause : null
2025-03-26 22:23:07,680 [WARN] PackLoader:240 - Cannot read IP mode file for STMicroelectronics.X-CUBE-GNSS1.7.0.0
2025-03-26 22:23:07,720 [WARN] PackLoader:240 - Cannot read IP mode file for STMicroelectronics.X-CUBE-GNSS1.7.0.1
2025-03-26 22:23:07,733 [WARN] PackLoader:240 - Cannot read IP mode file for STMicroelectronics.X-CUBE-TOUCHGFX.4.25.0
2025-03-26 22:23:07,753 [WARN] PackLoader:240 - Cannot read IP mode file for STMicroelectronics.FP-SNS-STBOX1.2.0.0
2025-03-26 22:23:07,777 [WARN] PackLoader:240 - Cannot read IP mode file for STMicroelectronics.X-CUBE-SUBG2.5.0.0
2025-03-26 22:23:07,833 [WARN] PackLoader:240 - Cannot read IP mode file for STMicroelectronics.X-CUBE-AZRTOS-H7RS.1.1.0
2025-03-26 22:23:07,846 [WARN] PackLoader:240 - Cannot read IP mode file for Cesanta.I-CUBE-Mongoose.7.13.0
2025-03-26 22:23:07,883 [WARN] PackLoader:240 - Cannot read IP mode file for STMicroelectronics.X-CUBE-AZRTOS-G4.2.0.0
2025-03-26 22:23:07,910 [WARN] PackLoader:240 - Cannot read IP mode file for STMicroelectronics.X-CUBE-IPS.3.1.0
2025-03-26 22:23:07,928 [WARN] PackLoader:240 - Cannot read IP mode file for STMicroelectronics.X-CUBE-ALS.1.0.2
2025-03-26 22:23:07,936 [WARN] PackLoader:240 - Cannot read IP mode file for STMicroelectronics.X-CUBE-TOUCHGFX.4.24.2
2025-03-26 22:23:07,941 [WARN] PackLoader:240 - Cannot read IP mode file for STMicroelectronics.X-CUBE-TOUCHGFX.4.24.1
2025-03-26 22:23:07,951 [WARN] PackLoader:240 - Cannot read IP mode file for wolfSSL.I-CUBE-wolfTPM.3.4.0
2025-03-26 22:23:07,951 [INFO] WebApp:191 - Connection restablished
2025-03-26 22:23:07,967 [WARN] PackLoader:240 - Cannot read IP mode file for portGmbH.I-Cube-SoM-uGOAL.1.1.0
2025-03-26 22:23:08,014 [WARN] PackLoader:240 - Cannot read IP mode file for STMicroelectronics.X-CUBE-AZRTOS-H7RS.1.0.0
2025-03-26 22:23:08,057 [WARN] PackLoader:240 - Cannot read IP mode file for STMicroelectronics.FP-ATR-ASTRA1.2.0.0
2025-03-26 22:23:08,083 [WARN] PackLoader:240 - Cannot read IP mode file for STMicroelectronics.X-CUBE-TOF1.3.4.2
2025-03-26 22:23:08,291 [WARN] PackLoader:240 - Cannot read IP mode file for Infineon.AIROC-Wi-Fi-Bluetooth-STM32.1.6.1
2025-03-26 22:23:08,345 [INFO] WebApp:225 - Starting web application
2025-03-26 22:23:08,345 [INFO] WebApp:593 - Web application path used C:\ST\STM32CubeIDE_1.16.1\STM32CubeIDE\plugins\com.st.stm32cube.common.mx_6.14.0.202502271554\db\plugins\mcufinder\reactClient1\index.html
2025-03-26 22:23:08,387 [WARN] PackLoader:240 - Cannot read IP mode file for wolfSSL.I-CUBE-wolfSSH.1.4.17
2025-03-26 22:23:08,388 [INFO] ThirdParty:978 - Integrity check success = true
2025-03-26 22:23:08,388 [INFO] IntegrityCheckThread:100 - exiting critical section [integrity check]
2025-03-26 22:23:08,388 [INFO] IntegrityCheckThread:103 - End integrity checks thread
2025-03-26 23:37:04,823 [INFO] WebApp:194 - Connection lost
2025-03-26 23:37:13,294 [INFO] WebApp:191 - Connection restablished
2025-03-26 23:37:15,553 [INFO] WebApp:194 - Connection lost
2025-03-26 23:37:15,776 [INFO] WebApp:191 - Connection restablished
2025-03-26 23:47:37,056 [ERROR] LogOutputStream:75 - [STDERR_REDIRECT] 
