2025-03-31 01:12:02,084 [ERROR] LogOutputStream:75 - [STDERR_REDIRECT] [Fatal Error] :1:1: Premature end of file.
2025-03-31 01:12:02,099 [ERROR] LogOutputStream:75 - [STDERR_REDIRECT] 
2025-03-31 01:12:03,037 [ERROR] LogOutputStream:75 - [STDERR_REDIRECT] [Fatal Error] :1:1: Premature end of file.
2025-03-31 01:12:03,037 [ERROR] LogOutputStream:75 - [STDERR_REDIRECT] 
2025-03-31 01:12:04,032 [ERROR] LogOutputStream:75 - [STDERR_REDIRECT] [Fatal Error] :1:1: Premature end of file.
2025-03-31 01:12:04,032 [ERROR] LogOutputStream:75 - [STDERR_REDIRECT] 
2025-03-31 01:12:05,037 [ERROR] LogOutputStream:75 - [STDERR_REDIRECT] [Fatal Error] :1:1: Premature end of file.
2025-03-31 01:12:05,037 [ERROR] LogOutputStream:75 - [STDERR_REDIRECT] 
2025-03-31 01:12:06,027 [ERROR] LogOutputStream:75 - [STDERR_REDIRECT] [Fatal Error] :1:1: Premature end of file.
2025-03-31 01:12:06,027 [ERROR] LogOutputStream:75 - [STDERR_REDIRECT] 
2025-03-31 01:12:07,025 [ERROR] LogOutputStream:75 - [STDERR_REDIRECT] [Fatal Error] :1:1: Premature end of file.
2025-03-31 01:12:07,025 [ERROR] LogOutputStream:75 - [STDERR_REDIRECT] 
2025-03-31 01:12:08,036 [ERROR] LogOutputStream:75 - [STDERR_REDIRECT] [Fatal Error] :1:1: Premature end of file.
2025-03-31 01:12:08,036 [ERROR] LogOutputStream:75 - [STDERR_REDIRECT] 
2025-03-31 01:12:09,033 [ERROR] LogOutputStream:75 - [STDERR_REDIRECT] [Fatal Error] :1:1: Premature end of file.
2025-03-31 01:12:09,033 [ERROR] LogOutputStream:75 - [STDERR_REDIRECT] 
2025-03-31 01:12:10,026 [ERROR] LogOutputStream:75 - [STDERR_REDIRECT] [Fatal Error] :1:1: Premature end of file.
2025-03-31 01:12:10,026 [ERROR] LogOutputStream:75 - [STDERR_REDIRECT] 
2025-03-31 01:12:11,032 [ERROR] LogOutputStream:75 - [STDERR_REDIRECT] [Fatal Error] :1:1: Premature end of file.
2025-03-31 01:12:11,032 [ERROR] LogOutputStream:75 - [STDERR_REDIRECT] 
2025-03-31 01:12:12,032 [ERROR] LogOutputStream:75 - [STDERR_REDIRECT] [Fatal Error] :1:1: Premature end of file.
2025-03-31 01:12:12,032 [ERROR] LogOutputStream:75 - [STDERR_REDIRECT] 
2025-03-31 01:12:13,039 [ERROR] LogOutputStream:75 - [STDERR_REDIRECT] [Fatal Error] :1:1: Premature end of file.
2025-03-31 01:12:13,039 [ERROR] LogOutputStream:75 - [STDERR_REDIRECT] 
2025-03-31 01:12:14,039 [ERROR] LogOutputStream:75 - [STDERR_REDIRECT] [Fatal Error] :1:1: Premature end of file.
2025-03-31 01:12:14,039 [ERROR] LogOutputStream:75 - [STDERR_REDIRECT] 
2025-03-31 01:12:15,021 [ERROR] LogOutputStream:75 - [STDERR_REDIRECT] [Fatal Error] :1:1: Premature end of file.
2025-03-31 01:12:15,021 [ERROR] LogOutputStream:75 - [STDERR_REDIRECT] 
2025-03-31 01:12:26,056 [ERROR] LogOutputStream:75 - [STDERR_REDIRECT] 
2025-03-31 01:12:26,056 [ERROR] LogOutputStream:75 - [STDERR_REDIRECT] 
2025-03-31 12:31:27,467 [INFO] Activator:176 - 


2025-03-31 12:31:27,470 [INFO] Activator:177 - !SESSION log4j initialized
2025-03-31 12:31:34,453 [ERROR] LogOutputStream:75 - [STDERR_REDIRECT] Mar 31, 2025 12:31:34 PM org.apache.lucene.internal.vectorization.VectorizationProvider lookup
2025-03-31 12:31:34,459 [ERROR] LogOutputStream:75 - [STDERR_REDIRECT] WARNING: Java vector incubator module is not readable. For optimal vector performance, pass '--add-modules jdk.incubator.vector' to enable Vector API.
2025-03-31 12:31:34,460 [ERROR] LogOutputStream:75 - [STDERR_REDIRECT] 
2025-03-31 12:31:36,851 [INFO] LogOutputStream:77 - [STDOUT_REDIRECT] 
2025-03-31 12:31:47,315 [INFO] ApplicationProperties:184 - Using Application install path: C:\ST\STM32CubeIDE_1.16.1\STM32CubeIDE\plugins\com.st.stm32cube.common.mx_6.14.0.202502271554
2025-03-31 12:31:47,343 [INFO] DbMcusXml:78 - Set database path to: C:\ST\STM32CubeIDE_1.16.1\STM32CubeIDE\plugins\com.st.stm32cube.common.mx_6.14.0.202502271554\\db\/mcu/
2025-03-31 12:31:47,343 [INFO] ApiDb:274 - Set plugin database path to: C:\ST\STM32CubeIDE_1.16.1\STM32CubeIDE\plugins\com.st.stm32cube.common.mx_6.14.0.202502271554\\db\/plugins/boardmanager/
2025-03-31 12:31:47,344 [WARN] ApiDb:259 - Overriding images path with different value:  => C:\ST\STM32CubeIDE_1.16.1\STM32CubeIDE\plugins\com.st.stm32cube.common.mx_6.14.0.202502271554\\db\/plugins/mcufinder/images/
2025-03-31 12:31:47,358 [INFO] ApiDb:250 - Set database path to: C:\Users\Shuvro\.stmcufinder\plugins\mcufinder//mcu/
2025-03-31 12:31:47,360 [INFO] DbMcusAds:125 - Set database path to: C:\Users\Shuvro\.stmcufinder\plugins\mcufinder//mcu/
2025-03-31 12:31:47,478 [INFO] CrossReferenceDbSqlite:203 - Set database path to: C:\Users\Shuvro\.stmcufinder\plugins\mcufinder//mcu/cs/
2025-03-31 12:31:47,641 [INFO] RulesReader:64 - Compatibility file has been processed (301 Rules)
2025-03-31 12:31:47,766 [INFO] DbMcusXml:78 - Set database path to: C:\ST\STM32CubeIDE_1.16.1\STM32CubeIDE\plugins\com.st.stm32cube.common.mx_6.14.0.202502271554\\db\/mcu/
2025-03-31 12:31:47,766 [INFO] ApiDb:274 - Set plugin database path to: C:\ST\STM32CubeIDE_1.16.1\STM32CubeIDE\plugins\com.st.stm32cube.common.mx_6.14.0.202502271554\\db\/plugins/boardmanager/
2025-03-31 12:31:47,767 [INFO] ApiDb:261 - Set plugin images path to: C:\ST\STM32CubeIDE_1.16.1\STM32CubeIDE\plugins\com.st.stm32cube.common.mx_6.14.0.202502271554\\db\/plugins/mcufinder/images/
2025-03-31 12:31:47,767 [WARN] DbFile:41 - Overriding database path with different value: C:\Users\Shuvro\.stmcufinder\plugins\mcufinder/ => C:\Users\Shuvro\.stmcufinder\plugins\mcufinder
2025-03-31 12:31:47,767 [INFO] ApiDb:250 - Set database path to: C:\Users\Shuvro\.stmcufinder\plugins\mcufinder//mcu/
2025-03-31 12:31:47,767 [WARN] DbFile:41 - Overriding database path with different value: C:\Users\Shuvro\.stmcufinder\plugins\mcufinder/ => C:\Users\Shuvro\.stmcufinder\plugins\mcufinder
2025-03-31 12:31:47,767 [INFO] DbMcusAds:125 - Set database path to: C:\Users\Shuvro\.stmcufinder\plugins\mcufinder//mcu/
2025-03-31 12:31:47,767 [WARN] DbFile:41 - Overriding database path with different value: C:\Users\Shuvro\.stmcufinder\plugins\mcufinder/ => C:\Users\Shuvro\.stmcufinder\plugins\mcufinder
2025-03-31 12:31:47,767 [WARN] DbFile:41 - Overriding database path with different value: C:\Users\Shuvro\.stmcufinder\plugins\mcufinder/ => C:\Users\Shuvro\.stmcufinder\plugins\mcufinder
2025-03-31 12:31:47,767 [INFO] CrossReferenceDbSqlite:203 - Set database path to: C:\Users\Shuvro\.stmcufinder\plugins\mcufinder//mcu/cs/
2025-03-31 12:31:47,875 [INFO] MainPanel:272 - HeapMemory: 268435456
2025-03-31 12:31:48,029 [INFO] DbMcusXml:78 - Set database path to: C:\ST\STM32CubeIDE_1.16.1\STM32CubeIDE\plugins\com.st.stm32cube.common.mx_6.14.0.202502271554\\db\/mcu/
2025-03-31 12:31:48,029 [INFO] ApiDb:274 - Set plugin database path to: C:\ST\STM32CubeIDE_1.16.1\STM32CubeIDE\plugins\com.st.stm32cube.common.mx_6.14.0.202502271554\\db\/plugins/boardmanager/
2025-03-31 12:31:48,029 [INFO] ApiDb:261 - Set plugin images path to: C:\ST\STM32CubeIDE_1.16.1\STM32CubeIDE\plugins\com.st.stm32cube.common.mx_6.14.0.202502271554\\db\/plugins/mcufinder/images/
2025-03-31 12:31:48,030 [WARN] DbFile:41 - Overriding database path with different value: C:\Users\Shuvro\.stmcufinder\plugins\mcufinder/ => C:\Users\Shuvro\.stmcufinder\plugins\mcufinder
2025-03-31 12:31:48,030 [INFO] ApiDb:250 - Set database path to: C:\Users\Shuvro\.stmcufinder\plugins\mcufinder//mcu/
2025-03-31 12:31:48,030 [WARN] DbFile:41 - Overriding database path with different value: C:\Users\Shuvro\.stmcufinder\plugins\mcufinder/ => C:\Users\Shuvro\.stmcufinder\plugins\mcufinder
2025-03-31 12:31:48,030 [INFO] DbMcusAds:125 - Set database path to: C:\Users\Shuvro\.stmcufinder\plugins\mcufinder//mcu/
2025-03-31 12:31:48,030 [WARN] DbFile:41 - Overriding database path with different value: C:\Users\Shuvro\.stmcufinder\plugins\mcufinder/ => C:\Users\Shuvro\.stmcufinder\plugins\mcufinder
2025-03-31 12:31:48,030 [WARN] DbFile:41 - Overriding database path with different value: C:\Users\Shuvro\.stmcufinder\plugins\mcufinder/ => C:\Users\Shuvro\.stmcufinder\plugins\mcufinder
2025-03-31 12:31:48,030 [INFO] CrossReferenceDbSqlite:203 - Set database path to: C:\Users\Shuvro\.stmcufinder\plugins\mcufinder//mcu/cs/
2025-03-31 12:31:48,055 [INFO] ApplicationProperties:184 - Using Application install path: C:\ST\STM32CubeIDE_1.16.1\STM32CubeIDE\plugins\com.st.stm32cube.common.mx_6.14.0.202502271554
2025-03-31 12:31:48,057 [INFO] PluginManage:196 - Search for loadable plugins [exclusion list=, ]
2025-03-31 12:31:48,059 [INFO] PluginManage:310 - Check plugin analytics
2025-03-31 12:31:57,836 [INFO] AnalyticsPlugin:253 - Accepted Software Licenses: 
2025-03-31 12:31:57,837 [INFO] AnalyticsPlugin:255 - Accepted CMSIS Pack Licenses: 
2025-03-31 12:31:57,837 [INFO] AnalyticsPlugin:257 - Accepted Firmware Licenses: 
2025-03-31 12:31:57,842 [INFO] PluginManage:359 - Loaded plugin analytics (category:tool,tabindex:-1)
2025-03-31 12:31:57,843 [INFO] PluginManage:310 - Check plugin cadmodel
2025-03-31 12:31:57,856 [INFO] CADModel:105 - Init CAD model plugin
2025-03-31 12:31:57,856 [INFO] PluginManage:359 - Loaded plugin cadmodel (category:power,tabindex:5)
2025-03-31 12:31:57,857 [INFO] PluginManage:310 - Check plugin clock
2025-03-31 12:31:57,883 [INFO] PluginManage:359 - Loaded plugin clock (category:base,tabindex:2)
2025-03-31 12:31:57,883 [INFO] PluginManage:310 - Check plugin ddr
2025-03-31 12:31:57,893 [INFO] PluginManage:359 - Loaded plugin ddr (category:tool,tabindex:6)
2025-03-31 12:31:57,893 [INFO] PluginManage:310 - Check plugin filemanager
2025-03-31 12:31:58,161 [INFO] PluginManage:359 - Loaded plugin filemanager (category:base,tabindex:10)
2025-03-31 12:31:58,161 [INFO] PluginManage:310 - Check plugin ipmanager
2025-03-31 12:31:58,169 [INFO] PluginManage:359 - Loaded plugin ipmanager (category:base,tabindex:5)
2025-03-31 12:31:58,169 [INFO] PluginManage:310 - Check plugin lpbam
2025-03-31 12:31:58,179 [INFO] PluginManage:359 - Loaded plugin lpbam (category:base,tabindex:0)
2025-03-31 12:31:58,179 [INFO] PluginManage:310 - Check plugin memorymap
2025-03-31 12:31:58,199 [INFO] PluginManage:359 - Loaded plugin memorymap (category:base,tabindex:4)
2025-03-31 12:31:58,199 [INFO] PluginManage:310 - Check plugin pinoutandconfiguration
2025-03-31 12:31:58,216 [INFO] PluginManage:359 - Loaded plugin pinoutandconfiguration (category:base,tabindex:1)
2025-03-31 12:31:58,216 [INFO] PluginManage:310 - Check plugin pinoutconfig
2025-03-31 12:31:58,360 [WARN] SupportedApi:132 - Cannot load RTOS API schema: s4s-elt-must-match.1: The content of 'definitions' must match (annotation?, (simpleType | complexType)?, (unique | key | keyref)*)). A problem was found starting at: attribute.
2025-03-31 12:31:58,577 [INFO] PluginManage:359 - Loaded plugin pinoutconfig (category:base,tabindex:0)
2025-03-31 12:31:58,578 [INFO] PluginManage:310 - Check plugin power
2025-03-31 12:31:58,592 [INFO] PluginManage:359 - Loaded plugin power (category:power,tabindex:4)
2025-03-31 12:31:58,592 [INFO] PluginManage:310 - Check plugin projectmanager
2025-03-31 12:31:58,611 [INFO] PluginManage:359 - Loaded plugin projectmanager (category:projectmanager,tabindex:4)
2025-03-31 12:31:58,611 [INFO] PluginManage:310 - Check plugin rif
2025-03-31 12:31:58,625 [INFO] PluginManage:359 - Loaded plugin rif (category:base,tabindex:3)
2025-03-31 12:31:58,625 [INFO] PluginManage:310 - Check plugin thirdparty
2025-03-31 12:31:58,867 [WARN] IntegrityCheckThread:84 - waiting for thirdparty lock release [integrity check]
2025-03-31 12:31:58,868 [INFO] PluginManage:359 - Loaded plugin thirdparty (category:base,tabindex:-1)
2025-03-31 12:31:58,868 [INFO] IntegrityCheckThread:86 - entering critical section [integrity check]
2025-03-31 12:31:58,868 [INFO] PluginManage:310 - Check plugin tools
2025-03-31 12:31:58,868 [INFO] ThirdPartyUpdaterWithRetryManager:70 - Updater plugin not ready yet. [1/15]
2025-03-31 12:31:58,875 [INFO] PluginManage:359 - Loaded plugin tools (category:base,tabindex:7)
2025-03-31 12:31:58,876 [INFO] PluginManage:310 - Check plugin tutovideos
2025-03-31 12:31:59,240 [INFO] PluginManage:359 - Loaded plugin tutovideos (category:base,tabindex:-1)
2025-03-31 12:31:59,240 [INFO] PluginManage:310 - Check plugin updater
2025-03-31 12:31:59,269 [INFO] PluginManage:359 - Loaded plugin updater (category:base,tabindex:12)
2025-03-31 12:31:59,269 [INFO] PluginManage:310 - Check plugin userauth
2025-03-31 12:31:59,278 [INFO] UserAuth:118 - Init User Auth plugin
2025-03-31 12:31:59,279 [INFO] PluginManage:359 - Loaded plugin userauth (category:base,tabindex:14)
2025-03-31 12:31:59,280 [INFO] PluginManage:283 - PluginManage : Loaded plugins [18]
2025-03-31 12:31:59,633 [INFO] PinOutPanel:1589 - setPackage(No Configuration,No Configuration)
2025-03-31 12:31:59,755 [INFO] CADModel:165 - CPN selected for project level
2025-03-31 12:31:59,756 [INFO] CADModel:114 - Register for checkConnection events
2025-03-31 12:31:59,784 [INFO] IPUIPlugin:80 - create IPUIPlugin
2025-03-31 12:31:59,784 [INFO] PluginManager:220 - loadIPPluginJar : add adc
2025-03-31 12:31:59,788 [INFO] IPUIPlugin:80 - create IPUIPlugin
2025-03-31 12:31:59,788 [INFO] PluginManager:220 - loadIPPluginJar : add aes
2025-03-31 12:31:59,792 [INFO] IPUIPlugin:80 - create IPUIPlugin
2025-03-31 12:31:59,793 [INFO] PluginManager:220 - loadIPPluginJar : add can
2025-03-31 12:31:59,795 [INFO] IPUIPlugin:80 - create IPUIPlugin
2025-03-31 12:31:59,795 [INFO] PluginManager:220 - loadIPPluginJar : add comp
2025-03-31 12:31:59,799 [INFO] IPUIPlugin:80 - create IPUIPlugin
2025-03-31 12:31:59,799 [INFO] PluginManager:220 - loadIPPluginJar : add cryp
2025-03-31 12:31:59,806 [INFO] IPUIPlugin:80 - create IPUIPlugin
2025-03-31 12:31:59,806 [INFO] PluginManager:220 - loadIPPluginJar : add ddr_ctrl_phy
2025-03-31 12:31:59,813 [INFO] IPUIPlugin:80 - create IPUIPlugin
2025-03-31 12:31:59,813 [INFO] PluginManager:220 - loadIPPluginJar : add dfsdm
2025-03-31 12:31:59,827 [INFO] IPUIPlugin:80 - create IPUIPlugin
2025-03-31 12:31:59,830 [INFO] PluginManager:220 - loadIPPluginJar : add dma
2025-03-31 12:31:59,839 [INFO] IPUIPlugin:80 - create IPUIPlugin
2025-03-31 12:31:59,840 [INFO] PluginManager:220 - loadIPPluginJar : add dma3
2025-03-31 12:31:59,846 [INFO] IPUIPlugin:80 - create IPUIPlugin
2025-03-31 12:31:59,846 [INFO] PluginManager:220 - loadIPPluginJar : add extmemmanager
2025-03-31 12:31:59,850 [INFO] IPUIPlugin:80 - create IPUIPlugin
2025-03-31 12:31:59,850 [INFO] PluginManager:220 - loadIPPluginJar : add fatfs
2025-03-31 12:31:59,858 [INFO] IPUIPlugin:80 - create IPUIPlugin
2025-03-31 12:31:59,858 [INFO] PluginManager:220 - loadIPPluginJar : add fmc
2025-03-31 12:31:59,880 [INFO] IPUIPlugin:80 - create IPUIPlugin
2025-03-31 12:31:59,880 [INFO] PluginManager:220 - loadIPPluginJar : add freertos
2025-03-31 12:31:59,883 [INFO] IPUIPlugin:80 - create IPUIPlugin
2025-03-31 12:31:59,884 [INFO] PluginManager:220 - loadIPPluginJar : add genericplugin
2025-03-31 12:31:59,887 [INFO] IPUIPlugin:80 - create IPUIPlugin
2025-03-31 12:31:59,888 [INFO] PluginManager:220 - loadIPPluginJar : add gfxmmu
2025-03-31 12:31:59,899 [INFO] IPUIPlugin:80 - create IPUIPlugin
2025-03-31 12:31:59,899 [INFO] PluginManager:220 - loadIPPluginJar : add gic
2025-03-31 12:31:59,907 [INFO] IPUIPlugin:80 - create IPUIPlugin
2025-03-31 12:31:59,908 [INFO] PluginManager:220 - loadIPPluginJar : add gpio
2025-03-31 12:31:59,914 [INFO] IPUIPlugin:80 - create IPUIPlugin
2025-03-31 12:31:59,914 [INFO] PluginManager:220 - loadIPPluginJar : add gtzc
2025-03-31 12:31:59,919 [INFO] IPUIPlugin:80 - create IPUIPlugin
2025-03-31 12:31:59,919 [INFO] PluginManager:220 - loadIPPluginJar : add hash
2025-03-31 12:31:59,924 [INFO] IPUIPlugin:80 - create IPUIPlugin
2025-03-31 12:31:59,924 [INFO] PluginManager:220 - loadIPPluginJar : add i2c
2025-03-31 12:31:59,929 [INFO] IPUIPlugin:80 - create IPUIPlugin
2025-03-31 12:31:59,930 [INFO] PluginManager:220 - loadIPPluginJar : add i2s
2025-03-31 12:31:59,935 [INFO] IPUIPlugin:80 - create IPUIPlugin
2025-03-31 12:31:59,936 [INFO] PluginManager:220 - loadIPPluginJar : add i3c
2025-03-31 12:31:59,941 [INFO] IPUIPlugin:80 - create IPUIPlugin
2025-03-31 12:31:59,941 [INFO] PluginManager:220 - loadIPPluginJar : add ipddr
2025-03-31 12:31:59,953 [INFO] IPUIPlugin:80 - create IPUIPlugin
2025-03-31 12:31:59,953 [INFO] PluginManager:220 - loadIPPluginJar : add linkedlist
2025-03-31 12:31:59,959 [INFO] IPUIPlugin:80 - create IPUIPlugin
2025-03-31 12:31:59,959 [INFO] PluginManager:220 - loadIPPluginJar : add lorawan
2025-03-31 12:31:59,962 [INFO] IPUIPlugin:80 - create IPUIPlugin
2025-03-31 12:31:59,962 [INFO] PluginManager:220 - loadIPPluginJar : add ltdc
2025-03-31 12:31:59,972 [INFO] IPUIPlugin:80 - create IPUIPlugin
2025-03-31 12:31:59,973 [INFO] PluginManager:220 - loadIPPluginJar : add mdma
2025-03-31 12:31:59,978 [INFO] IPUIPlugin:80 - create IPUIPlugin
2025-03-31 12:31:59,979 [INFO] PluginManager:220 - loadIPPluginJar : add nvic
2025-03-31 12:31:59,983 [INFO] IPUIPlugin:80 - create IPUIPlugin
2025-03-31 12:31:59,983 [INFO] PluginManager:220 - loadIPPluginJar : add opamp
2025-03-31 12:31:59,988 [INFO] IPUIPlugin:80 - create IPUIPlugin
2025-03-31 12:31:59,988 [INFO] PluginManager:220 - loadIPPluginJar : add openamp
2025-03-31 12:31:59,993 [INFO] IPUIPlugin:80 - create IPUIPlugin
2025-03-31 12:31:59,994 [INFO] PluginManager:220 - loadIPPluginJar : add pdm2pcm
2025-03-31 12:32:00,003 [INFO] IPUIPlugin:80 - create IPUIPlugin
2025-03-31 12:32:00,006 [INFO] PluginManager:220 - loadIPPluginJar : add plateformsettings
2025-03-31 12:32:00,008 [INFO] IPUIPlugin:80 - create IPUIPlugin
2025-03-31 12:32:00,009 [INFO] PluginManager:220 - loadIPPluginJar : add quadspi
2025-03-31 12:32:00,011 [INFO] IPUIPlugin:80 - create IPUIPlugin
2025-03-31 12:32:00,012 [INFO] PluginManager:220 - loadIPPluginJar : add radio
2025-03-31 12:32:00,021 [INFO] IPUIPlugin:80 - create IPUIPlugin
2025-03-31 12:32:00,022 [INFO] PluginManager:220 - loadIPPluginJar : add resmgrutility
2025-03-31 12:32:00,028 [INFO] IPUIPlugin:80 - create IPUIPlugin
2025-03-31 12:32:00,028 [INFO] PluginManager:220 - loadIPPluginJar : add sai
2025-03-31 12:32:00,032 [INFO] IPUIPlugin:80 - create IPUIPlugin
2025-03-31 12:32:00,032 [INFO] PluginManager:220 - loadIPPluginJar : add spi
2025-03-31 12:32:00,040 [INFO] IPUIPlugin:80 - create IPUIPlugin
2025-03-31 12:32:00,041 [INFO] PluginManager:220 - loadIPPluginJar : add stm32_wpan
2025-03-31 12:32:00,044 [INFO] IPUIPlugin:80 - create IPUIPlugin
2025-03-31 12:32:00,044 [INFO] PluginManager:220 - loadIPPluginJar : add tim
2025-03-31 12:32:00,049 [INFO] IPUIPlugin:80 - create IPUIPlugin
2025-03-31 12:32:00,049 [INFO] PluginManager:220 - loadIPPluginJar : add touchsensing
2025-03-31 12:32:00,053 [INFO] IPUIPlugin:80 - create IPUIPlugin
2025-03-31 12:32:00,054 [INFO] PluginManager:220 - loadIPPluginJar : add tracer_emb
2025-03-31 12:32:00,057 [INFO] IPUIPlugin:80 - create IPUIPlugin
2025-03-31 12:32:00,057 [INFO] PluginManager:220 - loadIPPluginJar : add ts
2025-03-31 12:32:00,061 [INFO] IPUIPlugin:80 - create IPUIPlugin
2025-03-31 12:32:00,061 [INFO] PluginManager:220 - loadIPPluginJar : add tsc
2025-03-31 12:32:00,066 [INFO] IPUIPlugin:80 - create IPUIPlugin
2025-03-31 12:32:00,066 [INFO] PluginManager:220 - loadIPPluginJar : add ucpd
2025-03-31 12:32:00,070 [INFO] IPUIPlugin:80 - create IPUIPlugin
2025-03-31 12:32:00,071 [INFO] PluginManager:220 - loadIPPluginJar : add usart
2025-03-31 12:32:00,078 [INFO] IPUIPlugin:80 - create IPUIPlugin
2025-03-31 12:32:00,078 [INFO] PluginManager:220 - loadIPPluginJar : add usbx
2025-03-31 12:32:00,209 [FATAL] Updater:351 - Updater called before beeing initialized
2025-03-31 12:32:00,250 [INFO] RulesReader:64 - Compatibility file has been processed (301 Rules)
2025-03-31 12:32:00,263 [INFO] RulesReader:64 - Compatibility file has been processed (301 Rules)
2025-03-31 12:32:00,278 [INFO] CADModel:165 - CPN selected for project level
2025-03-31 12:32:00,278 [INFO] CADModel:114 - Register for checkConnection events
2025-03-31 12:32:00,278 [FATAL] Updater:351 - Updater called before beeing initialized
2025-03-31 12:32:00,279 [ERROR] CADModel:125 - Updater not yet initialized, retry later 
2025-03-31 12:32:00,520 [FATAL] Updater:351 - Updater called before beeing initialized
2025-03-31 12:32:00,524 [INFO] CADModel:165 - CPN selected for project level
2025-03-31 12:32:00,524 [INFO] CADModel:114 - Register for checkConnection events
2025-03-31 12:32:00,524 [FATAL] Updater:351 - Updater called before beeing initialized
2025-03-31 12:32:00,524 [ERROR] CADModel:125 - Updater not yet initialized, retry later 
2025-03-31 12:32:00,528 [FATAL] Updater:351 - Updater called before beeing initialized
2025-03-31 12:32:00,651 [FATAL] Updater:351 - Updater called before beeing initialized
2025-03-31 12:32:00,667 [INFO] DbMcusAds:53 - JSON generation date=Thu Mar 06 20:54:21 BDT 2025 (1741272861825)
2025-03-31 12:32:00,667 [FATAL] Updater:351 - Updater called before beeing initialized
2025-03-31 12:32:00,725 [WARN] DetailPanel:346 - Failed to get advertising image, set to default
2025-03-31 12:32:01,033 [FATAL] Updater:351 - Updater called before beeing initialized
2025-03-31 12:32:01,034 [FATAL] Updater:351 - Updater called before beeing initialized
2025-03-31 12:32:01,035 [FATAL] Updater:351 - Updater called before beeing initialized
2025-03-31 12:32:01,035 [WARN] DetailPanel:346 - Failed to get advertising image, set to default
2025-03-31 12:32:01,035 [FATAL] Updater:351 - Updater called before beeing initialized
2025-03-31 12:32:01,080 [ERROR] Updater:1198 - MainUpdater not yet initialized. External WinMGr cannot be set.
2025-03-31 12:32:01,082 [INFO] Updater:1134 - Updater Version found : 6.14.0
2025-03-31 12:32:01,104 [INFO] ApplicationProperties:184 - Using Application install path: C:\ST\STM32CubeIDE_1.16.1\STM32CubeIDE\plugins\com.st.stm32cube.common.mx_6.14.0.202502271554
2025-03-31 12:32:01,869 [INFO] ThirdPartyUpdaterWithRetryManager:70 - Updater plugin not ready yet. [2/15]
2025-03-31 12:32:02,674 [ERROR] LogOutputStream:75 - [STDERR_REDIRECT] Mar 31, 2025 12:32:02 PM java.util.prefs.WindowsPreferences <init>
2025-03-31 12:32:02,677 [ERROR] LogOutputStream:75 - [STDERR_REDIRECT] WARNING: Could not open/create prefs root node Software\JavaSoft\Prefs at root 0xffffffff80000002. Windows RegCreateKeyEx(...) returned error code 5.
2025-03-31 12:32:02,677 [ERROR] LogOutputStream:75 - [STDERR_REDIRECT] 
2025-03-31 12:32:04,870 [FATAL] Updater:351 - Updater called before beeing initialized
2025-03-31 12:32:04,870 [ERROR] IntegrityCheckThread:130 - Cannot retrieve database content from updater: error 21
2025-03-31 12:32:04,870 [INFO] ThirdParty:978 - Integrity check success = false
2025-03-31 12:32:04,870 [INFO] IntegrityCheckThread:100 - exiting critical section [integrity check]
2025-03-31 12:32:04,871 [INFO] IntegrityCheckThread:103 - End integrity checks thread
2025-03-31 12:32:06,730 [INFO] MainUpdater:2872 - connection check result : 10
2025-03-31 12:32:06,731 [INFO] MainUpdater:289 - Updater Check For Update Now.
2025-03-31 12:32:06,731 [INFO] MicroXplorer:498 - Change Database Version : DB.6.0.140
2025-03-31 12:32:06,747 [INFO] McuFinderGlobals:63 - Set McuFinder mode to 2 (CubeIDE integrated)
2025-03-31 12:32:06,747 [INFO] UserAuth:171 - activating auth plugin
2025-03-31 12:32:06,753 [INFO] UserAuth:486 - Internet connection configuration mode: 1
2025-03-31 12:32:06,804 [INFO] JxBrowserEngine:152 - Initiate JxBrowser Engine with user profile folder
2025-03-31 12:32:06,950 [INFO] CheckServerUpdateThread:120 - End of CheckServer Thread
2025-03-31 12:32:09,279 [INFO] WebApp:169 - Instantiating new browser for Auth
2025-03-31 12:32:10,826 [INFO] WebApp:463 - Apply proxy settings
2025-03-31 12:32:10,827 [INFO] WebApp:548 - Chromium requires no authentication
2025-03-31 12:32:10,852 [INFO] WebApp:491 - Direct internet connection detected
2025-03-31 12:32:10,925 [INFO] WebApp:894 - Register for checkConnection events
2025-03-31 12:32:10,925 [INFO] WebApp:463 - Apply proxy settings
2025-03-31 12:32:10,926 [INFO] WebApp:548 - Chromium requires no authentication
2025-03-31 12:32:10,926 [INFO] WebApp:491 - Direct internet connection detected
2025-03-31 12:32:11,590 [INFO] WebApp:191 - Connection restablished
2025-03-31 12:32:11,672 [INFO] WebApp:225 - Starting web application
2025-03-31 12:32:11,673 [INFO] WebApp:593 - Web application path used C:\ST\STM32CubeIDE_1.16.1\STM32CubeIDE\plugins\com.st.stm32cube.common.mx_6.14.0.202502271554\db\plugins\mcufinder\reactClient1\index.html
2025-03-31 12:35:55,618 [INFO] WebApp:194 - Connection lost
2025-03-31 12:51:28,272 [INFO] WebApp:191 - Connection restablished
2025-03-31 12:51:29,081 [INFO] WebApp:194 - Connection lost
2025-03-31 12:51:29,302 [INFO] WebApp:191 - Connection restablished
2025-03-31 12:51:32,435 [INFO] WebApp:194 - Connection lost
2025-03-31 12:51:32,670 [INFO] WebApp:191 - Connection restablished
2025-03-31 17:02:06,678 [INFO] WebApp:194 - Connection lost
2025-03-31 17:02:11,315 [INFO] WebApp:191 - Connection restablished
2025-03-31 17:02:13,435 [INFO] WebApp:194 - Connection lost
2025-03-31 17:02:13,687 [INFO] WebApp:191 - Connection restablished
2025-03-31 17:02:16,466 [INFO] WebApp:194 - Connection lost
2025-03-31 17:02:16,728 [INFO] WebApp:191 - Connection restablished
2025-03-31 17:50:18,907 [INFO] WebApp:194 - Connection lost
2025-03-31 17:50:25,769 [INFO] WebApp:191 - Connection restablished
2025-03-31 17:58:22,058 [INFO] WebApp:194 - Connection lost
2025-03-31 17:59:24,951 [ERROR] LogOutputStream:75 - [STDERR_REDIRECT] 
2025-03-31 20:32:02,833 [INFO] Activator:176 - 


2025-03-31 20:32:02,835 [INFO] Activator:177 - !SESSION log4j initialized
2025-03-31 20:32:09,715 [ERROR] LogOutputStream:75 - [STDERR_REDIRECT] Mar 31, 2025 8:32:09 PM org.apache.lucene.internal.vectorization.VectorizationProvider lookup
2025-03-31 20:32:09,715 [ERROR] LogOutputStream:75 - [STDERR_REDIRECT] WARNING: Java vector incubator module is not readable. For optimal vector performance, pass '--add-modules jdk.incubator.vector' to enable Vector API.
2025-03-31 20:32:09,715 [ERROR] LogOutputStream:75 - [STDERR_REDIRECT] 
2025-03-31 20:32:12,229 [INFO] LogOutputStream:77 - [STDOUT_REDIRECT] 
2025-03-31 20:32:22,533 [INFO] ApplicationProperties:184 - Using Application install path: C:\ST\STM32CubeIDE_1.16.1\STM32CubeIDE\plugins\com.st.stm32cube.common.mx_6.14.0.202502271554
2025-03-31 20:32:22,556 [INFO] DbMcusXml:78 - Set database path to: C:\ST\STM32CubeIDE_1.16.1\STM32CubeIDE\plugins\com.st.stm32cube.common.mx_6.14.0.202502271554\\db\/mcu/
2025-03-31 20:32:22,556 [INFO] ApiDb:274 - Set plugin database path to: C:\ST\STM32CubeIDE_1.16.1\STM32CubeIDE\plugins\com.st.stm32cube.common.mx_6.14.0.202502271554\\db\/plugins/boardmanager/
2025-03-31 20:32:22,557 [WARN] ApiDb:259 - Overriding images path with different value:  => C:\ST\STM32CubeIDE_1.16.1\STM32CubeIDE\plugins\com.st.stm32cube.common.mx_6.14.0.202502271554\\db\/plugins/mcufinder/images/
2025-03-31 20:32:22,562 [INFO] ApiDb:250 - Set database path to: C:\Users\Shuvro\.stmcufinder\plugins\mcufinder//mcu/
2025-03-31 20:32:22,563 [INFO] DbMcusAds:125 - Set database path to: C:\Users\Shuvro\.stmcufinder\plugins\mcufinder//mcu/
2025-03-31 20:32:22,567 [INFO] CrossReferenceDbSqlite:203 - Set database path to: C:\Users\Shuvro\.stmcufinder\plugins\mcufinder//mcu/cs/
2025-03-31 20:32:22,710 [INFO] RulesReader:64 - Compatibility file has been processed (301 Rules)
2025-03-31 20:32:22,838 [INFO] DbMcusXml:78 - Set database path to: C:\ST\STM32CubeIDE_1.16.1\STM32CubeIDE\plugins\com.st.stm32cube.common.mx_6.14.0.202502271554\\db\/mcu/
2025-03-31 20:32:22,838 [INFO] ApiDb:274 - Set plugin database path to: C:\ST\STM32CubeIDE_1.16.1\STM32CubeIDE\plugins\com.st.stm32cube.common.mx_6.14.0.202502271554\\db\/plugins/boardmanager/
2025-03-31 20:32:22,838 [INFO] ApiDb:261 - Set plugin images path to: C:\ST\STM32CubeIDE_1.16.1\STM32CubeIDE\plugins\com.st.stm32cube.common.mx_6.14.0.202502271554\\db\/plugins/mcufinder/images/
2025-03-31 20:32:22,838 [WARN] DbFile:41 - Overriding database path with different value: C:\Users\Shuvro\.stmcufinder\plugins\mcufinder/ => C:\Users\Shuvro\.stmcufinder\plugins\mcufinder
2025-03-31 20:32:22,838 [INFO] ApiDb:250 - Set database path to: C:\Users\Shuvro\.stmcufinder\plugins\mcufinder//mcu/
2025-03-31 20:32:22,838 [WARN] DbFile:41 - Overriding database path with different value: C:\Users\Shuvro\.stmcufinder\plugins\mcufinder/ => C:\Users\Shuvro\.stmcufinder\plugins\mcufinder
2025-03-31 20:32:22,838 [INFO] DbMcusAds:125 - Set database path to: C:\Users\Shuvro\.stmcufinder\plugins\mcufinder//mcu/
2025-03-31 20:32:22,839 [WARN] DbFile:41 - Overriding database path with different value: C:\Users\Shuvro\.stmcufinder\plugins\mcufinder/ => C:\Users\Shuvro\.stmcufinder\plugins\mcufinder
2025-03-31 20:32:22,839 [WARN] DbFile:41 - Overriding database path with different value: C:\Users\Shuvro\.stmcufinder\plugins\mcufinder/ => C:\Users\Shuvro\.stmcufinder\plugins\mcufinder
2025-03-31 20:32:22,849 [INFO] CrossReferenceDbSqlite:203 - Set database path to: C:\Users\Shuvro\.stmcufinder\plugins\mcufinder//mcu/cs/
2025-03-31 20:32:22,965 [INFO] MainPanel:272 - HeapMemory: 268435456
2025-03-31 20:32:23,177 [INFO] DbMcusXml:78 - Set database path to: C:\ST\STM32CubeIDE_1.16.1\STM32CubeIDE\plugins\com.st.stm32cube.common.mx_6.14.0.202502271554\\db\/mcu/
2025-03-31 20:32:23,177 [INFO] ApiDb:274 - Set plugin database path to: C:\ST\STM32CubeIDE_1.16.1\STM32CubeIDE\plugins\com.st.stm32cube.common.mx_6.14.0.202502271554\\db\/plugins/boardmanager/
2025-03-31 20:32:23,177 [INFO] ApiDb:261 - Set plugin images path to: C:\ST\STM32CubeIDE_1.16.1\STM32CubeIDE\plugins\com.st.stm32cube.common.mx_6.14.0.202502271554\\db\/plugins/mcufinder/images/
2025-03-31 20:32:23,178 [WARN] DbFile:41 - Overriding database path with different value: C:\Users\Shuvro\.stmcufinder\plugins\mcufinder/ => C:\Users\Shuvro\.stmcufinder\plugins\mcufinder
2025-03-31 20:32:23,178 [INFO] ApiDb:250 - Set database path to: C:\Users\Shuvro\.stmcufinder\plugins\mcufinder//mcu/
2025-03-31 20:32:23,178 [WARN] DbFile:41 - Overriding database path with different value: C:\Users\Shuvro\.stmcufinder\plugins\mcufinder/ => C:\Users\Shuvro\.stmcufinder\plugins\mcufinder
2025-03-31 20:32:23,178 [INFO] DbMcusAds:125 - Set database path to: C:\Users\Shuvro\.stmcufinder\plugins\mcufinder//mcu/
2025-03-31 20:32:23,178 [WARN] DbFile:41 - Overriding database path with different value: C:\Users\Shuvro\.stmcufinder\plugins\mcufinder/ => C:\Users\Shuvro\.stmcufinder\plugins\mcufinder
2025-03-31 20:32:23,178 [WARN] DbFile:41 - Overriding database path with different value: C:\Users\Shuvro\.stmcufinder\plugins\mcufinder/ => C:\Users\Shuvro\.stmcufinder\plugins\mcufinder
2025-03-31 20:32:23,178 [INFO] CrossReferenceDbSqlite:203 - Set database path to: C:\Users\Shuvro\.stmcufinder\plugins\mcufinder//mcu/cs/
2025-03-31 20:32:23,206 [INFO] ApplicationProperties:184 - Using Application install path: C:\ST\STM32CubeIDE_1.16.1\STM32CubeIDE\plugins\com.st.stm32cube.common.mx_6.14.0.202502271554
2025-03-31 20:32:23,207 [INFO] PluginManage:196 - Search for loadable plugins [exclusion list=, ]
2025-03-31 20:32:23,209 [INFO] PluginManage:310 - Check plugin analytics
2025-03-31 20:32:32,967 [INFO] AnalyticsPlugin:253 - Accepted Software Licenses: 
2025-03-31 20:32:32,967 [INFO] AnalyticsPlugin:255 - Accepted CMSIS Pack Licenses: 
2025-03-31 20:32:32,968 [INFO] AnalyticsPlugin:257 - Accepted Firmware Licenses: 
2025-03-31 20:32:32,974 [INFO] PluginManage:359 - Loaded plugin analytics (category:tool,tabindex:-1)
2025-03-31 20:32:32,974 [INFO] PluginManage:310 - Check plugin cadmodel
2025-03-31 20:32:32,981 [INFO] CADModel:105 - Init CAD model plugin
2025-03-31 20:32:32,981 [INFO] PluginManage:359 - Loaded plugin cadmodel (category:power,tabindex:5)
2025-03-31 20:32:32,982 [INFO] PluginManage:310 - Check plugin clock
2025-03-31 20:32:32,993 [INFO] PluginManage:359 - Loaded plugin clock (category:base,tabindex:2)
2025-03-31 20:32:32,993 [INFO] PluginManage:310 - Check plugin ddr
2025-03-31 20:32:33,000 [INFO] PluginManage:359 - Loaded plugin ddr (category:tool,tabindex:6)
2025-03-31 20:32:33,001 [INFO] PluginManage:310 - Check plugin filemanager
2025-03-31 20:32:33,153 [INFO] PluginManage:359 - Loaded plugin filemanager (category:base,tabindex:10)
2025-03-31 20:32:33,154 [INFO] PluginManage:310 - Check plugin ipmanager
2025-03-31 20:32:33,161 [INFO] PluginManage:359 - Loaded plugin ipmanager (category:base,tabindex:5)
2025-03-31 20:32:33,161 [INFO] PluginManage:310 - Check plugin lpbam
2025-03-31 20:32:33,169 [INFO] PluginManage:359 - Loaded plugin lpbam (category:base,tabindex:0)
2025-03-31 20:32:33,169 [INFO] PluginManage:310 - Check plugin memorymap
2025-03-31 20:32:33,186 [INFO] PluginManage:359 - Loaded plugin memorymap (category:base,tabindex:4)
2025-03-31 20:32:33,186 [INFO] PluginManage:310 - Check plugin pinoutandconfiguration
2025-03-31 20:32:33,195 [INFO] PluginManage:359 - Loaded plugin pinoutandconfiguration (category:base,tabindex:1)
2025-03-31 20:32:33,195 [INFO] PluginManage:310 - Check plugin pinoutconfig
2025-03-31 20:32:33,348 [WARN] SupportedApi:132 - Cannot load RTOS API schema: s4s-elt-must-match.1: The content of 'definitions' must match (annotation?, (simpleType | complexType)?, (unique | key | keyref)*)). A problem was found starting at: attribute.
2025-03-31 20:32:33,520 [INFO] PluginManage:359 - Loaded plugin pinoutconfig (category:base,tabindex:0)
2025-03-31 20:32:33,521 [INFO] PluginManage:310 - Check plugin power
2025-03-31 20:32:33,531 [INFO] PluginManage:359 - Loaded plugin power (category:power,tabindex:4)
2025-03-31 20:32:33,531 [INFO] PluginManage:310 - Check plugin projectmanager
2025-03-31 20:32:33,549 [INFO] PluginManage:359 - Loaded plugin projectmanager (category:projectmanager,tabindex:4)
2025-03-31 20:32:33,549 [INFO] PluginManage:310 - Check plugin rif
2025-03-31 20:32:33,560 [INFO] PluginManage:359 - Loaded plugin rif (category:base,tabindex:3)
2025-03-31 20:32:33,560 [INFO] PluginManage:310 - Check plugin thirdparty
2025-03-31 20:32:33,723 [WARN] IntegrityCheckThread:84 - waiting for thirdparty lock release [integrity check]
2025-03-31 20:32:33,723 [INFO] IntegrityCheckThread:86 - entering critical section [integrity check]
2025-03-31 20:32:33,724 [INFO] ThirdPartyUpdaterWithRetryManager:70 - Updater plugin not ready yet. [1/15]
2025-03-31 20:32:33,724 [INFO] PluginManage:359 - Loaded plugin thirdparty (category:base,tabindex:-1)
2025-03-31 20:32:33,724 [INFO] PluginManage:310 - Check plugin tools
2025-03-31 20:32:33,729 [INFO] PluginManage:359 - Loaded plugin tools (category:base,tabindex:7)
2025-03-31 20:32:33,729 [INFO] PluginManage:310 - Check plugin tutovideos
2025-03-31 20:32:33,985 [INFO] PluginManage:359 - Loaded plugin tutovideos (category:base,tabindex:-1)
2025-03-31 20:32:33,986 [INFO] PluginManage:310 - Check plugin updater
2025-03-31 20:32:34,017 [INFO] PluginManage:359 - Loaded plugin updater (category:base,tabindex:12)
2025-03-31 20:32:34,017 [INFO] PluginManage:310 - Check plugin userauth
2025-03-31 20:32:34,026 [INFO] UserAuth:118 - Init User Auth plugin
2025-03-31 20:32:34,028 [INFO] PluginManage:359 - Loaded plugin userauth (category:base,tabindex:14)
2025-03-31 20:32:34,029 [INFO] PluginManage:283 - PluginManage : Loaded plugins [18]
2025-03-31 20:32:34,275 [INFO] PinOutPanel:1589 - setPackage(No Configuration,No Configuration)
2025-03-31 20:32:34,381 [INFO] CADModel:165 - CPN selected for project level
2025-03-31 20:32:34,382 [INFO] CADModel:114 - Register for checkConnection events
2025-03-31 20:32:34,404 [INFO] IPUIPlugin:80 - create IPUIPlugin
2025-03-31 20:32:34,404 [INFO] PluginManager:220 - loadIPPluginJar : add adc
2025-03-31 20:32:34,407 [INFO] IPUIPlugin:80 - create IPUIPlugin
2025-03-31 20:32:34,407 [INFO] PluginManager:220 - loadIPPluginJar : add aes
2025-03-31 20:32:34,409 [INFO] IPUIPlugin:80 - create IPUIPlugin
2025-03-31 20:32:34,410 [INFO] PluginManager:220 - loadIPPluginJar : add can
2025-03-31 20:32:34,412 [INFO] IPUIPlugin:80 - create IPUIPlugin
2025-03-31 20:32:34,412 [INFO] PluginManager:220 - loadIPPluginJar : add comp
2025-03-31 20:32:34,414 [INFO] IPUIPlugin:80 - create IPUIPlugin
2025-03-31 20:32:34,415 [INFO] PluginManager:220 - loadIPPluginJar : add cryp
2025-03-31 20:32:34,418 [INFO] IPUIPlugin:80 - create IPUIPlugin
2025-03-31 20:32:34,418 [INFO] PluginManager:220 - loadIPPluginJar : add ddr_ctrl_phy
2025-03-31 20:32:34,420 [INFO] IPUIPlugin:80 - create IPUIPlugin
2025-03-31 20:32:34,420 [INFO] PluginManager:220 - loadIPPluginJar : add dfsdm
2025-03-31 20:32:34,426 [INFO] IPUIPlugin:80 - create IPUIPlugin
2025-03-31 20:32:34,426 [INFO] PluginManager:220 - loadIPPluginJar : add dma
2025-03-31 20:32:34,429 [INFO] IPUIPlugin:80 - create IPUIPlugin
2025-03-31 20:32:34,429 [INFO] PluginManager:220 - loadIPPluginJar : add dma3
2025-03-31 20:32:34,432 [INFO] IPUIPlugin:80 - create IPUIPlugin
2025-03-31 20:32:34,432 [INFO] PluginManager:220 - loadIPPluginJar : add extmemmanager
2025-03-31 20:32:34,433 [INFO] IPUIPlugin:80 - create IPUIPlugin
2025-03-31 20:32:34,434 [INFO] PluginManager:220 - loadIPPluginJar : add fatfs
2025-03-31 20:32:34,438 [INFO] IPUIPlugin:80 - create IPUIPlugin
2025-03-31 20:32:34,438 [INFO] PluginManager:220 - loadIPPluginJar : add fmc
2025-03-31 20:32:34,455 [INFO] IPUIPlugin:80 - create IPUIPlugin
2025-03-31 20:32:34,455 [INFO] PluginManager:220 - loadIPPluginJar : add freertos
2025-03-31 20:32:34,457 [INFO] IPUIPlugin:80 - create IPUIPlugin
2025-03-31 20:32:34,457 [INFO] PluginManager:220 - loadIPPluginJar : add genericplugin
2025-03-31 20:32:34,460 [INFO] IPUIPlugin:80 - create IPUIPlugin
2025-03-31 20:32:34,460 [INFO] PluginManager:220 - loadIPPluginJar : add gfxmmu
2025-03-31 20:32:34,465 [INFO] IPUIPlugin:80 - create IPUIPlugin
2025-03-31 20:32:34,465 [INFO] PluginManager:220 - loadIPPluginJar : add gic
2025-03-31 20:32:34,470 [INFO] IPUIPlugin:80 - create IPUIPlugin
2025-03-31 20:32:34,470 [INFO] PluginManager:220 - loadIPPluginJar : add gpio
2025-03-31 20:32:34,473 [INFO] IPUIPlugin:80 - create IPUIPlugin
2025-03-31 20:32:34,473 [INFO] PluginManager:220 - loadIPPluginJar : add gtzc
2025-03-31 20:32:34,478 [INFO] IPUIPlugin:80 - create IPUIPlugin
2025-03-31 20:32:34,478 [INFO] PluginManager:220 - loadIPPluginJar : add hash
2025-03-31 20:32:34,481 [INFO] IPUIPlugin:80 - create IPUIPlugin
2025-03-31 20:32:34,481 [INFO] PluginManager:220 - loadIPPluginJar : add i2c
2025-03-31 20:32:34,484 [INFO] IPUIPlugin:80 - create IPUIPlugin
2025-03-31 20:32:34,484 [INFO] PluginManager:220 - loadIPPluginJar : add i2s
2025-03-31 20:32:34,490 [INFO] IPUIPlugin:80 - create IPUIPlugin
2025-03-31 20:32:34,490 [INFO] PluginManager:220 - loadIPPluginJar : add i3c
2025-03-31 20:32:34,496 [INFO] IPUIPlugin:80 - create IPUIPlugin
2025-03-31 20:32:34,496 [INFO] PluginManager:220 - loadIPPluginJar : add ipddr
2025-03-31 20:32:34,507 [INFO] IPUIPlugin:80 - create IPUIPlugin
2025-03-31 20:32:34,507 [INFO] PluginManager:220 - loadIPPluginJar : add linkedlist
2025-03-31 20:32:34,512 [INFO] IPUIPlugin:80 - create IPUIPlugin
2025-03-31 20:32:34,512 [INFO] PluginManager:220 - loadIPPluginJar : add lorawan
2025-03-31 20:32:34,514 [INFO] IPUIPlugin:80 - create IPUIPlugin
2025-03-31 20:32:34,515 [INFO] PluginManager:220 - loadIPPluginJar : add ltdc
2025-03-31 20:32:34,521 [INFO] IPUIPlugin:80 - create IPUIPlugin
2025-03-31 20:32:34,521 [INFO] PluginManager:220 - loadIPPluginJar : add mdma
2025-03-31 20:32:34,525 [INFO] IPUIPlugin:80 - create IPUIPlugin
2025-03-31 20:32:34,526 [INFO] PluginManager:220 - loadIPPluginJar : add nvic
2025-03-31 20:32:34,529 [INFO] IPUIPlugin:80 - create IPUIPlugin
2025-03-31 20:32:34,530 [INFO] PluginManager:220 - loadIPPluginJar : add opamp
2025-03-31 20:32:34,533 [INFO] IPUIPlugin:80 - create IPUIPlugin
2025-03-31 20:32:34,533 [INFO] PluginManager:220 - loadIPPluginJar : add openamp
2025-03-31 20:32:34,539 [INFO] IPUIPlugin:80 - create IPUIPlugin
2025-03-31 20:32:34,539 [INFO] PluginManager:220 - loadIPPluginJar : add pdm2pcm
2025-03-31 20:32:34,546 [INFO] IPUIPlugin:80 - create IPUIPlugin
2025-03-31 20:32:34,552 [INFO] PluginManager:220 - loadIPPluginJar : add plateformsettings
2025-03-31 20:32:34,556 [INFO] IPUIPlugin:80 - create IPUIPlugin
2025-03-31 20:32:34,556 [INFO] PluginManager:220 - loadIPPluginJar : add quadspi
2025-03-31 20:32:34,558 [INFO] IPUIPlugin:80 - create IPUIPlugin
2025-03-31 20:32:34,560 [INFO] PluginManager:220 - loadIPPluginJar : add radio
2025-03-31 20:32:34,565 [INFO] IPUIPlugin:80 - create IPUIPlugin
2025-03-31 20:32:34,565 [INFO] PluginManager:220 - loadIPPluginJar : add resmgrutility
2025-03-31 20:32:34,569 [INFO] IPUIPlugin:80 - create IPUIPlugin
2025-03-31 20:32:34,569 [INFO] PluginManager:220 - loadIPPluginJar : add sai
2025-03-31 20:32:34,574 [INFO] IPUIPlugin:80 - create IPUIPlugin
2025-03-31 20:32:34,574 [INFO] PluginManager:220 - loadIPPluginJar : add spi
2025-03-31 20:32:34,584 [INFO] IPUIPlugin:80 - create IPUIPlugin
2025-03-31 20:32:34,584 [INFO] PluginManager:220 - loadIPPluginJar : add stm32_wpan
2025-03-31 20:32:34,586 [INFO] IPUIPlugin:80 - create IPUIPlugin
2025-03-31 20:32:34,586 [INFO] PluginManager:220 - loadIPPluginJar : add tim
2025-03-31 20:32:34,589 [INFO] IPUIPlugin:80 - create IPUIPlugin
2025-03-31 20:32:34,589 [INFO] PluginManager:220 - loadIPPluginJar : add touchsensing
2025-03-31 20:32:34,593 [INFO] IPUIPlugin:80 - create IPUIPlugin
2025-03-31 20:32:34,594 [INFO] PluginManager:220 - loadIPPluginJar : add tracer_emb
2025-03-31 20:32:34,597 [INFO] IPUIPlugin:80 - create IPUIPlugin
2025-03-31 20:32:34,597 [INFO] PluginManager:220 - loadIPPluginJar : add ts
2025-03-31 20:32:34,599 [INFO] IPUIPlugin:80 - create IPUIPlugin
2025-03-31 20:32:34,599 [INFO] PluginManager:220 - loadIPPluginJar : add tsc
2025-03-31 20:32:34,602 [INFO] IPUIPlugin:80 - create IPUIPlugin
2025-03-31 20:32:34,602 [INFO] PluginManager:220 - loadIPPluginJar : add ucpd
2025-03-31 20:32:34,605 [INFO] IPUIPlugin:80 - create IPUIPlugin
2025-03-31 20:32:34,605 [INFO] PluginManager:220 - loadIPPluginJar : add usart
2025-03-31 20:32:34,609 [INFO] IPUIPlugin:80 - create IPUIPlugin
2025-03-31 20:32:34,609 [INFO] PluginManager:220 - loadIPPluginJar : add usbx
2025-03-31 20:32:34,729 [FATAL] Updater:351 - Updater called before beeing initialized
2025-03-31 20:32:34,757 [INFO] RulesReader:64 - Compatibility file has been processed (301 Rules)
2025-03-31 20:32:34,768 [INFO] RulesReader:64 - Compatibility file has been processed (301 Rules)
2025-03-31 20:32:34,781 [INFO] CADModel:165 - CPN selected for project level
2025-03-31 20:32:34,781 [INFO] CADModel:114 - Register for checkConnection events
2025-03-31 20:32:34,781 [FATAL] Updater:351 - Updater called before beeing initialized
2025-03-31 20:32:34,781 [ERROR] CADModel:125 - Updater not yet initialized, retry later 
2025-03-31 20:32:34,959 [FATAL] Updater:351 - Updater called before beeing initialized
2025-03-31 20:32:34,962 [INFO] CADModel:165 - CPN selected for project level
2025-03-31 20:32:34,963 [INFO] CADModel:114 - Register for checkConnection events
2025-03-31 20:32:34,963 [FATAL] Updater:351 - Updater called before beeing initialized
2025-03-31 20:32:34,963 [ERROR] CADModel:125 - Updater not yet initialized, retry later 
2025-03-31 20:32:34,966 [FATAL] Updater:351 - Updater called before beeing initialized
2025-03-31 20:32:35,076 [FATAL] Updater:351 - Updater called before beeing initialized
2025-03-31 20:32:35,083 [INFO] DbMcusAds:53 - JSON generation date=Thu Mar 06 20:54:21 BDT 2025 (1741272861825)
2025-03-31 20:32:35,083 [FATAL] Updater:351 - Updater called before beeing initialized
2025-03-31 20:32:35,133 [WARN] DetailPanel:346 - Failed to get advertising image, set to default
2025-03-31 20:32:35,450 [FATAL] Updater:351 - Updater called before beeing initialized
2025-03-31 20:32:35,456 [FATAL] Updater:351 - Updater called before beeing initialized
2025-03-31 20:32:35,456 [FATAL] Updater:351 - Updater called before beeing initialized
2025-03-31 20:32:35,456 [WARN] DetailPanel:346 - Failed to get advertising image, set to default
2025-03-31 20:32:35,456 [FATAL] Updater:351 - Updater called before beeing initialized
2025-03-31 20:32:35,507 [ERROR] Updater:1198 - MainUpdater not yet initialized. External WinMGr cannot be set.
2025-03-31 20:32:35,509 [INFO] Updater:1134 - Updater Version found : 6.14.0
2025-03-31 20:32:35,533 [INFO] ApplicationProperties:184 - Using Application install path: C:\ST\STM32CubeIDE_1.16.1\STM32CubeIDE\plugins\com.st.stm32cube.common.mx_6.14.0.202502271554
2025-03-31 20:32:36,725 [INFO] ThirdPartyUpdaterWithRetryManager:70 - Updater plugin not ready yet. [2/15]
2025-03-31 20:32:37,101 [ERROR] LogOutputStream:75 - [STDERR_REDIRECT] Mar 31, 2025 8:32:37 PM java.util.prefs.WindowsPreferences <init>
2025-03-31 20:32:37,105 [ERROR] LogOutputStream:75 - [STDERR_REDIRECT] WARNING: Could not open/create prefs root node Software\JavaSoft\Prefs at root 0xffffffff80000002. Windows RegCreateKeyEx(...) returned error code 5.
2025-03-31 20:32:37,106 [ERROR] LogOutputStream:75 - [STDERR_REDIRECT] 
2025-03-31 20:32:37,722 [INFO] MainUpdater:2872 - connection check result : 10
2025-03-31 20:32:37,724 [INFO] MainUpdater:289 - Updater Check For Update Now.
2025-03-31 20:32:37,724 [INFO] MicroXplorer:498 - Change Database Version : DB.6.0.140
2025-03-31 20:32:37,741 [INFO] McuFinderGlobals:63 - Set McuFinder mode to 2 (CubeIDE integrated)
2025-03-31 20:32:37,741 [INFO] UserAuth:171 - activating auth plugin
2025-03-31 20:32:37,744 [INFO] UserAuth:486 - Internet connection configuration mode: 1
2025-03-31 20:32:37,794 [INFO] JxBrowserEngine:152 - Initiate JxBrowser Engine with user profile folder
2025-03-31 20:32:37,926 [INFO] CheckServerUpdateThread:120 - End of CheckServer Thread
2025-03-31 20:32:38,996 [INFO] WebApp:169 - Instantiating new browser for Auth
2025-03-31 20:32:40,045 [WARN] PackLoader:240 - Cannot read IP mode file for STMicroelectronics.FP-SNS-MOTENVWB1.1.4.0
2025-03-31 20:32:40,060 [WARN] PackLoader:240 - Cannot read IP mode file for STMicroelectronics.FP-ATR-ASTRA1.2.0.2
2025-03-31 20:32:40,067 [WARN] PackLoader:240 - Cannot read IP mode file for STMicroelectronics.FP-ATR-ASTRA1.2.0.1
2025-03-31 20:32:40,094 [WARN] PackLoader:240 - Cannot read IP mode file for STMicroelectronics.X-CUBE-SMBUS.2.1.0
2025-03-31 20:32:40,123 [WARN] PackLoader:240 - Cannot read IP mode file for STMicroelectronics.X-CUBE-WB05N.1.1.0
2025-03-31 20:32:40,250 [WARN] PackLoader:240 - Cannot read IP mode file for STMicroelectronics.X-CUBE-AZRTOS-F7.1.1.0
2025-03-31 20:32:40,543 [WARN] PackLoader:240 - Cannot read IP mode file for STMicroelectronics.X-CUBE-MEMS1.11.0.0
2025-03-31 20:32:40,788 [INFO] WebApp:463 - Apply proxy settings
2025-03-31 20:32:40,789 [INFO] WebApp:548 - Chromium requires no authentication
2025-03-31 20:32:40,882 [INFO] WebApp:491 - Direct internet connection detected
2025-03-31 20:32:40,974 [WARN] PackLoader:240 - Cannot read IP mode file for STMicroelectronics.FP-SNS-FLIGHT1.5.0.2
2025-03-31 20:32:40,998 [WARN] PackLoader:240 - Cannot read IP mode file for STMicroelectronics.X-CUBE-DISPLAY.3.0.0
2025-03-31 20:32:41,031 [WARN] PackLoader:240 - Cannot read IP mode file for STMicroelectronics.X-CUBE-BLE1.7.0.0
2025-03-31 20:32:41,085 [INFO] WebApp:894 - Register for checkConnection events
2025-03-31 20:32:41,085 [INFO] WebApp:463 - Apply proxy settings
2025-03-31 20:32:41,086 [INFO] WebApp:548 - Chromium requires no authentication
2025-03-31 20:32:41,087 [INFO] WebApp:491 - Direct internet connection detected
2025-03-31 20:32:41,088 [WARN] PackLoader:240 - Cannot read IP mode file for STMicroelectronics.X-CUBE-NFC10.1.0.0
2025-03-31 20:32:41,148 [WARN] PackLoader:240 - Cannot read IP mode file for STMicroelectronics.X-CUBE-BLEMGR.4.0.0
2025-03-31 20:32:41,201 [WARN] PackLoader:240 - Cannot read IP mode file for emotas.I-CUBE-CANOPEN.1.3.0
2025-03-31 20:32:41,224 [WARN] PackLoader:240 - Cannot read IP mode file for STMicroelectronics.X-CUBE-BLEMGR.3.1.0
2025-03-31 20:32:41,243 [WARN] PackLoader:240 - Cannot read IP mode file for STMicroelectronics.X-CUBE-AI.10.0.0
2025-03-31 20:32:41,254 [WARN] PackLoader:240 - Cannot read IP mode file for STMicroelectronics.FP-SNS-SMARTAG2.1.2.0
2025-03-31 20:32:41,264 [WARN] PackLoader:240 - Cannot read IP mode file for STMicroelectronics.FP-SNS-FLIGHT1.5.1.0
2025-03-31 20:32:41,382 [WARN] PackLoader:240 - Cannot read IP mode file for STMicroelectronics.X-CUBE-MEMS1.11.1.0
2025-03-31 20:32:41,687 [INFO] LogOutputStream:77 - [STDOUT_REDIRECT] 1 : Invalid condition id : UX_CORESTACK_Condition cause : null
2025-03-31 20:32:41,689 [INFO] LogOutputStream:77 - [STDOUT_REDIRECT] 1 : Invalid condition id : UX_CORESTACK_Condition cause : null
2025-03-31 20:32:41,696 [INFO] LogOutputStream:77 - [STDOUT_REDIRECT] 1 : Invalid condition id : UX_CORESTACK_Condition cause : null
2025-03-31 20:32:41,701 [INFO] LogOutputStream:77 - [STDOUT_REDIRECT] 1 : Invalid condition id : UX_CORESTACK_Condition cause : null
2025-03-31 20:32:41,771 [INFO] LogOutputStream:77 - [STDOUT_REDIRECT] 1 : Invalid condition id : UX_CORESTACK_Condition cause : null
2025-03-31 20:32:41,779 [WARN] PackLoader:240 - Cannot read IP mode file for STMicroelectronics.X-CUBE-AZRTOS-WL.2.0.0
2025-03-31 20:32:41,794 [WARN] PackLoader:240 - Cannot read IP mode file for STMicroelectronics.FP-SNS-MOTENV1.5.0.0
2025-03-31 20:32:41,804 [WARN] PackLoader:240 - Cannot read IP mode file for wolfSSL.I-CUBE-wolfMQTT.1.19.0
2025-03-31 20:32:41,819 [WARN] PackLoader:240 - Cannot read IP mode file for WES.I-CUBE-Cesium.1.3.0
2025-03-31 20:32:41,832 [WARN] PackLoader:240 - Cannot read IP mode file for STMicroelectronics.X-CUBE-BLE2.3.3.0
2025-03-31 20:32:41,842 [WARN] PackLoader:240 - Cannot read IP mode file for STMicroelectronics.X-CUBE-NFC9.1.0.0
2025-03-31 20:32:41,853 [WARN] PackLoader:240 - Cannot read IP mode file for STMicroelectronics.X-CUBE-BLE1.7.1.0
2025-03-31 20:32:41,863 [WARN] PackLoader:240 - Cannot read IP mode file for STMicroelectronics.X-CUBE-TCPP.4.1.0
2025-03-31 20:32:41,889 [WARN] PackLoader:240 - Cannot read IP mode file for STMicroelectronics.X-CUBE-AZRTOS-G0.1.1.0
2025-03-31 20:32:41,905 [WARN] PackLoader:240 - Cannot read IP mode file for STMicroelectronics.X-CUBE-SAFEA1.1.2.2
2025-03-31 20:32:41,916 [WARN] PackLoader:240 - Cannot read IP mode file for STMicroelectronics.X-CUBE-NFC4.3.0.0
2025-03-31 20:32:41,933 [WARN] PackLoader:240 - Cannot read IP mode file for EmbeddedOffice.I-CUBE-FS-RTOS.1.0.1
2025-03-31 20:32:41,944 [WARN] PackLoader:240 - Cannot read IP mode file for STMicroelectronics.X-CUBE-TCPP.4.2.0
2025-03-31 20:32:41,958 [WARN] PackLoader:240 - Cannot read IP mode file for RealThread.X-CUBE-RT-Thread_Nano.4.1.1
2025-03-31 20:32:41,984 [WARN] PackLoader:240 - Cannot read IP mode file for STMicroelectronics.FP-ATR-SIGFOX1.3.2.0
2025-03-31 20:32:41,992 [WARN] PackLoader:240 - Cannot read IP mode file for wolfSSL.I-CUBE-wolfSSL.5.7.2
2025-03-31 20:32:42,000 [WARN] ConditionMgr:438 - getConditionDescription Invalid condition id : Cortex-A Device cause : null
2025-03-31 20:32:42,007 [INFO] WebApp:191 - Connection restablished
2025-03-31 20:32:42,026 [WARN] ConditionMgr:1044 - genDependencies : Invalid condition id : Cortex-A Device cause : null
2025-03-31 20:32:42,026 [WARN] ConditionMgr:1044 - genDependencies : Invalid condition id : Cortex-A Device cause : null
2025-03-31 20:32:42,026 [WARN] ConditionMgr:1044 - genDependencies : Invalid condition id : Cortex-A Device cause : null
2025-03-31 20:32:42,039 [WARN] PackLoader:240 - Cannot read IP mode file for STMicroelectronics.X-CUBE-EEPRMA1.5.1.0
2025-03-31 20:32:42,054 [WARN] PackLoader:240 - Cannot read IP mode file for ITTIA_DB.I-CUBE-ITTIADB.8.9.0
2025-03-31 20:32:42,126 [WARN] PackLoader:240 - Cannot read IP mode file for SEGGER.I-CUBE-embOS.1.3.1
2025-03-31 20:32:42,288 [WARN] PackLoader:240 - Cannot read IP mode file for STMicroelectronics.X-CUBE-ALGOBUILD.1.4.0
2025-03-31 20:32:42,302 [WARN] PackLoader:240 - Cannot read IP mode file for STMicroelectronics.X-CUBE-AI.9.1.0
2025-03-31 20:32:42,341 [WARN] PackLoader:240 - Cannot read IP mode file for STMicroelectronics.X-CUBE-AZRTOS-F4.1.1.0
2025-03-31 20:32:42,359 [WARN] PackLoader:240 - Cannot read IP mode file for STMicroelectronics.X-CUBE-ISPU.2.1.0
2025-03-31 20:32:42,427 [WARN] PackLoader:240 - Cannot read IP mode file for STMicroelectronics.X-CUBE-FREERTOS.1.2.0
2025-03-31 20:32:42,461 [WARN] PackLoader:240 - Cannot read IP mode file for STMicroelectronics.X-CUBE-AZRTOS-L5.2.0.0
2025-03-31 20:32:42,480 [WARN] PackLoader:240 - Cannot read IP mode file for STMicroelectronics.X-CUBE-NFC6.3.1.0
2025-03-31 20:32:42,494 [WARN] PackLoader:240 - Cannot read IP mode file for STMicroelectronics.X-CUBE-DPower.1.2.0
2025-03-31 20:32:42,504 [WARN] PackLoader:240 - Cannot read IP mode file for STMicroelectronics.X-CUBE-FREERTOS.1.3.0
2025-03-31 20:32:42,519 [WARN] PackLoader:240 - Cannot read IP mode file for STMicroelectronics.X-CUBE-NFC7.1.0.1
2025-03-31 20:32:42,531 [INFO] WebApp:225 - Starting web application
2025-03-31 20:32:42,531 [INFO] WebApp:593 - Web application path used C:\ST\STM32CubeIDE_1.16.1\STM32CubeIDE\plugins\com.st.stm32cube.common.mx_6.14.0.202502271554\db\plugins\mcufinder\reactClient1\index.html
2025-03-31 20:32:42,568 [WARN] ConditionMgr:438 - getConditionDescription Invalid condition id : LAN8742 Phy interface Condition cause : null
2025-03-31 20:32:42,569 [WARN] PackLoader:240 - Cannot read IP mode file for STMicroelectronics.X-CUBE-AZRTOS-L4.2.0.0
2025-03-31 20:32:42,572 [WARN] ConditionMgr:1044 - genDependencies : Invalid condition id : LAN8742 Phy interface Condition cause : null
2025-03-31 20:32:42,572 [WARN] ConditionMgr:1044 - genDependencies : Invalid condition id : LAN8742 Phy interface Condition cause : null
2025-03-31 20:32:42,573 [WARN] ConditionMgr:1044 - genDependencies : Invalid condition id : LAN8742 Phy interface Condition cause : null
2025-03-31 20:32:42,587 [WARN] PackLoader:240 - Cannot read IP mode file for STMicroelectronics.X-CUBE-SFXS2LP1.4.0.0
2025-03-31 20:32:42,631 [WARN] PackLoader:240 - Cannot read IP mode file for STMicroelectronics.X-CUBE-AZRTOS-H7.3.3.0
2025-03-31 20:32:42,662 [WARN] PackLoader:240 - Cannot read IP mode file for STMicroelectronics.X-CUBE-IPS.3.0.0
2025-03-31 20:32:42,693 [WARN] ConditionMgr:438 - getConditionDescription Invalid condition id : UX DEVICE CLASS RTOS Condition cause : null
2025-03-31 20:32:42,694 [WARN] ConditionMgr:438 - getConditionDescription Invalid condition id : UX DEVICE CLASS RTOS Condition cause : null
2025-03-31 20:32:42,703 [WARN] PackLoader:240 - Cannot read IP mode file for STMicroelectronics.X-CUBE-AZRTOS-WB.2.0.0
2025-03-31 20:32:42,704 [WARN] ConditionMgr:1044 - genDependencies : Invalid condition id : UX DEVICE CLASS RTOS Condition cause : null
2025-03-31 20:32:42,705 [WARN] ConditionMgr:1044 - genDependencies : Invalid condition id : UX DEVICE CLASS RTOS Condition cause : null
2025-03-31 20:32:42,705 [WARN] ConditionMgr:1044 - genDependencies : Invalid condition id : UX DEVICE CLASS RTOS Condition cause : null
2025-03-31 20:32:42,706 [WARN] ConditionMgr:1044 - genDependencies : Invalid condition id : UX DEVICE CLASS RTOS Condition cause : null
2025-03-31 20:32:42,706 [WARN] ConditionMgr:1044 - genDependencies : Invalid condition id : UX DEVICE CLASS RTOS Condition cause : null
2025-03-31 20:32:42,717 [WARN] PackLoader:240 - Cannot read IP mode file for STMicroelectronics.X-CUBE-GNSS1.7.0.0
2025-03-31 20:32:42,728 [WARN] PackLoader:240 - Cannot read IP mode file for STMicroelectronics.X-CUBE-GNSS1.7.0.1
2025-03-31 20:32:42,738 [WARN] PackLoader:240 - Cannot read IP mode file for STMicroelectronics.X-CUBE-TOUCHGFX.4.25.0
2025-03-31 20:32:42,757 [WARN] PackLoader:240 - Cannot read IP mode file for STMicroelectronics.FP-SNS-STBOX1.2.0.0
2025-03-31 20:32:42,779 [WARN] PackLoader:240 - Cannot read IP mode file for STMicroelectronics.X-CUBE-SUBG2.5.0.0
2025-03-31 20:32:42,825 [WARN] PackLoader:240 - Cannot read IP mode file for STMicroelectronics.X-CUBE-AZRTOS-H7RS.1.1.0
2025-03-31 20:32:42,837 [WARN] PackLoader:240 - Cannot read IP mode file for Cesanta.I-CUBE-Mongoose.7.13.0
2025-03-31 20:32:42,870 [WARN] PackLoader:240 - Cannot read IP mode file for STMicroelectronics.X-CUBE-AZRTOS-G4.2.0.0
2025-03-31 20:32:42,902 [WARN] PackLoader:240 - Cannot read IP mode file for STMicroelectronics.X-CUBE-IPS.3.1.0
2025-03-31 20:32:42,924 [WARN] PackLoader:240 - Cannot read IP mode file for STMicroelectronics.X-CUBE-ALS.1.0.2
2025-03-31 20:32:42,933 [WARN] PackLoader:240 - Cannot read IP mode file for STMicroelectronics.X-CUBE-TOUCHGFX.4.24.2
2025-03-31 20:32:42,938 [WARN] PackLoader:240 - Cannot read IP mode file for STMicroelectronics.X-CUBE-TOUCHGFX.4.24.1
2025-03-31 20:32:42,945 [WARN] PackLoader:240 - Cannot read IP mode file for wolfSSL.I-CUBE-wolfTPM.3.4.0
2025-03-31 20:32:42,954 [WARN] PackLoader:240 - Cannot read IP mode file for portGmbH.I-Cube-SoM-uGOAL.1.1.0
2025-03-31 20:32:43,006 [WARN] PackLoader:240 - Cannot read IP mode file for STMicroelectronics.X-CUBE-AZRTOS-H7RS.1.0.0
2025-03-31 20:32:43,017 [WARN] PackLoader:240 - Cannot read IP mode file for STMicroelectronics.FP-ATR-ASTRA1.2.0.0
2025-03-31 20:32:43,049 [WARN] PackLoader:240 - Cannot read IP mode file for STMicroelectronics.X-CUBE-TOF1.3.4.2
2025-03-31 20:32:43,101 [WARN] PackLoader:240 - Cannot read IP mode file for Infineon.AIROC-Wi-Fi-Bluetooth-STM32.1.6.1
2025-03-31 20:32:43,114 [WARN] PackLoader:240 - Cannot read IP mode file for wolfSSL.I-CUBE-wolfSSH.1.4.17
2025-03-31 20:32:43,115 [INFO] ThirdParty:978 - Integrity check success = true
2025-03-31 20:32:43,115 [INFO] IntegrityCheckThread:100 - exiting critical section [integrity check]
2025-03-31 20:32:43,115 [INFO] IntegrityCheckThread:103 - End integrity checks thread
2025-03-31 20:56:56,223 [INFO] WebApp:194 - Connection lost
2025-03-31 20:57:08,752 [INFO] WebApp:191 - Connection restablished
2025-03-31 21:47:27,660 [INFO] WebApp:194 - Connection lost
2025-03-31 21:47:34,278 [INFO] WebApp:191 - Connection restablished
2025-03-31 22:09:25,586 [INFO] WebApp:403 - JxBrowser engine has been closed 
