2025-01-12 19:48:43,635 [INFO] Activator:176 - 


2025-01-12 19:48:43,647 [INFO] Activator:177 - !SESSION log4j initialized
2025-01-12 19:48:59,550 [INFO] LogOutputStream:77 - [STDOUT_REDIRECT] 
2025-01-12 19:49:14,268 [INFO] ApplicationProperties:184 - Using Application install path: C:\ST\STM32CubeIDE_1.16.1\STM32CubeIDE\plugins\com.st.stm32cube.common.mx_6.13.0.202411220809
2025-01-12 19:49:14,322 [INFO] DbMcusXml:78 - Set database path to: C:\ST\STM32CubeIDE_1.16.1\STM32CubeIDE\plugins\com.st.stm32cube.common.mx_6.13.0.202411220809\\db\/mcu/
2025-01-12 19:49:14,323 [INFO] ApiDb:274 - Set plugin database path to: C:\ST\STM32CubeIDE_1.16.1\STM32CubeIDE\plugins\com.st.stm32cube.common.mx_6.13.0.202411220809\\db\/plugins/boardmanager/
2025-01-12 19:49:14,325 [WARN] ApiDb:259 - Overriding images path with different value:  => C:\ST\STM32CubeIDE_1.16.1\STM32CubeIDE\plugins\com.st.stm32cube.common.mx_6.13.0.202411220809\\db\/plugins/mcufinder/images/
2025-01-12 19:49:14,344 [INFO] ApiDb:250 - Set database path to: C:\Users\Shuvro\.stmcufinder\plugins\mcufinder//mcu/
2025-01-12 19:49:14,347 [INFO] DbMcusAds:125 - Set database path to: C:\Users\Shuvro\.stmcufinder\plugins\mcufinder//mcu/
2025-01-12 19:49:14,401 [INFO] CrossReferenceDbSqlite:203 - Set database path to: C:\Users\Shuvro\.stmcufinder\plugins\mcufinder//mcu/cs/
2025-01-12 19:49:14,746 [INFO] RulesReader:64 - Compatibility file has been processed (297 Rules)
2025-01-12 19:49:14,905 [INFO] DbMcusXml:78 - Set database path to: C:\ST\STM32CubeIDE_1.16.1\STM32CubeIDE\plugins\com.st.stm32cube.common.mx_6.13.0.202411220809\\db\/mcu/
2025-01-12 19:49:14,905 [INFO] ApiDb:274 - Set plugin database path to: C:\ST\STM32CubeIDE_1.16.1\STM32CubeIDE\plugins\com.st.stm32cube.common.mx_6.13.0.202411220809\\db\/plugins/boardmanager/
2025-01-12 19:49:14,905 [INFO] ApiDb:261 - Set plugin images path to: C:\ST\STM32CubeIDE_1.16.1\STM32CubeIDE\plugins\com.st.stm32cube.common.mx_6.13.0.202411220809\\db\/plugins/mcufinder/images/
2025-01-12 19:49:14,906 [WARN] DbFile:41 - Overriding database path with different value: C:\Users\Shuvro\.stmcufinder\plugins\mcufinder/ => C:\Users\Shuvro\.stmcufinder\plugins\mcufinder
2025-01-12 19:49:14,906 [INFO] ApiDb:250 - Set database path to: C:\Users\Shuvro\.stmcufinder\plugins\mcufinder//mcu/
2025-01-12 19:49:14,906 [WARN] DbFile:41 - Overriding database path with different value: C:\Users\Shuvro\.stmcufinder\plugins\mcufinder/ => C:\Users\Shuvro\.stmcufinder\plugins\mcufinder
2025-01-12 19:49:14,906 [INFO] DbMcusAds:125 - Set database path to: C:\Users\Shuvro\.stmcufinder\plugins\mcufinder//mcu/
2025-01-12 19:49:14,906 [WARN] DbFile:41 - Overriding database path with different value: C:\Users\Shuvro\.stmcufinder\plugins\mcufinder/ => C:\Users\Shuvro\.stmcufinder\plugins\mcufinder
2025-01-12 19:49:14,906 [WARN] DbFile:41 - Overriding database path with different value: C:\Users\Shuvro\.stmcufinder\plugins\mcufinder/ => C:\Users\Shuvro\.stmcufinder\plugins\mcufinder
2025-01-12 19:49:14,907 [INFO] CrossReferenceDbSqlite:203 - Set database path to: C:\Users\Shuvro\.stmcufinder\plugins\mcufinder//mcu/cs/
2025-01-12 19:49:15,042 [INFO] MainPanel:272 - HeapMemory: 268435456
2025-01-12 19:49:15,245 [INFO] DbMcusXml:78 - Set database path to: C:\ST\STM32CubeIDE_1.16.1\STM32CubeIDE\plugins\com.st.stm32cube.common.mx_6.13.0.202411220809\\db\/mcu/
2025-01-12 19:49:15,245 [INFO] ApiDb:274 - Set plugin database path to: C:\ST\STM32CubeIDE_1.16.1\STM32CubeIDE\plugins\com.st.stm32cube.common.mx_6.13.0.202411220809\\db\/plugins/boardmanager/
2025-01-12 19:49:15,245 [INFO] ApiDb:261 - Set plugin images path to: C:\ST\STM32CubeIDE_1.16.1\STM32CubeIDE\plugins\com.st.stm32cube.common.mx_6.13.0.202411220809\\db\/plugins/mcufinder/images/
2025-01-12 19:49:15,246 [WARN] DbFile:41 - Overriding database path with different value: C:\Users\Shuvro\.stmcufinder\plugins\mcufinder/ => C:\Users\Shuvro\.stmcufinder\plugins\mcufinder
2025-01-12 19:49:15,246 [INFO] ApiDb:250 - Set database path to: C:\Users\Shuvro\.stmcufinder\plugins\mcufinder//mcu/
2025-01-12 19:49:15,246 [WARN] DbFile:41 - Overriding database path with different value: C:\Users\Shuvro\.stmcufinder\plugins\mcufinder/ => C:\Users\Shuvro\.stmcufinder\plugins\mcufinder
2025-01-12 19:49:15,247 [INFO] DbMcusAds:125 - Set database path to: C:\Users\Shuvro\.stmcufinder\plugins\mcufinder//mcu/
2025-01-12 19:49:15,247 [WARN] DbFile:41 - Overriding database path with different value: C:\Users\Shuvro\.stmcufinder\plugins\mcufinder/ => C:\Users\Shuvro\.stmcufinder\plugins\mcufinder
2025-01-12 19:49:15,247 [WARN] DbFile:41 - Overriding database path with different value: C:\Users\Shuvro\.stmcufinder\plugins\mcufinder/ => C:\Users\Shuvro\.stmcufinder\plugins\mcufinder
2025-01-12 19:49:15,247 [INFO] CrossReferenceDbSqlite:203 - Set database path to: C:\Users\Shuvro\.stmcufinder\plugins\mcufinder//mcu/cs/
2025-01-12 19:49:15,280 [INFO] ApplicationProperties:184 - Using Application install path: C:\ST\STM32CubeIDE_1.16.1\STM32CubeIDE\plugins\com.st.stm32cube.common.mx_6.13.0.202411220809
2025-01-12 19:49:15,282 [INFO] PluginManage:196 - Search for loadable plugins [exclusion list=, ]
2025-01-12 19:49:15,285 [INFO] PluginManage:310 - Check plugin analytics
2025-01-12 19:49:25,146 [INFO] AnalyticsPlugin:253 - Accepted Software Licenses: 
2025-01-12 19:49:25,146 [INFO] AnalyticsPlugin:255 - Accepted CMSIS Pack Licenses: 
2025-01-12 19:49:25,146 [INFO] AnalyticsPlugin:257 - Accepted Firmware Licenses: 
2025-01-12 19:49:25,147 [INFO] PluginManage:359 - Loaded plugin analytics (category:tool,tabindex:-1)
2025-01-12 19:49:25,147 [INFO] PluginManage:310 - Check plugin cadmodel
2025-01-12 19:49:25,176 [INFO] CADModel:105 - Init CAD model plugin
2025-01-12 19:49:25,176 [INFO] PluginManage:359 - Loaded plugin cadmodel (category:power,tabindex:5)
2025-01-12 19:49:25,176 [INFO] PluginManage:310 - Check plugin clock
2025-01-12 19:49:25,204 [INFO] PluginManage:359 - Loaded plugin clock (category:base,tabindex:2)
2025-01-12 19:49:25,205 [INFO] PluginManage:310 - Check plugin ddr
2025-01-12 19:49:25,209 [INFO] PluginManage:359 - Loaded plugin ddr (category:tool,tabindex:6)
2025-01-12 19:49:25,209 [INFO] PluginManage:310 - Check plugin filemanager
2025-01-12 19:49:25,408 [INFO] PluginManage:359 - Loaded plugin filemanager (category:base,tabindex:10)
2025-01-12 19:49:25,408 [INFO] PluginManage:310 - Check plugin ipmanager
2025-01-12 19:49:25,420 [INFO] PluginManage:359 - Loaded plugin ipmanager (category:base,tabindex:5)
2025-01-12 19:49:25,420 [INFO] PluginManage:310 - Check plugin lpbam
2025-01-12 19:49:25,447 [INFO] PluginManage:359 - Loaded plugin lpbam (category:base,tabindex:0)
2025-01-12 19:49:25,448 [INFO] PluginManage:310 - Check plugin memorymap
2025-01-12 19:49:25,485 [INFO] PluginManage:359 - Loaded plugin memorymap (category:base,tabindex:4)
2025-01-12 19:49:25,485 [INFO] PluginManage:310 - Check plugin pinoutandconfiguration
2025-01-12 19:49:25,512 [INFO] PluginManage:359 - Loaded plugin pinoutandconfiguration (category:base,tabindex:1)
2025-01-12 19:49:25,512 [INFO] PluginManage:310 - Check plugin pinoutconfig
2025-01-12 19:49:25,662 [WARN] SupportedApi:132 - Cannot load RTOS API schema: s4s-elt-must-match.1: The content of 'definitions' must match (annotation?, (simpleType | complexType)?, (unique | key | keyref)*)). A problem was found starting at: attribute.
2025-01-12 19:49:25,896 [INFO] PluginManage:359 - Loaded plugin pinoutconfig (category:base,tabindex:0)
2025-01-12 19:49:25,896 [INFO] PluginManage:310 - Check plugin power
2025-01-12 19:49:25,926 [INFO] PluginManage:359 - Loaded plugin power (category:power,tabindex:4)
2025-01-12 19:49:25,926 [INFO] PluginManage:310 - Check plugin projectmanager
2025-01-12 19:49:25,953 [INFO] PluginManage:359 - Loaded plugin projectmanager (category:projectmanager,tabindex:4)
2025-01-12 19:49:25,953 [INFO] PluginManage:310 - Check plugin rif
2025-01-12 19:49:25,986 [INFO] PluginManage:359 - Loaded plugin rif (category:base,tabindex:3)
2025-01-12 19:49:25,986 [INFO] PluginManage:310 - Check plugin thirdparty
2025-01-12 19:49:26,531 [INFO] PluginManage:359 - Loaded plugin thirdparty (category:base,tabindex:-1)
2025-01-12 19:49:26,530 [WARN] IntegrityCheckThread:84 - waiting for thirdparty lock release [integrity check]
2025-01-12 19:49:26,532 [INFO] PluginManage:310 - Check plugin tools
2025-01-12 19:49:26,532 [INFO] IntegrityCheckThread:86 - entering critical section [integrity check]
2025-01-12 19:49:26,532 [INFO] ThirdPartyUpdaterWithRetryManager:70 - Updater plugin not ready yet. [1/15]
2025-01-12 19:49:26,618 [INFO] PluginManage:359 - Loaded plugin tools (category:base,tabindex:7)
2025-01-12 19:49:26,619 [INFO] PluginManage:310 - Check plugin tutovideos
2025-01-12 19:49:26,943 [INFO] PluginManage:359 - Loaded plugin tutovideos (category:base,tabindex:-1)
2025-01-12 19:49:26,944 [INFO] PluginManage:310 - Check plugin updater
2025-01-12 19:49:26,976 [INFO] PluginManage:359 - Loaded plugin updater (category:base,tabindex:12)
2025-01-12 19:49:26,977 [INFO] PluginManage:310 - Check plugin userauth
2025-01-12 19:49:26,982 [INFO] UserAuth:118 - Init User Auth plugin
2025-01-12 19:49:26,983 [INFO] PluginManage:359 - Loaded plugin userauth (category:base,tabindex:14)
2025-01-12 19:49:26,984 [INFO] PluginManage:283 - PluginManage : Loaded plugins [18]
2025-01-12 19:49:27,341 [INFO] PinOutPanel:1589 - setPackage(No Configuration,No Configuration)
2025-01-12 19:49:27,456 [INFO] CADModel:165 - CPN selected for project level
2025-01-12 19:49:27,457 [INFO] CADModel:114 - Register for checkConnection events
2025-01-12 19:49:27,508 [INFO] IPUIPlugin:80 - create IPUIPlugin
2025-01-12 19:49:27,509 [INFO] PluginManager:220 - loadIPPluginJar : add adc
2025-01-12 19:49:27,588 [INFO] IPUIPlugin:80 - create IPUIPlugin
2025-01-12 19:49:27,588 [INFO] PluginManager:220 - loadIPPluginJar : add aes
2025-01-12 19:49:27,668 [INFO] IPUIPlugin:80 - create IPUIPlugin
2025-01-12 19:49:27,668 [INFO] PluginManager:220 - loadIPPluginJar : add can
2025-01-12 19:49:27,718 [INFO] IPUIPlugin:80 - create IPUIPlugin
2025-01-12 19:49:27,718 [INFO] PluginManager:220 - loadIPPluginJar : add comp
2025-01-12 19:49:27,783 [INFO] IPUIPlugin:80 - create IPUIPlugin
2025-01-12 19:49:27,783 [INFO] PluginManager:220 - loadIPPluginJar : add cryp
2025-01-12 19:49:27,803 [INFO] IPUIPlugin:80 - create IPUIPlugin
2025-01-12 19:49:27,803 [INFO] PluginManager:220 - loadIPPluginJar : add ddr_ctrl_phy
2025-01-12 19:49:27,857 [INFO] IPUIPlugin:80 - create IPUIPlugin
2025-01-12 19:49:27,857 [INFO] PluginManager:220 - loadIPPluginJar : add dfsdm
2025-01-12 19:49:27,879 [INFO] IPUIPlugin:80 - create IPUIPlugin
2025-01-12 19:49:27,880 [INFO] PluginManager:220 - loadIPPluginJar : add dma
2025-01-12 19:49:27,945 [INFO] IPUIPlugin:80 - create IPUIPlugin
2025-01-12 19:49:27,945 [INFO] PluginManager:220 - loadIPPluginJar : add dma3
2025-01-12 19:49:28,065 [INFO] IPUIPlugin:80 - create IPUIPlugin
2025-01-12 19:49:28,066 [INFO] PluginManager:220 - loadIPPluginJar : add extmemmanager
2025-01-12 19:49:28,112 [INFO] IPUIPlugin:80 - create IPUIPlugin
2025-01-12 19:49:28,113 [INFO] PluginManager:220 - loadIPPluginJar : add fatfs
2025-01-12 19:49:28,221 [INFO] IPUIPlugin:80 - create IPUIPlugin
2025-01-12 19:49:28,221 [INFO] PluginManager:220 - loadIPPluginJar : add fmc
2025-01-12 19:49:28,282 [INFO] IPUIPlugin:80 - create IPUIPlugin
2025-01-12 19:49:28,282 [INFO] PluginManager:220 - loadIPPluginJar : add freertos
2025-01-12 19:49:28,331 [INFO] IPUIPlugin:80 - create IPUIPlugin
2025-01-12 19:49:28,332 [INFO] PluginManager:220 - loadIPPluginJar : add genericplugin
2025-01-12 19:49:28,515 [INFO] IPUIPlugin:80 - create IPUIPlugin
2025-01-12 19:49:28,515 [INFO] PluginManager:220 - loadIPPluginJar : add gfxmmu
2025-01-12 19:49:28,721 [INFO] IPUIPlugin:80 - create IPUIPlugin
2025-01-12 19:49:28,721 [INFO] PluginManager:220 - loadIPPluginJar : add gic
2025-01-12 19:49:28,741 [INFO] IPUIPlugin:80 - create IPUIPlugin
2025-01-12 19:49:28,742 [INFO] PluginManager:220 - loadIPPluginJar : add gpio
2025-01-12 19:49:28,902 [INFO] IPUIPlugin:80 - create IPUIPlugin
2025-01-12 19:49:28,903 [INFO] PluginManager:220 - loadIPPluginJar : add gtzc
2025-01-12 19:49:28,964 [INFO] IPUIPlugin:80 - create IPUIPlugin
2025-01-12 19:49:28,964 [INFO] PluginManager:220 - loadIPPluginJar : add hash
2025-01-12 19:49:29,057 [INFO] IPUIPlugin:80 - create IPUIPlugin
2025-01-12 19:49:29,058 [INFO] PluginManager:220 - loadIPPluginJar : add i2c
2025-01-12 19:49:29,142 [INFO] IPUIPlugin:80 - create IPUIPlugin
2025-01-12 19:49:29,142 [INFO] PluginManager:220 - loadIPPluginJar : add i2s
2025-01-12 19:49:29,223 [INFO] IPUIPlugin:80 - create IPUIPlugin
2025-01-12 19:49:29,223 [INFO] PluginManager:220 - loadIPPluginJar : add i3c
2025-01-12 19:49:29,407 [INFO] IPUIPlugin:80 - create IPUIPlugin
2025-01-12 19:49:29,408 [INFO] PluginManager:220 - loadIPPluginJar : add ipddr
2025-01-12 19:49:29,535 [INFO] ThirdPartyUpdaterWithRetryManager:70 - Updater plugin not ready yet. [2/15]
2025-01-12 19:49:29,545 [INFO] IPUIPlugin:80 - create IPUIPlugin
2025-01-12 19:49:29,546 [INFO] PluginManager:220 - loadIPPluginJar : add linkedlist
2025-01-12 19:49:29,601 [INFO] IPUIPlugin:80 - create IPUIPlugin
2025-01-12 19:49:29,601 [INFO] PluginManager:220 - loadIPPluginJar : add lorawan
2025-01-12 19:49:29,660 [INFO] IPUIPlugin:80 - create IPUIPlugin
2025-01-12 19:49:29,660 [INFO] PluginManager:220 - loadIPPluginJar : add ltdc
2025-01-12 19:49:29,681 [INFO] IPUIPlugin:80 - create IPUIPlugin
2025-01-12 19:49:29,681 [INFO] PluginManager:220 - loadIPPluginJar : add mdma
2025-01-12 19:49:29,698 [INFO] IPUIPlugin:80 - create IPUIPlugin
2025-01-12 19:49:29,698 [INFO] PluginManager:220 - loadIPPluginJar : add nvic
2025-01-12 19:49:29,759 [INFO] IPUIPlugin:80 - create IPUIPlugin
2025-01-12 19:49:29,759 [INFO] PluginManager:220 - loadIPPluginJar : add opamp
2025-01-12 19:49:29,868 [INFO] IPUIPlugin:80 - create IPUIPlugin
2025-01-12 19:49:29,869 [INFO] PluginManager:220 - loadIPPluginJar : add openamp
2025-01-12 19:49:29,947 [INFO] IPUIPlugin:80 - create IPUIPlugin
2025-01-12 19:49:29,947 [INFO] PluginManager:220 - loadIPPluginJar : add pdm2pcm
2025-01-12 19:49:29,968 [INFO] IPUIPlugin:80 - create IPUIPlugin
2025-01-12 19:49:29,970 [INFO] PluginManager:220 - loadIPPluginJar : add plateformsettings
2025-01-12 19:49:30,007 [INFO] IPUIPlugin:80 - create IPUIPlugin
2025-01-12 19:49:30,007 [INFO] PluginManager:220 - loadIPPluginJar : add quadspi
2025-01-12 19:49:30,052 [INFO] IPUIPlugin:80 - create IPUIPlugin
2025-01-12 19:49:30,053 [INFO] PluginManager:220 - loadIPPluginJar : add radio
2025-01-12 19:49:30,073 [INFO] IPUIPlugin:80 - create IPUIPlugin
2025-01-12 19:49:30,073 [INFO] PluginManager:220 - loadIPPluginJar : add resmgrutility
2025-01-12 19:49:30,156 [INFO] IPUIPlugin:80 - create IPUIPlugin
2025-01-12 19:49:30,156 [INFO] PluginManager:220 - loadIPPluginJar : add sai
2025-01-12 19:49:30,219 [INFO] IPUIPlugin:80 - create IPUIPlugin
2025-01-12 19:49:30,219 [INFO] PluginManager:220 - loadIPPluginJar : add spi
2025-01-12 19:49:30,331 [INFO] IPUIPlugin:80 - create IPUIPlugin
2025-01-12 19:49:30,331 [INFO] PluginManager:220 - loadIPPluginJar : add stm32_wpan
2025-01-12 19:49:30,372 [INFO] IPUIPlugin:80 - create IPUIPlugin
2025-01-12 19:49:30,372 [INFO] PluginManager:220 - loadIPPluginJar : add tim
2025-01-12 19:49:30,460 [INFO] IPUIPlugin:80 - create IPUIPlugin
2025-01-12 19:49:30,460 [INFO] PluginManager:220 - loadIPPluginJar : add touchsensing
2025-01-12 19:49:30,495 [INFO] IPUIPlugin:80 - create IPUIPlugin
2025-01-12 19:49:30,495 [INFO] PluginManager:220 - loadIPPluginJar : add tracer_emb
2025-01-12 19:49:30,540 [INFO] IPUIPlugin:80 - create IPUIPlugin
2025-01-12 19:49:30,540 [INFO] PluginManager:220 - loadIPPluginJar : add ts
2025-01-12 19:49:30,580 [INFO] IPUIPlugin:80 - create IPUIPlugin
2025-01-12 19:49:30,580 [INFO] PluginManager:220 - loadIPPluginJar : add tsc
2025-01-12 19:49:30,617 [INFO] IPUIPlugin:80 - create IPUIPlugin
2025-01-12 19:49:30,618 [INFO] PluginManager:220 - loadIPPluginJar : add ucpd
2025-01-12 19:49:30,691 [INFO] IPUIPlugin:80 - create IPUIPlugin
2025-01-12 19:49:30,692 [INFO] PluginManager:220 - loadIPPluginJar : add usart
2025-01-12 19:49:30,764 [INFO] IPUIPlugin:80 - create IPUIPlugin
2025-01-12 19:49:30,764 [INFO] PluginManager:220 - loadIPPluginJar : add usbx
2025-01-12 19:49:30,886 [FATAL] Updater:351 - Updater called before beeing initialized
2025-01-12 19:49:30,916 [INFO] RulesReader:64 - Compatibility file has been processed (297 Rules)
2025-01-12 19:49:30,930 [INFO] RulesReader:64 - Compatibility file has been processed (297 Rules)
2025-01-12 19:49:30,948 [INFO] CADModel:165 - CPN selected for project level
2025-01-12 19:49:30,948 [INFO] CADModel:114 - Register for checkConnection events
2025-01-12 19:49:30,948 [FATAL] Updater:351 - Updater called before beeing initialized
2025-01-12 19:49:30,948 [ERROR] CADModel:125 - Updater not yet initialized, retry later 
2025-01-12 19:49:31,192 [FATAL] Updater:351 - Updater called before beeing initialized
2025-01-12 19:49:31,196 [INFO] CADModel:165 - CPN selected for project level
2025-01-12 19:49:31,196 [INFO] CADModel:114 - Register for checkConnection events
2025-01-12 19:49:31,196 [FATAL] Updater:351 - Updater called before beeing initialized
2025-01-12 19:49:31,196 [ERROR] CADModel:125 - Updater not yet initialized, retry later 
2025-01-12 19:49:31,201 [FATAL] Updater:351 - Updater called before beeing initialized
2025-01-12 19:49:31,398 [FATAL] Updater:351 - Updater called before beeing initialized
2025-01-12 19:49:31,413 [INFO] DbMcusAds:53 - JSON generation date=Tue Dec 17 22:01:15 BDT 2024 (1734451275222)
2025-01-12 19:49:31,414 [FATAL] Updater:351 - Updater called before beeing initialized
2025-01-12 19:49:31,478 [WARN] DetailPanel:346 - Failed to get advertising image, set to default
2025-01-12 19:49:31,985 [FATAL] Updater:351 - Updater called before beeing initialized
2025-01-12 19:49:31,989 [FATAL] Updater:351 - Updater called before beeing initialized
2025-01-12 19:49:31,989 [FATAL] Updater:351 - Updater called before beeing initialized
2025-01-12 19:49:31,989 [WARN] DetailPanel:346 - Failed to get advertising image, set to default
2025-01-12 19:49:31,991 [FATAL] Updater:351 - Updater called before beeing initialized
2025-01-12 19:49:32,081 [ERROR] Updater:1198 - MainUpdater not yet initialized. External WinMGr cannot be set.
2025-01-12 19:49:32,096 [INFO] Updater:1134 - Updater Version found : 6.13.0
2025-01-12 19:49:32,124 [INFO] ApplicationProperties:184 - Using Application install path: C:\ST\STM32CubeIDE_1.16.1\STM32CubeIDE\plugins\com.st.stm32cube.common.mx_6.13.0.202411220809
2025-01-12 19:49:32,537 [INFO] ThirdPartyUpdaterWithRetryManager:70 - Updater plugin not ready yet. [3/15]
2025-01-12 19:49:33,710 [ERROR] LogOutputStream:75 - [STDERR_REDIRECT] Jan 12, 2025 7:49:33 PM java.util.prefs.WindowsPreferences <init>
2025-01-12 19:49:33,712 [ERROR] LogOutputStream:75 - [STDERR_REDIRECT] WARNING: Could not open/create prefs root node Software\JavaSoft\Prefs at root 0xffffffff80000002. Windows RegCreateKeyEx(...) returned error code 5.
2025-01-12 19:49:33,712 [ERROR] LogOutputStream:75 - [STDERR_REDIRECT] 
2025-01-12 19:49:34,962 [INFO] MainUpdater:2872 - connection check result : 10
2025-01-12 19:49:34,962 [INFO] MainUpdater:3566 - Updater definition file requires update
2025-01-12 19:49:34,963 [INFO] MainUpdater:289 - Updater Check For Update Now.
2025-01-12 19:49:34,964 [INFO] MicroXplorer:498 - Change Database Version : DB.6.0.130
2025-01-12 19:49:34,989 [INFO] McuFinderGlobals:63 - Set McuFinder mode to 2 (CubeIDE integrated)
2025-01-12 19:49:34,989 [INFO] UserAuth:171 - activating auth plugin
2025-01-12 19:49:34,994 [INFO] UserAuth:486 - Internet connection configuration mode: 1
2025-01-12 19:49:35,035 [INFO] JxBrowserEngine:152 - Initiate JxBrowser Engine with user profile folder
2025-01-12 19:49:35,402 [INFO] ServerAccessManage:473 - Download File updaters.zip
2025-01-12 19:49:35,538 [WARN] MainUpdater:1193 - Updater busy. Cannot search thirdparties
2025-01-12 19:49:35,538 [INFO] ThirdPartyUpdaterWithRetryManager:96 - Updater plugin is busy. [1/15]
2025-01-12 19:49:35,653 [INFO] FileExtend:240 - Unzip File : updaters.zip
2025-01-12 19:49:35,654 [INFO] FileExtend:255 - Standard Zip Deflate
2025-01-12 19:49:37,687 [INFO] ServerAccessManage:473 - Download File PacksControlFlags.xml
2025-01-12 19:49:38,367 [INFO] ServerAccessManage:473 - Download File cubemx.pidx
2025-01-12 19:49:38,560 [WARN] MainUpdater:1193 - Updater busy. Cannot search thirdparties
2025-01-12 19:49:38,560 [INFO] ThirdPartyUpdaterWithRetryManager:96 - Updater plugin is busy. [2/15]
2025-01-12 19:49:39,760 [INFO] WebApp:168 - Instantiating new browser for Auth
2025-01-12 19:49:41,134 [INFO] ServerAccessManage:473 - Download File STMicroelectronics.X-CUBE-IPS.pdsc
2025-01-12 19:49:41,564 [WARN] MainUpdater:1193 - Updater busy. Cannot search thirdparties
2025-01-12 19:49:41,565 [INFO] ThirdPartyUpdaterWithRetryManager:96 - Updater plugin is busy. [3/15]
2025-01-12 19:49:43,087 [INFO] WebApp:449 - Apply proxy settings
2025-01-12 19:49:43,088 [INFO] WebApp:534 - Chromium requires no authentication
2025-01-12 19:49:43,124 [INFO] WebApp:477 - Direct internet connection detected
2025-01-12 19:49:43,280 [INFO] WebApp:880 - Register for checkConnection events
2025-01-12 19:49:43,281 [INFO] WebApp:449 - Apply proxy settings
2025-01-12 19:49:43,281 [INFO] WebApp:534 - Chromium requires no authentication
2025-01-12 19:49:43,283 [INFO] WebApp:477 - Direct internet connection detected
2025-01-12 19:49:44,307 [INFO] WebApp:221 - Starting web application
2025-01-12 19:49:44,307 [INFO] WebApp:579 - Web application path used C:\ST\STM32CubeIDE_1.16.1\STM32CubeIDE\plugins\com.st.stm32cube.common.mx_6.13.0.202411220809\db\plugins\mcufinder\reactClient1\index.html
2025-01-12 19:49:44,584 [WARN] MainUpdater:1193 - Updater busy. Cannot search thirdparties
2025-01-12 19:49:44,584 [INFO] ThirdPartyUpdaterWithRetryManager:96 - Updater plugin is busy. [4/15]
2025-01-12 19:49:44,817 [INFO] WebApp:187 - Connection restablished
2025-01-12 19:49:44,911 [INFO] ServerAccessManage:473 - Download File STMicroelectronics.X-CUBE-TOUCHGFX.pdsc
2025-01-12 19:49:47,586 [WARN] MainUpdater:1193 - Updater busy. Cannot search thirdparties
2025-01-12 19:49:47,586 [INFO] ThirdPartyUpdaterWithRetryManager:96 - Updater plugin is busy. [5/15]
2025-01-12 19:49:50,588 [WARN] MainUpdater:1193 - Updater busy. Cannot search thirdparties
2025-01-12 19:49:50,588 [INFO] ThirdPartyUpdaterWithRetryManager:96 - Updater plugin is busy. [6/15]
2025-01-12 19:49:53,589 [WARN] MainUpdater:1193 - Updater busy. Cannot search thirdparties
2025-01-12 19:49:53,589 [INFO] ThirdPartyUpdaterWithRetryManager:96 - Updater plugin is busy. [7/15]
2025-01-12 19:49:56,590 [WARN] MainUpdater:1193 - Updater busy. Cannot search thirdparties
2025-01-12 19:49:56,590 [INFO] ThirdPartyUpdaterWithRetryManager:96 - Updater plugin is busy. [8/15]
2025-01-12 19:49:59,591 [WARN] MainUpdater:1193 - Updater busy. Cannot search thirdparties
2025-01-12 19:49:59,592 [INFO] ThirdPartyUpdaterWithRetryManager:96 - Updater plugin is busy. [9/15]
2025-01-12 19:50:02,593 [WARN] MainUpdater:1193 - Updater busy. Cannot search thirdparties
2025-01-12 19:50:02,593 [INFO] ThirdPartyUpdaterWithRetryManager:96 - Updater plugin is busy. [10/15]
2025-01-12 19:50:05,595 [WARN] MainUpdater:1193 - Updater busy. Cannot search thirdparties
2025-01-12 19:50:05,595 [INFO] ThirdPartyUpdaterWithRetryManager:96 - Updater plugin is busy. [11/15]
2025-01-12 19:50:08,596 [WARN] MainUpdater:1193 - Updater busy. Cannot search thirdparties
2025-01-12 19:50:08,596 [INFO] ThirdPartyUpdaterWithRetryManager:96 - Updater plugin is busy. [12/15]
2025-01-12 19:50:11,597 [WARN] MainUpdater:1193 - Updater busy. Cannot search thirdparties
2025-01-12 19:50:11,597 [INFO] ThirdPartyUpdaterWithRetryManager:96 - Updater plugin is busy. [13/15]
2025-01-12 19:50:13,124 [WARN] PackLoader:240 - Cannot read IP mode file for STMicroelectronics.X-CUBE-IPS.3.1.0
2025-01-12 19:50:13,177 [WARN] PackLoader:240 - Cannot read IP mode file for STMicroelectronics.X-CUBE-TOUCHGFX.4.24.2
2025-01-12 19:50:13,179 [INFO] PopulateThirdPartyThread:66 - Ending populate Thread
2025-01-12 19:50:13,182 [INFO] ThirdParty:1030 - CMSIS Pack Vendor :STMicroelectronics X-CUBE-IPS 3.1.0
2025-01-12 19:50:13,182 [INFO] ThirdParty:1030 - CMSIS Pack Vendor :STMicroelectronics X-CUBE-TOUCHGFX 4.24.2
2025-01-12 19:50:13,183 [INFO] LoadServerUpdatesThread:375 - End of LoadServerUpdate Thread
2025-01-12 19:50:13,397 [INFO] CheckServerUpdateThread:120 - End of CheckServer Thread
2025-01-12 19:50:14,822 [WARN] PackLoader:240 - Cannot read IP mode file for STMicroelectronics.FP-SNS-MOTENVWB1.1.4.0
2025-01-12 19:50:14,831 [WARN] PackLoader:240 - Cannot read IP mode file for STMicroelectronics.FP-ATR-ASTRA1.2.0.1
2025-01-12 19:50:14,857 [WARN] PackLoader:240 - Cannot read IP mode file for STMicroelectronics.X-CUBE-SMBUS.2.1.0
2025-01-12 19:50:14,886 [WARN] PackLoader:240 - Cannot read IP mode file for STMicroelectronics.X-CUBE-WB05N.1.1.0
2025-01-12 19:50:14,993 [WARN] PackLoader:240 - Cannot read IP mode file for STMicroelectronics.X-CUBE-AZRTOS-F7.1.1.0
2025-01-12 19:50:15,184 [WARN] PackLoader:240 - Cannot read IP mode file for STMicroelectronics.X-CUBE-MEMS1.11.0.0
2025-01-12 19:50:15,609 [WARN] PackLoader:240 - Cannot read IP mode file for STMicroelectronics.FP-SNS-FLIGHT1.5.0.2
2025-01-12 19:50:15,654 [WARN] PackLoader:240 - Cannot read IP mode file for STMicroelectronics.X-CUBE-DISPLAY.3.0.0
2025-01-12 19:50:15,697 [WARN] PackLoader:240 - Cannot read IP mode file for STMicroelectronics.X-CUBE-BLE1.7.0.0
2025-01-12 19:50:15,734 [WARN] PackLoader:240 - Cannot read IP mode file for STMicroelectronics.X-CUBE-NFC10.1.0.0
2025-01-12 19:50:15,781 [WARN] PackLoader:240 - Cannot read IP mode file for STMicroelectronics.X-CUBE-BLEMGR.4.0.0
2025-01-12 19:50:15,810 [WARN] PackLoader:240 - Cannot read IP mode file for emotas.I-CUBE-CANOPEN.1.3.0
2025-01-12 19:50:15,839 [WARN] PackLoader:240 - Cannot read IP mode file for STMicroelectronics.X-CUBE-BLEMGR.3.1.0
2025-01-12 19:50:15,862 [WARN] PackLoader:240 - Cannot read IP mode file for STMicroelectronics.FP-SNS-SMARTAG2.1.2.0
2025-01-12 19:50:15,971 [WARN] PackLoader:240 - Cannot read IP mode file for STMicroelectronics.X-CUBE-MEMS1.11.1.0
2025-01-12 19:50:16,276 [INFO] LogOutputStream:77 - [STDOUT_REDIRECT] 1 : Invalid condition id : UX_CORESTACK_Condition cause : null
2025-01-12 19:50:16,277 [INFO] LogOutputStream:77 - [STDOUT_REDIRECT] 1 : Invalid condition id : UX_CORESTACK_Condition cause : null
2025-01-12 19:50:16,280 [INFO] LogOutputStream:77 - [STDOUT_REDIRECT] 1 : Invalid condition id : UX_CORESTACK_Condition cause : null
2025-01-12 19:50:16,283 [INFO] LogOutputStream:77 - [STDOUT_REDIRECT] 1 : Invalid condition id : UX_CORESTACK_Condition cause : null
2025-01-12 19:50:16,286 [INFO] LogOutputStream:77 - [STDOUT_REDIRECT] 1 : Invalid condition id : UX_CORESTACK_Condition cause : null
2025-01-12 19:50:16,291 [WARN] PackLoader:240 - Cannot read IP mode file for STMicroelectronics.X-CUBE-AZRTOS-WL.2.0.0
2025-01-12 19:50:16,320 [WARN] PackLoader:240 - Cannot read IP mode file for STMicroelectronics.FP-SNS-MOTENV1.5.0.0
2025-01-12 19:50:16,328 [WARN] PackLoader:240 - Cannot read IP mode file for wolfSSL.I-CUBE-wolfMQTT.1.19.0
2025-01-12 19:50:16,350 [WARN] PackLoader:240 - Cannot read IP mode file for WES.I-CUBE-Cesium.1.3.0
2025-01-12 19:50:16,376 [WARN] PackLoader:240 - Cannot read IP mode file for STMicroelectronics.X-CUBE-BLE2.3.3.0
2025-01-12 19:50:16,402 [WARN] PackLoader:240 - Cannot read IP mode file for STMicroelectronics.X-CUBE-NFC9.1.0.0
2025-01-12 19:50:16,428 [WARN] PackLoader:240 - Cannot read IP mode file for STMicroelectronics.X-CUBE-TCPP.4.1.0
2025-01-12 19:50:16,478 [WARN] PackLoader:240 - Cannot read IP mode file for STMicroelectronics.X-CUBE-AZRTOS-G0.1.1.0
2025-01-12 19:50:16,514 [WARN] PackLoader:240 - Cannot read IP mode file for STMicroelectronics.X-CUBE-SAFEA1.1.2.2
2025-01-12 19:50:16,548 [WARN] PackLoader:240 - Cannot read IP mode file for STMicroelectronics.X-CUBE-NFC4.3.0.0
2025-01-12 19:50:16,585 [WARN] PackLoader:240 - Cannot read IP mode file for EmbeddedOffice.I-CUBE-FS-RTOS.1.0.1
2025-01-12 19:50:16,614 [WARN] PackLoader:240 - Cannot read IP mode file for STMicroelectronics.X-CUBE-TCPP.4.2.0
2025-01-12 19:50:16,642 [WARN] PackLoader:240 - Cannot read IP mode file for RealThread.X-CUBE-RT-Thread_Nano.4.1.1
2025-01-12 19:50:16,651 [WARN] PackLoader:240 - Cannot read IP mode file for STMicroelectronics.FP-ATR-SIGFOX1.3.2.0
2025-01-12 19:50:16,674 [WARN] PackLoader:240 - Cannot read IP mode file for wolfSSL.I-CUBE-wolfSSL.5.7.2
2025-01-12 19:50:16,682 [WARN] ConditionMgr:438 - getConditionDescription Invalid condition id : Cortex-A Device cause : null
2025-01-12 19:50:16,725 [WARN] ConditionMgr:1044 - genDependencies : Invalid condition id : Cortex-A Device cause : null
2025-01-12 19:50:16,725 [WARN] ConditionMgr:1044 - genDependencies : Invalid condition id : Cortex-A Device cause : null
2025-01-12 19:50:16,726 [WARN] ConditionMgr:1044 - genDependencies : Invalid condition id : Cortex-A Device cause : null
2025-01-12 19:50:16,758 [WARN] PackLoader:240 - Cannot read IP mode file for STMicroelectronics.X-CUBE-EEPRMA1.5.1.0
2025-01-12 19:50:16,788 [WARN] PackLoader:240 - Cannot read IP mode file for ITTIA_DB.I-CUBE-ITTIADB.8.9.0
2025-01-12 19:50:16,843 [WARN] PackLoader:240 - Cannot read IP mode file for SEGGER.I-CUBE-embOS.1.3.1
2025-01-12 19:50:16,899 [WARN] PackLoader:240 - Cannot read IP mode file for STMicroelectronics.X-CUBE-ALGOBUILD.1.4.0
2025-01-12 19:50:16,923 [WARN] PackLoader:240 - Cannot read IP mode file for STMicroelectronics.X-CUBE-AI.9.1.0
2025-01-12 19:50:16,963 [WARN] PackLoader:240 - Cannot read IP mode file for STMicroelectronics.X-CUBE-AZRTOS-F4.1.1.0
2025-01-12 19:50:16,987 [WARN] PackLoader:240 - Cannot read IP mode file for STMicroelectronics.X-CUBE-ISPU.2.1.0
2025-01-12 19:50:17,007 [WARN] PackLoader:240 - Cannot read IP mode file for STMicroelectronics.X-CUBE-FREERTOS.1.2.0
2025-01-12 19:50:17,053 [WARN] PackLoader:240 - Cannot read IP mode file for STMicroelectronics.X-CUBE-AZRTOS-L5.2.0.0
2025-01-12 19:50:17,087 [WARN] PackLoader:240 - Cannot read IP mode file for STMicroelectronics.X-CUBE-NFC6.3.1.0
2025-01-12 19:50:17,112 [WARN] PackLoader:240 - Cannot read IP mode file for STMicroelectronics.X-CUBE-DPower.1.2.0
2025-01-12 19:50:17,131 [WARN] PackLoader:240 - Cannot read IP mode file for STMicroelectronics.X-CUBE-FREERTOS.1.3.0
2025-01-12 19:50:17,152 [WARN] PackLoader:240 - Cannot read IP mode file for STMicroelectronics.X-CUBE-NFC7.1.0.1
2025-01-12 19:50:17,199 [WARN] ConditionMgr:438 - getConditionDescription Invalid condition id : LAN8742 Phy interface Condition cause : null
2025-01-12 19:50:17,200 [WARN] PackLoader:240 - Cannot read IP mode file for STMicroelectronics.X-CUBE-AZRTOS-L4.2.0.0
2025-01-12 19:50:17,202 [WARN] ConditionMgr:1044 - genDependencies : Invalid condition id : LAN8742 Phy interface Condition cause : null
2025-01-12 19:50:17,202 [WARN] ConditionMgr:1044 - genDependencies : Invalid condition id : LAN8742 Phy interface Condition cause : null
2025-01-12 19:50:17,203 [WARN] ConditionMgr:1044 - genDependencies : Invalid condition id : LAN8742 Phy interface Condition cause : null
2025-01-12 19:50:17,230 [WARN] PackLoader:240 - Cannot read IP mode file for STMicroelectronics.X-CUBE-SFXS2LP1.4.0.0
2025-01-12 19:50:17,287 [WARN] PackLoader:240 - Cannot read IP mode file for STMicroelectronics.X-CUBE-AZRTOS-H7.3.3.0
2025-01-12 19:50:17,327 [WARN] PackLoader:240 - Cannot read IP mode file for STMicroelectronics.X-CUBE-IPS.3.0.0
2025-01-12 19:50:17,363 [WARN] ConditionMgr:438 - getConditionDescription Invalid condition id : UX DEVICE CLASS RTOS Condition cause : null
2025-01-12 19:50:17,364 [WARN] ConditionMgr:438 - getConditionDescription Invalid condition id : UX DEVICE CLASS RTOS Condition cause : null
2025-01-12 19:50:17,367 [WARN] PackLoader:240 - Cannot read IP mode file for STMicroelectronics.X-CUBE-AZRTOS-WB.2.0.0
2025-01-12 19:50:17,368 [WARN] ConditionMgr:1044 - genDependencies : Invalid condition id : UX DEVICE CLASS RTOS Condition cause : null
2025-01-12 19:50:17,369 [WARN] ConditionMgr:1044 - genDependencies : Invalid condition id : UX DEVICE CLASS RTOS Condition cause : null
2025-01-12 19:50:17,370 [WARN] ConditionMgr:1044 - genDependencies : Invalid condition id : UX DEVICE CLASS RTOS Condition cause : null
2025-01-12 19:50:17,370 [WARN] ConditionMgr:1044 - genDependencies : Invalid condition id : UX DEVICE CLASS RTOS Condition cause : null
2025-01-12 19:50:17,370 [WARN] ConditionMgr:1044 - genDependencies : Invalid condition id : UX DEVICE CLASS RTOS Condition cause : null
2025-01-12 19:50:17,394 [WARN] PackLoader:240 - Cannot read IP mode file for STMicroelectronics.X-CUBE-GNSS1.7.0.0
2025-01-12 19:50:17,421 [WARN] PackLoader:240 - Cannot read IP mode file for STMicroelectronics.X-CUBE-GNSS1.7.0.1
2025-01-12 19:50:17,445 [WARN] PackLoader:240 - Cannot read IP mode file for STMicroelectronics.FP-SNS-STBOX1.2.0.0
2025-01-12 19:50:17,477 [WARN] PackLoader:240 - Cannot read IP mode file for STMicroelectronics.X-CUBE-SUBG2.5.0.0
2025-01-12 19:50:17,491 [WARN] PackLoader:240 - Cannot read IP mode file for Cesanta.I-CUBE-Mongoose.7.13.0
2025-01-12 19:50:17,531 [WARN] PackLoader:240 - Cannot read IP mode file for STMicroelectronics.X-CUBE-AZRTOS-G4.2.0.0
2025-01-12 19:50:17,546 [WARN] PackLoader:240 - Cannot read IP mode file for STMicroelectronics.X-CUBE-IPS.3.1.0
2025-01-12 19:50:17,575 [WARN] PackLoader:240 - Cannot read IP mode file for STMicroelectronics.X-CUBE-ALS.1.0.2
2025-01-12 19:50:17,581 [WARN] PackLoader:240 - Cannot read IP mode file for STMicroelectronics.X-CUBE-TOUCHGFX.4.24.2
2025-01-12 19:50:17,605 [WARN] PackLoader:240 - Cannot read IP mode file for STMicroelectronics.X-CUBE-TOUCHGFX.4.24.1
2025-01-12 19:50:17,611 [WARN] PackLoader:240 - Cannot read IP mode file for wolfSSL.I-CUBE-wolfTPM.3.4.0
2025-01-12 19:50:17,640 [WARN] PackLoader:240 - Cannot read IP mode file for portGmbH.I-Cube-SoM-uGOAL.1.1.0
2025-01-12 19:50:17,685 [WARN] PackLoader:240 - Cannot read IP mode file for STMicroelectronics.X-CUBE-AZRTOS-H7RS.1.0.0
2025-01-12 19:50:17,710 [WARN] PackLoader:240 - Cannot read IP mode file for STMicroelectronics.FP-ATR-ASTRA1.2.0.0
2025-01-12 19:50:17,743 [WARN] PackLoader:240 - Cannot read IP mode file for STMicroelectronics.X-CUBE-TOF1.3.4.2
2025-01-12 19:50:17,796 [WARN] PackLoader:240 - Cannot read IP mode file for Infineon.AIROC-Wi-Fi-Bluetooth-STM32.1.6.1
2025-01-12 19:50:17,805 [WARN] PackLoader:240 - Cannot read IP mode file for wolfSSL.I-CUBE-wolfSSH.1.4.17
2025-01-12 19:50:17,805 [INFO] ThirdParty:978 - Integrity check success = true
2025-01-12 19:50:17,805 [INFO] IntegrityCheckThread:100 - exiting critical section [integrity check]
2025-01-12 19:50:17,805 [INFO] IntegrityCheckThread:103 - End integrity checks thread
2025-01-12 21:48:18,626 [ERROR] LogOutputStream:75 - [STDERR_REDIRECT] 
2025-01-12 21:48:18,626 [ERROR] LogOutputStream:75 - [STDERR_REDIRECT] 
