2025-04-10 23:08:05,188 [INFO] Activator:176 - 


2025-04-10 23:08:05,194 [INFO] Activator:177 - !SESSION log4j initialized
2025-04-10 23:08:14,145 [ERROR] LogOutputStream:75 - [STDERR_REDIRECT] Apr 10, 2025 11:08:14 PM org.apache.lucene.internal.vectorization.VectorizationProvider lookup
2025-04-10 23:08:14,145 [ERROR] LogOutputStream:75 - [STDERR_REDIRECT] WARNING: Java vector incubator module is not readable. For optimal vector performance, pass '--add-modules jdk.incubator.vector' to enable Vector API.
2025-04-10 23:08:14,145 [ERROR] LogOutputStream:75 - [STDERR_REDIRECT] 
2025-04-10 23:08:17,429 [INFO] LogOutputStream:77 - [STDOUT_REDIRECT] 
2025-04-10 23:08:27,893 [INFO] ApplicationProperties:184 - Using Application install path: C:\ST\STM32CubeIDE_1.16.1\STM32CubeIDE\plugins\com.st.stm32cube.common.mx_6.14.0.202502271554
2025-04-10 23:08:27,924 [INFO] DbMcusXml:78 - Set database path to: C:\ST\STM32CubeIDE_1.16.1\STM32CubeIDE\plugins\com.st.stm32cube.common.mx_6.14.0.202502271554\\db\/mcu/
2025-04-10 23:08:27,924 [INFO] ApiDb:274 - Set plugin database path to: C:\ST\STM32CubeIDE_1.16.1\STM32CubeIDE\plugins\com.st.stm32cube.common.mx_6.14.0.202502271554\\db\/plugins/boardmanager/
2025-04-10 23:08:27,925 [WARN] ApiDb:259 - Overriding images path with different value:  => C:\ST\STM32CubeIDE_1.16.1\STM32CubeIDE\plugins\com.st.stm32cube.common.mx_6.14.0.202502271554\\db\/plugins/mcufinder/images/
2025-04-10 23:08:27,938 [INFO] ApiDb:250 - Set database path to: C:\Users\Shuvro\.stmcufinder\plugins\mcufinder//mcu/
2025-04-10 23:08:27,940 [INFO] DbMcusAds:125 - Set database path to: C:\Users\Shuvro\.stmcufinder\plugins\mcufinder//mcu/
2025-04-10 23:08:28,032 [INFO] CrossReferenceDbSqlite:203 - Set database path to: C:\Users\Shuvro\.stmcufinder\plugins\mcufinder//mcu/cs/
2025-04-10 23:08:28,188 [INFO] RulesReader:64 - Compatibility file has been processed (301 Rules)
2025-04-10 23:08:28,317 [INFO] DbMcusXml:78 - Set database path to: C:\ST\STM32CubeIDE_1.16.1\STM32CubeIDE\plugins\com.st.stm32cube.common.mx_6.14.0.202502271554\\db\/mcu/
2025-04-10 23:08:28,317 [INFO] ApiDb:274 - Set plugin database path to: C:\ST\STM32CubeIDE_1.16.1\STM32CubeIDE\plugins\com.st.stm32cube.common.mx_6.14.0.202502271554\\db\/plugins/boardmanager/
2025-04-10 23:08:28,317 [INFO] ApiDb:261 - Set plugin images path to: C:\ST\STM32CubeIDE_1.16.1\STM32CubeIDE\plugins\com.st.stm32cube.common.mx_6.14.0.202502271554\\db\/plugins/mcufinder/images/
2025-04-10 23:08:28,318 [WARN] DbFile:41 - Overriding database path with different value: C:\Users\Shuvro\.stmcufinder\plugins\mcufinder/ => C:\Users\Shuvro\.stmcufinder\plugins\mcufinder
2025-04-10 23:08:28,318 [INFO] ApiDb:250 - Set database path to: C:\Users\Shuvro\.stmcufinder\plugins\mcufinder//mcu/
2025-04-10 23:08:28,318 [WARN] DbFile:41 - Overriding database path with different value: C:\Users\Shuvro\.stmcufinder\plugins\mcufinder/ => C:\Users\Shuvro\.stmcufinder\plugins\mcufinder
2025-04-10 23:08:28,318 [INFO] DbMcusAds:125 - Set database path to: C:\Users\Shuvro\.stmcufinder\plugins\mcufinder//mcu/
2025-04-10 23:08:28,318 [WARN] DbFile:41 - Overriding database path with different value: C:\Users\Shuvro\.stmcufinder\plugins\mcufinder/ => C:\Users\Shuvro\.stmcufinder\plugins\mcufinder
2025-04-10 23:08:28,318 [WARN] DbFile:41 - Overriding database path with different value: C:\Users\Shuvro\.stmcufinder\plugins\mcufinder/ => C:\Users\Shuvro\.stmcufinder\plugins\mcufinder
2025-04-10 23:08:28,318 [INFO] CrossReferenceDbSqlite:203 - Set database path to: C:\Users\Shuvro\.stmcufinder\plugins\mcufinder//mcu/cs/
2025-04-10 23:08:28,437 [INFO] MainPanel:272 - HeapMemory: 268435456
2025-04-10 23:08:28,657 [INFO] DbMcusXml:78 - Set database path to: C:\ST\STM32CubeIDE_1.16.1\STM32CubeIDE\plugins\com.st.stm32cube.common.mx_6.14.0.202502271554\\db\/mcu/
2025-04-10 23:08:28,657 [INFO] ApiDb:274 - Set plugin database path to: C:\ST\STM32CubeIDE_1.16.1\STM32CubeIDE\plugins\com.st.stm32cube.common.mx_6.14.0.202502271554\\db\/plugins/boardmanager/
2025-04-10 23:08:28,657 [INFO] ApiDb:261 - Set plugin images path to: C:\ST\STM32CubeIDE_1.16.1\STM32CubeIDE\plugins\com.st.stm32cube.common.mx_6.14.0.202502271554\\db\/plugins/mcufinder/images/
2025-04-10 23:08:28,658 [WARN] DbFile:41 - Overriding database path with different value: C:\Users\Shuvro\.stmcufinder\plugins\mcufinder/ => C:\Users\Shuvro\.stmcufinder\plugins\mcufinder
2025-04-10 23:08:28,658 [INFO] ApiDb:250 - Set database path to: C:\Users\Shuvro\.stmcufinder\plugins\mcufinder//mcu/
2025-04-10 23:08:28,658 [WARN] DbFile:41 - Overriding database path with different value: C:\Users\Shuvro\.stmcufinder\plugins\mcufinder/ => C:\Users\Shuvro\.stmcufinder\plugins\mcufinder
2025-04-10 23:08:28,658 [INFO] DbMcusAds:125 - Set database path to: C:\Users\Shuvro\.stmcufinder\plugins\mcufinder//mcu/
2025-04-10 23:08:28,658 [WARN] DbFile:41 - Overriding database path with different value: C:\Users\Shuvro\.stmcufinder\plugins\mcufinder/ => C:\Users\Shuvro\.stmcufinder\plugins\mcufinder
2025-04-10 23:08:28,658 [WARN] DbFile:41 - Overriding database path with different value: C:\Users\Shuvro\.stmcufinder\plugins\mcufinder/ => C:\Users\Shuvro\.stmcufinder\plugins\mcufinder
2025-04-10 23:08:28,658 [INFO] CrossReferenceDbSqlite:203 - Set database path to: C:\Users\Shuvro\.stmcufinder\plugins\mcufinder//mcu/cs/
2025-04-10 23:08:28,683 [INFO] ApplicationProperties:184 - Using Application install path: C:\ST\STM32CubeIDE_1.16.1\STM32CubeIDE\plugins\com.st.stm32cube.common.mx_6.14.0.202502271554
2025-04-10 23:08:28,684 [INFO] PluginManage:196 - Search for loadable plugins [exclusion list=, ]
2025-04-10 23:08:28,688 [INFO] PluginManage:310 - Check plugin analytics
2025-04-10 23:08:38,389 [INFO] AnalyticsPlugin:253 - Accepted Software Licenses: 
2025-04-10 23:08:38,389 [INFO] AnalyticsPlugin:255 - Accepted CMSIS Pack Licenses: 
2025-04-10 23:08:38,389 [INFO] AnalyticsPlugin:257 - Accepted Firmware Licenses: 
2025-04-10 23:08:38,395 [INFO] PluginManage:359 - Loaded plugin analytics (category:tool,tabindex:-1)
2025-04-10 23:08:38,395 [INFO] PluginManage:310 - Check plugin cadmodel
2025-04-10 23:08:38,402 [INFO] CADModel:105 - Init CAD model plugin
2025-04-10 23:08:38,402 [INFO] PluginManage:359 - Loaded plugin cadmodel (category:power,tabindex:5)
2025-04-10 23:08:38,402 [INFO] PluginManage:310 - Check plugin clock
2025-04-10 23:08:38,413 [INFO] PluginManage:359 - Loaded plugin clock (category:base,tabindex:2)
2025-04-10 23:08:38,414 [INFO] PluginManage:310 - Check plugin ddr
2025-04-10 23:08:38,417 [INFO] PluginManage:359 - Loaded plugin ddr (category:tool,tabindex:6)
2025-04-10 23:08:38,417 [INFO] PluginManage:310 - Check plugin filemanager
2025-04-10 23:08:38,589 [INFO] PluginManage:359 - Loaded plugin filemanager (category:base,tabindex:10)
2025-04-10 23:08:38,589 [INFO] PluginManage:310 - Check plugin ipmanager
2025-04-10 23:08:38,598 [INFO] PluginManage:359 - Loaded plugin ipmanager (category:base,tabindex:5)
2025-04-10 23:08:38,598 [INFO] PluginManage:310 - Check plugin lpbam
2025-04-10 23:08:38,607 [INFO] PluginManage:359 - Loaded plugin lpbam (category:base,tabindex:0)
2025-04-10 23:08:38,607 [INFO] PluginManage:310 - Check plugin memorymap
2025-04-10 23:08:38,624 [INFO] PluginManage:359 - Loaded plugin memorymap (category:base,tabindex:4)
2025-04-10 23:08:38,624 [INFO] PluginManage:310 - Check plugin pinoutandconfiguration
2025-04-10 23:08:38,633 [INFO] PluginManage:359 - Loaded plugin pinoutandconfiguration (category:base,tabindex:1)
2025-04-10 23:08:38,633 [INFO] PluginManage:310 - Check plugin pinoutconfig
2025-04-10 23:08:38,760 [WARN] SupportedApi:132 - Cannot load RTOS API schema: s4s-elt-must-match.1: The content of 'definitions' must match (annotation?, (simpleType | complexType)?, (unique | key | keyref)*)). A problem was found starting at: attribute.
2025-04-10 23:08:38,921 [INFO] PluginManage:359 - Loaded plugin pinoutconfig (category:base,tabindex:0)
2025-04-10 23:08:38,921 [INFO] PluginManage:310 - Check plugin power
2025-04-10 23:08:38,933 [INFO] PluginManage:359 - Loaded plugin power (category:power,tabindex:4)
2025-04-10 23:08:38,933 [INFO] PluginManage:310 - Check plugin projectmanager
2025-04-10 23:08:38,951 [INFO] PluginManage:359 - Loaded plugin projectmanager (category:projectmanager,tabindex:4)
2025-04-10 23:08:38,951 [INFO] PluginManage:310 - Check plugin rif
2025-04-10 23:08:38,965 [INFO] PluginManage:359 - Loaded plugin rif (category:base,tabindex:3)
2025-04-10 23:08:38,965 [INFO] PluginManage:310 - Check plugin thirdparty
2025-04-10 23:08:39,116 [WARN] IntegrityCheckThread:84 - waiting for thirdparty lock release [integrity check]
2025-04-10 23:08:39,117 [INFO] PluginManage:359 - Loaded plugin thirdparty (category:base,tabindex:-1)
2025-04-10 23:08:39,117 [INFO] IntegrityCheckThread:86 - entering critical section [integrity check]
2025-04-10 23:08:39,117 [INFO] PluginManage:310 - Check plugin tools
2025-04-10 23:08:39,117 [INFO] ThirdPartyUpdaterWithRetryManager:70 - Updater plugin not ready yet. [1/15]
2025-04-10 23:08:39,121 [INFO] PluginManage:359 - Loaded plugin tools (category:base,tabindex:7)
2025-04-10 23:08:39,122 [INFO] PluginManage:310 - Check plugin tutovideos
2025-04-10 23:08:39,373 [INFO] PluginManage:359 - Loaded plugin tutovideos (category:base,tabindex:-1)
2025-04-10 23:08:39,373 [INFO] PluginManage:310 - Check plugin updater
2025-04-10 23:08:39,395 [INFO] PluginManage:359 - Loaded plugin updater (category:base,tabindex:12)
2025-04-10 23:08:39,395 [INFO] PluginManage:310 - Check plugin userauth
2025-04-10 23:08:39,400 [INFO] UserAuth:118 - Init User Auth plugin
2025-04-10 23:08:39,401 [INFO] PluginManage:359 - Loaded plugin userauth (category:base,tabindex:14)
2025-04-10 23:08:39,401 [INFO] PluginManage:283 - PluginManage : Loaded plugins [18]
2025-04-10 23:08:39,666 [INFO] PinOutPanel:1589 - setPackage(No Configuration,No Configuration)
2025-04-10 23:08:39,752 [INFO] CADModel:165 - CPN selected for project level
2025-04-10 23:08:39,752 [INFO] CADModel:114 - Register for checkConnection events
2025-04-10 23:08:39,772 [INFO] IPUIPlugin:80 - create IPUIPlugin
2025-04-10 23:08:39,772 [INFO] PluginManager:220 - loadIPPluginJar : add adc
2025-04-10 23:08:39,775 [INFO] IPUIPlugin:80 - create IPUIPlugin
2025-04-10 23:08:39,775 [INFO] PluginManager:220 - loadIPPluginJar : add aes
2025-04-10 23:08:39,777 [INFO] IPUIPlugin:80 - create IPUIPlugin
2025-04-10 23:08:39,777 [INFO] PluginManager:220 - loadIPPluginJar : add can
2025-04-10 23:08:39,779 [INFO] IPUIPlugin:80 - create IPUIPlugin
2025-04-10 23:08:39,779 [INFO] PluginManager:220 - loadIPPluginJar : add comp
2025-04-10 23:08:39,781 [INFO] IPUIPlugin:80 - create IPUIPlugin
2025-04-10 23:08:39,781 [INFO] PluginManager:220 - loadIPPluginJar : add cryp
2025-04-10 23:08:39,787 [INFO] IPUIPlugin:80 - create IPUIPlugin
2025-04-10 23:08:39,787 [INFO] PluginManager:220 - loadIPPluginJar : add ddr_ctrl_phy
2025-04-10 23:08:39,789 [INFO] IPUIPlugin:80 - create IPUIPlugin
2025-04-10 23:08:39,789 [INFO] PluginManager:220 - loadIPPluginJar : add dfsdm
2025-04-10 23:08:39,794 [INFO] IPUIPlugin:80 - create IPUIPlugin
2025-04-10 23:08:39,795 [INFO] PluginManager:220 - loadIPPluginJar : add dma
2025-04-10 23:08:39,797 [INFO] IPUIPlugin:80 - create IPUIPlugin
2025-04-10 23:08:39,797 [INFO] PluginManager:220 - loadIPPluginJar : add dma3
2025-04-10 23:08:39,799 [INFO] IPUIPlugin:80 - create IPUIPlugin
2025-04-10 23:08:39,799 [INFO] PluginManager:220 - loadIPPluginJar : add extmemmanager
2025-04-10 23:08:39,801 [INFO] IPUIPlugin:80 - create IPUIPlugin
2025-04-10 23:08:39,801 [INFO] PluginManager:220 - loadIPPluginJar : add fatfs
2025-04-10 23:08:39,806 [INFO] IPUIPlugin:80 - create IPUIPlugin
2025-04-10 23:08:39,806 [INFO] PluginManager:220 - loadIPPluginJar : add fmc
2025-04-10 23:08:39,815 [INFO] IPUIPlugin:80 - create IPUIPlugin
2025-04-10 23:08:39,815 [INFO] PluginManager:220 - loadIPPluginJar : add freertos
2025-04-10 23:08:39,817 [INFO] IPUIPlugin:80 - create IPUIPlugin
2025-04-10 23:08:39,817 [INFO] PluginManager:220 - loadIPPluginJar : add genericplugin
2025-04-10 23:08:39,820 [INFO] IPUIPlugin:80 - create IPUIPlugin
2025-04-10 23:08:39,820 [INFO] PluginManager:220 - loadIPPluginJar : add gfxmmu
2025-04-10 23:08:39,825 [INFO] IPUIPlugin:80 - create IPUIPlugin
2025-04-10 23:08:39,825 [INFO] PluginManager:220 - loadIPPluginJar : add gic
2025-04-10 23:08:39,829 [INFO] IPUIPlugin:80 - create IPUIPlugin
2025-04-10 23:08:39,829 [INFO] PluginManager:220 - loadIPPluginJar : add gpio
2025-04-10 23:08:39,833 [INFO] IPUIPlugin:80 - create IPUIPlugin
2025-04-10 23:08:39,833 [INFO] PluginManager:220 - loadIPPluginJar : add gtzc
2025-04-10 23:08:39,835 [INFO] IPUIPlugin:80 - create IPUIPlugin
2025-04-10 23:08:39,835 [INFO] PluginManager:220 - loadIPPluginJar : add hash
2025-04-10 23:08:39,838 [INFO] IPUIPlugin:80 - create IPUIPlugin
2025-04-10 23:08:39,838 [INFO] PluginManager:220 - loadIPPluginJar : add i2c
2025-04-10 23:08:39,841 [INFO] IPUIPlugin:80 - create IPUIPlugin
2025-04-10 23:08:39,841 [INFO] PluginManager:220 - loadIPPluginJar : add i2s
2025-04-10 23:08:39,845 [INFO] IPUIPlugin:80 - create IPUIPlugin
2025-04-10 23:08:39,845 [INFO] PluginManager:220 - loadIPPluginJar : add i3c
2025-04-10 23:08:39,850 [INFO] IPUIPlugin:80 - create IPUIPlugin
2025-04-10 23:08:39,850 [INFO] PluginManager:220 - loadIPPluginJar : add ipddr
2025-04-10 23:08:39,859 [INFO] IPUIPlugin:80 - create IPUIPlugin
2025-04-10 23:08:39,860 [INFO] PluginManager:220 - loadIPPluginJar : add linkedlist
2025-04-10 23:08:39,864 [INFO] IPUIPlugin:80 - create IPUIPlugin
2025-04-10 23:08:39,865 [INFO] PluginManager:220 - loadIPPluginJar : add lorawan
2025-04-10 23:08:39,866 [INFO] IPUIPlugin:80 - create IPUIPlugin
2025-04-10 23:08:39,866 [INFO] PluginManager:220 - loadIPPluginJar : add ltdc
2025-04-10 23:08:39,872 [INFO] IPUIPlugin:80 - create IPUIPlugin
2025-04-10 23:08:39,872 [INFO] PluginManager:220 - loadIPPluginJar : add mdma
2025-04-10 23:08:39,876 [INFO] IPUIPlugin:80 - create IPUIPlugin
2025-04-10 23:08:39,876 [INFO] PluginManager:220 - loadIPPluginJar : add nvic
2025-04-10 23:08:39,879 [INFO] IPUIPlugin:80 - create IPUIPlugin
2025-04-10 23:08:39,880 [INFO] PluginManager:220 - loadIPPluginJar : add opamp
2025-04-10 23:08:39,883 [INFO] IPUIPlugin:80 - create IPUIPlugin
2025-04-10 23:08:39,883 [INFO] PluginManager:220 - loadIPPluginJar : add openamp
2025-04-10 23:08:39,886 [INFO] IPUIPlugin:80 - create IPUIPlugin
2025-04-10 23:08:39,886 [INFO] PluginManager:220 - loadIPPluginJar : add pdm2pcm
2025-04-10 23:08:39,893 [INFO] IPUIPlugin:80 - create IPUIPlugin
2025-04-10 23:08:39,896 [INFO] PluginManager:220 - loadIPPluginJar : add plateformsettings
2025-04-10 23:08:39,898 [INFO] IPUIPlugin:80 - create IPUIPlugin
2025-04-10 23:08:39,898 [INFO] PluginManager:220 - loadIPPluginJar : add quadspi
2025-04-10 23:08:39,900 [INFO] IPUIPlugin:80 - create IPUIPlugin
2025-04-10 23:08:39,902 [INFO] PluginManager:220 - loadIPPluginJar : add radio
2025-04-10 23:08:39,906 [INFO] IPUIPlugin:80 - create IPUIPlugin
2025-04-10 23:08:39,906 [INFO] PluginManager:220 - loadIPPluginJar : add resmgrutility
2025-04-10 23:08:39,910 [INFO] IPUIPlugin:80 - create IPUIPlugin
2025-04-10 23:08:39,910 [INFO] PluginManager:220 - loadIPPluginJar : add sai
2025-04-10 23:08:39,912 [INFO] IPUIPlugin:80 - create IPUIPlugin
2025-04-10 23:08:39,912 [INFO] PluginManager:220 - loadIPPluginJar : add spi
2025-04-10 23:08:39,917 [INFO] IPUIPlugin:80 - create IPUIPlugin
2025-04-10 23:08:39,917 [INFO] PluginManager:220 - loadIPPluginJar : add stm32_wpan
2025-04-10 23:08:39,919 [INFO] IPUIPlugin:80 - create IPUIPlugin
2025-04-10 23:08:39,919 [INFO] PluginManager:220 - loadIPPluginJar : add tim
2025-04-10 23:08:39,922 [INFO] IPUIPlugin:80 - create IPUIPlugin
2025-04-10 23:08:39,922 [INFO] PluginManager:220 - loadIPPluginJar : add touchsensing
2025-04-10 23:08:39,923 [INFO] IPUIPlugin:80 - create IPUIPlugin
2025-04-10 23:08:39,923 [INFO] PluginManager:220 - loadIPPluginJar : add tracer_emb
2025-04-10 23:08:39,925 [INFO] IPUIPlugin:80 - create IPUIPlugin
2025-04-10 23:08:39,925 [INFO] PluginManager:220 - loadIPPluginJar : add ts
2025-04-10 23:08:39,926 [INFO] IPUIPlugin:80 - create IPUIPlugin
2025-04-10 23:08:39,926 [INFO] PluginManager:220 - loadIPPluginJar : add tsc
2025-04-10 23:08:39,928 [INFO] IPUIPlugin:80 - create IPUIPlugin
2025-04-10 23:08:39,928 [INFO] PluginManager:220 - loadIPPluginJar : add ucpd
2025-04-10 23:08:39,930 [INFO] IPUIPlugin:80 - create IPUIPlugin
2025-04-10 23:08:39,930 [INFO] PluginManager:220 - loadIPPluginJar : add usart
2025-04-10 23:08:39,933 [INFO] IPUIPlugin:80 - create IPUIPlugin
2025-04-10 23:08:39,934 [INFO] PluginManager:220 - loadIPPluginJar : add usbx
2025-04-10 23:08:40,047 [FATAL] Updater:351 - Updater called before beeing initialized
2025-04-10 23:08:40,076 [INFO] RulesReader:64 - Compatibility file has been processed (301 Rules)
2025-04-10 23:08:40,088 [INFO] RulesReader:64 - Compatibility file has been processed (301 Rules)
2025-04-10 23:08:40,101 [INFO] CADModel:165 - CPN selected for project level
2025-04-10 23:08:40,101 [INFO] CADModel:114 - Register for checkConnection events
2025-04-10 23:08:40,101 [FATAL] Updater:351 - Updater called before beeing initialized
2025-04-10 23:08:40,101 [ERROR] CADModel:125 - Updater not yet initialized, retry later 
2025-04-10 23:08:40,320 [FATAL] Updater:351 - Updater called before beeing initialized
2025-04-10 23:08:40,323 [INFO] CADModel:165 - CPN selected for project level
2025-04-10 23:08:40,323 [INFO] CADModel:114 - Register for checkConnection events
2025-04-10 23:08:40,323 [FATAL] Updater:351 - Updater called before beeing initialized
2025-04-10 23:08:40,323 [ERROR] CADModel:125 - Updater not yet initialized, retry later 
2025-04-10 23:08:40,327 [FATAL] Updater:351 - Updater called before beeing initialized
2025-04-10 23:08:40,497 [FATAL] Updater:351 - Updater called before beeing initialized
2025-04-10 23:08:40,506 [INFO] DbMcusAds:53 - JSON generation date=Thu Mar 06 20:54:22 BDT 2025 (1741272862078)
2025-04-10 23:08:40,506 [FATAL] Updater:351 - Updater called before beeing initialized
2025-04-10 23:08:40,551 [WARN] DetailPanel:346 - Failed to get advertising image, set to default
2025-04-10 23:08:40,842 [FATAL] Updater:351 - Updater called before beeing initialized
2025-04-10 23:08:40,844 [FATAL] Updater:351 - Updater called before beeing initialized
2025-04-10 23:08:40,844 [FATAL] Updater:351 - Updater called before beeing initialized
2025-04-10 23:08:40,844 [WARN] DetailPanel:346 - Failed to get advertising image, set to default
2025-04-10 23:08:40,845 [FATAL] Updater:351 - Updater called before beeing initialized
2025-04-10 23:08:40,897 [ERROR] Updater:1198 - MainUpdater not yet initialized. External WinMGr cannot be set.
2025-04-10 23:08:40,900 [INFO] Updater:1134 - Updater Version found : 6.14.0
2025-04-10 23:08:40,924 [INFO] ApplicationProperties:184 - Using Application install path: C:\ST\STM32CubeIDE_1.16.1\STM32CubeIDE\plugins\com.st.stm32cube.common.mx_6.14.0.202502271554
2025-04-10 23:08:42,118 [INFO] ThirdPartyUpdaterWithRetryManager:70 - Updater plugin not ready yet. [2/15]
2025-04-10 23:08:42,497 [ERROR] LogOutputStream:75 - [STDERR_REDIRECT] Apr 10, 2025 11:08:42 PM java.util.prefs.WindowsPreferences <init>
2025-04-10 23:08:42,500 [ERROR] LogOutputStream:75 - [STDERR_REDIRECT] WARNING: Could not open/create prefs root node Software\JavaSoft\Prefs at root 0xffffffff80000002. Windows RegCreateKeyEx(...) returned error code 5.
2025-04-10 23:08:42,500 [ERROR] LogOutputStream:75 - [STDERR_REDIRECT] 
2025-04-10 23:08:43,054 [INFO] MainUpdater:2872 - connection check result : 10
2025-04-10 23:08:43,055 [INFO] MainUpdater:289 - Updater Check For Update Now.
2025-04-10 23:08:43,055 [INFO] MicroXplorer:498 - Change Database Version : DB.6.0.140
2025-04-10 23:08:43,070 [INFO] McuFinderGlobals:63 - Set McuFinder mode to 2 (CubeIDE integrated)
2025-04-10 23:08:43,072 [INFO] UserAuth:486 - Internet connection configuration mode: 1
2025-04-10 23:08:43,117 [INFO] JxBrowserEngine:152 - Initiate JxBrowser Engine with user profile folder
2025-04-10 23:08:43,268 [INFO] CheckServerUpdateThread:120 - End of CheckServer Thread
2025-04-10 23:08:44,797 [INFO] WebApp:169 - Instantiating new browser for Auth
2025-04-10 23:08:45,750 [WARN] PackLoader:240 - Cannot read IP mode file for STMicroelectronics.FP-SNS-MOTENVWB1.1.4.0
2025-04-10 23:08:45,766 [WARN] PackLoader:240 - Cannot read IP mode file for STMicroelectronics.FP-ATR-ASTRA1.2.0.2
2025-04-10 23:08:45,772 [WARN] PackLoader:240 - Cannot read IP mode file for STMicroelectronics.FP-ATR-ASTRA1.2.0.1
2025-04-10 23:08:45,791 [WARN] PackLoader:240 - Cannot read IP mode file for STMicroelectronics.X-CUBE-SMBUS.2.1.0
2025-04-10 23:08:45,805 [WARN] PackLoader:240 - Cannot read IP mode file for STMicroelectronics.X-CUBE-WB05N.1.1.0
2025-04-10 23:08:45,850 [WARN] PackLoader:240 - Cannot read IP mode file for STMicroelectronics.X-CUBE-AZRTOS-F7.1.1.0
2025-04-10 23:08:45,941 [WARN] PackLoader:240 - Cannot read IP mode file for STMicroelectronics.X-CUBE-MEMS1.11.0.0
2025-04-10 23:08:46,285 [WARN] PackLoader:240 - Cannot read IP mode file for STMicroelectronics.FP-SNS-FLIGHT1.5.0.2
2025-04-10 23:08:46,298 [WARN] PackLoader:240 - Cannot read IP mode file for STMicroelectronics.X-CUBE-DISPLAY.3.0.0
2025-04-10 23:08:46,314 [WARN] PackLoader:240 - Cannot read IP mode file for STMicroelectronics.X-CUBE-BLE1.7.0.0
2025-04-10 23:08:46,324 [WARN] PackLoader:240 - Cannot read IP mode file for STMicroelectronics.X-CUBE-NFC10.1.0.0
2025-04-10 23:08:46,339 [WARN] PackLoader:240 - Cannot read IP mode file for STMicroelectronics.X-CUBE-BLEMGR.4.0.0
2025-04-10 23:08:46,348 [WARN] PackLoader:240 - Cannot read IP mode file for emotas.I-CUBE-CANOPEN.1.3.0
2025-04-10 23:08:46,357 [WARN] PackLoader:240 - Cannot read IP mode file for STMicroelectronics.X-CUBE-BLEMGR.3.1.0
2025-04-10 23:08:46,364 [WARN] PackLoader:240 - Cannot read IP mode file for STMicroelectronics.X-CUBE-AI.10.0.0
2025-04-10 23:08:46,369 [WARN] PackLoader:240 - Cannot read IP mode file for STMicroelectronics.FP-SNS-SMARTAG2.1.2.0
2025-04-10 23:08:46,374 [WARN] PackLoader:240 - Cannot read IP mode file for STMicroelectronics.FP-SNS-FLIGHT1.5.1.0
2025-04-10 23:08:46,487 [WARN] PackLoader:240 - Cannot read IP mode file for STMicroelectronics.X-CUBE-MEMS1.11.1.0
2025-04-10 23:08:47,104 [INFO] LogOutputStream:77 - [STDOUT_REDIRECT] 1 : Invalid condition id : UX_CORESTACK_Condition cause : null
2025-04-10 23:08:47,105 [INFO] LogOutputStream:77 - [STDOUT_REDIRECT] 1 : Invalid condition id : UX_CORESTACK_Condition cause : null
2025-04-10 23:08:47,108 [INFO] LogOutputStream:77 - [STDOUT_REDIRECT] 1 : Invalid condition id : UX_CORESTACK_Condition cause : null
2025-04-10 23:08:47,112 [INFO] LogOutputStream:77 - [STDOUT_REDIRECT] 1 : Invalid condition id : UX_CORESTACK_Condition cause : null
2025-04-10 23:08:47,114 [INFO] LogOutputStream:77 - [STDOUT_REDIRECT] 1 : Invalid condition id : UX_CORESTACK_Condition cause : null
2025-04-10 23:08:47,122 [WARN] PackLoader:240 - Cannot read IP mode file for STMicroelectronics.X-CUBE-AZRTOS-WL.2.0.0
2025-04-10 23:08:47,139 [WARN] PackLoader:240 - Cannot read IP mode file for STMicroelectronics.FP-SNS-MOTENV1.5.0.0
2025-04-10 23:08:47,151 [WARN] PackLoader:240 - Cannot read IP mode file for wolfSSL.I-CUBE-wolfMQTT.1.19.0
2025-04-10 23:08:47,165 [WARN] PackLoader:240 - Cannot read IP mode file for WES.I-CUBE-Cesium.1.3.0
2025-04-10 23:08:47,182 [WARN] PackLoader:240 - Cannot read IP mode file for STMicroelectronics.X-CUBE-BLE2.3.3.0
2025-04-10 23:08:47,203 [WARN] PackLoader:240 - Cannot read IP mode file for STMicroelectronics.X-CUBE-NFC9.1.0.0
2025-04-10 23:08:47,228 [WARN] PackLoader:240 - Cannot read IP mode file for STMicroelectronics.X-CUBE-BLE1.7.1.0
2025-04-10 23:08:47,240 [WARN] PackLoader:240 - Cannot read IP mode file for STMicroelectronics.X-CUBE-TCPP.4.1.0
2025-04-10 23:08:47,305 [WARN] PackLoader:240 - Cannot read IP mode file for STMicroelectronics.X-CUBE-AZRTOS-G0.1.1.0
2025-04-10 23:08:47,370 [WARN] PackLoader:240 - Cannot read IP mode file for STMicroelectronics.X-CUBE-SAFEA1.1.2.2
2025-04-10 23:08:47,398 [WARN] PackLoader:240 - Cannot read IP mode file for STMicroelectronics.X-CUBE-NFC4.3.0.0
2025-04-10 23:08:47,431 [WARN] PackLoader:240 - Cannot read IP mode file for EmbeddedOffice.I-CUBE-FS-RTOS.1.0.1
2025-04-10 23:08:47,465 [WARN] PackLoader:240 - Cannot read IP mode file for STMicroelectronics.X-CUBE-TCPP.4.2.0
2025-04-10 23:08:47,486 [WARN] PackLoader:240 - Cannot read IP mode file for RealThread.X-CUBE-RT-Thread_Nano.4.1.1
2025-04-10 23:08:47,497 [WARN] PackLoader:240 - Cannot read IP mode file for STMicroelectronics.FP-ATR-SIGFOX1.3.2.0
2025-04-10 23:08:47,510 [WARN] PackLoader:240 - Cannot read IP mode file for wolfSSL.I-CUBE-wolfSSL.5.7.2
2025-04-10 23:08:47,523 [WARN] ConditionMgr:438 - getConditionDescription Invalid condition id : Cortex-A Device cause : null
2025-04-10 23:08:47,562 [INFO] WebApp:463 - Apply proxy settings
2025-04-10 23:08:47,563 [INFO] WebApp:548 - Chromium requires no authentication
2025-04-10 23:08:47,573 [WARN] ConditionMgr:1044 - genDependencies : Invalid condition id : Cortex-A Device cause : null
2025-04-10 23:08:47,574 [WARN] ConditionMgr:1044 - genDependencies : Invalid condition id : Cortex-A Device cause : null
2025-04-10 23:08:47,576 [WARN] ConditionMgr:1044 - genDependencies : Invalid condition id : Cortex-A Device cause : null
2025-04-10 23:08:47,600 [WARN] PackLoader:240 - Cannot read IP mode file for STMicroelectronics.X-CUBE-EEPRMA1.5.1.0
2025-04-10 23:08:47,618 [INFO] WebApp:491 - Direct internet connection detected
2025-04-10 23:08:47,627 [WARN] PackLoader:240 - Cannot read IP mode file for ITTIA_DB.I-CUBE-ITTIADB.8.9.0
2025-04-10 23:08:47,729 [WARN] PackLoader:240 - Cannot read IP mode file for SEGGER.I-CUBE-embOS.1.3.1
2025-04-10 23:08:47,851 [INFO] WebApp:894 - Register for checkConnection events
2025-04-10 23:08:47,854 [INFO] WebApp:463 - Apply proxy settings
2025-04-10 23:08:47,855 [INFO] WebApp:548 - Chromium requires no authentication
2025-04-10 23:08:47,856 [INFO] WebApp:491 - Direct internet connection detected
2025-04-10 23:08:47,878 [WARN] PackLoader:240 - Cannot read IP mode file for STMicroelectronics.X-CUBE-ALGOBUILD.1.4.0
2025-04-10 23:08:47,900 [WARN] PackLoader:240 - Cannot read IP mode file for STMicroelectronics.X-CUBE-AI.9.1.0
2025-04-10 23:08:47,948 [WARN] PackLoader:240 - Cannot read IP mode file for STMicroelectronics.X-CUBE-AZRTOS-F4.1.1.0
2025-04-10 23:08:47,963 [WARN] PackLoader:240 - Cannot read IP mode file for STMicroelectronics.X-CUBE-ISPU.2.1.0
2025-04-10 23:08:47,985 [WARN] PackLoader:240 - Cannot read IP mode file for STMicroelectronics.X-CUBE-FREERTOS.1.2.0
2025-04-10 23:08:48,019 [WARN] PackLoader:240 - Cannot read IP mode file for STMicroelectronics.X-CUBE-AZRTOS-L5.2.0.0
2025-04-10 23:08:48,064 [WARN] PackLoader:240 - Cannot read IP mode file for STMicroelectronics.X-CUBE-NFC6.3.1.0
2025-04-10 23:08:48,080 [WARN] PackLoader:240 - Cannot read IP mode file for STMicroelectronics.X-CUBE-DPower.1.2.0
2025-04-10 23:08:48,091 [WARN] PackLoader:240 - Cannot read IP mode file for STMicroelectronics.X-CUBE-FREERTOS.1.3.0
2025-04-10 23:08:48,103 [WARN] PackLoader:240 - Cannot read IP mode file for STMicroelectronics.X-CUBE-NFC7.1.0.1
2025-04-10 23:08:48,114 [WARN] PackLoader:240 - Cannot read IP mode file for STMicroelectronics.X-CUBE-DPower.1.3.0
2025-04-10 23:08:48,198 [WARN] ConditionMgr:438 - getConditionDescription Invalid condition id : LAN8742 Phy interface Condition cause : null
2025-04-10 23:08:48,200 [WARN] PackLoader:240 - Cannot read IP mode file for STMicroelectronics.X-CUBE-AZRTOS-L4.2.0.0
2025-04-10 23:08:48,203 [WARN] ConditionMgr:1044 - genDependencies : Invalid condition id : LAN8742 Phy interface Condition cause : null
2025-04-10 23:08:48,204 [WARN] ConditionMgr:1044 - genDependencies : Invalid condition id : LAN8742 Phy interface Condition cause : null
2025-04-10 23:08:48,205 [WARN] ConditionMgr:1044 - genDependencies : Invalid condition id : LAN8742 Phy interface Condition cause : null
2025-04-10 23:08:48,234 [WARN] PackLoader:240 - Cannot read IP mode file for STMicroelectronics.X-CUBE-SFXS2LP1.4.0.0
2025-04-10 23:08:48,278 [WARN] PackLoader:240 - Cannot read IP mode file for STMicroelectronics.X-CUBE-AZRTOS-H7.3.3.0
2025-04-10 23:08:48,310 [WARN] PackLoader:240 - Cannot read IP mode file for STMicroelectronics.X-CUBE-IPS.3.0.0
2025-04-10 23:08:48,347 [WARN] ConditionMgr:438 - getConditionDescription Invalid condition id : UX DEVICE CLASS RTOS Condition cause : null
2025-04-10 23:08:48,349 [WARN] ConditionMgr:438 - getConditionDescription Invalid condition id : UX DEVICE CLASS RTOS Condition cause : null
2025-04-10 23:08:48,354 [WARN] PackLoader:240 - Cannot read IP mode file for STMicroelectronics.X-CUBE-AZRTOS-WB.2.0.0
2025-04-10 23:08:48,355 [WARN] ConditionMgr:1044 - genDependencies : Invalid condition id : UX DEVICE CLASS RTOS Condition cause : null
2025-04-10 23:08:48,356 [WARN] ConditionMgr:1044 - genDependencies : Invalid condition id : UX DEVICE CLASS RTOS Condition cause : null
2025-04-10 23:08:48,357 [WARN] ConditionMgr:1044 - genDependencies : Invalid condition id : UX DEVICE CLASS RTOS Condition cause : null
2025-04-10 23:08:48,358 [WARN] ConditionMgr:1044 - genDependencies : Invalid condition id : UX DEVICE CLASS RTOS Condition cause : null
2025-04-10 23:08:48,358 [WARN] ConditionMgr:1044 - genDependencies : Invalid condition id : UX DEVICE CLASS RTOS Condition cause : null
2025-04-10 23:08:48,377 [WARN] PackLoader:240 - Cannot read IP mode file for STMicroelectronics.X-CUBE-GNSS1.7.0.0
2025-04-10 23:08:48,388 [WARN] PackLoader:240 - Cannot read IP mode file for STMicroelectronics.X-CUBE-GNSS1.7.0.1
2025-04-10 23:08:48,403 [WARN] PackLoader:240 - Cannot read IP mode file for STMicroelectronics.X-CUBE-TOUCHGFX.4.25.0
2025-04-10 23:08:48,413 [WARN] PackLoader:240 - Cannot read IP mode file for STMicroelectronics.FP-SNS-STBOX1.2.0.0
2025-04-10 23:08:48,440 [WARN] PackLoader:240 - Cannot read IP mode file for STMicroelectronics.X-CUBE-SUBG2.5.0.0
2025-04-10 23:08:48,496 [WARN] PackLoader:240 - Cannot read IP mode file for STMicroelectronics.X-CUBE-AZRTOS-H7RS.1.1.0
2025-04-10 23:08:48,507 [WARN] PackLoader:240 - Cannot read IP mode file for Cesanta.I-CUBE-Mongoose.7.13.0
2025-04-10 23:08:48,546 [WARN] PackLoader:240 - Cannot read IP mode file for STMicroelectronics.X-CUBE-AZRTOS-G4.2.0.0
2025-04-10 23:08:48,575 [WARN] PackLoader:240 - Cannot read IP mode file for STMicroelectronics.X-CUBE-IPS.3.1.0
2025-04-10 23:08:48,600 [WARN] PackLoader:240 - Cannot read IP mode file for STMicroelectronics.X-CUBE-ALS.1.0.2
2025-04-10 23:08:48,608 [WARN] PackLoader:240 - Cannot read IP mode file for STMicroelectronics.X-CUBE-TOUCHGFX.4.24.2
2025-04-10 23:08:48,610 [INFO] WebApp:191 - Connection restablished
2025-04-10 23:08:48,614 [WARN] PackLoader:240 - Cannot read IP mode file for STMicroelectronics.X-CUBE-TOUCHGFX.4.24.1
2025-04-10 23:08:48,621 [WARN] PackLoader:240 - Cannot read IP mode file for wolfSSL.I-CUBE-wolfTPM.3.4.0
2025-04-10 23:08:48,630 [WARN] PackLoader:240 - Cannot read IP mode file for portGmbH.I-Cube-SoM-uGOAL.1.1.0
2025-04-10 23:08:48,662 [WARN] PackLoader:240 - Cannot read IP mode file for STMicroelectronics.X-CUBE-AZRTOS-H7RS.1.0.0
2025-04-10 23:08:48,679 [WARN] PackLoader:240 - Cannot read IP mode file for STMicroelectronics.FP-ATR-ASTRA1.2.0.0
2025-04-10 23:08:48,704 [WARN] PackLoader:240 - Cannot read IP mode file for STMicroelectronics.X-CUBE-TOF1.3.4.2
2025-04-10 23:08:48,778 [WARN] PackLoader:240 - Cannot read IP mode file for Infineon.AIROC-Wi-Fi-Bluetooth-STM32.1.6.1
2025-04-10 23:08:48,801 [WARN] PackLoader:240 - Cannot read IP mode file for wolfSSL.I-CUBE-wolfSSH.1.4.17
2025-04-10 23:08:48,802 [INFO] ThirdParty:978 - Integrity check success = true
2025-04-10 23:08:48,802 [INFO] IntegrityCheckThread:100 - exiting critical section [integrity check]
2025-04-10 23:08:48,803 [INFO] IntegrityCheckThread:103 - End integrity checks thread
2025-04-10 23:08:49,102 [INFO] WebApp:225 - Starting web application
2025-04-10 23:08:49,102 [INFO] WebApp:593 - Web application path used C:\ST\STM32CubeIDE_1.16.1\STM32CubeIDE\plugins\com.st.stm32cube.common.mx_6.14.0.202502271554\db\plugins\mcufinder\reactClient1\index.html
2025-04-10 23:08:49,420 [INFO] UserAuth:486 - Internet connection configuration mode: 1
2025-04-10 23:53:21,099 [ERROR] LogOutputStream:75 - [STDERR_REDIRECT] 
