2025-03-16 06:12:17,541 [ERROR] LogOutputStream:75 - [STDERR_REDIRECT] 
2025-03-16 15:34:39,510 [INFO] Activator:176 - 


2025-03-16 15:34:39,514 [INFO] Activator:177 - !SESSION log4j initialized
2025-03-16 15:34:54,959 [INFO] LogOutputStream:77 - [STDOUT_REDIRECT] 
2025-03-16 15:35:06,027 [INFO] ApplicationProperties:184 - Using Application install path: C:\ST\STM32CubeIDE_1.16.1\STM32CubeIDE\plugins\com.st.stm32cube.common.mx_6.14.0.202502271554
2025-03-16 15:35:06,067 [INFO] DbMcusXml:78 - Set database path to: C:\ST\STM32CubeIDE_1.16.1\STM32CubeIDE\plugins\com.st.stm32cube.common.mx_6.14.0.202502271554\\db\/mcu/
2025-03-16 15:35:06,067 [INFO] ApiDb:274 - Set plugin database path to: C:\ST\STM32CubeIDE_1.16.1\STM32CubeIDE\plugins\com.st.stm32cube.common.mx_6.14.0.202502271554\\db\/plugins/boardmanager/
2025-03-16 15:35:06,067 [WARN] ApiDb:259 - Overriding images path with different value:  => C:\ST\STM32CubeIDE_1.16.1\STM32CubeIDE\plugins\com.st.stm32cube.common.mx_6.14.0.202502271554\\db\/plugins/mcufinder/images/
2025-03-16 15:35:06,087 [INFO] ApiDb:250 - Set database path to: C:\Users\Shuvro\.stmcufinder\plugins\mcufinder//mcu/
2025-03-16 15:35:06,087 [INFO] DbMcusAds:125 - Set database path to: C:\Users\Shuvro\.stmcufinder\plugins\mcufinder//mcu/
2025-03-16 15:35:06,157 [INFO] CrossReferenceDbSqlite:203 - Set database path to: C:\Users\Shuvro\.stmcufinder\plugins\mcufinder//mcu/cs/
2025-03-16 15:35:06,397 [INFO] RulesReader:64 - Compatibility file has been processed (301 Rules)
2025-03-16 15:35:06,607 [INFO] DbMcusXml:78 - Set database path to: C:\ST\STM32CubeIDE_1.16.1\STM32CubeIDE\plugins\com.st.stm32cube.common.mx_6.14.0.202502271554\\db\/mcu/
2025-03-16 15:35:06,607 [INFO] ApiDb:274 - Set plugin database path to: C:\ST\STM32CubeIDE_1.16.1\STM32CubeIDE\plugins\com.st.stm32cube.common.mx_6.14.0.202502271554\\db\/plugins/boardmanager/
2025-03-16 15:35:06,607 [INFO] ApiDb:261 - Set plugin images path to: C:\ST\STM32CubeIDE_1.16.1\STM32CubeIDE\plugins\com.st.stm32cube.common.mx_6.14.0.202502271554\\db\/plugins/mcufinder/images/
2025-03-16 15:35:06,607 [WARN] DbFile:41 - Overriding database path with different value: C:\Users\Shuvro\.stmcufinder\plugins\mcufinder/ => C:\Users\Shuvro\.stmcufinder\plugins\mcufinder
2025-03-16 15:35:06,607 [INFO] ApiDb:250 - Set database path to: C:\Users\Shuvro\.stmcufinder\plugins\mcufinder//mcu/
2025-03-16 15:35:06,607 [WARN] DbFile:41 - Overriding database path with different value: C:\Users\Shuvro\.stmcufinder\plugins\mcufinder/ => C:\Users\Shuvro\.stmcufinder\plugins\mcufinder
2025-03-16 15:35:06,607 [INFO] DbMcusAds:125 - Set database path to: C:\Users\Shuvro\.stmcufinder\plugins\mcufinder//mcu/
2025-03-16 15:35:06,607 [WARN] DbFile:41 - Overriding database path with different value: C:\Users\Shuvro\.stmcufinder\plugins\mcufinder/ => C:\Users\Shuvro\.stmcufinder\plugins\mcufinder
2025-03-16 15:35:06,607 [WARN] DbFile:41 - Overriding database path with different value: C:\Users\Shuvro\.stmcufinder\plugins\mcufinder/ => C:\Users\Shuvro\.stmcufinder\plugins\mcufinder
2025-03-16 15:35:06,607 [INFO] CrossReferenceDbSqlite:203 - Set database path to: C:\Users\Shuvro\.stmcufinder\plugins\mcufinder//mcu/cs/
2025-03-16 15:35:06,787 [INFO] MainPanel:272 - HeapMemory: 268435456
2025-03-16 15:35:06,997 [INFO] DbMcusXml:78 - Set database path to: C:\ST\STM32CubeIDE_1.16.1\STM32CubeIDE\plugins\com.st.stm32cube.common.mx_6.14.0.202502271554\\db\/mcu/
2025-03-16 15:35:07,006 [INFO] ApiDb:274 - Set plugin database path to: C:\ST\STM32CubeIDE_1.16.1\STM32CubeIDE\plugins\com.st.stm32cube.common.mx_6.14.0.202502271554\\db\/plugins/boardmanager/
2025-03-16 15:35:07,007 [INFO] ApiDb:261 - Set plugin images path to: C:\ST\STM32CubeIDE_1.16.1\STM32CubeIDE\plugins\com.st.stm32cube.common.mx_6.14.0.202502271554\\db\/plugins/mcufinder/images/
2025-03-16 15:35:07,007 [WARN] DbFile:41 - Overriding database path with different value: C:\Users\Shuvro\.stmcufinder\plugins\mcufinder/ => C:\Users\Shuvro\.stmcufinder\plugins\mcufinder
2025-03-16 15:35:07,007 [INFO] ApiDb:250 - Set database path to: C:\Users\Shuvro\.stmcufinder\plugins\mcufinder//mcu/
2025-03-16 15:35:07,007 [WARN] DbFile:41 - Overriding database path with different value: C:\Users\Shuvro\.stmcufinder\plugins\mcufinder/ => C:\Users\Shuvro\.stmcufinder\plugins\mcufinder
2025-03-16 15:35:07,007 [INFO] DbMcusAds:125 - Set database path to: C:\Users\Shuvro\.stmcufinder\plugins\mcufinder//mcu/
2025-03-16 15:35:07,007 [WARN] DbFile:41 - Overriding database path with different value: C:\Users\Shuvro\.stmcufinder\plugins\mcufinder/ => C:\Users\Shuvro\.stmcufinder\plugins\mcufinder
2025-03-16 15:35:07,007 [WARN] DbFile:41 - Overriding database path with different value: C:\Users\Shuvro\.stmcufinder\plugins\mcufinder/ => C:\Users\Shuvro\.stmcufinder\plugins\mcufinder
2025-03-16 15:35:07,007 [INFO] CrossReferenceDbSqlite:203 - Set database path to: C:\Users\Shuvro\.stmcufinder\plugins\mcufinder//mcu/cs/
2025-03-16 15:35:07,037 [INFO] ApplicationProperties:184 - Using Application install path: C:\ST\STM32CubeIDE_1.16.1\STM32CubeIDE\plugins\com.st.stm32cube.common.mx_6.14.0.202502271554
2025-03-16 15:35:07,047 [INFO] PluginManage:196 - Search for loadable plugins [exclusion list=, ]
2025-03-16 15:35:07,047 [INFO] PluginManage:310 - Check plugin analytics
2025-03-16 15:35:16,897 [INFO] AnalyticsPlugin:253 - Accepted Software Licenses: 
2025-03-16 15:35:16,897 [INFO] AnalyticsPlugin:255 - Accepted CMSIS Pack Licenses: 
2025-03-16 15:35:16,897 [INFO] AnalyticsPlugin:257 - Accepted Firmware Licenses: 
2025-03-16 15:35:16,907 [INFO] PluginManage:359 - Loaded plugin analytics (category:tool,tabindex:-1)
2025-03-16 15:35:16,907 [INFO] PluginManage:310 - Check plugin cadmodel
2025-03-16 15:35:16,917 [INFO] CADModel:105 - Init CAD model plugin
2025-03-16 15:35:16,917 [INFO] PluginManage:359 - Loaded plugin cadmodel (category:power,tabindex:5)
2025-03-16 15:35:16,927 [INFO] PluginManage:310 - Check plugin clock
2025-03-16 15:35:16,937 [INFO] PluginManage:359 - Loaded plugin clock (category:base,tabindex:2)
2025-03-16 15:35:16,937 [INFO] PluginManage:310 - Check plugin ddr
2025-03-16 15:35:16,947 [INFO] PluginManage:359 - Loaded plugin ddr (category:tool,tabindex:6)
2025-03-16 15:35:16,947 [INFO] PluginManage:310 - Check plugin filemanager
2025-03-16 15:35:17,177 [INFO] PluginManage:359 - Loaded plugin filemanager (category:base,tabindex:10)
2025-03-16 15:35:17,177 [INFO] PluginManage:310 - Check plugin ipmanager
2025-03-16 15:35:17,186 [INFO] PluginManage:359 - Loaded plugin ipmanager (category:base,tabindex:5)
2025-03-16 15:35:17,187 [INFO] PluginManage:310 - Check plugin lpbam
2025-03-16 15:35:17,197 [INFO] PluginManage:359 - Loaded plugin lpbam (category:base,tabindex:0)
2025-03-16 15:35:17,197 [INFO] PluginManage:310 - Check plugin memorymap
2025-03-16 15:35:17,217 [INFO] PluginManage:359 - Loaded plugin memorymap (category:base,tabindex:4)
2025-03-16 15:35:17,217 [INFO] PluginManage:310 - Check plugin pinoutandconfiguration
2025-03-16 15:35:17,227 [INFO] PluginManage:359 - Loaded plugin pinoutandconfiguration (category:base,tabindex:1)
2025-03-16 15:35:17,227 [INFO] PluginManage:310 - Check plugin pinoutconfig
2025-03-16 15:35:17,416 [WARN] SupportedApi:132 - Cannot load RTOS API schema: s4s-elt-must-match.1: The content of 'definitions' must match (annotation?, (simpleType | complexType)?, (unique | key | keyref)*)). A problem was found starting at: attribute.
2025-03-16 15:35:17,637 [INFO] PluginManage:359 - Loaded plugin pinoutconfig (category:base,tabindex:0)
2025-03-16 15:35:17,637 [INFO] PluginManage:310 - Check plugin power
2025-03-16 15:35:17,657 [INFO] PluginManage:359 - Loaded plugin power (category:power,tabindex:4)
2025-03-16 15:35:17,657 [INFO] PluginManage:310 - Check plugin projectmanager
2025-03-16 15:35:17,677 [INFO] PluginManage:359 - Loaded plugin projectmanager (category:projectmanager,tabindex:4)
2025-03-16 15:35:17,677 [INFO] PluginManage:310 - Check plugin rif
2025-03-16 15:35:17,697 [INFO] PluginManage:359 - Loaded plugin rif (category:base,tabindex:3)
2025-03-16 15:35:17,697 [INFO] PluginManage:310 - Check plugin thirdparty
2025-03-16 15:35:17,917 [WARN] IntegrityCheckThread:84 - waiting for thirdparty lock release [integrity check]
2025-03-16 15:35:17,917 [INFO] IntegrityCheckThread:86 - entering critical section [integrity check]
2025-03-16 15:35:17,917 [INFO] ThirdPartyUpdaterWithRetryManager:70 - Updater plugin not ready yet. [1/15]
2025-03-16 15:35:17,917 [INFO] PluginManage:359 - Loaded plugin thirdparty (category:base,tabindex:-1)
2025-03-16 15:35:17,917 [INFO] PluginManage:310 - Check plugin tools
2025-03-16 15:35:17,927 [INFO] PluginManage:359 - Loaded plugin tools (category:base,tabindex:7)
2025-03-16 15:35:17,927 [INFO] PluginManage:310 - Check plugin tutovideos
2025-03-16 15:35:18,247 [INFO] PluginManage:359 - Loaded plugin tutovideos (category:base,tabindex:-1)
2025-03-16 15:35:18,247 [INFO] PluginManage:310 - Check plugin updater
2025-03-16 15:35:18,287 [INFO] PluginManage:359 - Loaded plugin updater (category:base,tabindex:12)
2025-03-16 15:35:18,287 [INFO] PluginManage:310 - Check plugin userauth
2025-03-16 15:35:18,297 [INFO] UserAuth:118 - Init User Auth plugin
2025-03-16 15:35:18,297 [INFO] PluginManage:359 - Loaded plugin userauth (category:base,tabindex:14)
2025-03-16 15:35:18,297 [INFO] PluginManage:283 - PluginManage : Loaded plugins [18]
2025-03-16 15:35:18,657 [INFO] PinOutPanel:1589 - setPackage(No Configuration,No Configuration)
2025-03-16 15:35:18,787 [INFO] CADModel:165 - CPN selected for project level
2025-03-16 15:35:18,787 [INFO] CADModel:114 - Register for checkConnection events
2025-03-16 15:35:18,817 [INFO] IPUIPlugin:80 - create IPUIPlugin
2025-03-16 15:35:18,817 [INFO] PluginManager:220 - loadIPPluginJar : add adc
2025-03-16 15:35:18,827 [INFO] IPUIPlugin:80 - create IPUIPlugin
2025-03-16 15:35:18,827 [INFO] PluginManager:220 - loadIPPluginJar : add aes
2025-03-16 15:35:18,827 [INFO] IPUIPlugin:80 - create IPUIPlugin
2025-03-16 15:35:18,827 [INFO] PluginManager:220 - loadIPPluginJar : add can
2025-03-16 15:35:18,837 [INFO] IPUIPlugin:80 - create IPUIPlugin
2025-03-16 15:35:18,837 [INFO] PluginManager:220 - loadIPPluginJar : add comp
2025-03-16 15:35:18,837 [INFO] IPUIPlugin:80 - create IPUIPlugin
2025-03-16 15:35:18,837 [INFO] PluginManager:220 - loadIPPluginJar : add cryp
2025-03-16 15:35:18,847 [INFO] IPUIPlugin:80 - create IPUIPlugin
2025-03-16 15:35:18,847 [INFO] PluginManager:220 - loadIPPluginJar : add ddr_ctrl_phy
2025-03-16 15:35:18,847 [INFO] IPUIPlugin:80 - create IPUIPlugin
2025-03-16 15:35:18,847 [INFO] PluginManager:220 - loadIPPluginJar : add dfsdm
2025-03-16 15:35:18,857 [INFO] IPUIPlugin:80 - create IPUIPlugin
2025-03-16 15:35:18,857 [INFO] PluginManager:220 - loadIPPluginJar : add dma
2025-03-16 15:35:18,867 [INFO] IPUIPlugin:80 - create IPUIPlugin
2025-03-16 15:35:18,867 [INFO] PluginManager:220 - loadIPPluginJar : add dma3
2025-03-16 15:35:18,867 [INFO] IPUIPlugin:80 - create IPUIPlugin
2025-03-16 15:35:18,876 [INFO] PluginManager:220 - loadIPPluginJar : add extmemmanager
2025-03-16 15:35:18,877 [INFO] IPUIPlugin:80 - create IPUIPlugin
2025-03-16 15:35:18,877 [INFO] PluginManager:220 - loadIPPluginJar : add fatfs
2025-03-16 15:35:18,887 [INFO] IPUIPlugin:80 - create IPUIPlugin
2025-03-16 15:35:18,887 [INFO] PluginManager:220 - loadIPPluginJar : add fmc
2025-03-16 15:35:18,897 [INFO] IPUIPlugin:80 - create IPUIPlugin
2025-03-16 15:35:18,897 [INFO] PluginManager:220 - loadIPPluginJar : add freertos
2025-03-16 15:35:18,907 [INFO] IPUIPlugin:80 - create IPUIPlugin
2025-03-16 15:35:18,907 [INFO] PluginManager:220 - loadIPPluginJar : add genericplugin
2025-03-16 15:35:18,907 [INFO] IPUIPlugin:80 - create IPUIPlugin
2025-03-16 15:35:18,907 [INFO] PluginManager:220 - loadIPPluginJar : add gfxmmu
2025-03-16 15:35:18,917 [INFO] IPUIPlugin:80 - create IPUIPlugin
2025-03-16 15:35:18,917 [INFO] PluginManager:220 - loadIPPluginJar : add gic
2025-03-16 15:35:18,927 [INFO] IPUIPlugin:80 - create IPUIPlugin
2025-03-16 15:35:18,927 [INFO] PluginManager:220 - loadIPPluginJar : add gpio
2025-03-16 15:35:18,927 [INFO] IPUIPlugin:80 - create IPUIPlugin
2025-03-16 15:35:18,927 [INFO] PluginManager:220 - loadIPPluginJar : add gtzc
2025-03-16 15:35:18,937 [INFO] IPUIPlugin:80 - create IPUIPlugin
2025-03-16 15:35:18,937 [INFO] PluginManager:220 - loadIPPluginJar : add hash
2025-03-16 15:35:18,937 [INFO] IPUIPlugin:80 - create IPUIPlugin
2025-03-16 15:35:18,937 [INFO] PluginManager:220 - loadIPPluginJar : add i2c
2025-03-16 15:35:18,947 [INFO] IPUIPlugin:80 - create IPUIPlugin
2025-03-16 15:35:18,947 [INFO] PluginManager:220 - loadIPPluginJar : add i2s
2025-03-16 15:35:18,957 [INFO] IPUIPlugin:80 - create IPUIPlugin
2025-03-16 15:35:18,957 [INFO] PluginManager:220 - loadIPPluginJar : add i3c
2025-03-16 15:35:18,967 [INFO] IPUIPlugin:80 - create IPUIPlugin
2025-03-16 15:35:18,967 [INFO] PluginManager:220 - loadIPPluginJar : add ipddr
2025-03-16 15:35:18,977 [INFO] IPUIPlugin:80 - create IPUIPlugin
2025-03-16 15:35:18,977 [INFO] PluginManager:220 - loadIPPluginJar : add linkedlist
2025-03-16 15:35:18,987 [INFO] IPUIPlugin:80 - create IPUIPlugin
2025-03-16 15:35:18,987 [INFO] PluginManager:220 - loadIPPluginJar : add lorawan
2025-03-16 15:35:18,987 [INFO] IPUIPlugin:80 - create IPUIPlugin
2025-03-16 15:35:18,987 [INFO] PluginManager:220 - loadIPPluginJar : add ltdc
2025-03-16 15:35:18,997 [INFO] IPUIPlugin:80 - create IPUIPlugin
2025-03-16 15:35:18,997 [INFO] PluginManager:220 - loadIPPluginJar : add mdma
2025-03-16 15:35:19,007 [INFO] IPUIPlugin:80 - create IPUIPlugin
2025-03-16 15:35:19,007 [INFO] PluginManager:220 - loadIPPluginJar : add nvic
2025-03-16 15:35:19,007 [INFO] IPUIPlugin:80 - create IPUIPlugin
2025-03-16 15:35:19,007 [INFO] PluginManager:220 - loadIPPluginJar : add opamp
2025-03-16 15:35:19,017 [INFO] IPUIPlugin:80 - create IPUIPlugin
2025-03-16 15:35:19,017 [INFO] PluginManager:220 - loadIPPluginJar : add openamp
2025-03-16 15:35:19,027 [INFO] IPUIPlugin:80 - create IPUIPlugin
2025-03-16 15:35:19,027 [INFO] PluginManager:220 - loadIPPluginJar : add pdm2pcm
2025-03-16 15:35:19,037 [INFO] IPUIPlugin:80 - create IPUIPlugin
2025-03-16 15:35:19,037 [INFO] PluginManager:220 - loadIPPluginJar : add plateformsettings
2025-03-16 15:35:19,047 [INFO] IPUIPlugin:80 - create IPUIPlugin
2025-03-16 15:35:19,047 [INFO] PluginManager:220 - loadIPPluginJar : add quadspi
2025-03-16 15:35:19,047 [INFO] IPUIPlugin:80 - create IPUIPlugin
2025-03-16 15:35:19,047 [INFO] PluginManager:220 - loadIPPluginJar : add radio
2025-03-16 15:35:19,057 [INFO] IPUIPlugin:80 - create IPUIPlugin
2025-03-16 15:35:19,057 [INFO] PluginManager:220 - loadIPPluginJar : add resmgrutility
2025-03-16 15:35:19,067 [INFO] IPUIPlugin:80 - create IPUIPlugin
2025-03-16 15:35:19,067 [INFO] PluginManager:220 - loadIPPluginJar : add sai
2025-03-16 15:35:19,067 [INFO] IPUIPlugin:80 - create IPUIPlugin
2025-03-16 15:35:19,067 [INFO] PluginManager:220 - loadIPPluginJar : add spi
2025-03-16 15:35:19,077 [INFO] IPUIPlugin:80 - create IPUIPlugin
2025-03-16 15:35:19,077 [INFO] PluginManager:220 - loadIPPluginJar : add stm32_wpan
2025-03-16 15:35:19,087 [INFO] IPUIPlugin:80 - create IPUIPlugin
2025-03-16 15:35:19,087 [INFO] PluginManager:220 - loadIPPluginJar : add tim
2025-03-16 15:35:19,097 [INFO] IPUIPlugin:80 - create IPUIPlugin
2025-03-16 15:35:19,097 [INFO] PluginManager:220 - loadIPPluginJar : add touchsensing
2025-03-16 15:35:19,097 [INFO] IPUIPlugin:80 - create IPUIPlugin
2025-03-16 15:35:19,097 [INFO] PluginManager:220 - loadIPPluginJar : add tracer_emb
2025-03-16 15:35:19,097 [INFO] IPUIPlugin:80 - create IPUIPlugin
2025-03-16 15:35:19,097 [INFO] PluginManager:220 - loadIPPluginJar : add ts
2025-03-16 15:35:19,107 [INFO] IPUIPlugin:80 - create IPUIPlugin
2025-03-16 15:35:19,107 [INFO] PluginManager:220 - loadIPPluginJar : add tsc
2025-03-16 15:35:19,107 [INFO] IPUIPlugin:80 - create IPUIPlugin
2025-03-16 15:35:19,107 [INFO] PluginManager:220 - loadIPPluginJar : add ucpd
2025-03-16 15:35:19,117 [INFO] IPUIPlugin:80 - create IPUIPlugin
2025-03-16 15:35:19,117 [INFO] PluginManager:220 - loadIPPluginJar : add usart
2025-03-16 15:35:19,127 [INFO] IPUIPlugin:80 - create IPUIPlugin
2025-03-16 15:35:19,127 [INFO] PluginManager:220 - loadIPPluginJar : add usbx
2025-03-16 15:35:19,277 [FATAL] Updater:351 - Updater called before beeing initialized
2025-03-16 15:35:19,327 [INFO] RulesReader:64 - Compatibility file has been processed (301 Rules)
2025-03-16 15:35:19,347 [INFO] RulesReader:64 - Compatibility file has been processed (301 Rules)
2025-03-16 15:35:19,367 [INFO] CADModel:165 - CPN selected for project level
2025-03-16 15:35:19,367 [INFO] CADModel:114 - Register for checkConnection events
2025-03-16 15:35:19,367 [FATAL] Updater:351 - Updater called before beeing initialized
2025-03-16 15:35:19,367 [ERROR] CADModel:125 - Updater not yet initialized, retry later 
2025-03-16 15:35:19,707 [FATAL] Updater:351 - Updater called before beeing initialized
2025-03-16 15:35:19,717 [INFO] CADModel:165 - CPN selected for project level
2025-03-16 15:35:19,717 [INFO] CADModel:114 - Register for checkConnection events
2025-03-16 15:35:19,717 [FATAL] Updater:351 - Updater called before beeing initialized
2025-03-16 15:35:19,717 [ERROR] CADModel:125 - Updater not yet initialized, retry later 
2025-03-16 15:35:19,727 [FATAL] Updater:351 - Updater called before beeing initialized
2025-03-16 15:35:19,997 [FATAL] Updater:351 - Updater called before beeing initialized
2025-03-16 15:35:20,007 [INFO] DbMcusAds:53 - JSON generation date=Thu Mar 06 20:54:21 BDT 2025 (1741272861825)
2025-03-16 15:35:20,007 [FATAL] Updater:351 - Updater called before beeing initialized
2025-03-16 15:35:20,077 [WARN] DetailPanel:346 - Failed to get advertising image, set to default
2025-03-16 15:35:20,476 [FATAL] Updater:351 - Updater called before beeing initialized
2025-03-16 15:35:20,476 [FATAL] Updater:351 - Updater called before beeing initialized
2025-03-16 15:35:20,476 [FATAL] Updater:351 - Updater called before beeing initialized
2025-03-16 15:35:20,476 [WARN] DetailPanel:346 - Failed to get advertising image, set to default
2025-03-16 15:35:20,476 [FATAL] Updater:351 - Updater called before beeing initialized
2025-03-16 15:35:20,537 [ERROR] Updater:1198 - MainUpdater not yet initialized. External WinMGr cannot be set.
2025-03-16 15:35:20,537 [INFO] Updater:1134 - Updater Version found : 6.14.0
2025-03-16 15:35:20,567 [INFO] ApplicationProperties:184 - Using Application install path: C:\ST\STM32CubeIDE_1.16.1\STM32CubeIDE\plugins\com.st.stm32cube.common.mx_6.14.0.202502271554
2025-03-16 15:35:20,927 [INFO] ThirdPartyUpdaterWithRetryManager:70 - Updater plugin not ready yet. [2/15]
2025-03-16 15:35:22,197 [ERROR] LogOutputStream:75 - [STDERR_REDIRECT] Mar 16, 2025 3:35:22 PM java.util.prefs.WindowsPreferences <init>
2025-03-16 15:35:22,207 [ERROR] LogOutputStream:75 - [STDERR_REDIRECT] WARNING: Could not open/create prefs root node Software\JavaSoft\Prefs at root 0xffffffff80000002. Windows RegCreateKeyEx(...) returned error code 5.
2025-03-16 15:35:22,207 [ERROR] LogOutputStream:75 - [STDERR_REDIRECT] 
2025-03-16 15:35:23,057 [INFO] MainUpdater:2872 - connection check result : 10
2025-03-16 15:35:23,057 [INFO] MainUpdater:3566 - Updater definition file requires update
2025-03-16 15:35:23,057 [INFO] MainUpdater:289 - Updater Check For Update Now.
2025-03-16 15:35:23,057 [INFO] MicroXplorer:498 - Change Database Version : DB.6.0.140
2025-03-16 15:35:23,067 [INFO] McuFinderGlobals:63 - Set McuFinder mode to 2 (CubeIDE integrated)
2025-03-16 15:35:23,067 [INFO] UserAuth:171 - activating auth plugin
2025-03-16 15:35:23,067 [INFO] UserAuth:486 - Internet connection configuration mode: 1
2025-03-16 15:35:23,097 [INFO] JxBrowserEngine:152 - Initiate JxBrowser Engine with user profile folder
2025-03-16 15:35:23,297 [INFO] ServerAccessManage:473 - Download File updaters.zip
2025-03-16 15:35:23,447 [INFO] FileExtend:242 - Unzip File : updaters.zip
2025-03-16 15:35:23,447 [INFO] FileExtend:257 - Standard Zip Deflate
2025-03-16 15:35:23,937 [WARN] MainUpdater:1193 - Updater busy. Cannot search thirdparties
2025-03-16 15:35:23,937 [INFO] ThirdPartyUpdaterWithRetryManager:96 - Updater plugin is busy. [1/15]
2025-03-16 15:35:24,147 [INFO] ServerAccessManage:473 - Download File PacksControlFlags.xml
2025-03-16 15:35:24,317 [INFO] ServerAccessManage:473 - Download File cubemx.pidx
2025-03-16 15:35:25,077 [INFO] ServerAccessManage:473 - Download File STMicroelectronics.FP-SNS-FLIGHT1.pdsc
2025-03-16 15:35:26,937 [WARN] MainUpdater:1193 - Updater busy. Cannot search thirdparties
2025-03-16 15:35:26,937 [INFO] ThirdPartyUpdaterWithRetryManager:96 - Updater plugin is busy. [2/15]
2025-03-16 15:35:28,077 [INFO] WebApp:169 - Instantiating new browser for Auth
2025-03-16 15:35:29,857 [WARN] PackLoader:240 - Cannot read IP mode file for STMicroelectronics.FP-SNS-FLIGHT1.5.1.0
2025-03-16 15:35:29,867 [INFO] PopulateThirdPartyThread:66 - Ending populate Thread
2025-03-16 15:35:29,878 [INFO] ThirdParty:1030 - CMSIS Pack Vendor :STMicroelectronics FP-SNS-FLIGHT1 5.1.0
2025-03-16 15:35:29,878 [INFO] LoadServerUpdatesThread:375 - End of LoadServerUpdate Thread
2025-03-16 15:35:29,967 [WARN] MainUpdater:1193 - Updater busy. Cannot search thirdparties
2025-03-16 15:35:29,968 [INFO] ThirdPartyUpdaterWithRetryManager:96 - Updater plugin is busy. [3/15]
2025-03-16 15:35:30,239 [INFO] CheckServerUpdateThread:120 - End of CheckServer Thread
2025-03-16 15:35:31,400 [INFO] WebApp:463 - Apply proxy settings
2025-03-16 15:35:31,402 [INFO] WebApp:548 - Chromium requires no authentication
2025-03-16 15:35:31,917 [INFO] WebApp:491 - Direct internet connection detected
2025-03-16 15:35:32,098 [INFO] WebApp:894 - Register for checkConnection events
2025-03-16 15:35:32,098 [INFO] WebApp:463 - Apply proxy settings
2025-03-16 15:35:32,098 [INFO] WebApp:548 - Chromium requires no authentication
2025-03-16 15:35:32,108 [INFO] WebApp:491 - Direct internet connection detected
2025-03-16 15:35:33,168 [INFO] WebApp:225 - Starting web application
2025-03-16 15:35:33,168 [INFO] WebApp:593 - Web application path used C:\ST\STM32CubeIDE_1.16.1\STM32CubeIDE\plugins\com.st.stm32cube.common.mx_6.14.0.202502271554\db\plugins\mcufinder\reactClient1\index.html
2025-03-16 15:35:33,848 [WARN] PackLoader:240 - Cannot read IP mode file for STMicroelectronics.FP-SNS-MOTENVWB1.1.4.0
2025-03-16 15:35:33,877 [WARN] PackLoader:240 - Cannot read IP mode file for STMicroelectronics.FP-ATR-ASTRA1.2.0.2
2025-03-16 15:35:33,887 [WARN] PackLoader:240 - Cannot read IP mode file for STMicroelectronics.FP-ATR-ASTRA1.2.0.1
2025-03-16 15:35:33,938 [WARN] PackLoader:240 - Cannot read IP mode file for STMicroelectronics.X-CUBE-SMBUS.2.1.0
2025-03-16 15:35:33,957 [WARN] PackLoader:240 - Cannot read IP mode file for STMicroelectronics.X-CUBE-WB05N.1.1.0
2025-03-16 15:35:34,089 [WARN] PackLoader:240 - Cannot read IP mode file for STMicroelectronics.X-CUBE-AZRTOS-F7.1.1.0
2025-03-16 15:35:34,319 [INFO] WebApp:191 - Connection restablished
2025-03-16 15:35:34,418 [WARN] PackLoader:240 - Cannot read IP mode file for STMicroelectronics.X-CUBE-MEMS1.11.0.0
2025-03-16 15:35:35,869 [WARN] PackLoader:240 - Cannot read IP mode file for STMicroelectronics.FP-SNS-FLIGHT1.5.0.2
2025-03-16 15:35:35,893 [WARN] PackLoader:240 - Cannot read IP mode file for STMicroelectronics.X-CUBE-DISPLAY.3.0.0
2025-03-16 15:35:35,924 [WARN] PackLoader:240 - Cannot read IP mode file for STMicroelectronics.X-CUBE-BLE1.7.0.0
2025-03-16 15:35:35,973 [WARN] PackLoader:240 - Cannot read IP mode file for STMicroelectronics.X-CUBE-NFC10.1.0.0
2025-03-16 15:35:36,019 [WARN] PackLoader:240 - Cannot read IP mode file for STMicroelectronics.X-CUBE-BLEMGR.4.0.0
2025-03-16 15:35:36,048 [WARN] PackLoader:240 - Cannot read IP mode file for emotas.I-CUBE-CANOPEN.1.3.0
2025-03-16 15:35:36,099 [WARN] PackLoader:240 - Cannot read IP mode file for STMicroelectronics.X-CUBE-BLEMGR.3.1.0
2025-03-16 15:35:36,158 [WARN] PackLoader:240 - Cannot read IP mode file for STMicroelectronics.X-CUBE-AI.10.0.0
2025-03-16 15:35:36,178 [WARN] PackLoader:240 - Cannot read IP mode file for STMicroelectronics.FP-SNS-SMARTAG2.1.2.0
2025-03-16 15:35:36,188 [WARN] PackLoader:240 - Cannot read IP mode file for STMicroelectronics.FP-SNS-FLIGHT1.5.1.0
2025-03-16 15:35:36,558 [WARN] PackLoader:240 - Cannot read IP mode file for STMicroelectronics.X-CUBE-MEMS1.11.1.0
2025-03-16 15:35:37,218 [INFO] LogOutputStream:77 - [STDOUT_REDIRECT] 1 : Invalid condition id : UX_CORESTACK_Condition cause : null
2025-03-16 15:35:37,218 [INFO] LogOutputStream:77 - [STDOUT_REDIRECT] 1 : Invalid condition id : UX_CORESTACK_Condition cause : null
2025-03-16 15:35:37,228 [INFO] LogOutputStream:77 - [STDOUT_REDIRECT] 1 : Invalid condition id : UX_CORESTACK_Condition cause : null
2025-03-16 15:35:37,238 [INFO] LogOutputStream:77 - [STDOUT_REDIRECT] 1 : Invalid condition id : UX_CORESTACK_Condition cause : null
2025-03-16 15:35:37,238 [INFO] LogOutputStream:77 - [STDOUT_REDIRECT] 1 : Invalid condition id : UX_CORESTACK_Condition cause : null
2025-03-16 15:35:37,258 [WARN] PackLoader:240 - Cannot read IP mode file for STMicroelectronics.X-CUBE-AZRTOS-WL.2.0.0
2025-03-16 15:35:37,288 [WARN] PackLoader:240 - Cannot read IP mode file for STMicroelectronics.FP-SNS-MOTENV1.5.0.0
2025-03-16 15:35:37,318 [WARN] PackLoader:240 - Cannot read IP mode file for wolfSSL.I-CUBE-wolfMQTT.1.19.0
2025-03-16 15:35:37,338 [WARN] PackLoader:240 - Cannot read IP mode file for WES.I-CUBE-Cesium.1.3.0
2025-03-16 15:35:37,358 [WARN] PackLoader:240 - Cannot read IP mode file for STMicroelectronics.X-CUBE-BLE2.3.3.0
2025-03-16 15:35:37,378 [WARN] PackLoader:240 - Cannot read IP mode file for STMicroelectronics.X-CUBE-NFC9.1.0.0
2025-03-16 15:35:37,399 [WARN] PackLoader:240 - Cannot read IP mode file for STMicroelectronics.X-CUBE-BLE1.7.1.0
2025-03-16 15:35:37,429 [WARN] PackLoader:240 - Cannot read IP mode file for STMicroelectronics.X-CUBE-TCPP.4.1.0
2025-03-16 15:35:37,508 [WARN] PackLoader:240 - Cannot read IP mode file for STMicroelectronics.X-CUBE-AZRTOS-G0.1.1.0
2025-03-16 15:35:37,538 [WARN] PackLoader:240 - Cannot read IP mode file for STMicroelectronics.X-CUBE-SAFEA1.1.2.2
2025-03-16 15:35:37,548 [WARN] PackLoader:240 - Cannot read IP mode file for STMicroelectronics.X-CUBE-NFC4.3.0.0
2025-03-16 15:35:37,578 [WARN] PackLoader:240 - Cannot read IP mode file for EmbeddedOffice.I-CUBE-FS-RTOS.1.0.1
2025-03-16 15:35:37,599 [WARN] PackLoader:240 - Cannot read IP mode file for STMicroelectronics.X-CUBE-TCPP.4.2.0
2025-03-16 15:35:37,629 [WARN] PackLoader:240 - Cannot read IP mode file for RealThread.X-CUBE-RT-Thread_Nano.4.1.1
2025-03-16 15:35:37,659 [WARN] PackLoader:240 - Cannot read IP mode file for STMicroelectronics.FP-ATR-SIGFOX1.3.2.0
2025-03-16 15:35:37,668 [WARN] PackLoader:240 - Cannot read IP mode file for wolfSSL.I-CUBE-wolfSSL.5.7.2
2025-03-16 15:35:37,687 [WARN] ConditionMgr:438 - getConditionDescription Invalid condition id : Cortex-A Device cause : null
2025-03-16 15:35:37,759 [WARN] ConditionMgr:1044 - genDependencies : Invalid condition id : Cortex-A Device cause : null
2025-03-16 15:35:37,759 [WARN] ConditionMgr:1044 - genDependencies : Invalid condition id : Cortex-A Device cause : null
2025-03-16 15:35:37,759 [WARN] ConditionMgr:1044 - genDependencies : Invalid condition id : Cortex-A Device cause : null
2025-03-16 15:35:37,780 [WARN] PackLoader:240 - Cannot read IP mode file for STMicroelectronics.X-CUBE-EEPRMA1.5.1.0
2025-03-16 15:35:37,818 [WARN] PackLoader:240 - Cannot read IP mode file for ITTIA_DB.I-CUBE-ITTIADB.8.9.0
2025-03-16 15:35:37,948 [WARN] PackLoader:240 - Cannot read IP mode file for SEGGER.I-CUBE-embOS.1.3.1
2025-03-16 15:35:38,068 [WARN] PackLoader:240 - Cannot read IP mode file for STMicroelectronics.X-CUBE-ALGOBUILD.1.4.0
2025-03-16 15:35:38,077 [WARN] PackLoader:240 - Cannot read IP mode file for STMicroelectronics.X-CUBE-AI.9.1.0
2025-03-16 15:35:38,128 [WARN] PackLoader:240 - Cannot read IP mode file for STMicroelectronics.X-CUBE-AZRTOS-F4.1.1.0
2025-03-16 15:35:38,158 [WARN] PackLoader:240 - Cannot read IP mode file for STMicroelectronics.X-CUBE-ISPU.2.1.0
2025-03-16 15:35:38,169 [WARN] PackLoader:240 - Cannot read IP mode file for STMicroelectronics.X-CUBE-FREERTOS.1.2.0
2025-03-16 15:35:38,218 [WARN] PackLoader:240 - Cannot read IP mode file for STMicroelectronics.X-CUBE-AZRTOS-L5.2.0.0
2025-03-16 15:35:38,238 [WARN] PackLoader:240 - Cannot read IP mode file for STMicroelectronics.X-CUBE-NFC6.3.1.0
2025-03-16 15:35:38,249 [WARN] PackLoader:240 - Cannot read IP mode file for STMicroelectronics.X-CUBE-DPower.1.2.0
2025-03-16 15:35:38,259 [WARN] PackLoader:240 - Cannot read IP mode file for STMicroelectronics.X-CUBE-FREERTOS.1.3.0
2025-03-16 15:35:38,278 [WARN] PackLoader:240 - Cannot read IP mode file for STMicroelectronics.X-CUBE-NFC7.1.0.1
2025-03-16 15:35:38,328 [WARN] ConditionMgr:438 - getConditionDescription Invalid condition id : LAN8742 Phy interface Condition cause : null
2025-03-16 15:35:38,328 [WARN] PackLoader:240 - Cannot read IP mode file for STMicroelectronics.X-CUBE-AZRTOS-L4.2.0.0
2025-03-16 15:35:38,328 [WARN] ConditionMgr:1044 - genDependencies : Invalid condition id : LAN8742 Phy interface Condition cause : null
2025-03-16 15:35:38,328 [WARN] ConditionMgr:1044 - genDependencies : Invalid condition id : LAN8742 Phy interface Condition cause : null
2025-03-16 15:35:38,338 [WARN] ConditionMgr:1044 - genDependencies : Invalid condition id : LAN8742 Phy interface Condition cause : null
2025-03-16 15:35:38,348 [WARN] PackLoader:240 - Cannot read IP mode file for STMicroelectronics.X-CUBE-SFXS2LP1.4.0.0
2025-03-16 15:35:38,398 [WARN] PackLoader:240 - Cannot read IP mode file for STMicroelectronics.X-CUBE-AZRTOS-H7.3.3.0
2025-03-16 15:35:38,429 [WARN] PackLoader:240 - Cannot read IP mode file for STMicroelectronics.X-CUBE-IPS.3.0.0
2025-03-16 15:35:38,458 [WARN] ConditionMgr:438 - getConditionDescription Invalid condition id : UX DEVICE CLASS RTOS Condition cause : null
2025-03-16 15:35:38,458 [WARN] ConditionMgr:438 - getConditionDescription Invalid condition id : UX DEVICE CLASS RTOS Condition cause : null
2025-03-16 15:35:38,467 [WARN] PackLoader:240 - Cannot read IP mode file for STMicroelectronics.X-CUBE-AZRTOS-WB.2.0.0
2025-03-16 15:35:38,467 [WARN] ConditionMgr:1044 - genDependencies : Invalid condition id : UX DEVICE CLASS RTOS Condition cause : null
2025-03-16 15:35:38,467 [WARN] ConditionMgr:1044 - genDependencies : Invalid condition id : UX DEVICE CLASS RTOS Condition cause : null
2025-03-16 15:35:38,467 [WARN] ConditionMgr:1044 - genDependencies : Invalid condition id : UX DEVICE CLASS RTOS Condition cause : null
2025-03-16 15:35:38,467 [WARN] ConditionMgr:1044 - genDependencies : Invalid condition id : UX DEVICE CLASS RTOS Condition cause : null
2025-03-16 15:35:38,467 [WARN] ConditionMgr:1044 - genDependencies : Invalid condition id : UX DEVICE CLASS RTOS Condition cause : null
2025-03-16 15:35:38,528 [WARN] PackLoader:240 - Cannot read IP mode file for STMicroelectronics.X-CUBE-GNSS1.7.0.0
2025-03-16 15:35:38,548 [WARN] PackLoader:240 - Cannot read IP mode file for STMicroelectronics.X-CUBE-GNSS1.7.0.1
2025-03-16 15:35:38,558 [WARN] PackLoader:240 - Cannot read IP mode file for STMicroelectronics.X-CUBE-TOUCHGFX.4.25.0
2025-03-16 15:35:38,578 [WARN] PackLoader:240 - Cannot read IP mode file for STMicroelectronics.FP-SNS-STBOX1.2.0.0
2025-03-16 15:35:38,608 [WARN] PackLoader:240 - Cannot read IP mode file for STMicroelectronics.X-CUBE-SUBG2.5.0.0
2025-03-16 15:35:38,628 [WARN] PackLoader:240 - Cannot read IP mode file for Cesanta.I-CUBE-Mongoose.7.13.0
2025-03-16 15:35:38,668 [WARN] PackLoader:240 - Cannot read IP mode file for STMicroelectronics.X-CUBE-AZRTOS-G4.2.0.0
2025-03-16 15:35:38,688 [WARN] PackLoader:240 - Cannot read IP mode file for STMicroelectronics.X-CUBE-IPS.3.1.0
2025-03-16 15:35:38,718 [WARN] PackLoader:240 - Cannot read IP mode file for STMicroelectronics.X-CUBE-ALS.1.0.2
2025-03-16 15:35:38,729 [WARN] PackLoader:240 - Cannot read IP mode file for STMicroelectronics.X-CUBE-TOUCHGFX.4.24.2
2025-03-16 15:35:38,738 [WARN] PackLoader:240 - Cannot read IP mode file for STMicroelectronics.X-CUBE-TOUCHGFX.4.24.1
2025-03-16 15:35:38,738 [WARN] PackLoader:240 - Cannot read IP mode file for wolfSSL.I-CUBE-wolfTPM.3.4.0
2025-03-16 15:35:38,749 [WARN] PackLoader:240 - Cannot read IP mode file for portGmbH.I-Cube-SoM-uGOAL.1.1.0
2025-03-16 15:35:38,798 [WARN] PackLoader:240 - Cannot read IP mode file for STMicroelectronics.X-CUBE-AZRTOS-H7RS.1.0.0
2025-03-16 15:35:38,807 [WARN] PackLoader:240 - Cannot read IP mode file for STMicroelectronics.FP-ATR-ASTRA1.2.0.0
2025-03-16 15:35:38,838 [WARN] PackLoader:240 - Cannot read IP mode file for STMicroelectronics.X-CUBE-TOF1.3.4.2
2025-03-16 15:35:38,977 [WARN] PackLoader:240 - Cannot read IP mode file for Infineon.AIROC-Wi-Fi-Bluetooth-STM32.1.6.1
2025-03-16 15:35:38,998 [WARN] PackLoader:240 - Cannot read IP mode file for wolfSSL.I-CUBE-wolfSSH.1.4.17
2025-03-16 15:35:38,998 [INFO] ThirdParty:978 - Integrity check success = true
2025-03-16 15:35:38,998 [INFO] IntegrityCheckThread:100 - exiting critical section [integrity check]
2025-03-16 15:35:38,998 [INFO] IntegrityCheckThread:103 - End integrity checks thread
2025-03-16 16:55:25,847 [INFO] WebApp:194 - Connection lost
2025-03-16 16:55:43,087 [INFO] WebApp:191 - Connection restablished
2025-03-16 18:22:59,245 [INFO] WebApp:194 - Connection lost
2025-03-16 18:23:12,752 [INFO] WebApp:191 - Connection restablished
2025-03-16 18:23:15,652 [INFO] WebApp:194 - Connection lost
2025-03-16 18:23:15,851 [INFO] WebApp:191 - Connection restablished
2025-03-16 19:28:53,497 [INFO] WebApp:194 - Connection lost
2025-03-16 19:29:07,982 [INFO] WebApp:191 - Connection restablished
2025-03-16 19:29:09,615 [INFO] WebApp:194 - Connection lost
2025-03-16 19:29:09,866 [INFO] WebApp:191 - Connection restablished
2025-03-16 22:39:51,660 [INFO] WebApp:194 - Connection lost
2025-03-16 22:40:25,248 [INFO] WebApp:191 - Connection restablished
