2025-01-05 19:57:50,210 [INFO] Activator:176 - 


2025-01-05 19:57:50,233 [INFO] Activator:177 - !SESSION log4j initialized
2025-01-05 19:58:22,566 [INFO] LogOutputStream:77 - [STDOUT_REDIRECT] 
2025-01-05 19:58:40,807 [INFO] ApplicationProperties:184 - Using Application install path: C:\ST\STM32CubeIDE_1.16.1\STM32CubeIDE\plugins\com.st.stm32cube.common.mx_6.13.0.202411220809
2025-01-05 19:58:40,846 [INFO] DbMcusXml:78 - Set database path to: C:\ST\STM32CubeIDE_1.16.1\STM32CubeIDE\plugins\com.st.stm32cube.common.mx_6.13.0.202411220809\\db\/mcu/
2025-01-05 19:58:40,849 [INFO] ApiDb:274 - Set plugin database path to: C:\ST\STM32CubeIDE_1.16.1\STM32CubeIDE\plugins\com.st.stm32cube.common.mx_6.13.0.202411220809\\db\/plugins/boardmanager/
2025-01-05 19:58:40,850 [WARN] ApiDb:259 - Overriding images path with different value:  => C:\ST\STM32CubeIDE_1.16.1\STM32CubeIDE\plugins\com.st.stm32cube.common.mx_6.13.0.202411220809\\db\/plugins/mcufinder/images/
2025-01-05 19:58:40,873 [INFO] ApiDb:250 - Set database path to: C:\Users\Shuvro\.stmcufinder\plugins\mcufinder//mcu/
2025-01-05 19:58:40,877 [INFO] DbMcusAds:125 - Set database path to: C:\Users\Shuvro\.stmcufinder\plugins\mcufinder//mcu/
2025-01-05 19:58:40,890 [INFO] CrossReferenceDbSqlite:203 - Set database path to: C:\Users\Shuvro\.stmcufinder\plugins\mcufinder//mcu/cs/
2025-01-05 19:58:41,202 [INFO] RulesReader:64 - Compatibility file has been processed (297 Rules)
2025-01-05 19:58:41,446 [INFO] DbMcusXml:78 - Set database path to: C:\ST\STM32CubeIDE_1.16.1\STM32CubeIDE\plugins\com.st.stm32cube.common.mx_6.13.0.202411220809\\db\/mcu/
2025-01-05 19:58:41,447 [INFO] ApiDb:274 - Set plugin database path to: C:\ST\STM32CubeIDE_1.16.1\STM32CubeIDE\plugins\com.st.stm32cube.common.mx_6.13.0.202411220809\\db\/plugins/boardmanager/
2025-01-05 19:58:41,447 [INFO] ApiDb:261 - Set plugin images path to: C:\ST\STM32CubeIDE_1.16.1\STM32CubeIDE\plugins\com.st.stm32cube.common.mx_6.13.0.202411220809\\db\/plugins/mcufinder/images/
2025-01-05 19:58:41,448 [WARN] DbFile:41 - Overriding database path with different value: C:\Users\Shuvro\.stmcufinder\plugins\mcufinder/ => C:\Users\Shuvro\.stmcufinder\plugins\mcufinder
2025-01-05 19:58:41,449 [INFO] ApiDb:250 - Set database path to: C:\Users\Shuvro\.stmcufinder\plugins\mcufinder//mcu/
2025-01-05 19:58:41,449 [WARN] DbFile:41 - Overriding database path with different value: C:\Users\Shuvro\.stmcufinder\plugins\mcufinder/ => C:\Users\Shuvro\.stmcufinder\plugins\mcufinder
2025-01-05 19:58:41,449 [INFO] DbMcusAds:125 - Set database path to: C:\Users\Shuvro\.stmcufinder\plugins\mcufinder//mcu/
2025-01-05 19:58:41,449 [WARN] DbFile:41 - Overriding database path with different value: C:\Users\Shuvro\.stmcufinder\plugins\mcufinder/ => C:\Users\Shuvro\.stmcufinder\plugins\mcufinder
2025-01-05 19:58:41,449 [WARN] DbFile:41 - Overriding database path with different value: C:\Users\Shuvro\.stmcufinder\plugins\mcufinder/ => C:\Users\Shuvro\.stmcufinder\plugins\mcufinder
2025-01-05 19:58:41,450 [INFO] CrossReferenceDbSqlite:203 - Set database path to: C:\Users\Shuvro\.stmcufinder\plugins\mcufinder//mcu/cs/
2025-01-05 19:58:41,605 [INFO] MainPanel:272 - HeapMemory: 268435456
2025-01-05 19:58:41,905 [INFO] DbMcusXml:78 - Set database path to: C:\ST\STM32CubeIDE_1.16.1\STM32CubeIDE\plugins\com.st.stm32cube.common.mx_6.13.0.202411220809\\db\/mcu/
2025-01-05 19:58:41,906 [INFO] ApiDb:274 - Set plugin database path to: C:\ST\STM32CubeIDE_1.16.1\STM32CubeIDE\plugins\com.st.stm32cube.common.mx_6.13.0.202411220809\\db\/plugins/boardmanager/
2025-01-05 19:58:41,906 [INFO] ApiDb:261 - Set plugin images path to: C:\ST\STM32CubeIDE_1.16.1\STM32CubeIDE\plugins\com.st.stm32cube.common.mx_6.13.0.202411220809\\db\/plugins/mcufinder/images/
2025-01-05 19:58:41,908 [WARN] DbFile:41 - Overriding database path with different value: C:\Users\Shuvro\.stmcufinder\plugins\mcufinder/ => C:\Users\Shuvro\.stmcufinder\plugins\mcufinder
2025-01-05 19:58:41,908 [INFO] ApiDb:250 - Set database path to: C:\Users\Shuvro\.stmcufinder\plugins\mcufinder//mcu/
2025-01-05 19:58:41,908 [WARN] DbFile:41 - Overriding database path with different value: C:\Users\Shuvro\.stmcufinder\plugins\mcufinder/ => C:\Users\Shuvro\.stmcufinder\plugins\mcufinder
2025-01-05 19:58:41,909 [INFO] DbMcusAds:125 - Set database path to: C:\Users\Shuvro\.stmcufinder\plugins\mcufinder//mcu/
2025-01-05 19:58:41,909 [WARN] DbFile:41 - Overriding database path with different value: C:\Users\Shuvro\.stmcufinder\plugins\mcufinder/ => C:\Users\Shuvro\.stmcufinder\plugins\mcufinder
2025-01-05 19:58:41,909 [WARN] DbFile:41 - Overriding database path with different value: C:\Users\Shuvro\.stmcufinder\plugins\mcufinder/ => C:\Users\Shuvro\.stmcufinder\plugins\mcufinder
2025-01-05 19:58:41,910 [INFO] CrossReferenceDbSqlite:203 - Set database path to: C:\Users\Shuvro\.stmcufinder\plugins\mcufinder//mcu/cs/
2025-01-05 19:58:41,967 [INFO] ApplicationProperties:184 - Using Application install path: C:\ST\STM32CubeIDE_1.16.1\STM32CubeIDE\plugins\com.st.stm32cube.common.mx_6.13.0.202411220809
2025-01-05 19:58:41,971 [INFO] PluginManage:196 - Search for loadable plugins [exclusion list=, ]
2025-01-05 19:58:41,977 [INFO] PluginManage:310 - Check plugin analytics
2025-01-05 19:58:52,521 [INFO] AnalyticsPlugin:253 - Accepted Software Licenses: 
2025-01-05 19:58:52,522 [INFO] AnalyticsPlugin:255 - Accepted CMSIS Pack Licenses: 
2025-01-05 19:58:52,523 [INFO] AnalyticsPlugin:257 - Accepted Firmware Licenses: 
2025-01-05 19:58:52,524 [INFO] PluginManage:359 - Loaded plugin analytics (category:tool,tabindex:-1)
2025-01-05 19:58:52,524 [INFO] PluginManage:310 - Check plugin cadmodel
2025-01-05 19:58:52,559 [INFO] CADModel:105 - Init CAD model plugin
2025-01-05 19:58:52,560 [INFO] PluginManage:359 - Loaded plugin cadmodel (category:power,tabindex:5)
2025-01-05 19:58:52,561 [INFO] PluginManage:310 - Check plugin clock
2025-01-05 19:58:52,603 [INFO] PluginManage:359 - Loaded plugin clock (category:base,tabindex:2)
2025-01-05 19:58:52,604 [INFO] PluginManage:310 - Check plugin ddr
2025-01-05 19:58:52,612 [INFO] PluginManage:359 - Loaded plugin ddr (category:tool,tabindex:6)
2025-01-05 19:58:52,612 [INFO] PluginManage:310 - Check plugin filemanager
2025-01-05 19:58:52,914 [INFO] PluginManage:359 - Loaded plugin filemanager (category:base,tabindex:10)
2025-01-05 19:58:52,914 [INFO] PluginManage:310 - Check plugin ipmanager
2025-01-05 19:58:52,929 [INFO] PluginManage:359 - Loaded plugin ipmanager (category:base,tabindex:5)
2025-01-05 19:58:52,929 [INFO] PluginManage:310 - Check plugin lpbam
2025-01-05 19:58:52,966 [INFO] PluginManage:359 - Loaded plugin lpbam (category:base,tabindex:0)
2025-01-05 19:58:52,967 [INFO] PluginManage:310 - Check plugin memorymap
2025-01-05 19:58:53,022 [INFO] PluginManage:359 - Loaded plugin memorymap (category:base,tabindex:4)
2025-01-05 19:58:53,022 [INFO] PluginManage:310 - Check plugin pinoutandconfiguration
2025-01-05 19:58:53,050 [INFO] PluginManage:359 - Loaded plugin pinoutandconfiguration (category:base,tabindex:1)
2025-01-05 19:58:53,050 [INFO] PluginManage:310 - Check plugin pinoutconfig
2025-01-05 19:58:53,222 [WARN] SupportedApi:132 - Cannot load RTOS API schema: s4s-elt-must-match.1: The content of 'definitions' must match (annotation?, (simpleType | complexType)?, (unique | key | keyref)*)). A problem was found starting at: attribute.
2025-01-05 19:58:53,524 [INFO] PluginManage:359 - Loaded plugin pinoutconfig (category:base,tabindex:0)
2025-01-05 19:58:53,524 [INFO] PluginManage:310 - Check plugin power
2025-01-05 19:58:53,569 [INFO] PluginManage:359 - Loaded plugin power (category:power,tabindex:4)
2025-01-05 19:58:53,569 [INFO] PluginManage:310 - Check plugin projectmanager
2025-01-05 19:58:53,611 [INFO] PluginManage:359 - Loaded plugin projectmanager (category:projectmanager,tabindex:4)
2025-01-05 19:58:53,611 [INFO] PluginManage:310 - Check plugin rif
2025-01-05 19:58:53,652 [INFO] PluginManage:359 - Loaded plugin rif (category:base,tabindex:3)
2025-01-05 19:58:53,653 [INFO] PluginManage:310 - Check plugin thirdparty
2025-01-05 19:58:54,497 [WARN] IntegrityCheckThread:84 - waiting for thirdparty lock release [integrity check]
2025-01-05 19:58:54,497 [INFO] PluginManage:359 - Loaded plugin thirdparty (category:base,tabindex:-1)
2025-01-05 19:58:54,498 [INFO] IntegrityCheckThread:86 - entering critical section [integrity check]
2025-01-05 19:58:54,498 [INFO] PluginManage:310 - Check plugin tools
2025-01-05 19:58:54,499 [INFO] ThirdPartyUpdaterWithRetryManager:70 - Updater plugin not ready yet. [1/15]
2025-01-05 19:58:54,628 [INFO] PluginManage:359 - Loaded plugin tools (category:base,tabindex:7)
2025-01-05 19:58:54,629 [INFO] PluginManage:310 - Check plugin tutovideos
2025-01-05 19:58:55,131 [INFO] PluginManage:359 - Loaded plugin tutovideos (category:base,tabindex:-1)
2025-01-05 19:58:55,132 [INFO] PluginManage:310 - Check plugin updater
2025-01-05 19:58:55,215 [INFO] PluginManage:359 - Loaded plugin updater (category:base,tabindex:12)
2025-01-05 19:58:55,215 [INFO] PluginManage:310 - Check plugin userauth
2025-01-05 19:58:55,227 [INFO] UserAuth:118 - Init User Auth plugin
2025-01-05 19:58:55,229 [INFO] PluginManage:359 - Loaded plugin userauth (category:base,tabindex:14)
2025-01-05 19:58:55,229 [INFO] PluginManage:283 - PluginManage : Loaded plugins [18]
2025-01-05 19:58:55,866 [INFO] PinOutPanel:1589 - setPackage(No Configuration,No Configuration)
2025-01-05 19:58:56,044 [INFO] CADModel:165 - CPN selected for project level
2025-01-05 19:58:56,044 [INFO] CADModel:114 - Register for checkConnection events
2025-01-05 19:58:56,128 [INFO] IPUIPlugin:80 - create IPUIPlugin
2025-01-05 19:58:56,128 [INFO] PluginManager:220 - loadIPPluginJar : add adc
2025-01-05 19:58:56,246 [INFO] IPUIPlugin:80 - create IPUIPlugin
2025-01-05 19:58:56,246 [INFO] PluginManager:220 - loadIPPluginJar : add aes
2025-01-05 19:58:56,352 [INFO] IPUIPlugin:80 - create IPUIPlugin
2025-01-05 19:58:56,352 [INFO] PluginManager:220 - loadIPPluginJar : add can
2025-01-05 19:58:56,413 [INFO] IPUIPlugin:80 - create IPUIPlugin
2025-01-05 19:58:56,413 [INFO] PluginManager:220 - loadIPPluginJar : add comp
2025-01-05 19:58:56,524 [INFO] IPUIPlugin:80 - create IPUIPlugin
2025-01-05 19:58:56,524 [INFO] PluginManager:220 - loadIPPluginJar : add cryp
2025-01-05 19:58:56,549 [INFO] IPUIPlugin:80 - create IPUIPlugin
2025-01-05 19:58:56,549 [INFO] PluginManager:220 - loadIPPluginJar : add ddr_ctrl_phy
2025-01-05 19:58:56,626 [INFO] IPUIPlugin:80 - create IPUIPlugin
2025-01-05 19:58:56,626 [INFO] PluginManager:220 - loadIPPluginJar : add dfsdm
2025-01-05 19:58:56,682 [INFO] IPUIPlugin:80 - create IPUIPlugin
2025-01-05 19:58:56,684 [INFO] PluginManager:220 - loadIPPluginJar : add dma
2025-01-05 19:58:56,775 [INFO] IPUIPlugin:80 - create IPUIPlugin
2025-01-05 19:58:56,775 [INFO] PluginManager:220 - loadIPPluginJar : add dma3
2025-01-05 19:58:56,882 [INFO] IPUIPlugin:80 - create IPUIPlugin
2025-01-05 19:58:56,882 [INFO] PluginManager:220 - loadIPPluginJar : add extmemmanager
2025-01-05 19:58:56,931 [INFO] IPUIPlugin:80 - create IPUIPlugin
2025-01-05 19:58:56,931 [INFO] PluginManager:220 - loadIPPluginJar : add fatfs
2025-01-05 19:58:57,142 [INFO] IPUIPlugin:80 - create IPUIPlugin
2025-01-05 19:58:57,143 [INFO] PluginManager:220 - loadIPPluginJar : add fmc
2025-01-05 19:58:57,221 [INFO] IPUIPlugin:80 - create IPUIPlugin
2025-01-05 19:58:57,222 [INFO] PluginManager:220 - loadIPPluginJar : add freertos
2025-01-05 19:58:57,354 [INFO] IPUIPlugin:80 - create IPUIPlugin
2025-01-05 19:58:57,354 [INFO] PluginManager:220 - loadIPPluginJar : add genericplugin
2025-01-05 19:58:57,514 [INFO] ThirdPartyUpdaterWithRetryManager:70 - Updater plugin not ready yet. [2/15]
2025-01-05 19:58:57,613 [INFO] IPUIPlugin:80 - create IPUIPlugin
2025-01-05 19:58:57,613 [INFO] PluginManager:220 - loadIPPluginJar : add gfxmmu
2025-01-05 19:58:57,936 [INFO] IPUIPlugin:80 - create IPUIPlugin
2025-01-05 19:58:57,936 [INFO] PluginManager:220 - loadIPPluginJar : add gic
2025-01-05 19:58:57,967 [INFO] IPUIPlugin:80 - create IPUIPlugin
2025-01-05 19:58:57,967 [INFO] PluginManager:220 - loadIPPluginJar : add gpio
2025-01-05 19:58:58,243 [INFO] IPUIPlugin:80 - create IPUIPlugin
2025-01-05 19:58:58,243 [INFO] PluginManager:220 - loadIPPluginJar : add gtzc
2025-01-05 19:58:58,308 [INFO] IPUIPlugin:80 - create IPUIPlugin
2025-01-05 19:58:58,308 [INFO] PluginManager:220 - loadIPPluginJar : add hash
2025-01-05 19:58:58,415 [INFO] IPUIPlugin:80 - create IPUIPlugin
2025-01-05 19:58:58,415 [INFO] PluginManager:220 - loadIPPluginJar : add i2c
2025-01-05 19:58:58,511 [INFO] IPUIPlugin:80 - create IPUIPlugin
2025-01-05 19:58:58,511 [INFO] PluginManager:220 - loadIPPluginJar : add i2s
2025-01-05 19:58:58,639 [INFO] IPUIPlugin:80 - create IPUIPlugin
2025-01-05 19:58:58,639 [INFO] PluginManager:220 - loadIPPluginJar : add i3c
2025-01-05 19:58:58,879 [INFO] IPUIPlugin:80 - create IPUIPlugin
2025-01-05 19:58:58,879 [INFO] PluginManager:220 - loadIPPluginJar : add ipddr
2025-01-05 19:58:59,106 [INFO] IPUIPlugin:80 - create IPUIPlugin
2025-01-05 19:58:59,106 [INFO] PluginManager:220 - loadIPPluginJar : add linkedlist
2025-01-05 19:58:59,203 [INFO] IPUIPlugin:80 - create IPUIPlugin
2025-01-05 19:58:59,203 [INFO] PluginManager:220 - loadIPPluginJar : add lorawan
2025-01-05 19:58:59,301 [INFO] IPUIPlugin:80 - create IPUIPlugin
2025-01-05 19:58:59,302 [INFO] PluginManager:220 - loadIPPluginJar : add ltdc
2025-01-05 19:58:59,335 [INFO] IPUIPlugin:80 - create IPUIPlugin
2025-01-05 19:58:59,336 [INFO] PluginManager:220 - loadIPPluginJar : add mdma
2025-01-05 19:58:59,371 [INFO] IPUIPlugin:80 - create IPUIPlugin
2025-01-05 19:58:59,371 [INFO] PluginManager:220 - loadIPPluginJar : add nvic
2025-01-05 19:58:59,505 [INFO] IPUIPlugin:80 - create IPUIPlugin
2025-01-05 19:58:59,505 [INFO] PluginManager:220 - loadIPPluginJar : add opamp
2025-01-05 19:58:59,702 [INFO] IPUIPlugin:80 - create IPUIPlugin
2025-01-05 19:58:59,703 [INFO] PluginManager:220 - loadIPPluginJar : add openamp
2025-01-05 19:58:59,800 [INFO] IPUIPlugin:80 - create IPUIPlugin
2025-01-05 19:58:59,800 [INFO] PluginManager:220 - loadIPPluginJar : add pdm2pcm
2025-01-05 19:58:59,824 [INFO] IPUIPlugin:80 - create IPUIPlugin
2025-01-05 19:58:59,827 [INFO] PluginManager:220 - loadIPPluginJar : add plateformsettings
2025-01-05 19:58:59,868 [INFO] IPUIPlugin:80 - create IPUIPlugin
2025-01-05 19:58:59,868 [INFO] PluginManager:220 - loadIPPluginJar : add quadspi
2025-01-05 19:58:59,932 [INFO] IPUIPlugin:80 - create IPUIPlugin
2025-01-05 19:58:59,933 [INFO] PluginManager:220 - loadIPPluginJar : add radio
2025-01-05 19:58:59,962 [INFO] IPUIPlugin:80 - create IPUIPlugin
2025-01-05 19:58:59,962 [INFO] PluginManager:220 - loadIPPluginJar : add resmgrutility
2025-01-05 19:59:00,086 [INFO] IPUIPlugin:80 - create IPUIPlugin
2025-01-05 19:59:00,087 [INFO] PluginManager:220 - loadIPPluginJar : add sai
2025-01-05 19:59:00,165 [INFO] IPUIPlugin:80 - create IPUIPlugin
2025-01-05 19:59:00,166 [INFO] PluginManager:220 - loadIPPluginJar : add spi
2025-01-05 19:59:00,338 [INFO] IPUIPlugin:80 - create IPUIPlugin
2025-01-05 19:59:00,338 [INFO] PluginManager:220 - loadIPPluginJar : add stm32_wpan
2025-01-05 19:59:00,398 [INFO] IPUIPlugin:80 - create IPUIPlugin
2025-01-05 19:59:00,398 [INFO] PluginManager:220 - loadIPPluginJar : add tim
2025-01-05 19:59:00,518 [INFO] ThirdPartyUpdaterWithRetryManager:70 - Updater plugin not ready yet. [3/15]
2025-01-05 19:59:00,531 [INFO] IPUIPlugin:80 - create IPUIPlugin
2025-01-05 19:59:00,532 [INFO] PluginManager:220 - loadIPPluginJar : add touchsensing
2025-01-05 19:59:00,585 [INFO] IPUIPlugin:80 - create IPUIPlugin
2025-01-05 19:59:00,585 [INFO] PluginManager:220 - loadIPPluginJar : add tracer_emb
2025-01-05 19:59:00,646 [INFO] IPUIPlugin:80 - create IPUIPlugin
2025-01-05 19:59:00,646 [INFO] PluginManager:220 - loadIPPluginJar : add ts
2025-01-05 19:59:00,688 [INFO] IPUIPlugin:80 - create IPUIPlugin
2025-01-05 19:59:00,688 [INFO] PluginManager:220 - loadIPPluginJar : add tsc
2025-01-05 19:59:00,731 [INFO] IPUIPlugin:80 - create IPUIPlugin
2025-01-05 19:59:00,732 [INFO] PluginManager:220 - loadIPPluginJar : add ucpd
2025-01-05 19:59:00,815 [INFO] IPUIPlugin:80 - create IPUIPlugin
2025-01-05 19:59:00,816 [INFO] PluginManager:220 - loadIPPluginJar : add usart
2025-01-05 19:59:00,948 [INFO] IPUIPlugin:80 - create IPUIPlugin
2025-01-05 19:59:00,948 [INFO] PluginManager:220 - loadIPPluginJar : add usbx
2025-01-05 19:59:01,125 [FATAL] Updater:351 - Updater called before beeing initialized
2025-01-05 19:59:01,186 [INFO] RulesReader:64 - Compatibility file has been processed (297 Rules)
2025-01-05 19:59:01,215 [INFO] RulesReader:64 - Compatibility file has been processed (297 Rules)
2025-01-05 19:59:01,232 [INFO] CADModel:165 - CPN selected for project level
2025-01-05 19:59:01,233 [INFO] CADModel:114 - Register for checkConnection events
2025-01-05 19:59:01,233 [FATAL] Updater:351 - Updater called before beeing initialized
2025-01-05 19:59:01,233 [ERROR] CADModel:125 - Updater not yet initialized, retry later 
2025-01-05 19:59:01,577 [FATAL] Updater:351 - Updater called before beeing initialized
2025-01-05 19:59:01,581 [INFO] CADModel:165 - CPN selected for project level
2025-01-05 19:59:01,581 [INFO] CADModel:114 - Register for checkConnection events
2025-01-05 19:59:01,582 [FATAL] Updater:351 - Updater called before beeing initialized
2025-01-05 19:59:01,582 [ERROR] CADModel:125 - Updater not yet initialized, retry later 
2025-01-05 19:59:01,588 [FATAL] Updater:351 - Updater called before beeing initialized
2025-01-05 19:59:01,834 [FATAL] Updater:351 - Updater called before beeing initialized
2025-01-05 19:59:01,861 [INFO] DbMcusAds:53 - JSON generation date=Tue Dec 17 22:01:15 BDT 2024 (1734451275222)
2025-01-05 19:59:01,861 [FATAL] Updater:351 - Updater called before beeing initialized
2025-01-05 19:59:02,001 [WARN] DetailPanel:346 - Failed to get advertising image, set to default
2025-01-05 19:59:02,695 [FATAL] Updater:351 - Updater called before beeing initialized
2025-01-05 19:59:02,700 [FATAL] Updater:351 - Updater called before beeing initialized
2025-01-05 19:59:02,700 [FATAL] Updater:351 - Updater called before beeing initialized
2025-01-05 19:59:02,700 [WARN] DetailPanel:346 - Failed to get advertising image, set to default
2025-01-05 19:59:02,702 [FATAL] Updater:351 - Updater called before beeing initialized
2025-01-05 19:59:02,803 [ERROR] Updater:1198 - MainUpdater not yet initialized. External WinMGr cannot be set.
2025-01-05 19:59:02,823 [INFO] Updater:1134 - Updater Version found : 6.13.0
2025-01-05 19:59:02,870 [INFO] ApplicationProperties:184 - Using Application install path: C:\ST\STM32CubeIDE_1.16.1\STM32CubeIDE\plugins\com.st.stm32cube.common.mx_6.13.0.202411220809
2025-01-05 19:59:03,525 [INFO] ThirdPartyUpdaterWithRetryManager:70 - Updater plugin not ready yet. [4/15]
2025-01-05 19:59:04,553 [ERROR] LogOutputStream:75 - [STDERR_REDIRECT] Jan 05, 2025 7:59:04 PM java.util.prefs.WindowsPreferences <init>
2025-01-05 19:59:04,555 [ERROR] LogOutputStream:75 - [STDERR_REDIRECT] WARNING: Could not open/create prefs root node Software\JavaSoft\Prefs at root 0xffffffff80000002. Windows RegCreateKeyEx(...) returned error code 5.
2025-01-05 19:59:04,555 [ERROR] LogOutputStream:75 - [STDERR_REDIRECT] 
2025-01-05 19:59:05,525 [INFO] MainUpdater:2872 - connection check result : 10
2025-01-05 19:59:05,526 [INFO] MainUpdater:289 - Updater Check For Update Now.
2025-01-05 19:59:05,526 [INFO] MicroXplorer:498 - Change Database Version : DB.6.0.130
2025-01-05 19:59:05,573 [INFO] McuFinderGlobals:63 - Set McuFinder mode to 2 (CubeIDE integrated)
2025-01-05 19:59:05,573 [INFO] UserAuth:171 - activating auth plugin
2025-01-05 19:59:05,581 [INFO] UserAuth:486 - Internet connection configuration mode: 1
2025-01-05 19:59:05,651 [INFO] JxBrowserEngine:152 - Initiate JxBrowser Engine with user profile folder
2025-01-05 19:59:06,068 [INFO] CheckServerUpdateThread:120 - End of CheckServer Thread
2025-01-05 19:59:07,480 [WARN] PackLoader:240 - Cannot read IP mode file for STMicroelectronics.FP-SNS-MOTENVWB1.1.4.0
2025-01-05 19:59:07,520 [WARN] PackLoader:240 - Cannot read IP mode file for STMicroelectronics.FP-ATR-ASTRA1.2.0.1
2025-01-05 19:59:07,565 [WARN] PackLoader:240 - Cannot read IP mode file for STMicroelectronics.X-CUBE-SMBUS.2.1.0
2025-01-05 19:59:08,045 [WARN] PackLoader:240 - Cannot read IP mode file for STMicroelectronics.X-CUBE-WB05N.1.1.0
2025-01-05 19:59:08,186 [WARN] PackLoader:240 - Cannot read IP mode file for STMicroelectronics.X-CUBE-AZRTOS-F7.1.1.0
2025-01-05 19:59:08,511 [WARN] PackLoader:240 - Cannot read IP mode file for STMicroelectronics.X-CUBE-MEMS1.11.0.0
2025-01-05 19:59:09,471 [WARN] PackLoader:240 - Cannot read IP mode file for STMicroelectronics.FP-SNS-FLIGHT1.5.0.2
2025-01-05 19:59:09,569 [WARN] PackLoader:240 - Cannot read IP mode file for STMicroelectronics.X-CUBE-DISPLAY.3.0.0
2025-01-05 19:59:09,667 [WARN] PackLoader:240 - Cannot read IP mode file for STMicroelectronics.X-CUBE-BLE1.7.0.0
2025-01-05 19:59:09,860 [WARN] PackLoader:240 - Cannot read IP mode file for STMicroelectronics.X-CUBE-NFC10.1.0.0
2025-01-05 19:59:09,957 [WARN] PackLoader:240 - Cannot read IP mode file for STMicroelectronics.X-CUBE-BLEMGR.4.0.0
2025-01-05 19:59:10,071 [WARN] PackLoader:240 - Cannot read IP mode file for emotas.I-CUBE-CANOPEN.1.3.0
2025-01-05 19:59:10,244 [WARN] PackLoader:240 - Cannot read IP mode file for STMicroelectronics.X-CUBE-BLEMGR.3.1.0
2025-01-05 19:59:10,314 [WARN] PackLoader:240 - Cannot read IP mode file for STMicroelectronics.FP-SNS-SMARTAG2.1.2.0
2025-01-05 19:59:10,699 [WARN] PackLoader:240 - Cannot read IP mode file for STMicroelectronics.X-CUBE-MEMS1.11.1.0
2025-01-05 19:59:10,921 [INFO] WebApp:168 - Instantiating new browser for Auth
2025-01-05 19:59:12,262 [INFO] LogOutputStream:77 - [STDOUT_REDIRECT] 1 : Invalid condition id : UX_CORESTACK_Condition cause : null
2025-01-05 19:59:12,264 [INFO] LogOutputStream:77 - [STDOUT_REDIRECT] 1 : Invalid condition id : UX_CORESTACK_Condition cause : null
2025-01-05 19:59:12,283 [INFO] LogOutputStream:77 - [STDOUT_REDIRECT] 1 : Invalid condition id : UX_CORESTACK_Condition cause : null
2025-01-05 19:59:12,290 [INFO] LogOutputStream:77 - [STDOUT_REDIRECT] 1 : Invalid condition id : UX_CORESTACK_Condition cause : null
2025-01-05 19:59:12,294 [INFO] LogOutputStream:77 - [STDOUT_REDIRECT] 1 : Invalid condition id : UX_CORESTACK_Condition cause : null
2025-01-05 19:59:12,304 [WARN] PackLoader:240 - Cannot read IP mode file for STMicroelectronics.X-CUBE-AZRTOS-WL.2.0.0
2025-01-05 19:59:12,433 [WARN] PackLoader:240 - Cannot read IP mode file for STMicroelectronics.FP-SNS-MOTENV1.5.0.0
2025-01-05 19:59:12,483 [WARN] PackLoader:240 - Cannot read IP mode file for wolfSSL.I-CUBE-wolfMQTT.1.19.0
2025-01-05 19:59:12,669 [WARN] PackLoader:240 - Cannot read IP mode file for WES.I-CUBE-Cesium.1.3.0
2025-01-05 19:59:12,820 [WARN] PackLoader:240 - Cannot read IP mode file for STMicroelectronics.X-CUBE-BLE2.3.3.0
2025-01-05 19:59:12,968 [WARN] PackLoader:240 - Cannot read IP mode file for STMicroelectronics.X-CUBE-NFC9.1.0.0
2025-01-05 19:59:13,015 [WARN] PackLoader:240 - Cannot read IP mode file for STMicroelectronics.X-CUBE-TCPP.4.1.0
2025-01-05 19:59:13,130 [WARN] PackLoader:240 - Cannot read IP mode file for STMicroelectronics.X-CUBE-AZRTOS-G0.1.1.0
2025-01-05 19:59:13,237 [WARN] PackLoader:240 - Cannot read IP mode file for STMicroelectronics.X-CUBE-SAFEA1.1.2.2
2025-01-05 19:59:13,302 [WARN] PackLoader:240 - Cannot read IP mode file for STMicroelectronics.X-CUBE-NFC4.3.0.0
2025-01-05 19:59:13,398 [WARN] PackLoader:240 - Cannot read IP mode file for EmbeddedOffice.I-CUBE-FS-RTOS.1.0.1
2025-01-05 19:59:13,450 [WARN] PackLoader:240 - Cannot read IP mode file for STMicroelectronics.X-CUBE-TCPP.4.2.0
2025-01-05 19:59:13,508 [WARN] PackLoader:240 - Cannot read IP mode file for RealThread.X-CUBE-RT-Thread_Nano.4.1.1
2025-01-05 19:59:13,552 [WARN] PackLoader:240 - Cannot read IP mode file for STMicroelectronics.FP-ATR-SIGFOX1.3.2.0
2025-01-05 19:59:13,590 [WARN] PackLoader:240 - Cannot read IP mode file for wolfSSL.I-CUBE-wolfSSL.5.7.2
2025-01-05 19:59:13,645 [WARN] ConditionMgr:438 - getConditionDescription Invalid condition id : Cortex-A Device cause : null
2025-01-05 19:59:13,753 [WARN] ConditionMgr:1044 - genDependencies : Invalid condition id : Cortex-A Device cause : null
2025-01-05 19:59:13,754 [WARN] ConditionMgr:1044 - genDependencies : Invalid condition id : Cortex-A Device cause : null
2025-01-05 19:59:13,755 [WARN] ConditionMgr:1044 - genDependencies : Invalid condition id : Cortex-A Device cause : null
2025-01-05 19:59:13,917 [WARN] PackLoader:240 - Cannot read IP mode file for STMicroelectronics.X-CUBE-EEPRMA1.5.1.0
2025-01-05 19:59:14,351 [WARN] PackLoader:240 - Cannot read IP mode file for ITTIA_DB.I-CUBE-ITTIADB.8.9.0
2025-01-05 19:59:14,612 [WARN] PackLoader:240 - Cannot read IP mode file for SEGGER.I-CUBE-embOS.1.3.1
2025-01-05 19:59:14,864 [WARN] PackLoader:240 - Cannot read IP mode file for STMicroelectronics.X-CUBE-ALGOBUILD.1.4.0
2025-01-05 19:59:15,001 [WARN] PackLoader:240 - Cannot read IP mode file for STMicroelectronics.X-CUBE-AI.9.1.0
2025-01-05 19:59:15,140 [WARN] PackLoader:240 - Cannot read IP mode file for STMicroelectronics.X-CUBE-AZRTOS-F4.1.1.0
2025-01-05 19:59:15,198 [WARN] PackLoader:240 - Cannot read IP mode file for STMicroelectronics.X-CUBE-ISPU.2.1.0
2025-01-05 19:59:15,263 [WARN] PackLoader:240 - Cannot read IP mode file for STMicroelectronics.X-CUBE-FREERTOS.1.2.0
2025-01-05 19:59:15,466 [WARN] PackLoader:240 - Cannot read IP mode file for STMicroelectronics.X-CUBE-AZRTOS-L5.2.0.0
2025-01-05 19:59:15,539 [WARN] PackLoader:240 - Cannot read IP mode file for STMicroelectronics.X-CUBE-NFC6.3.1.0
2025-01-05 19:59:15,667 [WARN] PackLoader:240 - Cannot read IP mode file for STMicroelectronics.X-CUBE-DPower.1.2.0
2025-01-05 19:59:15,719 [WARN] PackLoader:240 - Cannot read IP mode file for STMicroelectronics.X-CUBE-FREERTOS.1.3.0
2025-01-05 19:59:15,860 [WARN] PackLoader:240 - Cannot read IP mode file for STMicroelectronics.X-CUBE-NFC7.1.0.1
2025-01-05 19:59:16,299 [WARN] ConditionMgr:438 - getConditionDescription Invalid condition id : LAN8742 Phy interface Condition cause : null
2025-01-05 19:59:16,301 [WARN] PackLoader:240 - Cannot read IP mode file for STMicroelectronics.X-CUBE-AZRTOS-L4.2.0.0
2025-01-05 19:59:16,304 [WARN] ConditionMgr:1044 - genDependencies : Invalid condition id : LAN8742 Phy interface Condition cause : null
2025-01-05 19:59:16,305 [WARN] ConditionMgr:1044 - genDependencies : Invalid condition id : LAN8742 Phy interface Condition cause : null
2025-01-05 19:59:16,309 [WARN] ConditionMgr:1044 - genDependencies : Invalid condition id : LAN8742 Phy interface Condition cause : null
2025-01-05 19:59:16,403 [WARN] PackLoader:240 - Cannot read IP mode file for STMicroelectronics.X-CUBE-SFXS2LP1.4.0.0
2025-01-05 19:59:16,587 [WARN] PackLoader:240 - Cannot read IP mode file for STMicroelectronics.X-CUBE-AZRTOS-H7.3.3.0
2025-01-05 19:59:16,669 [WARN] PackLoader:240 - Cannot read IP mode file for STMicroelectronics.X-CUBE-IPS.3.0.0
2025-01-05 19:59:16,774 [WARN] ConditionMgr:438 - getConditionDescription Invalid condition id : UX DEVICE CLASS RTOS Condition cause : null
2025-01-05 19:59:16,775 [WARN] ConditionMgr:438 - getConditionDescription Invalid condition id : UX DEVICE CLASS RTOS Condition cause : null
2025-01-05 19:59:16,780 [WARN] PackLoader:240 - Cannot read IP mode file for STMicroelectronics.X-CUBE-AZRTOS-WB.2.0.0
2025-01-05 19:59:16,782 [WARN] ConditionMgr:1044 - genDependencies : Invalid condition id : UX DEVICE CLASS RTOS Condition cause : null
2025-01-05 19:59:16,783 [WARN] ConditionMgr:1044 - genDependencies : Invalid condition id : UX DEVICE CLASS RTOS Condition cause : null
2025-01-05 19:59:16,785 [WARN] ConditionMgr:1044 - genDependencies : Invalid condition id : UX DEVICE CLASS RTOS Condition cause : null
2025-01-05 19:59:16,786 [WARN] ConditionMgr:1044 - genDependencies : Invalid condition id : UX DEVICE CLASS RTOS Condition cause : null
2025-01-05 19:59:16,786 [WARN] ConditionMgr:1044 - genDependencies : Invalid condition id : UX DEVICE CLASS RTOS Condition cause : null
2025-01-05 19:59:16,863 [WARN] PackLoader:240 - Cannot read IP mode file for STMicroelectronics.X-CUBE-GNSS1.7.0.0
2025-01-05 19:59:16,911 [INFO] WebApp:449 - Apply proxy settings
2025-01-05 19:59:16,912 [INFO] WebApp:534 - Chromium requires no authentication
2025-01-05 19:59:16,949 [INFO] WebApp:477 - Direct internet connection detected
2025-01-05 19:59:16,952 [WARN] PackLoader:240 - Cannot read IP mode file for STMicroelectronics.X-CUBE-GNSS1.7.0.1
2025-01-05 19:59:17,029 [WARN] PackLoader:240 - Cannot read IP mode file for STMicroelectronics.FP-SNS-STBOX1.2.0.0
2025-01-05 19:59:17,101 [INFO] WebApp:880 - Register for checkConnection events
2025-01-05 19:59:17,102 [INFO] WebApp:449 - Apply proxy settings
2025-01-05 19:59:17,102 [INFO] WebApp:534 - Chromium requires no authentication
2025-01-05 19:59:17,111 [INFO] WebApp:477 - Direct internet connection detected
2025-01-05 19:59:17,152 [WARN] PackLoader:240 - Cannot read IP mode file for STMicroelectronics.X-CUBE-SUBG2.5.0.0
2025-01-05 19:59:17,218 [WARN] PackLoader:240 - Cannot read IP mode file for Cesanta.I-CUBE-Mongoose.7.13.0
2025-01-05 19:59:17,394 [WARN] PackLoader:240 - Cannot read IP mode file for STMicroelectronics.X-CUBE-AZRTOS-G4.2.0.0
2025-01-05 19:59:17,457 [WARN] PackLoader:240 - Cannot read IP mode file for STMicroelectronics.X-CUBE-ALS.1.0.2
2025-01-05 19:59:17,551 [WARN] PackLoader:240 - Cannot read IP mode file for STMicroelectronics.X-CUBE-TOUCHGFX.4.24.1
2025-01-05 19:59:17,955 [INFO] WebApp:187 - Connection restablished
2025-01-05 19:59:17,986 [WARN] PackLoader:240 - Cannot read IP mode file for wolfSSL.I-CUBE-wolfTPM.3.4.0
2025-01-05 19:59:18,061 [WARN] PackLoader:240 - Cannot read IP mode file for portGmbH.I-Cube-SoM-uGOAL.1.1.0
2025-01-05 19:59:18,299 [WARN] PackLoader:240 - Cannot read IP mode file for STMicroelectronics.X-CUBE-AZRTOS-H7RS.1.0.0
2025-01-05 19:59:18,372 [WARN] PackLoader:240 - Cannot read IP mode file for STMicroelectronics.FP-ATR-ASTRA1.2.0.0
2025-01-05 19:59:18,483 [WARN] PackLoader:240 - Cannot read IP mode file for STMicroelectronics.X-CUBE-TOF1.3.4.2
2025-01-05 19:59:18,791 [WARN] PackLoader:240 - Cannot read IP mode file for Infineon.AIROC-Wi-Fi-Bluetooth-STM32.1.6.1
2025-01-05 19:59:18,840 [WARN] PackLoader:240 - Cannot read IP mode file for wolfSSL.I-CUBE-wolfSSH.1.4.17
2025-01-05 19:59:18,841 [INFO] ThirdParty:978 - Integrity check success = true
2025-01-05 19:59:18,842 [INFO] IntegrityCheckThread:100 - exiting critical section [integrity check]
2025-01-05 19:59:18,842 [INFO] IntegrityCheckThread:103 - End integrity checks thread
2025-01-05 19:59:18,849 [INFO] WebApp:221 - Starting web application
2025-01-05 19:59:18,850 [INFO] WebApp:579 - Web application path used C:\ST\STM32CubeIDE_1.16.1\STM32CubeIDE\plugins\com.st.stm32cube.common.mx_6.13.0.202411220809\db\plugins\mcufinder\reactClient1\index.html
