2024-11-29 12:57:51,010 [INFO] Activator:176 - 


2024-11-29 12:57:51,023 [INFO] Activator:177 - !SESSION log4j initialized
2024-11-29 12:58:02,937 [INFO] LogOutputStream:77 - [STDOUT_REDIRECT] 
2024-11-29 12:58:14,197 [INFO] ApplicationProperties:184 - Using Application install path: C:\ST\STM32CubeIDE_1.16.1\STM32CubeIDE\plugins\com.st.stm32cube.common.mx_6.12.1.202409122256
2024-11-29 12:58:14,240 [INFO] DbMcusXml:78 - Set database path to: C:\ST\STM32CubeIDE_1.16.1\STM32CubeIDE\plugins\com.st.stm32cube.common.mx_6.12.1.202409122256\\db\/mcu/
2024-11-29 12:58:14,241 [INFO] ApiDb:274 - Set plugin database path to: C:\ST\STM32CubeIDE_1.16.1\STM32CubeIDE\plugins\com.st.stm32cube.common.mx_6.12.1.202409122256\\db\/plugins/boardmanager/
2024-11-29 12:58:14,242 [WARN] ApiDb:259 - Overriding images path with different value:  => C:\ST\STM32CubeIDE_1.16.1\STM32CubeIDE\plugins\com.st.stm32cube.common.mx_6.12.1.202409122256\\db\/plugins/mcufinder/images/
2024-11-29 12:58:14,261 [INFO] ApiDb:250 - Set database path to: C:\Users\Shuvro\.stmcufinder\plugins\mcufinder//mcu/
2024-11-29 12:58:14,263 [INFO] DbMcusAds:125 - Set database path to: C:\Users\Shuvro\.stmcufinder\plugins\mcufinder//mcu/
2024-11-29 12:58:14,300 [INFO] CrossReferenceDbSqlite:203 - Set database path to: C:\Users\Shuvro\.stmcufinder\plugins\mcufinder//mcu/cs/
2024-11-29 12:58:14,520 [INFO] RulesReader:64 - Compatibility file has been processed (297 Rules)
2024-11-29 12:58:14,719 [INFO] DbMcusXml:78 - Set database path to: C:\ST\STM32CubeIDE_1.16.1\STM32CubeIDE\plugins\com.st.stm32cube.common.mx_6.12.1.202409122256\\db\/mcu/
2024-11-29 12:58:14,719 [INFO] ApiDb:274 - Set plugin database path to: C:\ST\STM32CubeIDE_1.16.1\STM32CubeIDE\plugins\com.st.stm32cube.common.mx_6.12.1.202409122256\\db\/plugins/boardmanager/
2024-11-29 12:58:14,719 [INFO] ApiDb:261 - Set plugin images path to: C:\ST\STM32CubeIDE_1.16.1\STM32CubeIDE\plugins\com.st.stm32cube.common.mx_6.12.1.202409122256\\db\/plugins/mcufinder/images/
2024-11-29 12:58:14,720 [WARN] DbFile:41 - Overriding database path with different value: C:\Users\Shuvro\.stmcufinder\plugins\mcufinder/ => C:\Users\Shuvro\.stmcufinder\plugins\mcufinder
2024-11-29 12:58:14,720 [INFO] ApiDb:250 - Set database path to: C:\Users\Shuvro\.stmcufinder\plugins\mcufinder//mcu/
2024-11-29 12:58:14,720 [WARN] DbFile:41 - Overriding database path with different value: C:\Users\Shuvro\.stmcufinder\plugins\mcufinder/ => C:\Users\Shuvro\.stmcufinder\plugins\mcufinder
2024-11-29 12:58:14,720 [INFO] DbMcusAds:125 - Set database path to: C:\Users\Shuvro\.stmcufinder\plugins\mcufinder//mcu/
2024-11-29 12:58:14,721 [WARN] DbFile:41 - Overriding database path with different value: C:\Users\Shuvro\.stmcufinder\plugins\mcufinder/ => C:\Users\Shuvro\.stmcufinder\plugins\mcufinder
2024-11-29 12:58:14,721 [WARN] DbFile:41 - Overriding database path with different value: C:\Users\Shuvro\.stmcufinder\plugins\mcufinder/ => C:\Users\Shuvro\.stmcufinder\plugins\mcufinder
2024-11-29 12:58:14,721 [INFO] CrossReferenceDbSqlite:203 - Set database path to: C:\Users\Shuvro\.stmcufinder\plugins\mcufinder//mcu/cs/
2024-11-29 12:58:14,873 [INFO] MainPanel:268 - HeapMemory: 268435456
2024-11-29 12:58:15,189 [INFO] DbMcusXml:78 - Set database path to: C:\ST\STM32CubeIDE_1.16.1\STM32CubeIDE\plugins\com.st.stm32cube.common.mx_6.12.1.202409122256\\db\/mcu/
2024-11-29 12:58:15,189 [INFO] ApiDb:274 - Set plugin database path to: C:\ST\STM32CubeIDE_1.16.1\STM32CubeIDE\plugins\com.st.stm32cube.common.mx_6.12.1.202409122256\\db\/plugins/boardmanager/
2024-11-29 12:58:15,189 [INFO] ApiDb:261 - Set plugin images path to: C:\ST\STM32CubeIDE_1.16.1\STM32CubeIDE\plugins\com.st.stm32cube.common.mx_6.12.1.202409122256\\db\/plugins/mcufinder/images/
2024-11-29 12:58:15,190 [WARN] DbFile:41 - Overriding database path with different value: C:\Users\Shuvro\.stmcufinder\plugins\mcufinder/ => C:\Users\Shuvro\.stmcufinder\plugins\mcufinder
2024-11-29 12:58:15,190 [INFO] ApiDb:250 - Set database path to: C:\Users\Shuvro\.stmcufinder\plugins\mcufinder//mcu/
2024-11-29 12:58:15,191 [WARN] DbFile:41 - Overriding database path with different value: C:\Users\Shuvro\.stmcufinder\plugins\mcufinder/ => C:\Users\Shuvro\.stmcufinder\plugins\mcufinder
2024-11-29 12:58:15,191 [INFO] DbMcusAds:125 - Set database path to: C:\Users\Shuvro\.stmcufinder\plugins\mcufinder//mcu/
2024-11-29 12:58:15,191 [WARN] DbFile:41 - Overriding database path with different value: C:\Users\Shuvro\.stmcufinder\plugins\mcufinder/ => C:\Users\Shuvro\.stmcufinder\plugins\mcufinder
2024-11-29 12:58:15,191 [WARN] DbFile:41 - Overriding database path with different value: C:\Users\Shuvro\.stmcufinder\plugins\mcufinder/ => C:\Users\Shuvro\.stmcufinder\plugins\mcufinder
2024-11-29 12:58:15,192 [INFO] CrossReferenceDbSqlite:203 - Set database path to: C:\Users\Shuvro\.stmcufinder\plugins\mcufinder//mcu/cs/
2024-11-29 12:58:15,242 [INFO] ApplicationProperties:184 - Using Application install path: C:\ST\STM32CubeIDE_1.16.1\STM32CubeIDE\plugins\com.st.stm32cube.common.mx_6.12.1.202409122256
2024-11-29 12:58:15,245 [INFO] PluginManage:196 - Search for loadable plugins [exclusion list=, ]
2024-11-29 12:58:15,250 [INFO] PluginManage:310 - Check plugin analytics
2024-11-29 12:58:25,203 [INFO] AnalyticsPlugin:253 - Accepted Software Licenses: 
2024-11-29 12:58:25,204 [INFO] AnalyticsPlugin:255 - Accepted CMSIS Pack Licenses: 
2024-11-29 12:58:25,204 [INFO] AnalyticsPlugin:257 - Accepted Firmware Licenses: 
2024-11-29 12:58:25,209 [INFO] PluginManage:359 - Loaded plugin analytics (category:tool,tabindex:-1)
2024-11-29 12:58:25,210 [INFO] PluginManage:310 - Check plugin cadmodel
2024-11-29 12:58:25,326 [INFO] CADModel:105 - Init CAD model plugin
2024-11-29 12:58:25,327 [INFO] PluginManage:359 - Loaded plugin cadmodel (category:power,tabindex:5)
2024-11-29 12:58:25,327 [INFO] PluginManage:310 - Check plugin clock
2024-11-29 12:58:25,359 [INFO] PluginManage:359 - Loaded plugin clock (category:base,tabindex:2)
2024-11-29 12:58:25,359 [INFO] PluginManage:310 - Check plugin ddr
2024-11-29 12:58:25,366 [INFO] PluginManage:359 - Loaded plugin ddr (category:tool,tabindex:6)
2024-11-29 12:58:25,366 [INFO] PluginManage:310 - Check plugin filemanager
2024-11-29 12:58:25,610 [INFO] PluginManage:359 - Loaded plugin filemanager (category:base,tabindex:10)
2024-11-29 12:58:25,611 [INFO] PluginManage:310 - Check plugin ipmanager
2024-11-29 12:58:25,621 [INFO] PluginManage:359 - Loaded plugin ipmanager (category:base,tabindex:5)
2024-11-29 12:58:25,622 [INFO] PluginManage:310 - Check plugin lpbam
2024-11-29 12:58:25,645 [INFO] PluginManage:359 - Loaded plugin lpbam (category:base,tabindex:0)
2024-11-29 12:58:25,645 [INFO] PluginManage:310 - Check plugin memorymap
2024-11-29 12:58:25,677 [INFO] PluginManage:359 - Loaded plugin memorymap (category:base,tabindex:4)
2024-11-29 12:58:25,677 [INFO] PluginManage:310 - Check plugin pinoutandconfiguration
2024-11-29 12:58:25,702 [INFO] PluginManage:359 - Loaded plugin pinoutandconfiguration (category:base,tabindex:1)
2024-11-29 12:58:25,703 [INFO] PluginManage:310 - Check plugin pinoutconfig
2024-11-29 12:58:25,868 [WARN] SupportedApi:132 - Cannot load RTOS API schema: s4s-elt-must-match.1: The content of 'definitions' must match (annotation?, (simpleType | complexType)?, (unique | key | keyref)*)). A problem was found starting at: attribute.
2024-11-29 12:58:26,095 [INFO] PluginManage:359 - Loaded plugin pinoutconfig (category:base,tabindex:0)
2024-11-29 12:58:26,095 [INFO] PluginManage:310 - Check plugin power
2024-11-29 12:58:26,140 [INFO] PluginManage:359 - Loaded plugin power (category:power,tabindex:4)
2024-11-29 12:58:26,140 [INFO] PluginManage:310 - Check plugin projectmanager
2024-11-29 12:58:26,167 [INFO] PluginManage:359 - Loaded plugin projectmanager (category:projectmanager,tabindex:4)
2024-11-29 12:58:26,167 [INFO] PluginManage:310 - Check plugin rif
2024-11-29 12:58:26,194 [INFO] PluginManage:359 - Loaded plugin rif (category:base,tabindex:3)
2024-11-29 12:58:26,195 [INFO] PluginManage:310 - Check plugin thirdparty
2024-11-29 12:58:26,657 [INFO] PluginManage:359 - Loaded plugin thirdparty (category:base,tabindex:-1)
2024-11-29 12:58:26,657 [WARN] IntegrityCheckThread:84 - waiting for thirdparty lock release [integrity check]
2024-11-29 12:58:26,658 [INFO] IntegrityCheckThread:86 - entering critical section [integrity check]
2024-11-29 12:58:26,658 [INFO] PluginManage:310 - Check plugin tools
2024-11-29 12:58:26,659 [INFO] ThirdPartyUpdaterWithRetryManager:70 - Updater plugin not ready yet. [1/15]
2024-11-29 12:58:26,714 [INFO] PluginManage:359 - Loaded plugin tools (category:base,tabindex:7)
2024-11-29 12:58:26,715 [INFO] PluginManage:310 - Check plugin tutovideos
2024-11-29 12:58:27,018 [INFO] PluginManage:359 - Loaded plugin tutovideos (category:base,tabindex:-1)
2024-11-29 12:58:27,018 [INFO] PluginManage:310 - Check plugin updater
2024-11-29 12:58:27,040 [INFO] PluginManage:359 - Loaded plugin updater (category:base,tabindex:12)
2024-11-29 12:58:27,040 [INFO] PluginManage:310 - Check plugin userauth
2024-11-29 12:58:27,048 [INFO] UserAuth:113 - Init User Auth plugin
2024-11-29 12:58:27,049 [INFO] PluginManage:359 - Loaded plugin userauth (category:base,tabindex:14)
2024-11-29 12:58:27,049 [INFO] PluginManage:283 - PluginManage : Loaded plugins [18]
2024-11-29 12:58:27,363 [INFO] PinOutPanel:1561 - setPackage(No Configuration,No Configuration)
2024-11-29 12:58:27,497 [INFO] CADModel:165 - CPN selected for project level
2024-11-29 12:58:27,498 [INFO] CADModel:114 - Register for checkConnection events
2024-11-29 12:58:27,543 [INFO] IPUIPlugin:80 - create IPUIPlugin
2024-11-29 12:58:27,544 [INFO] PluginManager:220 - loadIPPluginJar : add adc
2024-11-29 12:58:27,597 [INFO] IPUIPlugin:80 - create IPUIPlugin
2024-11-29 12:58:27,597 [INFO] PluginManager:220 - loadIPPluginJar : add aes
2024-11-29 12:58:27,665 [INFO] IPUIPlugin:80 - create IPUIPlugin
2024-11-29 12:58:27,666 [INFO] PluginManager:220 - loadIPPluginJar : add can
2024-11-29 12:58:27,703 [INFO] IPUIPlugin:80 - create IPUIPlugin
2024-11-29 12:58:27,703 [INFO] PluginManager:220 - loadIPPluginJar : add comp
2024-11-29 12:58:27,756 [INFO] IPUIPlugin:80 - create IPUIPlugin
2024-11-29 12:58:27,756 [INFO] PluginManager:220 - loadIPPluginJar : add cryp
2024-11-29 12:58:27,777 [INFO] IPUIPlugin:80 - create IPUIPlugin
2024-11-29 12:58:27,777 [INFO] PluginManager:220 - loadIPPluginJar : add ddr_ctrl_phy
2024-11-29 12:58:27,823 [INFO] IPUIPlugin:80 - create IPUIPlugin
2024-11-29 12:58:27,823 [INFO] PluginManager:220 - loadIPPluginJar : add dfsdm
2024-11-29 12:58:27,841 [INFO] IPUIPlugin:80 - create IPUIPlugin
2024-11-29 12:58:27,842 [INFO] PluginManager:220 - loadIPPluginJar : add dma
2024-11-29 12:58:27,912 [INFO] IPUIPlugin:80 - create IPUIPlugin
2024-11-29 12:58:27,912 [INFO] PluginManager:220 - loadIPPluginJar : add dma3
2024-11-29 12:58:27,975 [INFO] IPUIPlugin:80 - create IPUIPlugin
2024-11-29 12:58:27,976 [INFO] PluginManager:220 - loadIPPluginJar : add extmemmanager
2024-11-29 12:58:28,006 [INFO] IPUIPlugin:80 - create IPUIPlugin
2024-11-29 12:58:28,007 [INFO] PluginManager:220 - loadIPPluginJar : add fatfs
2024-11-29 12:58:28,087 [INFO] IPUIPlugin:80 - create IPUIPlugin
2024-11-29 12:58:28,087 [INFO] PluginManager:220 - loadIPPluginJar : add fmc
2024-11-29 12:58:28,110 [INFO] IPUIPlugin:80 - create IPUIPlugin
2024-11-29 12:58:28,110 [INFO] PluginManager:220 - loadIPPluginJar : add freertos
2024-11-29 12:58:28,145 [INFO] IPUIPlugin:80 - create IPUIPlugin
2024-11-29 12:58:28,145 [INFO] PluginManager:220 - loadIPPluginJar : add genericplugin
2024-11-29 12:58:28,287 [INFO] IPUIPlugin:80 - create IPUIPlugin
2024-11-29 12:58:28,287 [INFO] PluginManager:220 - loadIPPluginJar : add gfxmmu
2024-11-29 12:58:28,500 [INFO] IPUIPlugin:80 - create IPUIPlugin
2024-11-29 12:58:28,500 [INFO] PluginManager:220 - loadIPPluginJar : add gic
2024-11-29 12:58:28,520 [INFO] IPUIPlugin:80 - create IPUIPlugin
2024-11-29 12:58:28,521 [INFO] PluginManager:220 - loadIPPluginJar : add gpio
2024-11-29 12:58:28,686 [INFO] IPUIPlugin:80 - create IPUIPlugin
2024-11-29 12:58:28,686 [INFO] PluginManager:220 - loadIPPluginJar : add gtzc
2024-11-29 12:58:28,738 [INFO] IPUIPlugin:80 - create IPUIPlugin
2024-11-29 12:58:28,738 [INFO] PluginManager:220 - loadIPPluginJar : add hash
2024-11-29 12:58:28,812 [INFO] IPUIPlugin:80 - create IPUIPlugin
2024-11-29 12:58:28,812 [INFO] PluginManager:220 - loadIPPluginJar : add i2c
2024-11-29 12:58:28,873 [INFO] IPUIPlugin:80 - create IPUIPlugin
2024-11-29 12:58:28,873 [INFO] PluginManager:220 - loadIPPluginJar : add i2s
2024-11-29 12:58:28,928 [INFO] IPUIPlugin:80 - create IPUIPlugin
2024-11-29 12:58:28,929 [INFO] PluginManager:220 - loadIPPluginJar : add i3c
2024-11-29 12:58:29,096 [INFO] IPUIPlugin:80 - create IPUIPlugin
2024-11-29 12:58:29,096 [INFO] PluginManager:220 - loadIPPluginJar : add ipddr
2024-11-29 12:58:29,234 [INFO] IPUIPlugin:80 - create IPUIPlugin
2024-11-29 12:58:29,235 [INFO] PluginManager:220 - loadIPPluginJar : add linkedlist
2024-11-29 12:58:29,285 [INFO] IPUIPlugin:80 - create IPUIPlugin
2024-11-29 12:58:29,285 [INFO] PluginManager:220 - loadIPPluginJar : add lorawan
2024-11-29 12:58:29,338 [INFO] IPUIPlugin:80 - create IPUIPlugin
2024-11-29 12:58:29,339 [INFO] PluginManager:220 - loadIPPluginJar : add ltdc
2024-11-29 12:58:29,360 [INFO] IPUIPlugin:80 - create IPUIPlugin
2024-11-29 12:58:29,361 [INFO] PluginManager:220 - loadIPPluginJar : add mdma
2024-11-29 12:58:29,382 [INFO] IPUIPlugin:80 - create IPUIPlugin
2024-11-29 12:58:29,382 [INFO] PluginManager:220 - loadIPPluginJar : add nvic
2024-11-29 12:58:29,447 [INFO] IPUIPlugin:80 - create IPUIPlugin
2024-11-29 12:58:29,447 [INFO] PluginManager:220 - loadIPPluginJar : add opamp
2024-11-29 12:58:29,560 [INFO] IPUIPlugin:80 - create IPUIPlugin
2024-11-29 12:58:29,560 [INFO] PluginManager:220 - loadIPPluginJar : add openamp
2024-11-29 12:58:29,620 [INFO] IPUIPlugin:80 - create IPUIPlugin
2024-11-29 12:58:29,620 [INFO] PluginManager:220 - loadIPPluginJar : add pdm2pcm
2024-11-29 12:58:29,640 [INFO] IPUIPlugin:80 - create IPUIPlugin
2024-11-29 12:58:29,642 [INFO] PluginManager:220 - loadIPPluginJar : add plateformsettings
2024-11-29 12:58:29,661 [INFO] ThirdPartyUpdaterWithRetryManager:70 - Updater plugin not ready yet. [2/15]
2024-11-29 12:58:29,677 [INFO] IPUIPlugin:80 - create IPUIPlugin
2024-11-29 12:58:29,677 [INFO] PluginManager:220 - loadIPPluginJar : add quadspi
2024-11-29 12:58:29,718 [INFO] IPUIPlugin:80 - create IPUIPlugin
2024-11-29 12:58:29,719 [INFO] PluginManager:220 - loadIPPluginJar : add radio
2024-11-29 12:58:29,737 [INFO] IPUIPlugin:80 - create IPUIPlugin
2024-11-29 12:58:29,737 [INFO] PluginManager:220 - loadIPPluginJar : add resmgrutility
2024-11-29 12:58:29,829 [INFO] IPUIPlugin:80 - create IPUIPlugin
2024-11-29 12:58:29,829 [INFO] PluginManager:220 - loadIPPluginJar : add sai
2024-11-29 12:58:29,888 [INFO] IPUIPlugin:80 - create IPUIPlugin
2024-11-29 12:58:29,888 [INFO] PluginManager:220 - loadIPPluginJar : add spi
2024-11-29 12:58:30,012 [INFO] IPUIPlugin:80 - create IPUIPlugin
2024-11-29 12:58:30,012 [INFO] PluginManager:220 - loadIPPluginJar : add stm32_wpan
2024-11-29 12:58:30,043 [INFO] IPUIPlugin:80 - create IPUIPlugin
2024-11-29 12:58:30,043 [INFO] PluginManager:220 - loadIPPluginJar : add tim
2024-11-29 12:58:30,142 [INFO] IPUIPlugin:80 - create IPUIPlugin
2024-11-29 12:58:30,143 [INFO] PluginManager:220 - loadIPPluginJar : add touchsensing
2024-11-29 12:58:30,175 [INFO] IPUIPlugin:80 - create IPUIPlugin
2024-11-29 12:58:30,175 [INFO] PluginManager:220 - loadIPPluginJar : add tracer_emb
2024-11-29 12:58:30,210 [INFO] IPUIPlugin:80 - create IPUIPlugin
2024-11-29 12:58:30,210 [INFO] PluginManager:220 - loadIPPluginJar : add ts
2024-11-29 12:58:30,242 [INFO] IPUIPlugin:80 - create IPUIPlugin
2024-11-29 12:58:30,242 [INFO] PluginManager:220 - loadIPPluginJar : add tsc
2024-11-29 12:58:30,287 [INFO] IPUIPlugin:80 - create IPUIPlugin
2024-11-29 12:58:30,288 [INFO] PluginManager:220 - loadIPPluginJar : add ucpd
2024-11-29 12:58:30,353 [INFO] IPUIPlugin:80 - create IPUIPlugin
2024-11-29 12:58:30,353 [INFO] PluginManager:220 - loadIPPluginJar : add usart
2024-11-29 12:58:30,424 [INFO] IPUIPlugin:80 - create IPUIPlugin
2024-11-29 12:58:30,424 [INFO] PluginManager:220 - loadIPPluginJar : add usbx
2024-11-29 12:58:30,557 [INFO] CADModel:165 - CPN selected for project level
2024-11-29 12:58:30,557 [INFO] CADModel:114 - Register for checkConnection events
2024-11-29 12:58:30,558 [FATAL] Updater:334 - Updater called before beeing initialized
2024-11-29 12:58:30,558 [ERROR] CADModel:125 - Updater not yet initialized, retry later 
2024-11-29 12:58:30,726 [INFO] CADModel:165 - CPN selected for project level
2024-11-29 12:58:30,726 [INFO] CADModel:114 - Register for checkConnection events
2024-11-29 12:58:30,726 [FATAL] Updater:334 - Updater called before beeing initialized
2024-11-29 12:58:30,726 [ERROR] CADModel:125 - Updater not yet initialized, retry later 
2024-11-29 12:58:30,731 [FATAL] Updater:334 - Updater called before beeing initialized
2024-11-29 12:58:30,878 [FATAL] Updater:334 - Updater called before beeing initialized
2024-11-29 12:58:30,895 [INFO] DbMcusAds:53 - JSON generation date=Fri Sep 20 19:04:38 BDT 2024 (1726837478367)
2024-11-29 12:58:30,896 [FATAL] Updater:334 - Updater called before beeing initialized
2024-11-29 12:58:30,961 [WARN] DetailPanel:346 - Failed to get advertising image, set to default
2024-11-29 12:58:31,103 [FATAL] Updater:334 - Updater called before beeing initialized
2024-11-29 12:58:31,105 [FATAL] Updater:334 - Updater called before beeing initialized
2024-11-29 12:58:31,106 [FATAL] Updater:334 - Updater called before beeing initialized
2024-11-29 12:58:31,106 [WARN] DetailPanel:346 - Failed to get advertising image, set to default
2024-11-29 12:58:31,107 [FATAL] Updater:334 - Updater called before beeing initialized
2024-11-29 12:58:31,193 [ERROR] Updater:1164 - MainUpdater not yet initialized. External WinMGr cannot be set.
2024-11-29 12:58:31,217 [INFO] Updater:1100 - Updater Version found : 6.12.1
2024-11-29 12:58:31,259 [INFO] ApplicationProperties:184 - Using Application install path: C:\ST\STM32CubeIDE_1.16.1\STM32CubeIDE\plugins\com.st.stm32cube.common.mx_6.12.1.202409122256
2024-11-29 12:58:32,664 [INFO] ThirdPartyUpdaterWithRetryManager:70 - Updater plugin not ready yet. [3/15]
2024-11-29 12:58:32,864 [ERROR] LogOutputStream:75 - [STDERR_REDIRECT] Nov 29, 2024 12:58:32 PM java.util.prefs.WindowsPreferences <init>
2024-11-29 12:58:32,869 [ERROR] LogOutputStream:75 - [STDERR_REDIRECT] WARNING: Could not open/create prefs root node Software\JavaSoft\Prefs at root 0xffffffff80000002. Windows RegCreateKeyEx(...) returned error code 5.
2024-11-29 12:58:32,869 [ERROR] LogOutputStream:75 - [STDERR_REDIRECT] 
2024-11-29 12:58:35,665 [FATAL] Updater:334 - Updater called before beeing initialized
2024-11-29 12:58:35,666 [ERROR] IntegrityCheckThread:130 - Cannot retrieve database content from updater: error 21
2024-11-29 12:58:35,666 [INFO] ThirdParty:978 - Integrity check success = false
2024-11-29 12:58:35,666 [INFO] IntegrityCheckThread:100 - exiting critical section [integrity check]
2024-11-29 12:58:35,667 [INFO] IntegrityCheckThread:103 - End integrity checks thread
2024-11-29 12:58:37,196 [INFO] MainUpdater:2873 - connection check result : 10
2024-11-29 12:58:37,196 [INFO] MainUpdater:3567 - Updater definition file requires update
2024-11-29 12:58:37,197 [INFO] MainUpdater:290 - Updater Check For Update Now.
2024-11-29 12:58:37,198 [INFO] MicroXplorer:498 - Change Database Version : DB.6.0.121
2024-11-29 12:58:37,223 [INFO] McuFinderGlobals:63 - Set McuFinder mode to 2 (CubeIDE integrated)
2024-11-29 12:58:37,223 [INFO] UserAuth:179 - activating auth plugin
2024-11-29 12:58:37,227 [INFO] UserAuth:417 - Internet connection configuration mode: 1
2024-11-29 12:58:37,266 [INFO] JxBrowserEngine:152 - Initiate JxBrowser Engine with user profile folder
2024-11-29 12:58:37,387 [INFO] ServerAccessManage:473 - Download File updaters.zip
2024-11-29 12:58:37,546 [INFO] FileExtend:240 - Unzip File : updaters.zip
2024-11-29 12:58:37,547 [INFO] FileExtend:255 - Standard Zip Deflate
2024-11-29 12:58:39,738 [INFO] ServerAccessManage:473 - Download File PacksControlFlags.xml
2024-11-29 12:58:40,071 [INFO] ServerAccessManage:473 - Download File cubemx.pidx
2024-11-29 12:58:40,315 [INFO] LoadServerUpdatesThread:375 - End of LoadServerUpdate Thread
2024-11-29 12:58:40,707 [INFO] CheckServerUpdateThread:120 - End of CheckServer Thread
2024-11-29 12:58:50,785 [INFO] WebApp:167 - Instantiating new browser for Auth
2024-11-29 12:58:52,755 [INFO] WebApp:448 - Apply proxy settings
2024-11-29 12:58:52,756 [INFO] WebApp:533 - Chromium requires no authentication
2024-11-29 12:58:52,784 [INFO] WebApp:476 - Direct internet connection detected
2024-11-29 12:58:52,875 [INFO] WebApp:869 - Register for checkConnection events
2024-11-29 12:58:52,875 [INFO] WebApp:448 - Apply proxy settings
2024-11-29 12:58:52,876 [INFO] WebApp:533 - Chromium requires no authentication
2024-11-29 12:58:52,877 [INFO] WebApp:476 - Direct internet connection detected
2024-11-29 12:58:53,261 [INFO] WebApp:186 - Connection restablished
2024-11-29 12:58:53,667 [INFO] WebApp:220 - Starting web application
2024-11-29 12:58:53,667 [INFO] WebApp:578 - Web application path used C:\ST\STM32CubeIDE_1.16.1\STM32CubeIDE\plugins\com.st.stm32cube.common.mx_6.12.1.202409122256\db\plugins\mcufinder\reactClient1\index.html
2024-11-29 20:54:58,527 [ERROR] LogOutputStream:75 - [STDERR_REDIRECT] 
