2025-04-02 06:18:02,878 [ERROR] LogOutputStream:75 - [STDERR_REDIRECT] 
2025-04-02 21:56:55,559 [INFO] Activator:176 - 


2025-04-02 21:56:55,563 [INFO] Activator:177 - !SESSION log4j initialized
2025-04-02 21:57:02,553 [ERROR] LogOutputStream:75 - [STDERR_REDIRECT] Apr 02, 2025 9:57:02 PM org.apache.lucene.internal.vectorization.VectorizationProvider lookup
2025-04-02 21:57:02,553 [ERROR] LogOutputStream:75 - [STDERR_REDIRECT] WARNING: Java vector incubator module is not readable. For optimal vector performance, pass '--add-modules jdk.incubator.vector' to enable Vector API.
2025-04-02 21:57:02,553 [ERROR] LogOutputStream:75 - [STDERR_REDIRECT] 
2025-04-02 21:57:04,973 [INFO] LogOutputStream:77 - [STDOUT_REDIRECT] 
2025-04-02 21:57:15,368 [INFO] ApplicationProperties:184 - Using Application install path: C:\ST\STM32CubeIDE_1.16.1\STM32CubeIDE\plugins\com.st.stm32cube.common.mx_6.14.0.202502271554
2025-04-02 21:57:15,393 [INFO] DbMcusXml:78 - Set database path to: C:\ST\STM32CubeIDE_1.16.1\STM32CubeIDE\plugins\com.st.stm32cube.common.mx_6.14.0.202502271554\\db\/mcu/
2025-04-02 21:57:15,393 [INFO] ApiDb:274 - Set plugin database path to: C:\ST\STM32CubeIDE_1.16.1\STM32CubeIDE\plugins\com.st.stm32cube.common.mx_6.14.0.202502271554\\db\/plugins/boardmanager/
2025-04-02 21:57:15,394 [WARN] ApiDb:259 - Overriding images path with different value:  => C:\ST\STM32CubeIDE_1.16.1\STM32CubeIDE\plugins\com.st.stm32cube.common.mx_6.14.0.202502271554\\db\/plugins/mcufinder/images/
2025-04-02 21:57:15,406 [INFO] ApiDb:250 - Set database path to: C:\Users\Shuvro\.stmcufinder\plugins\mcufinder//mcu/
2025-04-02 21:57:15,407 [INFO] DbMcusAds:125 - Set database path to: C:\Users\Shuvro\.stmcufinder\plugins\mcufinder//mcu/
2025-04-02 21:57:15,419 [INFO] CrossReferenceDbSqlite:203 - Set database path to: C:\Users\Shuvro\.stmcufinder\plugins\mcufinder//mcu/cs/
2025-04-02 21:57:15,566 [INFO] RulesReader:64 - Compatibility file has been processed (301 Rules)
2025-04-02 21:57:15,683 [INFO] DbMcusXml:78 - Set database path to: C:\ST\STM32CubeIDE_1.16.1\STM32CubeIDE\plugins\com.st.stm32cube.common.mx_6.14.0.202502271554\\db\/mcu/
2025-04-02 21:57:15,683 [INFO] ApiDb:274 - Set plugin database path to: C:\ST\STM32CubeIDE_1.16.1\STM32CubeIDE\plugins\com.st.stm32cube.common.mx_6.14.0.202502271554\\db\/plugins/boardmanager/
2025-04-02 21:57:15,684 [INFO] ApiDb:261 - Set plugin images path to: C:\ST\STM32CubeIDE_1.16.1\STM32CubeIDE\plugins\com.st.stm32cube.common.mx_6.14.0.202502271554\\db\/plugins/mcufinder/images/
2025-04-02 21:57:15,684 [WARN] DbFile:41 - Overriding database path with different value: C:\Users\Shuvro\.stmcufinder\plugins\mcufinder/ => C:\Users\Shuvro\.stmcufinder\plugins\mcufinder
2025-04-02 21:57:15,684 [INFO] ApiDb:250 - Set database path to: C:\Users\Shuvro\.stmcufinder\plugins\mcufinder//mcu/
2025-04-02 21:57:15,684 [WARN] DbFile:41 - Overriding database path with different value: C:\Users\Shuvro\.stmcufinder\plugins\mcufinder/ => C:\Users\Shuvro\.stmcufinder\plugins\mcufinder
2025-04-02 21:57:15,684 [INFO] DbMcusAds:125 - Set database path to: C:\Users\Shuvro\.stmcufinder\plugins\mcufinder//mcu/
2025-04-02 21:57:15,684 [WARN] DbFile:41 - Overriding database path with different value: C:\Users\Shuvro\.stmcufinder\plugins\mcufinder/ => C:\Users\Shuvro\.stmcufinder\plugins\mcufinder
2025-04-02 21:57:15,684 [WARN] DbFile:41 - Overriding database path with different value: C:\Users\Shuvro\.stmcufinder\plugins\mcufinder/ => C:\Users\Shuvro\.stmcufinder\plugins\mcufinder
2025-04-02 21:57:15,684 [INFO] CrossReferenceDbSqlite:203 - Set database path to: C:\Users\Shuvro\.stmcufinder\plugins\mcufinder//mcu/cs/
2025-04-02 21:57:15,797 [INFO] MainPanel:272 - HeapMemory: 268435456
2025-04-02 21:57:15,939 [INFO] DbMcusXml:78 - Set database path to: C:\ST\STM32CubeIDE_1.16.1\STM32CubeIDE\plugins\com.st.stm32cube.common.mx_6.14.0.202502271554\\db\/mcu/
2025-04-02 21:57:15,939 [INFO] ApiDb:274 - Set plugin database path to: C:\ST\STM32CubeIDE_1.16.1\STM32CubeIDE\plugins\com.st.stm32cube.common.mx_6.14.0.202502271554\\db\/plugins/boardmanager/
2025-04-02 21:57:15,939 [INFO] ApiDb:261 - Set plugin images path to: C:\ST\STM32CubeIDE_1.16.1\STM32CubeIDE\plugins\com.st.stm32cube.common.mx_6.14.0.202502271554\\db\/plugins/mcufinder/images/
2025-04-02 21:57:15,940 [WARN] DbFile:41 - Overriding database path with different value: C:\Users\Shuvro\.stmcufinder\plugins\mcufinder/ => C:\Users\Shuvro\.stmcufinder\plugins\mcufinder
2025-04-02 21:57:15,940 [INFO] ApiDb:250 - Set database path to: C:\Users\Shuvro\.stmcufinder\plugins\mcufinder//mcu/
2025-04-02 21:57:15,940 [WARN] DbFile:41 - Overriding database path with different value: C:\Users\Shuvro\.stmcufinder\plugins\mcufinder/ => C:\Users\Shuvro\.stmcufinder\plugins\mcufinder
2025-04-02 21:57:15,940 [INFO] DbMcusAds:125 - Set database path to: C:\Users\Shuvro\.stmcufinder\plugins\mcufinder//mcu/
2025-04-02 21:57:15,940 [WARN] DbFile:41 - Overriding database path with different value: C:\Users\Shuvro\.stmcufinder\plugins\mcufinder/ => C:\Users\Shuvro\.stmcufinder\plugins\mcufinder
2025-04-02 21:57:15,941 [WARN] DbFile:41 - Overriding database path with different value: C:\Users\Shuvro\.stmcufinder\plugins\mcufinder/ => C:\Users\Shuvro\.stmcufinder\plugins\mcufinder
2025-04-02 21:57:15,941 [INFO] CrossReferenceDbSqlite:203 - Set database path to: C:\Users\Shuvro\.stmcufinder\plugins\mcufinder//mcu/cs/
2025-04-02 21:57:15,968 [INFO] ApplicationProperties:184 - Using Application install path: C:\ST\STM32CubeIDE_1.16.1\STM32CubeIDE\plugins\com.st.stm32cube.common.mx_6.14.0.202502271554
2025-04-02 21:57:15,969 [INFO] PluginManage:196 - Search for loadable plugins [exclusion list=, ]
2025-04-02 21:57:15,972 [INFO] PluginManage:310 - Check plugin analytics
2025-04-02 21:57:25,731 [INFO] AnalyticsPlugin:253 - Accepted Software Licenses: 
2025-04-02 21:57:25,732 [INFO] AnalyticsPlugin:255 - Accepted CMSIS Pack Licenses: 
2025-04-02 21:57:25,732 [INFO] AnalyticsPlugin:257 - Accepted Firmware Licenses: 
2025-04-02 21:57:25,737 [INFO] PluginManage:359 - Loaded plugin analytics (category:tool,tabindex:-1)
2025-04-02 21:57:25,738 [INFO] PluginManage:310 - Check plugin cadmodel
2025-04-02 21:57:25,749 [INFO] CADModel:105 - Init CAD model plugin
2025-04-02 21:57:25,750 [INFO] PluginManage:359 - Loaded plugin cadmodel (category:power,tabindex:5)
2025-04-02 21:57:25,751 [INFO] PluginManage:310 - Check plugin clock
2025-04-02 21:57:25,770 [INFO] PluginManage:359 - Loaded plugin clock (category:base,tabindex:2)
2025-04-02 21:57:25,770 [INFO] PluginManage:310 - Check plugin ddr
2025-04-02 21:57:25,774 [INFO] PluginManage:359 - Loaded plugin ddr (category:tool,tabindex:6)
2025-04-02 21:57:25,775 [INFO] PluginManage:310 - Check plugin filemanager
2025-04-02 21:57:25,981 [INFO] PluginManage:359 - Loaded plugin filemanager (category:base,tabindex:10)
2025-04-02 21:57:25,981 [INFO] PluginManage:310 - Check plugin ipmanager
2025-04-02 21:57:25,991 [INFO] PluginManage:359 - Loaded plugin ipmanager (category:base,tabindex:5)
2025-04-02 21:57:25,991 [INFO] PluginManage:310 - Check plugin lpbam
2025-04-02 21:57:26,007 [INFO] PluginManage:359 - Loaded plugin lpbam (category:base,tabindex:0)
2025-04-02 21:57:26,007 [INFO] PluginManage:310 - Check plugin memorymap
2025-04-02 21:57:26,033 [INFO] PluginManage:359 - Loaded plugin memorymap (category:base,tabindex:4)
2025-04-02 21:57:26,033 [INFO] PluginManage:310 - Check plugin pinoutandconfiguration
2025-04-02 21:57:26,050 [INFO] PluginManage:359 - Loaded plugin pinoutandconfiguration (category:base,tabindex:1)
2025-04-02 21:57:26,050 [INFO] PluginManage:310 - Check plugin pinoutconfig
2025-04-02 21:57:26,245 [WARN] SupportedApi:132 - Cannot load RTOS API schema: s4s-elt-must-match.1: The content of 'definitions' must match (annotation?, (simpleType | complexType)?, (unique | key | keyref)*)). A problem was found starting at: attribute.
2025-04-02 21:57:26,466 [INFO] PluginManage:359 - Loaded plugin pinoutconfig (category:base,tabindex:0)
2025-04-02 21:57:26,466 [INFO] PluginManage:310 - Check plugin power
2025-04-02 21:57:26,481 [INFO] PluginManage:359 - Loaded plugin power (category:power,tabindex:4)
2025-04-02 21:57:26,482 [INFO] PluginManage:310 - Check plugin projectmanager
2025-04-02 21:57:26,504 [INFO] PluginManage:359 - Loaded plugin projectmanager (category:projectmanager,tabindex:4)
2025-04-02 21:57:26,504 [INFO] PluginManage:310 - Check plugin rif
2025-04-02 21:57:26,516 [INFO] PluginManage:359 - Loaded plugin rif (category:base,tabindex:3)
2025-04-02 21:57:26,516 [INFO] PluginManage:310 - Check plugin thirdparty
2025-04-02 21:57:26,710 [WARN] IntegrityCheckThread:84 - waiting for thirdparty lock release [integrity check]
2025-04-02 21:57:26,710 [INFO] PluginManage:359 - Loaded plugin thirdparty (category:base,tabindex:-1)
2025-04-02 21:57:26,710 [INFO] IntegrityCheckThread:86 - entering critical section [integrity check]
2025-04-02 21:57:26,711 [INFO] PluginManage:310 - Check plugin tools
2025-04-02 21:57:26,711 [INFO] ThirdPartyUpdaterWithRetryManager:70 - Updater plugin not ready yet. [1/15]
2025-04-02 21:57:26,715 [INFO] PluginManage:359 - Loaded plugin tools (category:base,tabindex:7)
2025-04-02 21:57:26,715 [INFO] PluginManage:310 - Check plugin tutovideos
2025-04-02 21:57:26,941 [INFO] PluginManage:359 - Loaded plugin tutovideos (category:base,tabindex:-1)
2025-04-02 21:57:26,941 [INFO] PluginManage:310 - Check plugin updater
2025-04-02 21:57:26,972 [INFO] PluginManage:359 - Loaded plugin updater (category:base,tabindex:12)
2025-04-02 21:57:26,972 [INFO] PluginManage:310 - Check plugin userauth
2025-04-02 21:57:26,983 [INFO] UserAuth:118 - Init User Auth plugin
2025-04-02 21:57:26,985 [INFO] PluginManage:359 - Loaded plugin userauth (category:base,tabindex:14)
2025-04-02 21:57:26,986 [INFO] PluginManage:283 - PluginManage : Loaded plugins [18]
2025-04-02 21:57:27,314 [INFO] PinOutPanel:1589 - setPackage(No Configuration,No Configuration)
2025-04-02 21:57:27,441 [INFO] CADModel:165 - CPN selected for project level
2025-04-02 21:57:27,441 [INFO] CADModel:114 - Register for checkConnection events
2025-04-02 21:57:27,469 [INFO] IPUIPlugin:80 - create IPUIPlugin
2025-04-02 21:57:27,469 [INFO] PluginManager:220 - loadIPPluginJar : add adc
2025-04-02 21:57:27,473 [INFO] IPUIPlugin:80 - create IPUIPlugin
2025-04-02 21:57:27,473 [INFO] PluginManager:220 - loadIPPluginJar : add aes
2025-04-02 21:57:27,477 [INFO] IPUIPlugin:80 - create IPUIPlugin
2025-04-02 21:57:27,477 [INFO] PluginManager:220 - loadIPPluginJar : add can
2025-04-02 21:57:27,480 [INFO] IPUIPlugin:80 - create IPUIPlugin
2025-04-02 21:57:27,480 [INFO] PluginManager:220 - loadIPPluginJar : add comp
2025-04-02 21:57:27,483 [INFO] IPUIPlugin:80 - create IPUIPlugin
2025-04-02 21:57:27,483 [INFO] PluginManager:220 - loadIPPluginJar : add cryp
2025-04-02 21:57:27,489 [INFO] IPUIPlugin:80 - create IPUIPlugin
2025-04-02 21:57:27,489 [INFO] PluginManager:220 - loadIPPluginJar : add ddr_ctrl_phy
2025-04-02 21:57:27,491 [INFO] IPUIPlugin:80 - create IPUIPlugin
2025-04-02 21:57:27,492 [INFO] PluginManager:220 - loadIPPluginJar : add dfsdm
2025-04-02 21:57:27,498 [INFO] IPUIPlugin:80 - create IPUIPlugin
2025-04-02 21:57:27,499 [INFO] PluginManager:220 - loadIPPluginJar : add dma
2025-04-02 21:57:27,502 [INFO] IPUIPlugin:80 - create IPUIPlugin
2025-04-02 21:57:27,502 [INFO] PluginManager:220 - loadIPPluginJar : add dma3
2025-04-02 21:57:27,506 [INFO] IPUIPlugin:80 - create IPUIPlugin
2025-04-02 21:57:27,506 [INFO] PluginManager:220 - loadIPPluginJar : add extmemmanager
2025-04-02 21:57:27,508 [INFO] IPUIPlugin:80 - create IPUIPlugin
2025-04-02 21:57:27,508 [INFO] PluginManager:220 - loadIPPluginJar : add fatfs
2025-04-02 21:57:27,513 [INFO] IPUIPlugin:80 - create IPUIPlugin
2025-04-02 21:57:27,513 [INFO] PluginManager:220 - loadIPPluginJar : add fmc
2025-04-02 21:57:27,521 [INFO] IPUIPlugin:80 - create IPUIPlugin
2025-04-02 21:57:27,522 [INFO] PluginManager:220 - loadIPPluginJar : add freertos
2025-04-02 21:57:27,523 [INFO] IPUIPlugin:80 - create IPUIPlugin
2025-04-02 21:57:27,525 [INFO] PluginManager:220 - loadIPPluginJar : add genericplugin
2025-04-02 21:57:27,528 [INFO] IPUIPlugin:80 - create IPUIPlugin
2025-04-02 21:57:27,528 [INFO] PluginManager:220 - loadIPPluginJar : add gfxmmu
2025-04-02 21:57:27,534 [INFO] IPUIPlugin:80 - create IPUIPlugin
2025-04-02 21:57:27,534 [INFO] PluginManager:220 - loadIPPluginJar : add gic
2025-04-02 21:57:27,540 [INFO] IPUIPlugin:80 - create IPUIPlugin
2025-04-02 21:57:27,541 [INFO] PluginManager:220 - loadIPPluginJar : add gpio
2025-04-02 21:57:27,545 [INFO] IPUIPlugin:80 - create IPUIPlugin
2025-04-02 21:57:27,545 [INFO] PluginManager:220 - loadIPPluginJar : add gtzc
2025-04-02 21:57:27,549 [INFO] IPUIPlugin:80 - create IPUIPlugin
2025-04-02 21:57:27,550 [INFO] PluginManager:220 - loadIPPluginJar : add hash
2025-04-02 21:57:27,555 [INFO] IPUIPlugin:80 - create IPUIPlugin
2025-04-02 21:57:27,556 [INFO] PluginManager:220 - loadIPPluginJar : add i2c
2025-04-02 21:57:27,560 [INFO] IPUIPlugin:80 - create IPUIPlugin
2025-04-02 21:57:27,560 [INFO] PluginManager:220 - loadIPPluginJar : add i2s
2025-04-02 21:57:27,565 [INFO] IPUIPlugin:80 - create IPUIPlugin
2025-04-02 21:57:27,565 [INFO] PluginManager:220 - loadIPPluginJar : add i3c
2025-04-02 21:57:27,570 [INFO] IPUIPlugin:80 - create IPUIPlugin
2025-04-02 21:57:27,570 [INFO] PluginManager:220 - loadIPPluginJar : add ipddr
2025-04-02 21:57:27,582 [INFO] IPUIPlugin:80 - create IPUIPlugin
2025-04-02 21:57:27,582 [INFO] PluginManager:220 - loadIPPluginJar : add linkedlist
2025-04-02 21:57:27,586 [INFO] IPUIPlugin:80 - create IPUIPlugin
2025-04-02 21:57:27,586 [INFO] PluginManager:220 - loadIPPluginJar : add lorawan
2025-04-02 21:57:27,589 [INFO] IPUIPlugin:80 - create IPUIPlugin
2025-04-02 21:57:27,589 [INFO] PluginManager:220 - loadIPPluginJar : add ltdc
2025-04-02 21:57:27,597 [INFO] IPUIPlugin:80 - create IPUIPlugin
2025-04-02 21:57:27,598 [INFO] PluginManager:220 - loadIPPluginJar : add mdma
2025-04-02 21:57:27,603 [INFO] IPUIPlugin:80 - create IPUIPlugin
2025-04-02 21:57:27,603 [INFO] PluginManager:220 - loadIPPluginJar : add nvic
2025-04-02 21:57:27,607 [INFO] IPUIPlugin:80 - create IPUIPlugin
2025-04-02 21:57:27,607 [INFO] PluginManager:220 - loadIPPluginJar : add opamp
2025-04-02 21:57:27,612 [INFO] IPUIPlugin:80 - create IPUIPlugin
2025-04-02 21:57:27,612 [INFO] PluginManager:220 - loadIPPluginJar : add openamp
2025-04-02 21:57:27,618 [INFO] IPUIPlugin:80 - create IPUIPlugin
2025-04-02 21:57:27,618 [INFO] PluginManager:220 - loadIPPluginJar : add pdm2pcm
2025-04-02 21:57:27,625 [INFO] IPUIPlugin:80 - create IPUIPlugin
2025-04-02 21:57:27,627 [INFO] PluginManager:220 - loadIPPluginJar : add plateformsettings
2025-04-02 21:57:27,629 [INFO] IPUIPlugin:80 - create IPUIPlugin
2025-04-02 21:57:27,629 [INFO] PluginManager:220 - loadIPPluginJar : add quadspi
2025-04-02 21:57:27,632 [INFO] IPUIPlugin:80 - create IPUIPlugin
2025-04-02 21:57:27,632 [INFO] PluginManager:220 - loadIPPluginJar : add radio
2025-04-02 21:57:27,639 [INFO] IPUIPlugin:80 - create IPUIPlugin
2025-04-02 21:57:27,640 [INFO] PluginManager:220 - loadIPPluginJar : add resmgrutility
2025-04-02 21:57:27,646 [INFO] IPUIPlugin:80 - create IPUIPlugin
2025-04-02 21:57:27,646 [INFO] PluginManager:220 - loadIPPluginJar : add sai
2025-04-02 21:57:27,650 [INFO] IPUIPlugin:80 - create IPUIPlugin
2025-04-02 21:57:27,651 [INFO] PluginManager:220 - loadIPPluginJar : add spi
2025-04-02 21:57:27,659 [INFO] IPUIPlugin:80 - create IPUIPlugin
2025-04-02 21:57:27,659 [INFO] PluginManager:220 - loadIPPluginJar : add stm32_wpan
2025-04-02 21:57:27,662 [INFO] IPUIPlugin:80 - create IPUIPlugin
2025-04-02 21:57:27,662 [INFO] PluginManager:220 - loadIPPluginJar : add tim
2025-04-02 21:57:27,667 [INFO] IPUIPlugin:80 - create IPUIPlugin
2025-04-02 21:57:27,667 [INFO] PluginManager:220 - loadIPPluginJar : add touchsensing
2025-04-02 21:57:27,671 [INFO] IPUIPlugin:80 - create IPUIPlugin
2025-04-02 21:57:27,671 [INFO] PluginManager:220 - loadIPPluginJar : add tracer_emb
2025-04-02 21:57:27,674 [INFO] IPUIPlugin:80 - create IPUIPlugin
2025-04-02 21:57:27,675 [INFO] PluginManager:220 - loadIPPluginJar : add ts
2025-04-02 21:57:27,677 [INFO] IPUIPlugin:80 - create IPUIPlugin
2025-04-02 21:57:27,678 [INFO] PluginManager:220 - loadIPPluginJar : add tsc
2025-04-02 21:57:27,680 [INFO] IPUIPlugin:80 - create IPUIPlugin
2025-04-02 21:57:27,681 [INFO] PluginManager:220 - loadIPPluginJar : add ucpd
2025-04-02 21:57:27,684 [INFO] IPUIPlugin:80 - create IPUIPlugin
2025-04-02 21:57:27,684 [INFO] PluginManager:220 - loadIPPluginJar : add usart
2025-04-02 21:57:27,689 [INFO] IPUIPlugin:80 - create IPUIPlugin
2025-04-02 21:57:27,689 [INFO] PluginManager:220 - loadIPPluginJar : add usbx
2025-04-02 21:57:27,808 [FATAL] Updater:351 - Updater called before beeing initialized
2025-04-02 21:57:27,846 [INFO] RulesReader:64 - Compatibility file has been processed (301 Rules)
2025-04-02 21:57:27,859 [INFO] RulesReader:64 - Compatibility file has been processed (301 Rules)
2025-04-02 21:57:27,873 [INFO] CADModel:165 - CPN selected for project level
2025-04-02 21:57:27,873 [INFO] CADModel:114 - Register for checkConnection events
2025-04-02 21:57:27,873 [FATAL] Updater:351 - Updater called before beeing initialized
2025-04-02 21:57:27,873 [ERROR] CADModel:125 - Updater not yet initialized, retry later 
2025-04-02 21:57:28,065 [FATAL] Updater:351 - Updater called before beeing initialized
2025-04-02 21:57:28,069 [INFO] CADModel:165 - CPN selected for project level
2025-04-02 21:57:28,069 [INFO] CADModel:114 - Register for checkConnection events
2025-04-02 21:57:28,069 [FATAL] Updater:351 - Updater called before beeing initialized
2025-04-02 21:57:28,070 [ERROR] CADModel:125 - Updater not yet initialized, retry later 
2025-04-02 21:57:28,074 [FATAL] Updater:351 - Updater called before beeing initialized
2025-04-02 21:57:28,232 [FATAL] Updater:351 - Updater called before beeing initialized
2025-04-02 21:57:28,243 [INFO] DbMcusAds:53 - JSON generation date=Thu Mar 06 20:54:21 BDT 2025 (1741272861825)
2025-04-02 21:57:28,243 [FATAL] Updater:351 - Updater called before beeing initialized
2025-04-02 21:57:28,309 [WARN] DetailPanel:346 - Failed to get advertising image, set to default
2025-04-02 21:57:28,660 [FATAL] Updater:351 - Updater called before beeing initialized
2025-04-02 21:57:28,662 [FATAL] Updater:351 - Updater called before beeing initialized
2025-04-02 21:57:28,662 [FATAL] Updater:351 - Updater called before beeing initialized
2025-04-02 21:57:28,662 [WARN] DetailPanel:346 - Failed to get advertising image, set to default
2025-04-02 21:57:28,664 [FATAL] Updater:351 - Updater called before beeing initialized
2025-04-02 21:57:29,186 [ERROR] Updater:1198 - MainUpdater not yet initialized. External WinMGr cannot be set.
2025-04-02 21:57:29,290 [INFO] Updater:1134 - Updater Version found : 6.14.0
2025-04-02 21:57:29,320 [INFO] ApplicationProperties:184 - Using Application install path: C:\ST\STM32CubeIDE_1.16.1\STM32CubeIDE\plugins\com.st.stm32cube.common.mx_6.14.0.202502271554
2025-04-02 21:57:29,714 [INFO] ThirdPartyUpdaterWithRetryManager:70 - Updater plugin not ready yet. [2/15]
2025-04-02 21:57:30,894 [ERROR] LogOutputStream:75 - [STDERR_REDIRECT] Apr 02, 2025 9:57:30 PM java.util.prefs.WindowsPreferences <init>
2025-04-02 21:57:30,897 [ERROR] LogOutputStream:75 - [STDERR_REDIRECT] WARNING: Could not open/create prefs root node Software\JavaSoft\Prefs at root 0xffffffff80000002. Windows RegCreateKeyEx(...) returned error code 5.
2025-04-02 21:57:30,897 [ERROR] LogOutputStream:75 - [STDERR_REDIRECT] 
2025-04-02 21:57:32,715 [FATAL] Updater:351 - Updater called before beeing initialized
2025-04-02 21:57:32,715 [ERROR] IntegrityCheckThread:130 - Cannot retrieve database content from updater: error 21
2025-04-02 21:57:32,715 [INFO] ThirdParty:978 - Integrity check success = false
2025-04-02 21:57:32,715 [INFO] IntegrityCheckThread:100 - exiting critical section [integrity check]
2025-04-02 21:57:32,715 [INFO] IntegrityCheckThread:103 - End integrity checks thread
2025-04-02 21:57:33,535 [INFO] MainUpdater:2872 - connection check result : 10
2025-04-02 21:57:33,535 [INFO] MainUpdater:3566 - Updater definition file requires update
2025-04-02 21:57:33,536 [INFO] MainUpdater:289 - Updater Check For Update Now.
2025-04-02 21:57:33,536 [INFO] MicroXplorer:498 - Change Database Version : DB.6.0.140
2025-04-02 21:57:33,543 [INFO] McuFinderGlobals:63 - Set McuFinder mode to 2 (CubeIDE integrated)
2025-04-02 21:57:33,543 [INFO] UserAuth:171 - activating auth plugin
2025-04-02 21:57:33,546 [INFO] UserAuth:486 - Internet connection configuration mode: 1
2025-04-02 21:57:33,568 [INFO] JxBrowserEngine:152 - Initiate JxBrowser Engine with user profile folder
2025-04-02 21:57:33,655 [INFO] ServerAccessManage:473 - Download File updaters.zip
2025-04-02 21:57:33,814 [INFO] FileExtend:242 - Unzip File : updaters.zip
2025-04-02 21:57:33,815 [INFO] FileExtend:257 - Standard Zip Deflate
2025-04-02 21:57:34,727 [INFO] ServerAccessManage:473 - Download File PacksControlFlags.xml
2025-04-02 21:57:34,845 [INFO] ServerAccessManage:473 - Download File cubemx.pidx
2025-04-02 21:57:36,426 [INFO] ServerAccessManage:473 - Download File STMicroelectronics.X-CUBE-DPOWER.pdsc
2025-04-02 21:57:36,889 [INFO] WebApp:169 - Instantiating new browser for Auth
2025-04-02 21:57:37,124 [ERROR] ServerAccessManage:1089 - Problem, file not found on Server
2025-04-02 21:57:37,729 [ERROR] ServerAccessManage:1089 - Problem, file not found on Server
2025-04-02 21:57:38,321 [ERROR] ServerAccessManage:1089 - Problem, file not found on Server
2025-04-02 21:57:38,324 [INFO] WebApp:463 - Apply proxy settings
2025-04-02 21:57:38,325 [INFO] WebApp:548 - Chromium requires no authentication
2025-04-02 21:57:38,363 [INFO] WebApp:491 - Direct internet connection detected
2025-04-02 21:57:38,451 [INFO] WebApp:894 - Register for checkConnection events
2025-04-02 21:57:38,451 [INFO] WebApp:463 - Apply proxy settings
2025-04-02 21:57:38,452 [INFO] WebApp:548 - Chromium requires no authentication
2025-04-02 21:57:38,452 [INFO] WebApp:491 - Direct internet connection detected
2025-04-02 21:57:38,604 [ERROR] ServerAccessManage:1089 - Problem, file not found on Server
2025-04-02 21:57:38,949 [INFO] WebApp:191 - Connection restablished
2025-04-02 21:57:38,983 [INFO] WebApp:225 - Starting web application
2025-04-02 21:57:38,983 [INFO] WebApp:593 - Web application path used C:\ST\STM32CubeIDE_1.16.1\STM32CubeIDE\plugins\com.st.stm32cube.common.mx_6.14.0.202502271554\db\plugins\mcufinder\reactClient1\index.html
2025-04-02 21:57:39,121 [ERROR] ServerAccessManage:1089 - Problem, file not found on Server
2025-04-02 21:57:39,705 [ERROR] ServerAccessManage:1089 - Problem, file not found on Server
2025-04-02 21:57:41,225 [ERROR] ServerAccessManage:1089 - Problem, file not found on Server
2025-04-02 21:57:41,801 [ERROR] ServerAccessManage:1089 - Problem, file not found on Server
2025-04-02 21:57:42,344 [ERROR] ServerAccessManage:1089 - Problem, file not found on Server
2025-04-02 21:57:42,569 [ERROR] ServerAccessManage:1089 - Problem, file not found on Server
2025-04-02 21:57:43,143 [ERROR] ServerAccessManage:1089 - Problem, file not found on Server
2025-04-02 21:57:44,337 [WARN] PackLoader:240 - Cannot read IP mode file for STMicroelectronics.X-CUBE-DPower.1.3.0
2025-04-02 21:57:44,340 [INFO] PopulateThirdPartyThread:66 - Ending populate Thread
2025-04-02 21:57:44,343 [INFO] ThirdParty:1030 - CMSIS Pack Vendor :STMicroelectronics X-CUBE-DPower 1.3.0
2025-04-02 21:57:44,344 [INFO] LoadServerUpdatesThread:375 - End of LoadServerUpdate Thread
2025-04-02 21:57:44,439 [INFO] CheckServerUpdateThread:120 - End of CheckServer Thread
