2024-11-23 02:54:57,787 [ERROR] LogOutputStream:75 - [STDERR_REDIRECT] 
2024-11-23 11:19:45,934 [INFO] Activator:176 - 


2024-11-23 11:19:45,938 [INFO] Activator:177 - !SESSION log4j initialized
2024-11-23 11:19:57,688 [INFO] LogOutputStream:77 - [STDOUT_REDIRECT] 
2024-11-23 11:20:09,155 [INFO] ApplicationProperties:184 - Using Application install path: C:\ST\STM32CubeIDE_1.16.1\STM32CubeIDE\plugins\com.st.stm32cube.common.mx_6.12.1.202409122256
2024-11-23 11:20:09,202 [INFO] DbMcusXml:78 - Set database path to: C:\ST\STM32CubeIDE_1.16.1\STM32CubeIDE\plugins\com.st.stm32cube.common.mx_6.12.1.202409122256\\db\/mcu/
2024-11-23 11:20:09,203 [INFO] ApiDb:274 - Set plugin database path to: C:\ST\STM32CubeIDE_1.16.1\STM32CubeIDE\plugins\com.st.stm32cube.common.mx_6.12.1.202409122256\\db\/plugins/boardmanager/
2024-11-23 11:20:09,203 [WARN] ApiDb:259 - Overriding images path with different value:  => C:\ST\STM32CubeIDE_1.16.1\STM32CubeIDE\plugins\com.st.stm32cube.common.mx_6.12.1.202409122256\\db\/plugins/mcufinder/images/
2024-11-23 11:20:09,227 [INFO] ApiDb:250 - Set database path to: C:\Users\Shuvro\.stmcufinder\plugins\mcufinder//mcu/
2024-11-23 11:20:09,229 [INFO] DbMcusAds:125 - Set database path to: C:\Users\Shuvro\.stmcufinder\plugins\mcufinder//mcu/
2024-11-23 11:20:09,399 [INFO] CrossReferenceDbSqlite:203 - Set database path to: C:\Users\Shuvro\.stmcufinder\plugins\mcufinder//mcu/cs/
2024-11-23 11:20:09,636 [INFO] RulesReader:64 - Compatibility file has been processed (297 Rules)
2024-11-23 11:20:09,819 [INFO] DbMcusXml:78 - Set database path to: C:\ST\STM32CubeIDE_1.16.1\STM32CubeIDE\plugins\com.st.stm32cube.common.mx_6.12.1.202409122256\\db\/mcu/
2024-11-23 11:20:09,819 [INFO] ApiDb:274 - Set plugin database path to: C:\ST\STM32CubeIDE_1.16.1\STM32CubeIDE\plugins\com.st.stm32cube.common.mx_6.12.1.202409122256\\db\/plugins/boardmanager/
2024-11-23 11:20:09,821 [INFO] ApiDb:261 - Set plugin images path to: C:\ST\STM32CubeIDE_1.16.1\STM32CubeIDE\plugins\com.st.stm32cube.common.mx_6.12.1.202409122256\\db\/plugins/mcufinder/images/
2024-11-23 11:20:09,822 [WARN] DbFile:41 - Overriding database path with different value: C:\Users\Shuvro\.stmcufinder\plugins\mcufinder/ => C:\Users\Shuvro\.stmcufinder\plugins\mcufinder
2024-11-23 11:20:09,823 [INFO] ApiDb:250 - Set database path to: C:\Users\Shuvro\.stmcufinder\plugins\mcufinder//mcu/
2024-11-23 11:20:09,823 [WARN] DbFile:41 - Overriding database path with different value: C:\Users\Shuvro\.stmcufinder\plugins\mcufinder/ => C:\Users\Shuvro\.stmcufinder\plugins\mcufinder
2024-11-23 11:20:09,823 [INFO] DbMcusAds:125 - Set database path to: C:\Users\Shuvro\.stmcufinder\plugins\mcufinder//mcu/
2024-11-23 11:20:09,823 [WARN] DbFile:41 - Overriding database path with different value: C:\Users\Shuvro\.stmcufinder\plugins\mcufinder/ => C:\Users\Shuvro\.stmcufinder\plugins\mcufinder
2024-11-23 11:20:09,824 [WARN] DbFile:41 - Overriding database path with different value: C:\Users\Shuvro\.stmcufinder\plugins\mcufinder/ => C:\Users\Shuvro\.stmcufinder\plugins\mcufinder
2024-11-23 11:20:09,824 [INFO] CrossReferenceDbSqlite:203 - Set database path to: C:\Users\Shuvro\.stmcufinder\plugins\mcufinder//mcu/cs/
2024-11-23 11:20:10,033 [INFO] MainPanel:268 - HeapMemory: 268435456
2024-11-23 11:20:10,208 [INFO] DbMcusXml:78 - Set database path to: C:\ST\STM32CubeIDE_1.16.1\STM32CubeIDE\plugins\com.st.stm32cube.common.mx_6.12.1.202409122256\\db\/mcu/
2024-11-23 11:20:10,208 [INFO] ApiDb:274 - Set plugin database path to: C:\ST\STM32CubeIDE_1.16.1\STM32CubeIDE\plugins\com.st.stm32cube.common.mx_6.12.1.202409122256\\db\/plugins/boardmanager/
2024-11-23 11:20:10,208 [INFO] ApiDb:261 - Set plugin images path to: C:\ST\STM32CubeIDE_1.16.1\STM32CubeIDE\plugins\com.st.stm32cube.common.mx_6.12.1.202409122256\\db\/plugins/mcufinder/images/
2024-11-23 11:20:10,210 [WARN] DbFile:41 - Overriding database path with different value: C:\Users\Shuvro\.stmcufinder\plugins\mcufinder/ => C:\Users\Shuvro\.stmcufinder\plugins\mcufinder
2024-11-23 11:20:10,210 [INFO] ApiDb:250 - Set database path to: C:\Users\Shuvro\.stmcufinder\plugins\mcufinder//mcu/
2024-11-23 11:20:10,211 [WARN] DbFile:41 - Overriding database path with different value: C:\Users\Shuvro\.stmcufinder\plugins\mcufinder/ => C:\Users\Shuvro\.stmcufinder\plugins\mcufinder
2024-11-23 11:20:10,211 [INFO] DbMcusAds:125 - Set database path to: C:\Users\Shuvro\.stmcufinder\plugins\mcufinder//mcu/
2024-11-23 11:20:10,211 [WARN] DbFile:41 - Overriding database path with different value: C:\Users\Shuvro\.stmcufinder\plugins\mcufinder/ => C:\Users\Shuvro\.stmcufinder\plugins\mcufinder
2024-11-23 11:20:10,211 [WARN] DbFile:41 - Overriding database path with different value: C:\Users\Shuvro\.stmcufinder\plugins\mcufinder/ => C:\Users\Shuvro\.stmcufinder\plugins\mcufinder
2024-11-23 11:20:10,211 [INFO] CrossReferenceDbSqlite:203 - Set database path to: C:\Users\Shuvro\.stmcufinder\plugins\mcufinder//mcu/cs/
2024-11-23 11:20:10,244 [INFO] ApplicationProperties:184 - Using Application install path: C:\ST\STM32CubeIDE_1.16.1\STM32CubeIDE\plugins\com.st.stm32cube.common.mx_6.12.1.202409122256
2024-11-23 11:20:10,246 [INFO] PluginManage:196 - Search for loadable plugins [exclusion list=, ]
2024-11-23 11:20:10,248 [INFO] PluginManage:310 - Check plugin analytics
2024-11-23 11:20:20,103 [INFO] AnalyticsPlugin:253 - Accepted Software Licenses: 
2024-11-23 11:20:20,103 [INFO] AnalyticsPlugin:255 - Accepted CMSIS Pack Licenses: 
2024-11-23 11:20:20,104 [INFO] AnalyticsPlugin:257 - Accepted Firmware Licenses: 
2024-11-23 11:20:20,111 [INFO] PluginManage:359 - Loaded plugin analytics (category:tool,tabindex:-1)
2024-11-23 11:20:20,112 [INFO] PluginManage:310 - Check plugin cadmodel
2024-11-23 11:20:20,163 [INFO] CADModel:105 - Init CAD model plugin
2024-11-23 11:20:20,164 [INFO] PluginManage:359 - Loaded plugin cadmodel (category:power,tabindex:5)
2024-11-23 11:20:20,164 [INFO] PluginManage:310 - Check plugin clock
2024-11-23 11:20:20,196 [INFO] PluginManage:359 - Loaded plugin clock (category:base,tabindex:2)
2024-11-23 11:20:20,197 [INFO] PluginManage:310 - Check plugin ddr
2024-11-23 11:20:20,201 [INFO] PluginManage:359 - Loaded plugin ddr (category:tool,tabindex:6)
2024-11-23 11:20:20,201 [INFO] PluginManage:310 - Check plugin filemanager
2024-11-23 11:20:20,443 [INFO] PluginManage:359 - Loaded plugin filemanager (category:base,tabindex:10)
2024-11-23 11:20:20,443 [INFO] PluginManage:310 - Check plugin ipmanager
2024-11-23 11:20:20,453 [INFO] PluginManage:359 - Loaded plugin ipmanager (category:base,tabindex:5)
2024-11-23 11:20:20,454 [INFO] PluginManage:310 - Check plugin lpbam
2024-11-23 11:20:20,489 [INFO] PluginManage:359 - Loaded plugin lpbam (category:base,tabindex:0)
2024-11-23 11:20:20,491 [INFO] PluginManage:310 - Check plugin memorymap
2024-11-23 11:20:20,530 [INFO] PluginManage:359 - Loaded plugin memorymap (category:base,tabindex:4)
2024-11-23 11:20:20,531 [INFO] PluginManage:310 - Check plugin pinoutandconfiguration
2024-11-23 11:20:20,558 [INFO] PluginManage:359 - Loaded plugin pinoutandconfiguration (category:base,tabindex:1)
2024-11-23 11:20:20,558 [INFO] PluginManage:310 - Check plugin pinoutconfig
2024-11-23 11:20:20,750 [WARN] SupportedApi:132 - Cannot load RTOS API schema: s4s-elt-must-match.1: The content of 'definitions' must match (annotation?, (simpleType | complexType)?, (unique | key | keyref)*)). A problem was found starting at: attribute.
2024-11-23 11:20:20,991 [INFO] PluginManage:359 - Loaded plugin pinoutconfig (category:base,tabindex:0)
2024-11-23 11:20:20,992 [INFO] PluginManage:310 - Check plugin power
2024-11-23 11:20:21,033 [INFO] PluginManage:359 - Loaded plugin power (category:power,tabindex:4)
2024-11-23 11:20:21,034 [INFO] PluginManage:310 - Check plugin projectmanager
2024-11-23 11:20:21,067 [INFO] PluginManage:359 - Loaded plugin projectmanager (category:projectmanager,tabindex:4)
2024-11-23 11:20:21,067 [INFO] PluginManage:310 - Check plugin rif
2024-11-23 11:20:21,097 [INFO] PluginManage:359 - Loaded plugin rif (category:base,tabindex:3)
2024-11-23 11:20:21,097 [INFO] PluginManage:310 - Check plugin thirdparty
2024-11-23 11:20:21,568 [INFO] PluginManage:359 - Loaded plugin thirdparty (category:base,tabindex:-1)
2024-11-23 11:20:21,568 [WARN] IntegrityCheckThread:84 - waiting for thirdparty lock release [integrity check]
2024-11-23 11:20:21,568 [INFO] IntegrityCheckThread:86 - entering critical section [integrity check]
2024-11-23 11:20:21,568 [INFO] PluginManage:310 - Check plugin tools
2024-11-23 11:20:21,569 [INFO] ThirdPartyUpdaterWithRetryManager:70 - Updater plugin not ready yet. [1/15]
2024-11-23 11:20:21,632 [INFO] PluginManage:359 - Loaded plugin tools (category:base,tabindex:7)
2024-11-23 11:20:21,632 [INFO] PluginManage:310 - Check plugin tutovideos
2024-11-23 11:20:21,909 [INFO] PluginManage:359 - Loaded plugin tutovideos (category:base,tabindex:-1)
2024-11-23 11:20:21,911 [INFO] PluginManage:310 - Check plugin updater
2024-11-23 11:20:21,935 [INFO] PluginManage:359 - Loaded plugin updater (category:base,tabindex:12)
2024-11-23 11:20:21,935 [INFO] PluginManage:310 - Check plugin userauth
2024-11-23 11:20:21,947 [INFO] UserAuth:113 - Init User Auth plugin
2024-11-23 11:20:21,947 [INFO] PluginManage:359 - Loaded plugin userauth (category:base,tabindex:14)
2024-11-23 11:20:21,947 [INFO] PluginManage:283 - PluginManage : Loaded plugins [18]
2024-11-23 11:20:22,283 [INFO] PinOutPanel:1561 - setPackage(No Configuration,No Configuration)
2024-11-23 11:20:22,444 [INFO] CADModel:165 - CPN selected for project level
2024-11-23 11:20:22,445 [INFO] CADModel:114 - Register for checkConnection events
2024-11-23 11:20:22,496 [INFO] IPUIPlugin:80 - create IPUIPlugin
2024-11-23 11:20:22,496 [INFO] PluginManager:220 - loadIPPluginJar : add adc
2024-11-23 11:20:22,558 [INFO] IPUIPlugin:80 - create IPUIPlugin
2024-11-23 11:20:22,559 [INFO] PluginManager:220 - loadIPPluginJar : add aes
2024-11-23 11:20:22,630 [INFO] IPUIPlugin:80 - create IPUIPlugin
2024-11-23 11:20:22,630 [INFO] PluginManager:220 - loadIPPluginJar : add can
2024-11-23 11:20:22,670 [INFO] IPUIPlugin:80 - create IPUIPlugin
2024-11-23 11:20:22,670 [INFO] PluginManager:220 - loadIPPluginJar : add comp
2024-11-23 11:20:22,728 [INFO] IPUIPlugin:80 - create IPUIPlugin
2024-11-23 11:20:22,728 [INFO] PluginManager:220 - loadIPPluginJar : add cryp
2024-11-23 11:20:22,746 [INFO] IPUIPlugin:80 - create IPUIPlugin
2024-11-23 11:20:22,746 [INFO] PluginManager:220 - loadIPPluginJar : add ddr_ctrl_phy
2024-11-23 11:20:22,796 [INFO] IPUIPlugin:80 - create IPUIPlugin
2024-11-23 11:20:22,796 [INFO] PluginManager:220 - loadIPPluginJar : add dfsdm
2024-11-23 11:20:22,816 [INFO] IPUIPlugin:80 - create IPUIPlugin
2024-11-23 11:20:22,816 [INFO] PluginManager:220 - loadIPPluginJar : add dma
2024-11-23 11:20:22,894 [INFO] IPUIPlugin:80 - create IPUIPlugin
2024-11-23 11:20:22,894 [INFO] PluginManager:220 - loadIPPluginJar : add dma3
2024-11-23 11:20:22,971 [INFO] IPUIPlugin:80 - create IPUIPlugin
2024-11-23 11:20:22,971 [INFO] PluginManager:220 - loadIPPluginJar : add extmemmanager
2024-11-23 11:20:23,000 [INFO] IPUIPlugin:80 - create IPUIPlugin
2024-11-23 11:20:23,001 [INFO] PluginManager:220 - loadIPPluginJar : add fatfs
2024-11-23 11:20:23,077 [INFO] IPUIPlugin:80 - create IPUIPlugin
2024-11-23 11:20:23,077 [INFO] PluginManager:220 - loadIPPluginJar : add fmc
2024-11-23 11:20:23,101 [INFO] IPUIPlugin:80 - create IPUIPlugin
2024-11-23 11:20:23,101 [INFO] PluginManager:220 - loadIPPluginJar : add freertos
2024-11-23 11:20:23,136 [INFO] IPUIPlugin:80 - create IPUIPlugin
2024-11-23 11:20:23,136 [INFO] PluginManager:220 - loadIPPluginJar : add genericplugin
2024-11-23 11:20:23,294 [INFO] IPUIPlugin:80 - create IPUIPlugin
2024-11-23 11:20:23,294 [INFO] PluginManager:220 - loadIPPluginJar : add gfxmmu
2024-11-23 11:20:23,524 [INFO] IPUIPlugin:80 - create IPUIPlugin
2024-11-23 11:20:23,525 [INFO] PluginManager:220 - loadIPPluginJar : add gic
2024-11-23 11:20:23,542 [INFO] IPUIPlugin:80 - create IPUIPlugin
2024-11-23 11:20:23,542 [INFO] PluginManager:220 - loadIPPluginJar : add gpio
2024-11-23 11:20:23,681 [INFO] IPUIPlugin:80 - create IPUIPlugin
2024-11-23 11:20:23,681 [INFO] PluginManager:220 - loadIPPluginJar : add gtzc
2024-11-23 11:20:23,732 [INFO] IPUIPlugin:80 - create IPUIPlugin
2024-11-23 11:20:23,733 [INFO] PluginManager:220 - loadIPPluginJar : add hash
2024-11-23 11:20:23,834 [INFO] IPUIPlugin:80 - create IPUIPlugin
2024-11-23 11:20:23,835 [INFO] PluginManager:220 - loadIPPluginJar : add i2c
2024-11-23 11:20:23,919 [INFO] IPUIPlugin:80 - create IPUIPlugin
2024-11-23 11:20:23,919 [INFO] PluginManager:220 - loadIPPluginJar : add i2s
2024-11-23 11:20:23,991 [INFO] IPUIPlugin:80 - create IPUIPlugin
2024-11-23 11:20:23,991 [INFO] PluginManager:220 - loadIPPluginJar : add i3c
2024-11-23 11:20:24,181 [INFO] IPUIPlugin:80 - create IPUIPlugin
2024-11-23 11:20:24,182 [INFO] PluginManager:220 - loadIPPluginJar : add ipddr
2024-11-23 11:20:24,373 [INFO] IPUIPlugin:80 - create IPUIPlugin
2024-11-23 11:20:24,373 [INFO] PluginManager:220 - loadIPPluginJar : add linkedlist
2024-11-23 11:20:24,434 [INFO] IPUIPlugin:80 - create IPUIPlugin
2024-11-23 11:20:24,434 [INFO] PluginManager:220 - loadIPPluginJar : add lorawan
2024-11-23 11:20:24,501 [INFO] IPUIPlugin:80 - create IPUIPlugin
2024-11-23 11:20:24,503 [INFO] PluginManager:220 - loadIPPluginJar : add ltdc
2024-11-23 11:20:24,535 [INFO] IPUIPlugin:80 - create IPUIPlugin
2024-11-23 11:20:24,535 [INFO] PluginManager:220 - loadIPPluginJar : add mdma
2024-11-23 11:20:24,568 [INFO] IPUIPlugin:80 - create IPUIPlugin
2024-11-23 11:20:24,569 [INFO] PluginManager:220 - loadIPPluginJar : add nvic
2024-11-23 11:20:24,571 [INFO] ThirdPartyUpdaterWithRetryManager:70 - Updater plugin not ready yet. [2/15]
2024-11-23 11:20:24,647 [INFO] IPUIPlugin:80 - create IPUIPlugin
2024-11-23 11:20:24,648 [INFO] PluginManager:220 - loadIPPluginJar : add opamp
2024-11-23 11:20:24,797 [INFO] IPUIPlugin:80 - create IPUIPlugin
2024-11-23 11:20:24,798 [INFO] PluginManager:220 - loadIPPluginJar : add openamp
2024-11-23 11:20:24,900 [INFO] IPUIPlugin:80 - create IPUIPlugin
2024-11-23 11:20:24,900 [INFO] PluginManager:220 - loadIPPluginJar : add pdm2pcm
2024-11-23 11:20:24,932 [INFO] IPUIPlugin:80 - create IPUIPlugin
2024-11-23 11:20:24,936 [INFO] PluginManager:220 - loadIPPluginJar : add plateformsettings
2024-11-23 11:20:25,001 [INFO] IPUIPlugin:80 - create IPUIPlugin
2024-11-23 11:20:25,002 [INFO] PluginManager:220 - loadIPPluginJar : add quadspi
2024-11-23 11:20:25,086 [INFO] IPUIPlugin:80 - create IPUIPlugin
2024-11-23 11:20:25,088 [INFO] PluginManager:220 - loadIPPluginJar : add radio
2024-11-23 11:20:25,134 [INFO] IPUIPlugin:80 - create IPUIPlugin
2024-11-23 11:20:25,134 [INFO] PluginManager:220 - loadIPPluginJar : add resmgrutility
2024-11-23 11:20:25,389 [INFO] IPUIPlugin:80 - create IPUIPlugin
2024-11-23 11:20:25,389 [INFO] PluginManager:220 - loadIPPluginJar : add sai
2024-11-23 11:20:25,497 [INFO] IPUIPlugin:80 - create IPUIPlugin
2024-11-23 11:20:25,497 [INFO] PluginManager:220 - loadIPPluginJar : add spi
2024-11-23 11:20:25,717 [INFO] IPUIPlugin:80 - create IPUIPlugin
2024-11-23 11:20:25,718 [INFO] PluginManager:220 - loadIPPluginJar : add stm32_wpan
2024-11-23 11:20:25,825 [INFO] IPUIPlugin:80 - create IPUIPlugin
2024-11-23 11:20:25,828 [INFO] PluginManager:220 - loadIPPluginJar : add tim
2024-11-23 11:20:26,082 [INFO] IPUIPlugin:80 - create IPUIPlugin
2024-11-23 11:20:26,084 [INFO] PluginManager:220 - loadIPPluginJar : add touchsensing
2024-11-23 11:20:26,182 [INFO] IPUIPlugin:80 - create IPUIPlugin
2024-11-23 11:20:26,183 [INFO] PluginManager:220 - loadIPPluginJar : add tracer_emb
2024-11-23 11:20:26,292 [INFO] IPUIPlugin:80 - create IPUIPlugin
2024-11-23 11:20:26,292 [INFO] PluginManager:220 - loadIPPluginJar : add ts
2024-11-23 11:20:26,384 [INFO] IPUIPlugin:80 - create IPUIPlugin
2024-11-23 11:20:26,387 [INFO] PluginManager:220 - loadIPPluginJar : add tsc
2024-11-23 11:20:26,476 [INFO] IPUIPlugin:80 - create IPUIPlugin
2024-11-23 11:20:26,476 [INFO] PluginManager:220 - loadIPPluginJar : add ucpd
2024-11-23 11:20:26,605 [INFO] IPUIPlugin:80 - create IPUIPlugin
2024-11-23 11:20:26,605 [INFO] PluginManager:220 - loadIPPluginJar : add usart
2024-11-23 11:20:26,765 [INFO] IPUIPlugin:80 - create IPUIPlugin
2024-11-23 11:20:26,765 [INFO] PluginManager:220 - loadIPPluginJar : add usbx
2024-11-23 11:20:27,047 [INFO] CADModel:165 - CPN selected for project level
2024-11-23 11:20:27,047 [INFO] CADModel:114 - Register for checkConnection events
2024-11-23 11:20:27,048 [FATAL] Updater:334 - Updater called before beeing initialized
2024-11-23 11:20:27,048 [ERROR] CADModel:125 - Updater not yet initialized, retry later 
2024-11-23 11:20:27,528 [INFO] CADModel:165 - CPN selected for project level
2024-11-23 11:20:27,529 [INFO] CADModel:114 - Register for checkConnection events
2024-11-23 11:20:27,529 [FATAL] Updater:334 - Updater called before beeing initialized
2024-11-23 11:20:27,529 [ERROR] CADModel:125 - Updater not yet initialized, retry later 
2024-11-23 11:20:27,540 [FATAL] Updater:334 - Updater called before beeing initialized
2024-11-23 11:20:27,614 [INFO] ThirdPartyUpdaterWithRetryManager:70 - Updater plugin not ready yet. [3/15]
2024-11-23 11:20:27,858 [FATAL] Updater:334 - Updater called before beeing initialized
2024-11-23 11:20:27,889 [INFO] DbMcusAds:53 - JSON generation date=Fri Sep 20 19:04:38 BDT 2024 (1726837478367)
2024-11-23 11:20:27,889 [FATAL] Updater:334 - Updater called before beeing initialized
2024-11-23 11:20:27,978 [WARN] DetailPanel:346 - Failed to get advertising image, set to default
2024-11-23 11:20:28,184 [FATAL] Updater:334 - Updater called before beeing initialized
2024-11-23 11:20:28,187 [FATAL] Updater:334 - Updater called before beeing initialized
2024-11-23 11:20:28,187 [FATAL] Updater:334 - Updater called before beeing initialized
2024-11-23 11:20:28,187 [WARN] DetailPanel:346 - Failed to get advertising image, set to default
2024-11-23 11:20:28,189 [FATAL] Updater:334 - Updater called before beeing initialized
2024-11-23 11:20:28,292 [ERROR] Updater:1164 - MainUpdater not yet initialized. External WinMGr cannot be set.
2024-11-23 11:20:28,312 [INFO] Updater:1100 - Updater Version found : 6.12.1
2024-11-23 11:20:28,356 [INFO] ApplicationProperties:184 - Using Application install path: C:\ST\STM32CubeIDE_1.16.1\STM32CubeIDE\plugins\com.st.stm32cube.common.mx_6.12.1.202409122256
2024-11-23 11:20:29,973 [ERROR] LogOutputStream:75 - [STDERR_REDIRECT] Nov 23, 2024 11:20:29 AM java.util.prefs.WindowsPreferences <init>
2024-11-23 11:20:29,976 [ERROR] LogOutputStream:75 - [STDERR_REDIRECT] WARNING: Could not open/create prefs root node Software\JavaSoft\Prefs at root 0xffffffff80000002. Windows RegCreateKeyEx(...) returned error code 5.
2024-11-23 11:20:29,977 [ERROR] LogOutputStream:75 - [STDERR_REDIRECT] 
2024-11-23 11:20:30,621 [FATAL] Updater:334 - Updater called before beeing initialized
2024-11-23 11:20:30,631 [ERROR] IntegrityCheckThread:130 - Cannot retrieve database content from updater: error 21
2024-11-23 11:20:30,635 [INFO] ThirdParty:978 - Integrity check success = false
2024-11-23 11:20:30,637 [INFO] IntegrityCheckThread:100 - exiting critical section [integrity check]
2024-11-23 11:20:30,637 [INFO] IntegrityCheckThread:103 - End integrity checks thread
2024-11-23 11:20:36,989 [INFO] MainUpdater:2873 - connection check result : 10
2024-11-23 11:20:36,991 [INFO] MainUpdater:290 - Updater Check For Update Now.
2024-11-23 11:20:36,991 [INFO] MicroXplorer:498 - Change Database Version : DB.6.0.121
2024-11-23 11:20:37,029 [INFO] McuFinderGlobals:63 - Set McuFinder mode to 2 (CubeIDE integrated)
2024-11-23 11:20:37,030 [INFO] UserAuth:179 - activating auth plugin
2024-11-23 11:20:37,042 [INFO] UserAuth:417 - Internet connection configuration mode: 1
2024-11-23 11:20:37,137 [INFO] JxBrowserEngine:152 - Initiate JxBrowser Engine with user profile folder
2024-11-23 11:20:38,016 [INFO] CheckServerUpdateThread:120 - End of CheckServer Thread
2024-11-23 11:20:51,267 [INFO] WebApp:167 - Instantiating new browser for Auth
2024-11-23 11:20:53,810 [INFO] WebApp:448 - Apply proxy settings
2024-11-23 11:20:53,811 [INFO] WebApp:533 - Chromium requires no authentication
2024-11-23 11:20:53,861 [INFO] WebApp:476 - Direct internet connection detected
2024-11-23 11:20:53,958 [INFO] WebApp:869 - Register for checkConnection events
2024-11-23 11:20:53,959 [INFO] WebApp:448 - Apply proxy settings
2024-11-23 11:20:53,959 [INFO] WebApp:533 - Chromium requires no authentication
2024-11-23 11:20:53,960 [INFO] WebApp:476 - Direct internet connection detected
2024-11-23 11:20:54,501 [INFO] WebApp:186 - Connection restablished
2024-11-23 11:20:54,758 [INFO] WebApp:220 - Starting web application
2024-11-23 11:20:54,758 [INFO] WebApp:578 - Web application path used C:\ST\STM32CubeIDE_1.16.1\STM32CubeIDE\plugins\com.st.stm32cube.common.mx_6.12.1.202409122256\db\plugins\mcufinder\reactClient1\index.html
2024-11-23 20:30:25,230 [INFO] WebApp:388 - JxBrowser engine has been closed 
2024-11-23 20:30:49,379 [ERROR] LogOutputStream:75 - [STDERR_REDIRECT] 
