2025-04-05 02:41:17,318 [ERROR] LogOutputStream:75 - [STDERR_REDIRECT] 
2025-04-05 10:03:46,668 [INFO] Activator:176 - 


2025-04-05 10:03:46,673 [INFO] Activator:177 - !SESSION log4j initialized
2025-04-05 10:03:54,649 [ERROR] LogOutputStream:75 - [STDERR_REDIRECT] Apr 05, 2025 10:03:54 AM org.apache.lucene.internal.vectorization.VectorizationProvider lookup
2025-04-05 10:03:54,663 [ERROR] LogOutputStream:75 - [STDERR_REDIRECT] WARNING: Java vector incubator module is not readable. For optimal vector performance, pass '--add-modules jdk.incubator.vector' to enable Vector API.
2025-04-05 10:03:54,663 [ERROR] LogOutputStream:75 - [STDERR_REDIRECT] 
2025-04-05 10:03:57,464 [INFO] LogOutputStream:77 - [STDOUT_REDIRECT] 
2025-04-05 10:04:07,854 [INFO] ApplicationProperties:184 - Using Application install path: C:\ST\STM32CubeIDE_1.16.1\STM32CubeIDE\plugins\com.st.stm32cube.common.mx_6.14.0.202502271554
2025-04-05 10:04:07,885 [INFO] DbMcusXml:78 - Set database path to: C:\ST\STM32CubeIDE_1.16.1\STM32CubeIDE\plugins\com.st.stm32cube.common.mx_6.14.0.202502271554\\db\/mcu/
2025-04-05 10:04:07,886 [INFO] ApiDb:274 - Set plugin database path to: C:\ST\STM32CubeIDE_1.16.1\STM32CubeIDE\plugins\com.st.stm32cube.common.mx_6.14.0.202502271554\\db\/plugins/boardmanager/
2025-04-05 10:04:07,886 [WARN] ApiDb:259 - Overriding images path with different value:  => C:\ST\STM32CubeIDE_1.16.1\STM32CubeIDE\plugins\com.st.stm32cube.common.mx_6.14.0.202502271554\\db\/plugins/mcufinder/images/
2025-04-05 10:04:07,902 [INFO] ApiDb:250 - Set database path to: C:\Users\Shuvro\.stmcufinder\plugins\mcufinder//mcu/
2025-04-05 10:04:07,903 [INFO] DbMcusAds:125 - Set database path to: C:\Users\Shuvro\.stmcufinder\plugins\mcufinder//mcu/
2025-04-05 10:04:07,925 [INFO] CrossReferenceDbSqlite:203 - Set database path to: C:\Users\Shuvro\.stmcufinder\plugins\mcufinder//mcu/cs/
2025-04-05 10:04:08,090 [INFO] RulesReader:64 - Compatibility file has been processed (301 Rules)
2025-04-05 10:04:08,247 [INFO] DbMcusXml:78 - Set database path to: C:\ST\STM32CubeIDE_1.16.1\STM32CubeIDE\plugins\com.st.stm32cube.common.mx_6.14.0.202502271554\\db\/mcu/
2025-04-05 10:04:08,247 [INFO] ApiDb:274 - Set plugin database path to: C:\ST\STM32CubeIDE_1.16.1\STM32CubeIDE\plugins\com.st.stm32cube.common.mx_6.14.0.202502271554\\db\/plugins/boardmanager/
2025-04-05 10:04:08,247 [INFO] ApiDb:261 - Set plugin images path to: C:\ST\STM32CubeIDE_1.16.1\STM32CubeIDE\plugins\com.st.stm32cube.common.mx_6.14.0.202502271554\\db\/plugins/mcufinder/images/
2025-04-05 10:04:08,247 [WARN] DbFile:41 - Overriding database path with different value: C:\Users\Shuvro\.stmcufinder\plugins\mcufinder/ => C:\Users\Shuvro\.stmcufinder\plugins\mcufinder
2025-04-05 10:04:08,249 [INFO] ApiDb:250 - Set database path to: C:\Users\Shuvro\.stmcufinder\plugins\mcufinder//mcu/
2025-04-05 10:04:08,249 [WARN] DbFile:41 - Overriding database path with different value: C:\Users\Shuvro\.stmcufinder\plugins\mcufinder/ => C:\Users\Shuvro\.stmcufinder\plugins\mcufinder
2025-04-05 10:04:08,249 [INFO] DbMcusAds:125 - Set database path to: C:\Users\Shuvro\.stmcufinder\plugins\mcufinder//mcu/
2025-04-05 10:04:08,249 [WARN] DbFile:41 - Overriding database path with different value: C:\Users\Shuvro\.stmcufinder\plugins\mcufinder/ => C:\Users\Shuvro\.stmcufinder\plugins\mcufinder
2025-04-05 10:04:08,249 [WARN] DbFile:41 - Overriding database path with different value: C:\Users\Shuvro\.stmcufinder\plugins\mcufinder/ => C:\Users\Shuvro\.stmcufinder\plugins\mcufinder
2025-04-05 10:04:08,249 [INFO] CrossReferenceDbSqlite:203 - Set database path to: C:\Users\Shuvro\.stmcufinder\plugins\mcufinder//mcu/cs/
2025-04-05 10:04:08,371 [INFO] MainPanel:272 - HeapMemory: 268435456
2025-04-05 10:04:08,584 [INFO] DbMcusXml:78 - Set database path to: C:\ST\STM32CubeIDE_1.16.1\STM32CubeIDE\plugins\com.st.stm32cube.common.mx_6.14.0.202502271554\\db\/mcu/
2025-04-05 10:04:08,584 [INFO] ApiDb:274 - Set plugin database path to: C:\ST\STM32CubeIDE_1.16.1\STM32CubeIDE\plugins\com.st.stm32cube.common.mx_6.14.0.202502271554\\db\/plugins/boardmanager/
2025-04-05 10:04:08,585 [INFO] ApiDb:261 - Set plugin images path to: C:\ST\STM32CubeIDE_1.16.1\STM32CubeIDE\plugins\com.st.stm32cube.common.mx_6.14.0.202502271554\\db\/plugins/mcufinder/images/
2025-04-05 10:04:08,587 [WARN] DbFile:41 - Overriding database path with different value: C:\Users\Shuvro\.stmcufinder\plugins\mcufinder/ => C:\Users\Shuvro\.stmcufinder\plugins\mcufinder
2025-04-05 10:04:08,587 [INFO] ApiDb:250 - Set database path to: C:\Users\Shuvro\.stmcufinder\plugins\mcufinder//mcu/
2025-04-05 10:04:08,587 [WARN] DbFile:41 - Overriding database path with different value: C:\Users\Shuvro\.stmcufinder\plugins\mcufinder/ => C:\Users\Shuvro\.stmcufinder\plugins\mcufinder
2025-04-05 10:04:08,587 [INFO] DbMcusAds:125 - Set database path to: C:\Users\Shuvro\.stmcufinder\plugins\mcufinder//mcu/
2025-04-05 10:04:08,587 [WARN] DbFile:41 - Overriding database path with different value: C:\Users\Shuvro\.stmcufinder\plugins\mcufinder/ => C:\Users\Shuvro\.stmcufinder\plugins\mcufinder
2025-04-05 10:04:08,587 [WARN] DbFile:41 - Overriding database path with different value: C:\Users\Shuvro\.stmcufinder\plugins\mcufinder/ => C:\Users\Shuvro\.stmcufinder\plugins\mcufinder
2025-04-05 10:04:08,587 [INFO] CrossReferenceDbSqlite:203 - Set database path to: C:\Users\Shuvro\.stmcufinder\plugins\mcufinder//mcu/cs/
2025-04-05 10:04:08,614 [INFO] ApplicationProperties:184 - Using Application install path: C:\ST\STM32CubeIDE_1.16.1\STM32CubeIDE\plugins\com.st.stm32cube.common.mx_6.14.0.202502271554
2025-04-05 10:04:08,615 [INFO] PluginManage:196 - Search for loadable plugins [exclusion list=, ]
2025-04-05 10:04:08,617 [INFO] PluginManage:310 - Check plugin analytics
2025-04-05 10:04:18,325 [INFO] AnalyticsPlugin:253 - Accepted Software Licenses: 
2025-04-05 10:04:18,325 [INFO] AnalyticsPlugin:255 - Accepted CMSIS Pack Licenses: 
2025-04-05 10:04:18,325 [INFO] AnalyticsPlugin:257 - Accepted Firmware Licenses: 
2025-04-05 10:04:18,327 [INFO] PluginManage:359 - Loaded plugin analytics (category:tool,tabindex:-1)
2025-04-05 10:04:18,329 [INFO] PluginManage:310 - Check plugin cadmodel
2025-04-05 10:04:18,339 [INFO] CADModel:105 - Init CAD model plugin
2025-04-05 10:04:18,340 [INFO] PluginManage:359 - Loaded plugin cadmodel (category:power,tabindex:5)
2025-04-05 10:04:18,340 [INFO] PluginManage:310 - Check plugin clock
2025-04-05 10:04:18,355 [INFO] PluginManage:359 - Loaded plugin clock (category:base,tabindex:2)
2025-04-05 10:04:18,355 [INFO] PluginManage:310 - Check plugin ddr
2025-04-05 10:04:18,360 [INFO] PluginManage:359 - Loaded plugin ddr (category:tool,tabindex:6)
2025-04-05 10:04:18,361 [INFO] PluginManage:310 - Check plugin filemanager
2025-04-05 10:04:18,559 [INFO] PluginManage:359 - Loaded plugin filemanager (category:base,tabindex:10)
2025-04-05 10:04:18,559 [INFO] PluginManage:310 - Check plugin ipmanager
2025-04-05 10:04:18,569 [INFO] PluginManage:359 - Loaded plugin ipmanager (category:base,tabindex:5)
2025-04-05 10:04:18,569 [INFO] PluginManage:310 - Check plugin lpbam
2025-04-05 10:04:18,580 [INFO] PluginManage:359 - Loaded plugin lpbam (category:base,tabindex:0)
2025-04-05 10:04:18,580 [INFO] PluginManage:310 - Check plugin memorymap
2025-04-05 10:04:18,599 [INFO] PluginManage:359 - Loaded plugin memorymap (category:base,tabindex:4)
2025-04-05 10:04:18,599 [INFO] PluginManage:310 - Check plugin pinoutandconfiguration
2025-04-05 10:04:18,612 [INFO] PluginManage:359 - Loaded plugin pinoutandconfiguration (category:base,tabindex:1)
2025-04-05 10:04:18,612 [INFO] PluginManage:310 - Check plugin pinoutconfig
2025-04-05 10:04:18,731 [WARN] SupportedApi:132 - Cannot load RTOS API schema: s4s-elt-must-match.1: The content of 'definitions' must match (annotation?, (simpleType | complexType)?, (unique | key | keyref)*)). A problem was found starting at: attribute.
2025-04-05 10:04:18,901 [INFO] PluginManage:359 - Loaded plugin pinoutconfig (category:base,tabindex:0)
2025-04-05 10:04:18,901 [INFO] PluginManage:310 - Check plugin power
2025-04-05 10:04:18,913 [INFO] PluginManage:359 - Loaded plugin power (category:power,tabindex:4)
2025-04-05 10:04:18,914 [INFO] PluginManage:310 - Check plugin projectmanager
2025-04-05 10:04:18,931 [INFO] PluginManage:359 - Loaded plugin projectmanager (category:projectmanager,tabindex:4)
2025-04-05 10:04:18,931 [INFO] PluginManage:310 - Check plugin rif
2025-04-05 10:04:18,942 [INFO] PluginManage:359 - Loaded plugin rif (category:base,tabindex:3)
2025-04-05 10:04:18,942 [INFO] PluginManage:310 - Check plugin thirdparty
2025-04-05 10:04:19,118 [INFO] PluginManage:359 - Loaded plugin thirdparty (category:base,tabindex:-1)
2025-04-05 10:04:19,118 [WARN] IntegrityCheckThread:84 - waiting for thirdparty lock release [integrity check]
2025-04-05 10:04:19,118 [INFO] PluginManage:310 - Check plugin tools
2025-04-05 10:04:19,118 [INFO] IntegrityCheckThread:86 - entering critical section [integrity check]
2025-04-05 10:04:19,119 [INFO] ThirdPartyUpdaterWithRetryManager:70 - Updater plugin not ready yet. [1/15]
2025-04-05 10:04:19,126 [INFO] PluginManage:359 - Loaded plugin tools (category:base,tabindex:7)
2025-04-05 10:04:19,126 [INFO] PluginManage:310 - Check plugin tutovideos
2025-04-05 10:04:19,384 [INFO] PluginManage:359 - Loaded plugin tutovideos (category:base,tabindex:-1)
2025-04-05 10:04:19,384 [INFO] PluginManage:310 - Check plugin updater
2025-04-05 10:04:19,416 [INFO] PluginManage:359 - Loaded plugin updater (category:base,tabindex:12)
2025-04-05 10:04:19,416 [INFO] PluginManage:310 - Check plugin userauth
2025-04-05 10:04:19,425 [INFO] UserAuth:118 - Init User Auth plugin
2025-04-05 10:04:19,426 [INFO] PluginManage:359 - Loaded plugin userauth (category:base,tabindex:14)
2025-04-05 10:04:19,427 [INFO] PluginManage:283 - PluginManage : Loaded plugins [18]
2025-04-05 10:04:19,731 [INFO] PinOutPanel:1589 - setPackage(No Configuration,No Configuration)
2025-04-05 10:04:19,855 [INFO] CADModel:165 - CPN selected for project level
2025-04-05 10:04:19,855 [INFO] CADModel:114 - Register for checkConnection events
2025-04-05 10:04:19,883 [INFO] IPUIPlugin:80 - create IPUIPlugin
2025-04-05 10:04:19,883 [INFO] PluginManager:220 - loadIPPluginJar : add adc
2025-04-05 10:04:19,887 [INFO] IPUIPlugin:80 - create IPUIPlugin
2025-04-05 10:04:19,887 [INFO] PluginManager:220 - loadIPPluginJar : add aes
2025-04-05 10:04:19,892 [INFO] IPUIPlugin:80 - create IPUIPlugin
2025-04-05 10:04:19,892 [INFO] PluginManager:220 - loadIPPluginJar : add can
2025-04-05 10:04:19,895 [INFO] IPUIPlugin:80 - create IPUIPlugin
2025-04-05 10:04:19,895 [INFO] PluginManager:220 - loadIPPluginJar : add comp
2025-04-05 10:04:19,899 [INFO] IPUIPlugin:80 - create IPUIPlugin
2025-04-05 10:04:19,899 [INFO] PluginManager:220 - loadIPPluginJar : add cryp
2025-04-05 10:04:19,905 [INFO] IPUIPlugin:80 - create IPUIPlugin
2025-04-05 10:04:19,905 [INFO] PluginManager:220 - loadIPPluginJar : add ddr_ctrl_phy
2025-04-05 10:04:19,909 [INFO] IPUIPlugin:80 - create IPUIPlugin
2025-04-05 10:04:19,909 [INFO] PluginManager:220 - loadIPPluginJar : add dfsdm
2025-04-05 10:04:19,918 [INFO] IPUIPlugin:80 - create IPUIPlugin
2025-04-05 10:04:19,920 [INFO] PluginManager:220 - loadIPPluginJar : add dma
2025-04-05 10:04:19,924 [INFO] IPUIPlugin:80 - create IPUIPlugin
2025-04-05 10:04:19,924 [INFO] PluginManager:220 - loadIPPluginJar : add dma3
2025-04-05 10:04:19,929 [INFO] IPUIPlugin:80 - create IPUIPlugin
2025-04-05 10:04:19,929 [INFO] PluginManager:220 - loadIPPluginJar : add extmemmanager
2025-04-05 10:04:19,933 [INFO] IPUIPlugin:80 - create IPUIPlugin
2025-04-05 10:04:19,934 [INFO] PluginManager:220 - loadIPPluginJar : add fatfs
2025-04-05 10:04:19,940 [INFO] IPUIPlugin:80 - create IPUIPlugin
2025-04-05 10:04:19,940 [INFO] PluginManager:220 - loadIPPluginJar : add fmc
2025-04-05 10:04:19,954 [INFO] IPUIPlugin:80 - create IPUIPlugin
2025-04-05 10:04:19,954 [INFO] PluginManager:220 - loadIPPluginJar : add freertos
2025-04-05 10:04:19,957 [INFO] IPUIPlugin:80 - create IPUIPlugin
2025-04-05 10:04:19,957 [INFO] PluginManager:220 - loadIPPluginJar : add genericplugin
2025-04-05 10:04:19,961 [INFO] IPUIPlugin:80 - create IPUIPlugin
2025-04-05 10:04:19,961 [INFO] PluginManager:220 - loadIPPluginJar : add gfxmmu
2025-04-05 10:04:19,969 [INFO] IPUIPlugin:80 - create IPUIPlugin
2025-04-05 10:04:19,969 [INFO] PluginManager:220 - loadIPPluginJar : add gic
2025-04-05 10:04:19,975 [INFO] IPUIPlugin:80 - create IPUIPlugin
2025-04-05 10:04:19,975 [INFO] PluginManager:220 - loadIPPluginJar : add gpio
2025-04-05 10:04:19,980 [INFO] IPUIPlugin:80 - create IPUIPlugin
2025-04-05 10:04:19,980 [INFO] PluginManager:220 - loadIPPluginJar : add gtzc
2025-04-05 10:04:19,983 [INFO] IPUIPlugin:80 - create IPUIPlugin
2025-04-05 10:04:19,984 [INFO] PluginManager:220 - loadIPPluginJar : add hash
2025-04-05 10:04:19,988 [INFO] IPUIPlugin:80 - create IPUIPlugin
2025-04-05 10:04:19,988 [INFO] PluginManager:220 - loadIPPluginJar : add i2c
2025-04-05 10:04:19,992 [INFO] IPUIPlugin:80 - create IPUIPlugin
2025-04-05 10:04:19,992 [INFO] PluginManager:220 - loadIPPluginJar : add i2s
2025-04-05 10:04:19,997 [INFO] IPUIPlugin:80 - create IPUIPlugin
2025-04-05 10:04:19,997 [INFO] PluginManager:220 - loadIPPluginJar : add i3c
2025-04-05 10:04:20,003 [INFO] IPUIPlugin:80 - create IPUIPlugin
2025-04-05 10:04:20,003 [INFO] PluginManager:220 - loadIPPluginJar : add ipddr
2025-04-05 10:04:20,015 [INFO] IPUIPlugin:80 - create IPUIPlugin
2025-04-05 10:04:20,015 [INFO] PluginManager:220 - loadIPPluginJar : add linkedlist
2025-04-05 10:04:20,019 [INFO] IPUIPlugin:80 - create IPUIPlugin
2025-04-05 10:04:20,020 [INFO] PluginManager:220 - loadIPPluginJar : add lorawan
2025-04-05 10:04:20,022 [INFO] IPUIPlugin:80 - create IPUIPlugin
2025-04-05 10:04:20,023 [INFO] PluginManager:220 - loadIPPluginJar : add ltdc
2025-04-05 10:04:20,032 [INFO] IPUIPlugin:80 - create IPUIPlugin
2025-04-05 10:04:20,032 [INFO] PluginManager:220 - loadIPPluginJar : add mdma
2025-04-05 10:04:20,038 [INFO] IPUIPlugin:80 - create IPUIPlugin
2025-04-05 10:04:20,038 [INFO] PluginManager:220 - loadIPPluginJar : add nvic
2025-04-05 10:04:20,042 [INFO] IPUIPlugin:80 - create IPUIPlugin
2025-04-05 10:04:20,042 [INFO] PluginManager:220 - loadIPPluginJar : add opamp
2025-04-05 10:04:20,047 [INFO] IPUIPlugin:80 - create IPUIPlugin
2025-04-05 10:04:20,047 [INFO] PluginManager:220 - loadIPPluginJar : add openamp
2025-04-05 10:04:20,052 [INFO] IPUIPlugin:80 - create IPUIPlugin
2025-04-05 10:04:20,052 [INFO] PluginManager:220 - loadIPPluginJar : add pdm2pcm
2025-04-05 10:04:20,064 [INFO] IPUIPlugin:80 - create IPUIPlugin
2025-04-05 10:04:20,067 [INFO] PluginManager:220 - loadIPPluginJar : add plateformsettings
2025-04-05 10:04:20,069 [INFO] IPUIPlugin:80 - create IPUIPlugin
2025-04-05 10:04:20,069 [INFO] PluginManager:220 - loadIPPluginJar : add quadspi
2025-04-05 10:04:20,073 [INFO] IPUIPlugin:80 - create IPUIPlugin
2025-04-05 10:04:20,074 [INFO] PluginManager:220 - loadIPPluginJar : add radio
2025-04-05 10:04:20,080 [INFO] IPUIPlugin:80 - create IPUIPlugin
2025-04-05 10:04:20,081 [INFO] PluginManager:220 - loadIPPluginJar : add resmgrutility
2025-04-05 10:04:20,089 [INFO] IPUIPlugin:80 - create IPUIPlugin
2025-04-05 10:04:20,089 [INFO] PluginManager:220 - loadIPPluginJar : add sai
2025-04-05 10:04:20,094 [INFO] IPUIPlugin:80 - create IPUIPlugin
2025-04-05 10:04:20,094 [INFO] PluginManager:220 - loadIPPluginJar : add spi
2025-04-05 10:04:20,102 [INFO] IPUIPlugin:80 - create IPUIPlugin
2025-04-05 10:04:20,102 [INFO] PluginManager:220 - loadIPPluginJar : add stm32_wpan
2025-04-05 10:04:20,105 [INFO] IPUIPlugin:80 - create IPUIPlugin
2025-04-05 10:04:20,105 [INFO] PluginManager:220 - loadIPPluginJar : add tim
2025-04-05 10:04:20,111 [INFO] IPUIPlugin:80 - create IPUIPlugin
2025-04-05 10:04:20,111 [INFO] PluginManager:220 - loadIPPluginJar : add touchsensing
2025-04-05 10:04:20,116 [INFO] IPUIPlugin:80 - create IPUIPlugin
2025-04-05 10:04:20,116 [INFO] PluginManager:220 - loadIPPluginJar : add tracer_emb
2025-04-05 10:04:20,119 [INFO] IPUIPlugin:80 - create IPUIPlugin
2025-04-05 10:04:20,119 [INFO] PluginManager:220 - loadIPPluginJar : add ts
2025-04-05 10:04:20,122 [INFO] IPUIPlugin:80 - create IPUIPlugin
2025-04-05 10:04:20,122 [INFO] PluginManager:220 - loadIPPluginJar : add tsc
2025-04-05 10:04:20,125 [INFO] IPUIPlugin:80 - create IPUIPlugin
2025-04-05 10:04:20,125 [INFO] PluginManager:220 - loadIPPluginJar : add ucpd
2025-04-05 10:04:20,129 [INFO] IPUIPlugin:80 - create IPUIPlugin
2025-04-05 10:04:20,129 [INFO] PluginManager:220 - loadIPPluginJar : add usart
2025-04-05 10:04:20,134 [INFO] IPUIPlugin:80 - create IPUIPlugin
2025-04-05 10:04:20,134 [INFO] PluginManager:220 - loadIPPluginJar : add usbx
2025-04-05 10:04:20,263 [FATAL] Updater:351 - Updater called before beeing initialized
2025-04-05 10:04:20,295 [INFO] RulesReader:64 - Compatibility file has been processed (301 Rules)
2025-04-05 10:04:20,308 [INFO] RulesReader:64 - Compatibility file has been processed (301 Rules)
2025-04-05 10:04:20,324 [INFO] CADModel:165 - CPN selected for project level
2025-04-05 10:04:20,324 [INFO] CADModel:114 - Register for checkConnection events
2025-04-05 10:04:20,324 [FATAL] Updater:351 - Updater called before beeing initialized
2025-04-05 10:04:20,324 [ERROR] CADModel:125 - Updater not yet initialized, retry later 
2025-04-05 10:04:20,582 [FATAL] Updater:351 - Updater called before beeing initialized
2025-04-05 10:04:20,585 [INFO] CADModel:165 - CPN selected for project level
2025-04-05 10:04:20,585 [INFO] CADModel:114 - Register for checkConnection events
2025-04-05 10:04:20,585 [FATAL] Updater:351 - Updater called before beeing initialized
2025-04-05 10:04:20,585 [ERROR] CADModel:125 - Updater not yet initialized, retry later 
2025-04-05 10:04:20,589 [FATAL] Updater:351 - Updater called before beeing initialized
2025-04-05 10:04:20,721 [FATAL] Updater:351 - Updater called before beeing initialized
2025-04-05 10:04:20,727 [INFO] DbMcusAds:53 - JSON generation date=Thu Mar 06 20:54:21 BDT 2025 (1741272861825)
2025-04-05 10:04:20,729 [FATAL] Updater:351 - Updater called before beeing initialized
2025-04-05 10:04:20,797 [WARN] DetailPanel:346 - Failed to get advertising image, set to default
2025-04-05 10:04:21,153 [FATAL] Updater:351 - Updater called before beeing initialized
2025-04-05 10:04:21,155 [FATAL] Updater:351 - Updater called before beeing initialized
2025-04-05 10:04:21,155 [FATAL] Updater:351 - Updater called before beeing initialized
2025-04-05 10:04:21,155 [WARN] DetailPanel:346 - Failed to get advertising image, set to default
2025-04-05 10:04:21,157 [FATAL] Updater:351 - Updater called before beeing initialized
2025-04-05 10:04:21,225 [ERROR] Updater:1198 - MainUpdater not yet initialized. External WinMGr cannot be set.
2025-04-05 10:04:21,229 [INFO] Updater:1134 - Updater Version found : 6.14.0
2025-04-05 10:04:21,252 [INFO] ApplicationProperties:184 - Using Application install path: C:\ST\STM32CubeIDE_1.16.1\STM32CubeIDE\plugins\com.st.stm32cube.common.mx_6.14.0.202502271554
2025-04-05 10:04:22,120 [INFO] ThirdPartyUpdaterWithRetryManager:70 - Updater plugin not ready yet. [2/15]
2025-04-05 10:04:22,827 [ERROR] LogOutputStream:75 - [STDERR_REDIRECT] Apr 05, 2025 10:04:22 AM java.util.prefs.WindowsPreferences <init>
2025-04-05 10:04:22,829 [ERROR] LogOutputStream:75 - [STDERR_REDIRECT] WARNING: Could not open/create prefs root node Software\JavaSoft\Prefs at root 0xffffffff80000002. Windows RegCreateKeyEx(...) returned error code 5.
2025-04-05 10:04:22,829 [ERROR] LogOutputStream:75 - [STDERR_REDIRECT] 
2025-04-05 10:04:25,120 [FATAL] Updater:351 - Updater called before beeing initialized
2025-04-05 10:04:25,120 [ERROR] IntegrityCheckThread:130 - Cannot retrieve database content from updater: error 21
2025-04-05 10:04:25,120 [INFO] ThirdParty:978 - Integrity check success = false
2025-04-05 10:04:25,121 [INFO] IntegrityCheckThread:100 - exiting critical section [integrity check]
2025-04-05 10:04:25,121 [INFO] IntegrityCheckThread:103 - End integrity checks thread
2025-04-05 10:04:25,343 [INFO] MainUpdater:2872 - connection check result : 10
2025-04-05 10:04:25,344 [INFO] MainUpdater:289 - Updater Check For Update Now.
2025-04-05 10:04:25,344 [INFO] MicroXplorer:498 - Change Database Version : DB.6.0.140
2025-04-05 10:04:25,359 [INFO] McuFinderGlobals:63 - Set McuFinder mode to 2 (CubeIDE integrated)
2025-04-05 10:04:25,360 [INFO] UserAuth:171 - activating auth plugin
2025-04-05 10:04:25,365 [INFO] UserAuth:486 - Internet connection configuration mode: 1
2025-04-05 10:04:25,417 [INFO] JxBrowserEngine:152 - Initiate JxBrowser Engine with user profile folder
2025-04-05 10:04:25,571 [INFO] CheckServerUpdateThread:120 - End of CheckServer Thread
2025-04-05 10:04:27,995 [INFO] WebApp:169 - Instantiating new browser for Auth
2025-04-05 10:04:29,456 [INFO] WebApp:463 - Apply proxy settings
2025-04-05 10:04:29,457 [INFO] WebApp:548 - Chromium requires no authentication
2025-04-05 10:04:29,480 [INFO] WebApp:491 - Direct internet connection detected
2025-04-05 10:04:29,566 [INFO] WebApp:894 - Register for checkConnection events
2025-04-05 10:04:29,566 [INFO] WebApp:463 - Apply proxy settings
2025-04-05 10:04:29,567 [INFO] WebApp:548 - Chromium requires no authentication
2025-04-05 10:04:29,567 [INFO] WebApp:491 - Direct internet connection detected
2025-04-05 10:04:30,050 [INFO] WebApp:225 - Starting web application
2025-04-05 10:04:30,050 [INFO] WebApp:593 - Web application path used C:\ST\STM32CubeIDE_1.16.1\STM32CubeIDE\plugins\com.st.stm32cube.common.mx_6.14.0.202502271554\db\plugins\mcufinder\reactClient1\index.html
2025-04-05 10:04:30,981 [INFO] WebApp:191 - Connection restablished
2025-04-05 10:12:57,448 [INFO] WebApp:194 - Connection lost
2025-04-05 10:18:43,926 [INFO] WebApp:191 - Connection restablished
2025-04-05 12:28:56,572 [INFO] WebApp:194 - Connection lost
2025-04-05 12:29:04,398 [INFO] WebApp:191 - Connection restablished
2025-04-05 12:29:08,233 [INFO] WebApp:194 - Connection lost
2025-04-05 12:29:08,469 [INFO] WebApp:191 - Connection restablished
2025-04-05 18:50:43,361 [INFO] WebApp:194 - Connection lost
2025-04-05 18:50:52,311 [INFO] WebApp:191 - Connection restablished
2025-04-05 18:50:53,628 [INFO] WebApp:194 - Connection lost
2025-04-05 18:50:53,879 [INFO] WebApp:191 - Connection restablished
2025-04-05 19:16:03,907 [INFO] WebApp:194 - Connection lost
2025-04-05 19:16:12,203 [INFO] WebApp:191 - Connection restablished
2025-04-05 19:16:14,446 [INFO] WebApp:194 - Connection lost
2025-04-05 19:16:14,683 [INFO] WebApp:191 - Connection restablished
2025-04-05 19:33:02,347 [ERROR] LogOutputStream:75 - [STDERR_REDIRECT] 
2025-04-05 19:33:02,347 [ERROR] LogOutputStream:75 - [STDERR_REDIRECT] 
