2025-01-03 02:15:23,777 [ERROR] LogOutputStream:75 - [STDERR_REDIRECT] 
2025-01-03 13:42:26,573 [INFO] Activator:176 - 


2025-01-03 13:42:26,576 [INFO] Activator:177 - !SESSION log4j initialized
2025-01-03 13:42:37,664 [INFO] LogOutputStream:77 - [STDOUT_REDIRECT] 
2025-01-03 13:42:49,477 [INFO] ApplicationProperties:184 - Using Application install path: C:\ST\STM32CubeIDE_1.16.1\STM32CubeIDE\plugins\com.st.stm32cube.common.mx_6.13.0.202411220809
2025-01-03 13:42:49,504 [INFO] DbMcusXml:78 - Set database path to: C:\ST\STM32CubeIDE_1.16.1\STM32CubeIDE\plugins\com.st.stm32cube.common.mx_6.13.0.202411220809\\db\/mcu/
2025-01-03 13:42:49,504 [INFO] ApiDb:274 - Set plugin database path to: C:\ST\STM32CubeIDE_1.16.1\STM32CubeIDE\plugins\com.st.stm32cube.common.mx_6.13.0.202411220809\\db\/plugins/boardmanager/
2025-01-03 13:42:49,504 [WARN] ApiDb:259 - Overriding images path with different value:  => C:\ST\STM32CubeIDE_1.16.1\STM32CubeIDE\plugins\com.st.stm32cube.common.mx_6.13.0.202411220809\\db\/plugins/mcufinder/images/
2025-01-03 13:42:49,528 [INFO] ApiDb:250 - Set database path to: C:\Users\Shuvro\.stmcufinder\plugins\mcufinder//mcu/
2025-01-03 13:42:49,529 [INFO] DbMcusAds:125 - Set database path to: C:\Users\Shuvro\.stmcufinder\plugins\mcufinder//mcu/
2025-01-03 13:42:49,536 [INFO] CrossReferenceDbSqlite:203 - Set database path to: C:\Users\Shuvro\.stmcufinder\plugins\mcufinder//mcu/cs/
2025-01-03 13:42:49,711 [INFO] RulesReader:64 - Compatibility file has been processed (297 Rules)
2025-01-03 13:42:49,827 [INFO] DbMcusXml:78 - Set database path to: C:\ST\STM32CubeIDE_1.16.1\STM32CubeIDE\plugins\com.st.stm32cube.common.mx_6.13.0.202411220809\\db\/mcu/
2025-01-03 13:42:49,827 [INFO] ApiDb:274 - Set plugin database path to: C:\ST\STM32CubeIDE_1.16.1\STM32CubeIDE\plugins\com.st.stm32cube.common.mx_6.13.0.202411220809\\db\/plugins/boardmanager/
2025-01-03 13:42:49,828 [INFO] ApiDb:261 - Set plugin images path to: C:\ST\STM32CubeIDE_1.16.1\STM32CubeIDE\plugins\com.st.stm32cube.common.mx_6.13.0.202411220809\\db\/plugins/mcufinder/images/
2025-01-03 13:42:49,828 [WARN] DbFile:41 - Overriding database path with different value: C:\Users\Shuvro\.stmcufinder\plugins\mcufinder/ => C:\Users\Shuvro\.stmcufinder\plugins\mcufinder
2025-01-03 13:42:49,828 [INFO] ApiDb:250 - Set database path to: C:\Users\Shuvro\.stmcufinder\plugins\mcufinder//mcu/
2025-01-03 13:42:49,828 [WARN] DbFile:41 - Overriding database path with different value: C:\Users\Shuvro\.stmcufinder\plugins\mcufinder/ => C:\Users\Shuvro\.stmcufinder\plugins\mcufinder
2025-01-03 13:42:49,828 [INFO] DbMcusAds:125 - Set database path to: C:\Users\Shuvro\.stmcufinder\plugins\mcufinder//mcu/
2025-01-03 13:42:49,828 [WARN] DbFile:41 - Overriding database path with different value: C:\Users\Shuvro\.stmcufinder\plugins\mcufinder/ => C:\Users\Shuvro\.stmcufinder\plugins\mcufinder
2025-01-03 13:42:49,828 [WARN] DbFile:41 - Overriding database path with different value: C:\Users\Shuvro\.stmcufinder\plugins\mcufinder/ => C:\Users\Shuvro\.stmcufinder\plugins\mcufinder
2025-01-03 13:42:49,829 [INFO] CrossReferenceDbSqlite:203 - Set database path to: C:\Users\Shuvro\.stmcufinder\plugins\mcufinder//mcu/cs/
2025-01-03 13:42:49,965 [INFO] MainPanel:272 - HeapMemory: 268435456
2025-01-03 13:42:50,118 [INFO] DbMcusXml:78 - Set database path to: C:\ST\STM32CubeIDE_1.16.1\STM32CubeIDE\plugins\com.st.stm32cube.common.mx_6.13.0.202411220809\\db\/mcu/
2025-01-03 13:42:50,118 [INFO] ApiDb:274 - Set plugin database path to: C:\ST\STM32CubeIDE_1.16.1\STM32CubeIDE\plugins\com.st.stm32cube.common.mx_6.13.0.202411220809\\db\/plugins/boardmanager/
2025-01-03 13:42:50,118 [INFO] ApiDb:261 - Set plugin images path to: C:\ST\STM32CubeIDE_1.16.1\STM32CubeIDE\plugins\com.st.stm32cube.common.mx_6.13.0.202411220809\\db\/plugins/mcufinder/images/
2025-01-03 13:42:50,119 [WARN] DbFile:41 - Overriding database path with different value: C:\Users\Shuvro\.stmcufinder\plugins\mcufinder/ => C:\Users\Shuvro\.stmcufinder\plugins\mcufinder
2025-01-03 13:42:50,119 [INFO] ApiDb:250 - Set database path to: C:\Users\Shuvro\.stmcufinder\plugins\mcufinder//mcu/
2025-01-03 13:42:50,119 [WARN] DbFile:41 - Overriding database path with different value: C:\Users\Shuvro\.stmcufinder\plugins\mcufinder/ => C:\Users\Shuvro\.stmcufinder\plugins\mcufinder
2025-01-03 13:42:50,119 [INFO] DbMcusAds:125 - Set database path to: C:\Users\Shuvro\.stmcufinder\plugins\mcufinder//mcu/
2025-01-03 13:42:50,119 [WARN] DbFile:41 - Overriding database path with different value: C:\Users\Shuvro\.stmcufinder\plugins\mcufinder/ => C:\Users\Shuvro\.stmcufinder\plugins\mcufinder
2025-01-03 13:42:50,119 [WARN] DbFile:41 - Overriding database path with different value: C:\Users\Shuvro\.stmcufinder\plugins\mcufinder/ => C:\Users\Shuvro\.stmcufinder\plugins\mcufinder
2025-01-03 13:42:50,119 [INFO] CrossReferenceDbSqlite:203 - Set database path to: C:\Users\Shuvro\.stmcufinder\plugins\mcufinder//mcu/cs/
2025-01-03 13:42:50,142 [INFO] ApplicationProperties:184 - Using Application install path: C:\ST\STM32CubeIDE_1.16.1\STM32CubeIDE\plugins\com.st.stm32cube.common.mx_6.13.0.202411220809
2025-01-03 13:42:50,144 [INFO] PluginManage:196 - Search for loadable plugins [exclusion list=, ]
2025-01-03 13:42:50,149 [INFO] PluginManage:310 - Check plugin analytics
2025-01-03 13:42:59,881 [INFO] AnalyticsPlugin:253 - Accepted Software Licenses: 
2025-01-03 13:42:59,881 [INFO] AnalyticsPlugin:255 - Accepted CMSIS Pack Licenses: 
2025-01-03 13:42:59,881 [INFO] AnalyticsPlugin:257 - Accepted Firmware Licenses: 
2025-01-03 13:42:59,882 [INFO] PluginManage:359 - Loaded plugin analytics (category:tool,tabindex:-1)
2025-01-03 13:42:59,882 [INFO] PluginManage:310 - Check plugin cadmodel
2025-01-03 13:42:59,904 [INFO] CADModel:105 - Init CAD model plugin
2025-01-03 13:42:59,905 [INFO] PluginManage:359 - Loaded plugin cadmodel (category:power,tabindex:5)
2025-01-03 13:42:59,905 [INFO] PluginManage:310 - Check plugin clock
2025-01-03 13:42:59,930 [INFO] PluginManage:359 - Loaded plugin clock (category:base,tabindex:2)
2025-01-03 13:42:59,930 [INFO] PluginManage:310 - Check plugin ddr
2025-01-03 13:42:59,934 [INFO] PluginManage:359 - Loaded plugin ddr (category:tool,tabindex:6)
2025-01-03 13:42:59,934 [INFO] PluginManage:310 - Check plugin filemanager
2025-01-03 13:43:00,125 [INFO] PluginManage:359 - Loaded plugin filemanager (category:base,tabindex:10)
2025-01-03 13:43:00,125 [INFO] PluginManage:310 - Check plugin ipmanager
2025-01-03 13:43:00,134 [INFO] PluginManage:359 - Loaded plugin ipmanager (category:base,tabindex:5)
2025-01-03 13:43:00,135 [INFO] PluginManage:310 - Check plugin lpbam
2025-01-03 13:43:00,157 [INFO] PluginManage:359 - Loaded plugin lpbam (category:base,tabindex:0)
2025-01-03 13:43:00,157 [INFO] PluginManage:310 - Check plugin memorymap
2025-01-03 13:43:00,186 [INFO] PluginManage:359 - Loaded plugin memorymap (category:base,tabindex:4)
2025-01-03 13:43:00,186 [INFO] PluginManage:310 - Check plugin pinoutandconfiguration
2025-01-03 13:43:00,208 [INFO] PluginManage:359 - Loaded plugin pinoutandconfiguration (category:base,tabindex:1)
2025-01-03 13:43:00,208 [INFO] PluginManage:310 - Check plugin pinoutconfig
2025-01-03 13:43:00,359 [WARN] SupportedApi:132 - Cannot load RTOS API schema: s4s-elt-must-match.1: The content of 'definitions' must match (annotation?, (simpleType | complexType)?, (unique | key | keyref)*)). A problem was found starting at: attribute.
2025-01-03 13:43:00,587 [INFO] PluginManage:359 - Loaded plugin pinoutconfig (category:base,tabindex:0)
2025-01-03 13:43:00,587 [INFO] PluginManage:310 - Check plugin power
2025-01-03 13:43:00,617 [INFO] PluginManage:359 - Loaded plugin power (category:power,tabindex:4)
2025-01-03 13:43:00,618 [INFO] PluginManage:310 - Check plugin projectmanager
2025-01-03 13:43:00,643 [INFO] PluginManage:359 - Loaded plugin projectmanager (category:projectmanager,tabindex:4)
2025-01-03 13:43:00,643 [INFO] PluginManage:310 - Check plugin rif
2025-01-03 13:43:00,675 [INFO] PluginManage:359 - Loaded plugin rif (category:base,tabindex:3)
2025-01-03 13:43:00,675 [INFO] PluginManage:310 - Check plugin thirdparty
2025-01-03 13:43:01,092 [WARN] IntegrityCheckThread:84 - waiting for thirdparty lock release [integrity check]
2025-01-03 13:43:01,092 [INFO] IntegrityCheckThread:86 - entering critical section [integrity check]
2025-01-03 13:43:01,092 [INFO] PluginManage:359 - Loaded plugin thirdparty (category:base,tabindex:-1)
2025-01-03 13:43:01,093 [INFO] PluginManage:310 - Check plugin tools
2025-01-03 13:43:01,093 [INFO] ThirdPartyUpdaterWithRetryManager:70 - Updater plugin not ready yet. [1/15]
2025-01-03 13:43:01,154 [INFO] PluginManage:359 - Loaded plugin tools (category:base,tabindex:7)
2025-01-03 13:43:01,154 [INFO] PluginManage:310 - Check plugin tutovideos
2025-01-03 13:43:01,425 [INFO] PluginManage:359 - Loaded plugin tutovideos (category:base,tabindex:-1)
2025-01-03 13:43:01,425 [INFO] PluginManage:310 - Check plugin updater
2025-01-03 13:43:01,445 [INFO] PluginManage:359 - Loaded plugin updater (category:base,tabindex:12)
2025-01-03 13:43:01,445 [INFO] PluginManage:310 - Check plugin userauth
2025-01-03 13:43:01,460 [INFO] UserAuth:118 - Init User Auth plugin
2025-01-03 13:43:01,460 [INFO] PluginManage:359 - Loaded plugin userauth (category:base,tabindex:14)
2025-01-03 13:43:01,460 [INFO] PluginManage:283 - PluginManage : Loaded plugins [18]
2025-01-03 13:43:01,748 [INFO] PinOutPanel:1589 - setPackage(No Configuration,No Configuration)
2025-01-03 13:43:01,873 [INFO] CADModel:165 - CPN selected for project level
2025-01-03 13:43:01,873 [INFO] CADModel:114 - Register for checkConnection events
2025-01-03 13:43:01,904 [INFO] IPUIPlugin:80 - create IPUIPlugin
2025-01-03 13:43:01,904 [INFO] PluginManager:220 - loadIPPluginJar : add adc
2025-01-03 13:43:01,967 [INFO] IPUIPlugin:80 - create IPUIPlugin
2025-01-03 13:43:01,967 [INFO] PluginManager:220 - loadIPPluginJar : add aes
2025-01-03 13:43:02,043 [INFO] IPUIPlugin:80 - create IPUIPlugin
2025-01-03 13:43:02,043 [INFO] PluginManager:220 - loadIPPluginJar : add can
2025-01-03 13:43:02,079 [INFO] IPUIPlugin:80 - create IPUIPlugin
2025-01-03 13:43:02,079 [INFO] PluginManager:220 - loadIPPluginJar : add comp
2025-01-03 13:43:02,128 [INFO] IPUIPlugin:80 - create IPUIPlugin
2025-01-03 13:43:02,128 [INFO] PluginManager:220 - loadIPPluginJar : add cryp
2025-01-03 13:43:02,144 [INFO] IPUIPlugin:80 - create IPUIPlugin
2025-01-03 13:43:02,144 [INFO] PluginManager:220 - loadIPPluginJar : add ddr_ctrl_phy
2025-01-03 13:43:02,185 [INFO] IPUIPlugin:80 - create IPUIPlugin
2025-01-03 13:43:02,185 [INFO] PluginManager:220 - loadIPPluginJar : add dfsdm
2025-01-03 13:43:02,202 [INFO] IPUIPlugin:80 - create IPUIPlugin
2025-01-03 13:43:02,204 [INFO] PluginManager:220 - loadIPPluginJar : add dma
2025-01-03 13:43:02,281 [INFO] IPUIPlugin:80 - create IPUIPlugin
2025-01-03 13:43:02,282 [INFO] PluginManager:220 - loadIPPluginJar : add dma3
2025-01-03 13:43:02,348 [INFO] IPUIPlugin:80 - create IPUIPlugin
2025-01-03 13:43:02,348 [INFO] PluginManager:220 - loadIPPluginJar : add extmemmanager
2025-01-03 13:43:02,363 [INFO] IPUIPlugin:80 - create IPUIPlugin
2025-01-03 13:43:02,363 [INFO] PluginManager:220 - loadIPPluginJar : add fatfs
2025-01-03 13:43:02,440 [INFO] IPUIPlugin:80 - create IPUIPlugin
2025-01-03 13:43:02,440 [INFO] PluginManager:220 - loadIPPluginJar : add fmc
2025-01-03 13:43:02,458 [INFO] IPUIPlugin:80 - create IPUIPlugin
2025-01-03 13:43:02,458 [INFO] PluginManager:220 - loadIPPluginJar : add freertos
2025-01-03 13:43:02,486 [INFO] IPUIPlugin:80 - create IPUIPlugin
2025-01-03 13:43:02,486 [INFO] PluginManager:220 - loadIPPluginJar : add genericplugin
2025-01-03 13:43:02,660 [INFO] IPUIPlugin:80 - create IPUIPlugin
2025-01-03 13:43:02,661 [INFO] PluginManager:220 - loadIPPluginJar : add gfxmmu
2025-01-03 13:43:02,914 [INFO] IPUIPlugin:80 - create IPUIPlugin
2025-01-03 13:43:02,914 [INFO] PluginManager:220 - loadIPPluginJar : add gic
2025-01-03 13:43:02,934 [INFO] IPUIPlugin:80 - create IPUIPlugin
2025-01-03 13:43:02,934 [INFO] PluginManager:220 - loadIPPluginJar : add gpio
2025-01-03 13:43:03,051 [INFO] IPUIPlugin:80 - create IPUIPlugin
2025-01-03 13:43:03,051 [INFO] PluginManager:220 - loadIPPluginJar : add gtzc
2025-01-03 13:43:03,114 [INFO] IPUIPlugin:80 - create IPUIPlugin
2025-01-03 13:43:03,114 [INFO] PluginManager:220 - loadIPPluginJar : add hash
2025-01-03 13:43:03,192 [INFO] IPUIPlugin:80 - create IPUIPlugin
2025-01-03 13:43:03,192 [INFO] PluginManager:220 - loadIPPluginJar : add i2c
2025-01-03 13:43:03,261 [INFO] IPUIPlugin:80 - create IPUIPlugin
2025-01-03 13:43:03,261 [INFO] PluginManager:220 - loadIPPluginJar : add i2s
2025-01-03 13:43:03,339 [INFO] IPUIPlugin:80 - create IPUIPlugin
2025-01-03 13:43:03,339 [INFO] PluginManager:220 - loadIPPluginJar : add i3c
2025-01-03 13:43:03,588 [INFO] IPUIPlugin:80 - create IPUIPlugin
2025-01-03 13:43:03,589 [INFO] PluginManager:220 - loadIPPluginJar : add ipddr
2025-01-03 13:43:03,749 [INFO] IPUIPlugin:80 - create IPUIPlugin
2025-01-03 13:43:03,750 [INFO] PluginManager:220 - loadIPPluginJar : add linkedlist
2025-01-03 13:43:03,801 [INFO] IPUIPlugin:80 - create IPUIPlugin
2025-01-03 13:43:03,801 [INFO] PluginManager:220 - loadIPPluginJar : add lorawan
2025-01-03 13:43:03,833 [INFO] IPUIPlugin:80 - create IPUIPlugin
2025-01-03 13:43:03,848 [INFO] PluginManager:220 - loadIPPluginJar : add ltdc
2025-01-03 13:43:03,865 [INFO] IPUIPlugin:80 - create IPUIPlugin
2025-01-03 13:43:03,866 [INFO] PluginManager:220 - loadIPPluginJar : add mdma
2025-01-03 13:43:03,883 [INFO] IPUIPlugin:80 - create IPUIPlugin
2025-01-03 13:43:03,883 [INFO] PluginManager:220 - loadIPPluginJar : add nvic
2025-01-03 13:43:03,935 [INFO] IPUIPlugin:80 - create IPUIPlugin
2025-01-03 13:43:03,935 [INFO] PluginManager:220 - loadIPPluginJar : add opamp
2025-01-03 13:43:04,028 [INFO] IPUIPlugin:80 - create IPUIPlugin
2025-01-03 13:43:04,029 [INFO] PluginManager:220 - loadIPPluginJar : add openamp
2025-01-03 13:43:04,090 [INFO] IPUIPlugin:80 - create IPUIPlugin
2025-01-03 13:43:04,090 [INFO] PluginManager:220 - loadIPPluginJar : add pdm2pcm
2025-01-03 13:43:04,105 [INFO] ThirdPartyUpdaterWithRetryManager:70 - Updater plugin not ready yet. [2/15]
2025-01-03 13:43:04,105 [INFO] IPUIPlugin:80 - create IPUIPlugin
2025-01-03 13:43:04,105 [INFO] PluginManager:220 - loadIPPluginJar : add plateformsettings
2025-01-03 13:43:04,139 [INFO] IPUIPlugin:80 - create IPUIPlugin
2025-01-03 13:43:04,139 [INFO] PluginManager:220 - loadIPPluginJar : add quadspi
2025-01-03 13:43:04,173 [INFO] IPUIPlugin:80 - create IPUIPlugin
2025-01-03 13:43:04,174 [INFO] PluginManager:220 - loadIPPluginJar : add radio
2025-01-03 13:43:04,192 [INFO] IPUIPlugin:80 - create IPUIPlugin
2025-01-03 13:43:04,192 [INFO] PluginManager:220 - loadIPPluginJar : add resmgrutility
2025-01-03 13:43:04,256 [INFO] IPUIPlugin:80 - create IPUIPlugin
2025-01-03 13:43:04,256 [INFO] PluginManager:220 - loadIPPluginJar : add sai
2025-01-03 13:43:04,314 [INFO] IPUIPlugin:80 - create IPUIPlugin
2025-01-03 13:43:04,314 [INFO] PluginManager:220 - loadIPPluginJar : add spi
2025-01-03 13:43:04,410 [INFO] IPUIPlugin:80 - create IPUIPlugin
2025-01-03 13:43:04,410 [INFO] PluginManager:220 - loadIPPluginJar : add stm32_wpan
2025-01-03 13:43:04,440 [INFO] IPUIPlugin:80 - create IPUIPlugin
2025-01-03 13:43:04,440 [INFO] PluginManager:220 - loadIPPluginJar : add tim
2025-01-03 13:43:04,525 [INFO] IPUIPlugin:80 - create IPUIPlugin
2025-01-03 13:43:04,525 [INFO] PluginManager:220 - loadIPPluginJar : add touchsensing
2025-01-03 13:43:04,544 [INFO] IPUIPlugin:80 - create IPUIPlugin
2025-01-03 13:43:04,544 [INFO] PluginManager:220 - loadIPPluginJar : add tracer_emb
2025-01-03 13:43:04,593 [INFO] IPUIPlugin:80 - create IPUIPlugin
2025-01-03 13:43:04,593 [INFO] PluginManager:220 - loadIPPluginJar : add ts
2025-01-03 13:43:04,620 [INFO] IPUIPlugin:80 - create IPUIPlugin
2025-01-03 13:43:04,620 [INFO] PluginManager:220 - loadIPPluginJar : add tsc
2025-01-03 13:43:04,647 [INFO] IPUIPlugin:80 - create IPUIPlugin
2025-01-03 13:43:04,647 [INFO] PluginManager:220 - loadIPPluginJar : add ucpd
2025-01-03 13:43:04,707 [INFO] IPUIPlugin:80 - create IPUIPlugin
2025-01-03 13:43:04,708 [INFO] PluginManager:220 - loadIPPluginJar : add usart
2025-01-03 13:43:04,762 [INFO] IPUIPlugin:80 - create IPUIPlugin
2025-01-03 13:43:04,762 [INFO] PluginManager:220 - loadIPPluginJar : add usbx
2025-01-03 13:43:04,894 [FATAL] Updater:351 - Updater called before beeing initialized
2025-01-03 13:43:04,924 [INFO] RulesReader:64 - Compatibility file has been processed (297 Rules)
2025-01-03 13:43:04,938 [INFO] RulesReader:64 - Compatibility file has been processed (297 Rules)
2025-01-03 13:43:04,958 [INFO] CADModel:165 - CPN selected for project level
2025-01-03 13:43:04,958 [INFO] CADModel:114 - Register for checkConnection events
2025-01-03 13:43:04,959 [FATAL] Updater:351 - Updater called before beeing initialized
2025-01-03 13:43:04,959 [ERROR] CADModel:125 - Updater not yet initialized, retry later 
2025-01-03 13:43:05,184 [FATAL] Updater:351 - Updater called before beeing initialized
2025-01-03 13:43:05,195 [INFO] CADModel:165 - CPN selected for project level
2025-01-03 13:43:05,195 [INFO] CADModel:114 - Register for checkConnection events
2025-01-03 13:43:05,195 [FATAL] Updater:351 - Updater called before beeing initialized
2025-01-03 13:43:05,195 [ERROR] CADModel:125 - Updater not yet initialized, retry later 
2025-01-03 13:43:05,198 [FATAL] Updater:351 - Updater called before beeing initialized
2025-01-03 13:43:05,315 [FATAL] Updater:351 - Updater called before beeing initialized
2025-01-03 13:43:05,330 [INFO] DbMcusAds:53 - JSON generation date=Tue Dec 17 22:01:15 BDT 2024 (1734451275222)
2025-01-03 13:43:05,330 [FATAL] Updater:351 - Updater called before beeing initialized
2025-01-03 13:43:05,395 [WARN] DetailPanel:346 - Failed to get advertising image, set to default
2025-01-03 13:43:05,737 [FATAL] Updater:351 - Updater called before beeing initialized
2025-01-03 13:43:05,740 [FATAL] Updater:351 - Updater called before beeing initialized
2025-01-03 13:43:05,752 [FATAL] Updater:351 - Updater called before beeing initialized
2025-01-03 13:43:05,752 [WARN] DetailPanel:346 - Failed to get advertising image, set to default
2025-01-03 13:43:05,753 [FATAL] Updater:351 - Updater called before beeing initialized
2025-01-03 13:43:05,825 [ERROR] Updater:1198 - MainUpdater not yet initialized. External WinMGr cannot be set.
2025-01-03 13:43:05,840 [INFO] Updater:1134 - Updater Version found : 6.13.0
2025-01-03 13:43:05,866 [INFO] ApplicationProperties:184 - Using Application install path: C:\ST\STM32CubeIDE_1.16.1\STM32CubeIDE\plugins\com.st.stm32cube.common.mx_6.13.0.202411220809
2025-01-03 13:43:07,107 [INFO] ThirdPartyUpdaterWithRetryManager:70 - Updater plugin not ready yet. [3/15]
2025-01-03 13:43:07,463 [ERROR] LogOutputStream:75 - [STDERR_REDIRECT] Jan 03, 2025 1:43:07 PM java.util.prefs.WindowsPreferences <init>
2025-01-03 13:43:07,463 [ERROR] LogOutputStream:75 - [STDERR_REDIRECT] WARNING: Could not open/create prefs root node Software\JavaSoft\Prefs at root 0xffffffff80000002. Windows RegCreateKeyEx(...) returned error code 5.
2025-01-03 13:43:07,479 [ERROR] LogOutputStream:75 - [STDERR_REDIRECT] 
2025-01-03 13:43:10,112 [FATAL] Updater:351 - Updater called before beeing initialized
2025-01-03 13:43:10,112 [ERROR] IntegrityCheckThread:130 - Cannot retrieve database content from updater: error 21
2025-01-03 13:43:10,112 [INFO] ThirdParty:978 - Integrity check success = false
2025-01-03 13:43:10,112 [INFO] IntegrityCheckThread:100 - exiting critical section [integrity check]
2025-01-03 13:43:10,112 [INFO] IntegrityCheckThread:103 - End integrity checks thread
2025-01-03 13:43:11,761 [INFO] MainUpdater:2872 - connection check result : 10
2025-01-03 13:43:11,761 [INFO] MainUpdater:289 - Updater Check For Update Now.
2025-01-03 13:43:11,761 [INFO] MicroXplorer:498 - Change Database Version : DB.6.0.130
2025-01-03 13:43:11,799 [INFO] McuFinderGlobals:63 - Set McuFinder mode to 2 (CubeIDE integrated)
2025-01-03 13:43:11,799 [INFO] UserAuth:171 - activating auth plugin
2025-01-03 13:43:11,807 [INFO] UserAuth:486 - Internet connection configuration mode: 1
2025-01-03 13:43:11,854 [INFO] JxBrowserEngine:152 - Initiate JxBrowser Engine with user profile folder
2025-01-03 13:43:12,105 [INFO] CheckServerUpdateThread:120 - End of CheckServer Thread
2025-01-03 13:43:14,404 [INFO] WebApp:168 - Instantiating new browser for Auth
2025-01-03 13:43:16,527 [INFO] WebApp:449 - Apply proxy settings
2025-01-03 13:43:16,527 [INFO] WebApp:534 - Chromium requires no authentication
2025-01-03 13:43:16,605 [INFO] WebApp:477 - Direct internet connection detected
2025-01-03 13:43:16,715 [INFO] WebApp:880 - Register for checkConnection events
2025-01-03 13:43:16,730 [INFO] WebApp:449 - Apply proxy settings
2025-01-03 13:43:16,730 [INFO] WebApp:534 - Chromium requires no authentication
2025-01-03 13:43:16,730 [INFO] WebApp:477 - Direct internet connection detected
2025-01-03 13:43:17,277 [INFO] WebApp:221 - Starting web application
2025-01-03 13:43:17,277 [INFO] WebApp:579 - Web application path used C:\ST\STM32CubeIDE_1.16.1\STM32CubeIDE\plugins\com.st.stm32cube.common.mx_6.13.0.202411220809\db\plugins\mcufinder\reactClient1\index.html
2025-01-03 13:43:17,851 [INFO] WebApp:187 - Connection restablished
2025-01-03 15:37:25,942 [ERROR] LogOutputStream:75 - [STDERR_REDIRECT] 
2025-01-03 15:40:18,026 [INFO] Activator:176 - 


2025-01-03 15:40:18,029 [INFO] Activator:177 - !SESSION log4j initialized
2025-01-03 15:40:29,976 [INFO] LogOutputStream:77 - [STDOUT_REDIRECT] 
2025-01-03 15:40:41,606 [INFO] ApplicationProperties:184 - Using Application install path: C:\ST\STM32CubeIDE_1.16.1\STM32CubeIDE\plugins\com.st.stm32cube.common.mx_6.13.0.202411220809
2025-01-03 15:40:41,629 [INFO] DbMcusXml:78 - Set database path to: C:\ST\STM32CubeIDE_1.16.1\STM32CubeIDE\plugins\com.st.stm32cube.common.mx_6.13.0.202411220809\\db\/mcu/
2025-01-03 15:40:41,629 [INFO] ApiDb:274 - Set plugin database path to: C:\ST\STM32CubeIDE_1.16.1\STM32CubeIDE\plugins\com.st.stm32cube.common.mx_6.13.0.202411220809\\db\/plugins/boardmanager/
2025-01-03 15:40:41,630 [WARN] ApiDb:259 - Overriding images path with different value:  => C:\ST\STM32CubeIDE_1.16.1\STM32CubeIDE\plugins\com.st.stm32cube.common.mx_6.13.0.202411220809\\db\/plugins/mcufinder/images/
2025-01-03 15:40:41,640 [INFO] ApiDb:250 - Set database path to: C:\Users\Shuvro\.stmcufinder\plugins\mcufinder//mcu/
2025-01-03 15:40:41,642 [INFO] DbMcusAds:125 - Set database path to: C:\Users\Shuvro\.stmcufinder\plugins\mcufinder//mcu/
2025-01-03 15:40:41,675 [INFO] CrossReferenceDbSqlite:203 - Set database path to: C:\Users\Shuvro\.stmcufinder\plugins\mcufinder//mcu/cs/
2025-01-03 15:40:41,847 [INFO] RulesReader:64 - Compatibility file has been processed (297 Rules)
2025-01-03 15:40:41,990 [INFO] DbMcusXml:78 - Set database path to: C:\ST\STM32CubeIDE_1.16.1\STM32CubeIDE\plugins\com.st.stm32cube.common.mx_6.13.0.202411220809\\db\/mcu/
2025-01-03 15:40:41,991 [INFO] ApiDb:274 - Set plugin database path to: C:\ST\STM32CubeIDE_1.16.1\STM32CubeIDE\plugins\com.st.stm32cube.common.mx_6.13.0.202411220809\\db\/plugins/boardmanager/
2025-01-03 15:40:41,991 [INFO] ApiDb:261 - Set plugin images path to: C:\ST\STM32CubeIDE_1.16.1\STM32CubeIDE\plugins\com.st.stm32cube.common.mx_6.13.0.202411220809\\db\/plugins/mcufinder/images/
2025-01-03 15:40:41,991 [WARN] DbFile:41 - Overriding database path with different value: C:\Users\Shuvro\.stmcufinder\plugins\mcufinder/ => C:\Users\Shuvro\.stmcufinder\plugins\mcufinder
2025-01-03 15:40:41,992 [INFO] ApiDb:250 - Set database path to: C:\Users\Shuvro\.stmcufinder\plugins\mcufinder//mcu/
2025-01-03 15:40:41,992 [WARN] DbFile:41 - Overriding database path with different value: C:\Users\Shuvro\.stmcufinder\plugins\mcufinder/ => C:\Users\Shuvro\.stmcufinder\plugins\mcufinder
2025-01-03 15:40:41,992 [INFO] DbMcusAds:125 - Set database path to: C:\Users\Shuvro\.stmcufinder\plugins\mcufinder//mcu/
2025-01-03 15:40:41,992 [WARN] DbFile:41 - Overriding database path with different value: C:\Users\Shuvro\.stmcufinder\plugins\mcufinder/ => C:\Users\Shuvro\.stmcufinder\plugins\mcufinder
2025-01-03 15:40:41,993 [WARN] DbFile:41 - Overriding database path with different value: C:\Users\Shuvro\.stmcufinder\plugins\mcufinder/ => C:\Users\Shuvro\.stmcufinder\plugins\mcufinder
2025-01-03 15:40:41,993 [INFO] CrossReferenceDbSqlite:203 - Set database path to: C:\Users\Shuvro\.stmcufinder\plugins\mcufinder//mcu/cs/
2025-01-03 15:40:42,178 [INFO] MainPanel:272 - HeapMemory: 268435456
2025-01-03 15:40:42,444 [INFO] DbMcusXml:78 - Set database path to: C:\ST\STM32CubeIDE_1.16.1\STM32CubeIDE\plugins\com.st.stm32cube.common.mx_6.13.0.202411220809\\db\/mcu/
2025-01-03 15:40:42,445 [INFO] ApiDb:274 - Set plugin database path to: C:\ST\STM32CubeIDE_1.16.1\STM32CubeIDE\plugins\com.st.stm32cube.common.mx_6.13.0.202411220809\\db\/plugins/boardmanager/
2025-01-03 15:40:42,445 [INFO] ApiDb:261 - Set plugin images path to: C:\ST\STM32CubeIDE_1.16.1\STM32CubeIDE\plugins\com.st.stm32cube.common.mx_6.13.0.202411220809\\db\/plugins/mcufinder/images/
2025-01-03 15:40:42,446 [WARN] DbFile:41 - Overriding database path with different value: C:\Users\Shuvro\.stmcufinder\plugins\mcufinder/ => C:\Users\Shuvro\.stmcufinder\plugins\mcufinder
2025-01-03 15:40:42,446 [INFO] ApiDb:250 - Set database path to: C:\Users\Shuvro\.stmcufinder\plugins\mcufinder//mcu/
2025-01-03 15:40:42,446 [WARN] DbFile:41 - Overriding database path with different value: C:\Users\Shuvro\.stmcufinder\plugins\mcufinder/ => C:\Users\Shuvro\.stmcufinder\plugins\mcufinder
2025-01-03 15:40:42,447 [INFO] DbMcusAds:125 - Set database path to: C:\Users\Shuvro\.stmcufinder\plugins\mcufinder//mcu/
2025-01-03 15:40:42,447 [WARN] DbFile:41 - Overriding database path with different value: C:\Users\Shuvro\.stmcufinder\plugins\mcufinder/ => C:\Users\Shuvro\.stmcufinder\plugins\mcufinder
2025-01-03 15:40:42,447 [WARN] DbFile:41 - Overriding database path with different value: C:\Users\Shuvro\.stmcufinder\plugins\mcufinder/ => C:\Users\Shuvro\.stmcufinder\plugins\mcufinder
2025-01-03 15:40:42,447 [INFO] CrossReferenceDbSqlite:203 - Set database path to: C:\Users\Shuvro\.stmcufinder\plugins\mcufinder//mcu/cs/
2025-01-03 15:40:42,503 [INFO] ApplicationProperties:184 - Using Application install path: C:\ST\STM32CubeIDE_1.16.1\STM32CubeIDE\plugins\com.st.stm32cube.common.mx_6.13.0.202411220809
2025-01-03 15:40:42,506 [INFO] PluginManage:196 - Search for loadable plugins [exclusion list=, ]
2025-01-03 15:40:42,510 [INFO] PluginManage:310 - Check plugin analytics
2025-01-03 15:40:52,417 [INFO] AnalyticsPlugin:253 - Accepted Software Licenses: 
2025-01-03 15:40:52,418 [INFO] AnalyticsPlugin:255 - Accepted CMSIS Pack Licenses: 
2025-01-03 15:40:52,418 [INFO] AnalyticsPlugin:257 - Accepted Firmware Licenses: 
2025-01-03 15:40:52,419 [INFO] PluginManage:359 - Loaded plugin analytics (category:tool,tabindex:-1)
2025-01-03 15:40:52,419 [INFO] PluginManage:310 - Check plugin cadmodel
2025-01-03 15:40:52,428 [INFO] CADModel:105 - Init CAD model plugin
2025-01-03 15:40:52,428 [INFO] PluginManage:359 - Loaded plugin cadmodel (category:power,tabindex:5)
2025-01-03 15:40:52,429 [INFO] PluginManage:310 - Check plugin clock
2025-01-03 15:40:52,446 [INFO] PluginManage:359 - Loaded plugin clock (category:base,tabindex:2)
2025-01-03 15:40:52,447 [INFO] PluginManage:310 - Check plugin ddr
2025-01-03 15:40:52,456 [INFO] PluginManage:359 - Loaded plugin ddr (category:tool,tabindex:6)
2025-01-03 15:40:52,457 [INFO] PluginManage:310 - Check plugin filemanager
2025-01-03 15:40:52,649 [INFO] PluginManage:359 - Loaded plugin filemanager (category:base,tabindex:10)
2025-01-03 15:40:52,650 [INFO] PluginManage:310 - Check plugin ipmanager
2025-01-03 15:40:52,658 [INFO] PluginManage:359 - Loaded plugin ipmanager (category:base,tabindex:5)
2025-01-03 15:40:52,658 [INFO] PluginManage:310 - Check plugin lpbam
2025-01-03 15:40:52,667 [INFO] PluginManage:359 - Loaded plugin lpbam (category:base,tabindex:0)
2025-01-03 15:40:52,667 [INFO] PluginManage:310 - Check plugin memorymap
2025-01-03 15:40:52,687 [INFO] PluginManage:359 - Loaded plugin memorymap (category:base,tabindex:4)
2025-01-03 15:40:52,687 [INFO] PluginManage:310 - Check plugin pinoutandconfiguration
2025-01-03 15:40:52,694 [INFO] PluginManage:359 - Loaded plugin pinoutandconfiguration (category:base,tabindex:1)
2025-01-03 15:40:52,694 [INFO] PluginManage:310 - Check plugin pinoutconfig
2025-01-03 15:40:52,828 [WARN] SupportedApi:132 - Cannot load RTOS API schema: s4s-elt-must-match.1: The content of 'definitions' must match (annotation?, (simpleType | complexType)?, (unique | key | keyref)*)). A problem was found starting at: attribute.
2025-01-03 15:40:53,092 [INFO] PluginManage:359 - Loaded plugin pinoutconfig (category:base,tabindex:0)
2025-01-03 15:40:53,092 [INFO] PluginManage:310 - Check plugin power
2025-01-03 15:40:53,108 [INFO] PluginManage:359 - Loaded plugin power (category:power,tabindex:4)
2025-01-03 15:40:53,109 [INFO] PluginManage:310 - Check plugin projectmanager
2025-01-03 15:40:53,131 [INFO] PluginManage:359 - Loaded plugin projectmanager (category:projectmanager,tabindex:4)
2025-01-03 15:40:53,131 [INFO] PluginManage:310 - Check plugin rif
2025-01-03 15:40:53,144 [INFO] PluginManage:359 - Loaded plugin rif (category:base,tabindex:3)
2025-01-03 15:40:53,144 [INFO] PluginManage:310 - Check plugin thirdparty
2025-01-03 15:40:53,351 [WARN] IntegrityCheckThread:84 - waiting for thirdparty lock release [integrity check]
2025-01-03 15:40:53,352 [INFO] IntegrityCheckThread:86 - entering critical section [integrity check]
2025-01-03 15:40:53,352 [INFO] PluginManage:359 - Loaded plugin thirdparty (category:base,tabindex:-1)
2025-01-03 15:40:53,352 [INFO] ThirdPartyUpdaterWithRetryManager:70 - Updater plugin not ready yet. [1/15]
2025-01-03 15:40:53,352 [INFO] PluginManage:310 - Check plugin tools
2025-01-03 15:40:53,358 [INFO] PluginManage:359 - Loaded plugin tools (category:base,tabindex:7)
2025-01-03 15:40:53,358 [INFO] PluginManage:310 - Check plugin tutovideos
2025-01-03 15:40:53,572 [INFO] PluginManage:359 - Loaded plugin tutovideos (category:base,tabindex:-1)
2025-01-03 15:40:53,572 [INFO] PluginManage:310 - Check plugin updater
2025-01-03 15:40:53,593 [INFO] PluginManage:359 - Loaded plugin updater (category:base,tabindex:12)
2025-01-03 15:40:53,594 [INFO] PluginManage:310 - Check plugin userauth
2025-01-03 15:40:53,598 [INFO] UserAuth:118 - Init User Auth plugin
2025-01-03 15:40:53,599 [INFO] PluginManage:359 - Loaded plugin userauth (category:base,tabindex:14)
2025-01-03 15:40:53,600 [INFO] PluginManage:283 - PluginManage : Loaded plugins [18]
2025-01-03 15:40:53,851 [INFO] PinOutPanel:1589 - setPackage(No Configuration,No Configuration)
2025-01-03 15:40:53,999 [INFO] CADModel:165 - CPN selected for project level
2025-01-03 15:40:54,000 [INFO] CADModel:114 - Register for checkConnection events
2025-01-03 15:40:54,024 [INFO] IPUIPlugin:80 - create IPUIPlugin
2025-01-03 15:40:54,025 [INFO] PluginManager:220 - loadIPPluginJar : add adc
2025-01-03 15:40:54,030 [INFO] IPUIPlugin:80 - create IPUIPlugin
2025-01-03 15:40:54,030 [INFO] PluginManager:220 - loadIPPluginJar : add aes
2025-01-03 15:40:54,035 [INFO] IPUIPlugin:80 - create IPUIPlugin
2025-01-03 15:40:54,035 [INFO] PluginManager:220 - loadIPPluginJar : add can
2025-01-03 15:40:54,039 [INFO] IPUIPlugin:80 - create IPUIPlugin
2025-01-03 15:40:54,039 [INFO] PluginManager:220 - loadIPPluginJar : add comp
2025-01-03 15:40:54,044 [INFO] IPUIPlugin:80 - create IPUIPlugin
2025-01-03 15:40:54,044 [INFO] PluginManager:220 - loadIPPluginJar : add cryp
2025-01-03 15:40:54,051 [INFO] IPUIPlugin:80 - create IPUIPlugin
2025-01-03 15:40:54,051 [INFO] PluginManager:220 - loadIPPluginJar : add ddr_ctrl_phy
2025-01-03 15:40:54,056 [INFO] IPUIPlugin:80 - create IPUIPlugin
2025-01-03 15:40:54,056 [INFO] PluginManager:220 - loadIPPluginJar : add dfsdm
2025-01-03 15:40:54,065 [INFO] IPUIPlugin:80 - create IPUIPlugin
2025-01-03 15:40:54,067 [INFO] PluginManager:220 - loadIPPluginJar : add dma
2025-01-03 15:40:54,073 [INFO] IPUIPlugin:80 - create IPUIPlugin
2025-01-03 15:40:54,073 [INFO] PluginManager:220 - loadIPPluginJar : add dma3
2025-01-03 15:40:54,079 [INFO] IPUIPlugin:80 - create IPUIPlugin
2025-01-03 15:40:54,079 [INFO] PluginManager:220 - loadIPPluginJar : add extmemmanager
2025-01-03 15:40:54,082 [INFO] IPUIPlugin:80 - create IPUIPlugin
2025-01-03 15:40:54,082 [INFO] PluginManager:220 - loadIPPluginJar : add fatfs
2025-01-03 15:40:54,089 [INFO] IPUIPlugin:80 - create IPUIPlugin
2025-01-03 15:40:54,090 [INFO] PluginManager:220 - loadIPPluginJar : add fmc
2025-01-03 15:40:54,099 [INFO] IPUIPlugin:80 - create IPUIPlugin
2025-01-03 15:40:54,099 [INFO] PluginManager:220 - loadIPPluginJar : add freertos
2025-01-03 15:40:54,102 [INFO] IPUIPlugin:80 - create IPUIPlugin
2025-01-03 15:40:54,102 [INFO] PluginManager:220 - loadIPPluginJar : add genericplugin
2025-01-03 15:40:54,105 [INFO] IPUIPlugin:80 - create IPUIPlugin
2025-01-03 15:40:54,105 [INFO] PluginManager:220 - loadIPPluginJar : add gfxmmu
2025-01-03 15:40:54,112 [INFO] IPUIPlugin:80 - create IPUIPlugin
2025-01-03 15:40:54,113 [INFO] PluginManager:220 - loadIPPluginJar : add gic
2025-01-03 15:40:54,120 [INFO] IPUIPlugin:80 - create IPUIPlugin
2025-01-03 15:40:54,120 [INFO] PluginManager:220 - loadIPPluginJar : add gpio
2025-01-03 15:40:54,126 [INFO] IPUIPlugin:80 - create IPUIPlugin
2025-01-03 15:40:54,126 [INFO] PluginManager:220 - loadIPPluginJar : add gtzc
2025-01-03 15:40:54,130 [INFO] IPUIPlugin:80 - create IPUIPlugin
2025-01-03 15:40:54,130 [INFO] PluginManager:220 - loadIPPluginJar : add hash
2025-01-03 15:40:54,135 [INFO] IPUIPlugin:80 - create IPUIPlugin
2025-01-03 15:40:54,136 [INFO] PluginManager:220 - loadIPPluginJar : add i2c
2025-01-03 15:40:54,139 [INFO] IPUIPlugin:80 - create IPUIPlugin
2025-01-03 15:40:54,140 [INFO] PluginManager:220 - loadIPPluginJar : add i2s
2025-01-03 15:40:54,146 [INFO] IPUIPlugin:80 - create IPUIPlugin
2025-01-03 15:40:54,147 [INFO] PluginManager:220 - loadIPPluginJar : add i3c
2025-01-03 15:40:54,156 [INFO] IPUIPlugin:80 - create IPUIPlugin
2025-01-03 15:40:54,156 [INFO] PluginManager:220 - loadIPPluginJar : add ipddr
2025-01-03 15:40:54,167 [INFO] IPUIPlugin:80 - create IPUIPlugin
2025-01-03 15:40:54,167 [INFO] PluginManager:220 - loadIPPluginJar : add linkedlist
2025-01-03 15:40:54,173 [INFO] IPUIPlugin:80 - create IPUIPlugin
2025-01-03 15:40:54,173 [INFO] PluginManager:220 - loadIPPluginJar : add lorawan
2025-01-03 15:40:54,175 [INFO] IPUIPlugin:80 - create IPUIPlugin
2025-01-03 15:40:54,175 [INFO] PluginManager:220 - loadIPPluginJar : add ltdc
2025-01-03 15:40:54,186 [INFO] IPUIPlugin:80 - create IPUIPlugin
2025-01-03 15:40:54,186 [INFO] PluginManager:220 - loadIPPluginJar : add mdma
2025-01-03 15:40:54,192 [INFO] IPUIPlugin:80 - create IPUIPlugin
2025-01-03 15:40:54,192 [INFO] PluginManager:220 - loadIPPluginJar : add nvic
2025-01-03 15:40:54,197 [INFO] IPUIPlugin:80 - create IPUIPlugin
2025-01-03 15:40:54,197 [INFO] PluginManager:220 - loadIPPluginJar : add opamp
2025-01-03 15:40:54,201 [INFO] IPUIPlugin:80 - create IPUIPlugin
2025-01-03 15:40:54,201 [INFO] PluginManager:220 - loadIPPluginJar : add openamp
2025-01-03 15:40:54,207 [INFO] IPUIPlugin:80 - create IPUIPlugin
2025-01-03 15:40:54,207 [INFO] PluginManager:220 - loadIPPluginJar : add pdm2pcm
2025-01-03 15:40:54,214 [INFO] IPUIPlugin:80 - create IPUIPlugin
2025-01-03 15:40:54,219 [INFO] PluginManager:220 - loadIPPluginJar : add plateformsettings
2025-01-03 15:40:54,221 [INFO] IPUIPlugin:80 - create IPUIPlugin
2025-01-03 15:40:54,221 [INFO] PluginManager:220 - loadIPPluginJar : add quadspi
2025-01-03 15:40:54,224 [INFO] IPUIPlugin:80 - create IPUIPlugin
2025-01-03 15:40:54,226 [INFO] PluginManager:220 - loadIPPluginJar : add radio
2025-01-03 15:40:54,229 [INFO] IPUIPlugin:80 - create IPUIPlugin
2025-01-03 15:40:54,230 [INFO] PluginManager:220 - loadIPPluginJar : add resmgrutility
2025-01-03 15:40:54,235 [INFO] IPUIPlugin:80 - create IPUIPlugin
2025-01-03 15:40:54,235 [INFO] PluginManager:220 - loadIPPluginJar : add sai
2025-01-03 15:40:54,239 [INFO] IPUIPlugin:80 - create IPUIPlugin
2025-01-03 15:40:54,240 [INFO] PluginManager:220 - loadIPPluginJar : add spi
2025-01-03 15:40:54,253 [INFO] IPUIPlugin:80 - create IPUIPlugin
2025-01-03 15:40:54,254 [INFO] PluginManager:220 - loadIPPluginJar : add stm32_wpan
2025-01-03 15:40:54,256 [INFO] IPUIPlugin:80 - create IPUIPlugin
2025-01-03 15:40:54,257 [INFO] PluginManager:220 - loadIPPluginJar : add tim
2025-01-03 15:40:54,261 [INFO] IPUIPlugin:80 - create IPUIPlugin
2025-01-03 15:40:54,261 [INFO] PluginManager:220 - loadIPPluginJar : add touchsensing
2025-01-03 15:40:54,264 [INFO] IPUIPlugin:80 - create IPUIPlugin
2025-01-03 15:40:54,264 [INFO] PluginManager:220 - loadIPPluginJar : add tracer_emb
2025-01-03 15:40:54,266 [INFO] IPUIPlugin:80 - create IPUIPlugin
2025-01-03 15:40:54,266 [INFO] PluginManager:220 - loadIPPluginJar : add ts
2025-01-03 15:40:54,268 [INFO] IPUIPlugin:80 - create IPUIPlugin
2025-01-03 15:40:54,268 [INFO] PluginManager:220 - loadIPPluginJar : add tsc
2025-01-03 15:40:54,270 [INFO] IPUIPlugin:80 - create IPUIPlugin
2025-01-03 15:40:54,271 [INFO] PluginManager:220 - loadIPPluginJar : add ucpd
2025-01-03 15:40:54,274 [INFO] IPUIPlugin:80 - create IPUIPlugin
2025-01-03 15:40:54,274 [INFO] PluginManager:220 - loadIPPluginJar : add usart
2025-01-03 15:40:54,278 [INFO] IPUIPlugin:80 - create IPUIPlugin
2025-01-03 15:40:54,278 [INFO] PluginManager:220 - loadIPPluginJar : add usbx
2025-01-03 15:40:54,418 [FATAL] Updater:351 - Updater called before beeing initialized
2025-01-03 15:40:54,467 [INFO] RulesReader:64 - Compatibility file has been processed (297 Rules)
2025-01-03 15:40:54,486 [INFO] RulesReader:64 - Compatibility file has been processed (297 Rules)
2025-01-03 15:40:54,501 [INFO] CADModel:165 - CPN selected for project level
2025-01-03 15:40:54,501 [INFO] CADModel:114 - Register for checkConnection events
2025-01-03 15:40:54,501 [FATAL] Updater:351 - Updater called before beeing initialized
2025-01-03 15:40:54,501 [ERROR] CADModel:125 - Updater not yet initialized, retry later 
2025-01-03 15:40:54,755 [FATAL] Updater:351 - Updater called before beeing initialized
2025-01-03 15:40:54,759 [INFO] CADModel:165 - CPN selected for project level
2025-01-03 15:40:54,759 [INFO] CADModel:114 - Register for checkConnection events
2025-01-03 15:40:54,759 [FATAL] Updater:351 - Updater called before beeing initialized
2025-01-03 15:40:54,759 [ERROR] CADModel:125 - Updater not yet initialized, retry later 
2025-01-03 15:40:54,764 [FATAL] Updater:351 - Updater called before beeing initialized
2025-01-03 15:40:54,952 [FATAL] Updater:351 - Updater called before beeing initialized
2025-01-03 15:40:54,960 [INFO] DbMcusAds:53 - JSON generation date=Tue Dec 17 22:01:15 BDT 2024 (1734451275222)
2025-01-03 15:40:54,960 [FATAL] Updater:351 - Updater called before beeing initialized
2025-01-03 15:40:55,028 [WARN] DetailPanel:346 - Failed to get advertising image, set to default
2025-01-03 15:40:55,484 [FATAL] Updater:351 - Updater called before beeing initialized
2025-01-03 15:40:55,491 [FATAL] Updater:351 - Updater called before beeing initialized
2025-01-03 15:40:55,491 [FATAL] Updater:351 - Updater called before beeing initialized
2025-01-03 15:40:55,491 [WARN] DetailPanel:346 - Failed to get advertising image, set to default
2025-01-03 15:40:55,492 [FATAL] Updater:351 - Updater called before beeing initialized
2025-01-03 15:40:55,566 [ERROR] Updater:1198 - MainUpdater not yet initialized. External WinMGr cannot be set.
2025-01-03 15:40:55,570 [INFO] Updater:1134 - Updater Version found : 6.13.0
2025-01-03 15:40:55,597 [INFO] ApplicationProperties:184 - Using Application install path: C:\ST\STM32CubeIDE_1.16.1\STM32CubeIDE\plugins\com.st.stm32cube.common.mx_6.13.0.202411220809
2025-01-03 15:40:56,354 [INFO] ThirdPartyUpdaterWithRetryManager:70 - Updater plugin not ready yet. [2/15]
2025-01-03 15:40:57,197 [ERROR] LogOutputStream:75 - [STDERR_REDIRECT] Jan 03, 2025 3:40:57 PM java.util.prefs.WindowsPreferences <init>
2025-01-03 15:40:57,203 [ERROR] LogOutputStream:75 - [STDERR_REDIRECT] WARNING: Could not open/create prefs root node Software\JavaSoft\Prefs at root 0xffffffff80000002. Windows RegCreateKeyEx(...) returned error code 5.
2025-01-03 15:40:57,204 [ERROR] LogOutputStream:75 - [STDERR_REDIRECT] 
2025-01-03 15:40:57,925 [INFO] MainUpdater:2872 - connection check result : 10
2025-01-03 15:40:57,926 [INFO] MainUpdater:289 - Updater Check For Update Now.
2025-01-03 15:40:57,926 [INFO] MicroXplorer:498 - Change Database Version : DB.6.0.130
2025-01-03 15:40:57,938 [INFO] McuFinderGlobals:63 - Set McuFinder mode to 2 (CubeIDE integrated)
2025-01-03 15:40:57,938 [INFO] UserAuth:171 - activating auth plugin
2025-01-03 15:40:57,946 [INFO] UserAuth:486 - Internet connection configuration mode: 1
2025-01-03 15:40:58,001 [INFO] JxBrowserEngine:152 - Initiate JxBrowser Engine with user profile folder
2025-01-03 15:40:58,189 [INFO] CheckServerUpdateThread:120 - End of CheckServer Thread
2025-01-03 15:41:00,444 [INFO] WebApp:168 - Instantiating new browser for Auth
2025-01-03 15:41:00,619 [WARN] PackLoader:240 - Cannot read IP mode file for STMicroelectronics.FP-SNS-MOTENVWB1.1.4.0
2025-01-03 15:41:00,702 [WARN] PackLoader:240 - Cannot read IP mode file for STMicroelectronics.FP-ATR-ASTRA1.2.0.1
2025-01-03 15:41:00,789 [WARN] PackLoader:240 - Cannot read IP mode file for STMicroelectronics.X-CUBE-SMBUS.2.1.0
2025-01-03 15:41:00,867 [WARN] PackLoader:240 - Cannot read IP mode file for STMicroelectronics.X-CUBE-WB05N.1.1.0
2025-01-03 15:41:01,027 [WARN] PackLoader:240 - Cannot read IP mode file for STMicroelectronics.X-CUBE-AZRTOS-F7.1.1.0
2025-01-03 15:41:01,300 [WARN] PackLoader:240 - Cannot read IP mode file for STMicroelectronics.X-CUBE-MEMS1.11.0.0
2025-01-03 15:41:01,890 [WARN] PackLoader:240 - Cannot read IP mode file for STMicroelectronics.FP-SNS-FLIGHT1.5.0.2
2025-01-03 15:41:01,943 [WARN] PackLoader:240 - Cannot read IP mode file for STMicroelectronics.X-CUBE-DISPLAY.3.0.0
2025-01-03 15:41:02,026 [WARN] PackLoader:240 - Cannot read IP mode file for STMicroelectronics.X-CUBE-BLE1.7.0.0
2025-01-03 15:41:02,070 [WARN] PackLoader:240 - Cannot read IP mode file for STMicroelectronics.X-CUBE-NFC10.1.0.0
2025-01-03 15:41:02,122 [WARN] PackLoader:240 - Cannot read IP mode file for STMicroelectronics.X-CUBE-BLEMGR.4.0.0
2025-01-03 15:41:02,164 [WARN] PackLoader:240 - Cannot read IP mode file for emotas.I-CUBE-CANOPEN.1.3.0
2025-01-03 15:41:02,195 [WARN] PackLoader:240 - Cannot read IP mode file for STMicroelectronics.X-CUBE-BLEMGR.3.1.0
2025-01-03 15:41:02,221 [WARN] PackLoader:240 - Cannot read IP mode file for STMicroelectronics.FP-SNS-SMARTAG2.1.2.0
2025-01-03 15:41:02,446 [WARN] PackLoader:240 - Cannot read IP mode file for STMicroelectronics.X-CUBE-MEMS1.11.1.0
2025-01-03 15:41:02,802 [INFO] LogOutputStream:77 - [STDOUT_REDIRECT] 1 : Invalid condition id : UX_CORESTACK_Condition cause : null
2025-01-03 15:41:02,804 [INFO] LogOutputStream:77 - [STDOUT_REDIRECT] 1 : Invalid condition id : UX_CORESTACK_Condition cause : null
2025-01-03 15:41:02,808 [INFO] LogOutputStream:77 - [STDOUT_REDIRECT] 1 : Invalid condition id : UX_CORESTACK_Condition cause : null
2025-01-03 15:41:02,811 [INFO] LogOutputStream:77 - [STDOUT_REDIRECT] 1 : Invalid condition id : UX_CORESTACK_Condition cause : null
2025-01-03 15:41:02,814 [INFO] LogOutputStream:77 - [STDOUT_REDIRECT] 1 : Invalid condition id : UX_CORESTACK_Condition cause : null
2025-01-03 15:41:02,821 [WARN] PackLoader:240 - Cannot read IP mode file for STMicroelectronics.X-CUBE-AZRTOS-WL.2.0.0
2025-01-03 15:41:02,887 [WARN] PackLoader:240 - Cannot read IP mode file for STMicroelectronics.FP-SNS-MOTENV1.5.0.0
2025-01-03 15:41:02,935 [WARN] PackLoader:240 - Cannot read IP mode file for wolfSSL.I-CUBE-wolfMQTT.1.19.0
2025-01-03 15:41:03,031 [WARN] PackLoader:240 - Cannot read IP mode file for WES.I-CUBE-Cesium.1.3.0
2025-01-03 15:41:03,074 [WARN] PackLoader:240 - Cannot read IP mode file for STMicroelectronics.X-CUBE-BLE2.3.3.0
2025-01-03 15:41:03,115 [WARN] PackLoader:240 - Cannot read IP mode file for STMicroelectronics.X-CUBE-NFC9.1.0.0
2025-01-03 15:41:03,152 [WARN] PackLoader:240 - Cannot read IP mode file for STMicroelectronics.X-CUBE-TCPP.4.1.0
2025-01-03 15:41:03,261 [WARN] PackLoader:240 - Cannot read IP mode file for STMicroelectronics.X-CUBE-AZRTOS-G0.1.1.0
2025-01-03 15:41:03,457 [WARN] PackLoader:240 - Cannot read IP mode file for STMicroelectronics.X-CUBE-SAFEA1.1.2.2
2025-01-03 15:41:03,595 [WARN] PackLoader:240 - Cannot read IP mode file for STMicroelectronics.X-CUBE-NFC4.3.0.0
2025-01-03 15:41:03,661 [INFO] WebApp:449 - Apply proxy settings
2025-01-03 15:41:03,662 [INFO] WebApp:534 - Chromium requires no authentication
2025-01-03 15:41:03,665 [WARN] PackLoader:240 - Cannot read IP mode file for EmbeddedOffice.I-CUBE-FS-RTOS.1.0.1
2025-01-03 15:41:03,715 [INFO] WebApp:477 - Direct internet connection detected
2025-01-03 15:41:03,797 [WARN] PackLoader:240 - Cannot read IP mode file for STMicroelectronics.X-CUBE-TCPP.4.2.0
2025-01-03 15:41:03,852 [INFO] WebApp:880 - Register for checkConnection events
2025-01-03 15:41:03,853 [INFO] WebApp:449 - Apply proxy settings
2025-01-03 15:41:03,853 [INFO] WebApp:534 - Chromium requires no authentication
2025-01-03 15:41:03,858 [INFO] WebApp:477 - Direct internet connection detected
2025-01-03 15:41:03,901 [WARN] PackLoader:240 - Cannot read IP mode file for RealThread.X-CUBE-RT-Thread_Nano.4.1.1
2025-01-03 15:41:04,022 [WARN] PackLoader:240 - Cannot read IP mode file for STMicroelectronics.FP-ATR-SIGFOX1.3.2.0
2025-01-03 15:41:04,085 [WARN] PackLoader:240 - Cannot read IP mode file for wolfSSL.I-CUBE-wolfSSL.5.7.2
2025-01-03 15:41:04,119 [WARN] ConditionMgr:438 - getConditionDescription Invalid condition id : Cortex-A Device cause : null
2025-01-03 15:41:04,182 [WARN] ConditionMgr:1044 - genDependencies : Invalid condition id : Cortex-A Device cause : null
2025-01-03 15:41:04,182 [WARN] ConditionMgr:1044 - genDependencies : Invalid condition id : Cortex-A Device cause : null
2025-01-03 15:41:04,182 [WARN] ConditionMgr:1044 - genDependencies : Invalid condition id : Cortex-A Device cause : null
2025-01-03 15:41:04,234 [WARN] PackLoader:240 - Cannot read IP mode file for STMicroelectronics.X-CUBE-EEPRMA1.5.1.0
2025-01-03 15:41:04,280 [WARN] PackLoader:240 - Cannot read IP mode file for ITTIA_DB.I-CUBE-ITTIADB.8.9.0
2025-01-03 15:41:04,632 [WARN] PackLoader:240 - Cannot read IP mode file for SEGGER.I-CUBE-embOS.1.3.1
2025-01-03 15:41:04,747 [WARN] PackLoader:240 - Cannot read IP mode file for STMicroelectronics.X-CUBE-ALGOBUILD.1.4.0
2025-01-03 15:41:04,784 [WARN] PackLoader:240 - Cannot read IP mode file for STMicroelectronics.X-CUBE-AI.9.1.0
2025-01-03 15:41:04,856 [WARN] PackLoader:240 - Cannot read IP mode file for STMicroelectronics.X-CUBE-AZRTOS-F4.1.1.0
2025-01-03 15:41:04,895 [WARN] PackLoader:240 - Cannot read IP mode file for STMicroelectronics.X-CUBE-ISPU.2.1.0
2025-01-03 15:41:04,931 [WARN] PackLoader:240 - Cannot read IP mode file for STMicroelectronics.X-CUBE-FREERTOS.1.2.0
2025-01-03 15:41:05,037 [WARN] PackLoader:240 - Cannot read IP mode file for STMicroelectronics.X-CUBE-AZRTOS-L5.2.0.0
2025-01-03 15:41:05,107 [WARN] PackLoader:240 - Cannot read IP mode file for STMicroelectronics.X-CUBE-NFC6.3.1.0
2025-01-03 15:41:05,138 [INFO] WebApp:187 - Connection restablished
2025-01-03 15:41:05,161 [WARN] PackLoader:240 - Cannot read IP mode file for STMicroelectronics.X-CUBE-DPower.1.2.0
2025-01-03 15:41:05,219 [INFO] WebApp:221 - Starting web application
2025-01-03 15:41:05,220 [INFO] WebApp:579 - Web application path used C:\ST\STM32CubeIDE_1.16.1\STM32CubeIDE\plugins\com.st.stm32cube.common.mx_6.13.0.202411220809\db\plugins\mcufinder\reactClient1\index.html
2025-01-03 15:41:05,239 [WARN] PackLoader:240 - Cannot read IP mode file for STMicroelectronics.X-CUBE-FREERTOS.1.3.0
2025-01-03 15:41:05,278 [WARN] PackLoader:240 - Cannot read IP mode file for STMicroelectronics.X-CUBE-NFC7.1.0.1
2025-01-03 15:41:05,384 [WARN] ConditionMgr:438 - getConditionDescription Invalid condition id : LAN8742 Phy interface Condition cause : null
2025-01-03 15:41:05,387 [WARN] PackLoader:240 - Cannot read IP mode file for STMicroelectronics.X-CUBE-AZRTOS-L4.2.0.0
2025-01-03 15:41:05,389 [WARN] ConditionMgr:1044 - genDependencies : Invalid condition id : LAN8742 Phy interface Condition cause : null
2025-01-03 15:41:05,390 [WARN] ConditionMgr:1044 - genDependencies : Invalid condition id : LAN8742 Phy interface Condition cause : null
2025-01-03 15:41:05,391 [WARN] ConditionMgr:1044 - genDependencies : Invalid condition id : LAN8742 Phy interface Condition cause : null
2025-01-03 15:41:05,439 [WARN] PackLoader:240 - Cannot read IP mode file for STMicroelectronics.X-CUBE-SFXS2LP1.4.0.0
2025-01-03 15:41:05,533 [WARN] PackLoader:240 - Cannot read IP mode file for STMicroelectronics.X-CUBE-AZRTOS-H7.3.3.0
2025-01-03 15:41:05,597 [WARN] PackLoader:240 - Cannot read IP mode file for STMicroelectronics.X-CUBE-IPS.3.0.0
2025-01-03 15:41:05,677 [WARN] ConditionMgr:438 - getConditionDescription Invalid condition id : UX DEVICE CLASS RTOS Condition cause : null
2025-01-03 15:41:05,678 [WARN] ConditionMgr:438 - getConditionDescription Invalid condition id : UX DEVICE CLASS RTOS Condition cause : null
2025-01-03 15:41:05,686 [WARN] PackLoader:240 - Cannot read IP mode file for STMicroelectronics.X-CUBE-AZRTOS-WB.2.0.0
2025-01-03 15:41:05,687 [WARN] ConditionMgr:1044 - genDependencies : Invalid condition id : UX DEVICE CLASS RTOS Condition cause : null
2025-01-03 15:41:05,688 [WARN] ConditionMgr:1044 - genDependencies : Invalid condition id : UX DEVICE CLASS RTOS Condition cause : null
2025-01-03 15:41:05,689 [WARN] ConditionMgr:1044 - genDependencies : Invalid condition id : UX DEVICE CLASS RTOS Condition cause : null
2025-01-03 15:41:05,689 [WARN] ConditionMgr:1044 - genDependencies : Invalid condition id : UX DEVICE CLASS RTOS Condition cause : null
2025-01-03 15:41:05,690 [WARN] ConditionMgr:1044 - genDependencies : Invalid condition id : UX DEVICE CLASS RTOS Condition cause : null
2025-01-03 15:41:05,732 [WARN] PackLoader:240 - Cannot read IP mode file for STMicroelectronics.X-CUBE-GNSS1.7.0.0
2025-01-03 15:41:05,771 [WARN] PackLoader:240 - Cannot read IP mode file for STMicroelectronics.X-CUBE-GNSS1.7.0.1
2025-01-03 15:41:05,817 [WARN] PackLoader:240 - Cannot read IP mode file for STMicroelectronics.FP-SNS-STBOX1.2.0.0
2025-01-03 15:41:05,888 [WARN] PackLoader:240 - Cannot read IP mode file for STMicroelectronics.X-CUBE-SUBG2.5.0.0
2025-01-03 15:41:05,932 [WARN] PackLoader:240 - Cannot read IP mode file for Cesanta.I-CUBE-Mongoose.7.13.0
2025-01-03 15:41:06,040 [WARN] PackLoader:240 - Cannot read IP mode file for STMicroelectronics.X-CUBE-AZRTOS-G4.2.0.0
2025-01-03 15:41:06,089 [WARN] PackLoader:240 - Cannot read IP mode file for STMicroelectronics.X-CUBE-ALS.1.0.2
2025-01-03 15:41:06,145 [WARN] PackLoader:240 - Cannot read IP mode file for STMicroelectronics.X-CUBE-TOUCHGFX.4.24.1
2025-01-03 15:41:06,179 [WARN] PackLoader:240 - Cannot read IP mode file for wolfSSL.I-CUBE-wolfTPM.3.4.0
2025-01-03 15:41:06,217 [WARN] PackLoader:240 - Cannot read IP mode file for portGmbH.I-Cube-SoM-uGOAL.1.1.0
2025-01-03 15:41:06,305 [WARN] PackLoader:240 - Cannot read IP mode file for STMicroelectronics.X-CUBE-AZRTOS-H7RS.1.0.0
2025-01-03 15:41:06,338 [WARN] PackLoader:240 - Cannot read IP mode file for STMicroelectronics.FP-ATR-ASTRA1.2.0.0
2025-01-03 15:41:06,406 [WARN] PackLoader:240 - Cannot read IP mode file for STMicroelectronics.X-CUBE-TOF1.3.4.2
2025-01-03 15:41:06,541 [WARN] PackLoader:240 - Cannot read IP mode file for Infineon.AIROC-Wi-Fi-Bluetooth-STM32.1.6.1
2025-01-03 15:41:06,584 [WARN] PackLoader:240 - Cannot read IP mode file for wolfSSL.I-CUBE-wolfSSH.1.4.17
2025-01-03 15:41:06,585 [INFO] ThirdParty:978 - Integrity check success = true
2025-01-03 15:41:06,586 [INFO] IntegrityCheckThread:100 - exiting critical section [integrity check]
2025-01-03 15:41:06,586 [INFO] IntegrityCheckThread:103 - End integrity checks thread
2025-01-03 16:31:53,008 [INFO] WebApp:190 - Connection lost
2025-01-03 16:32:06,745 [INFO] WebApp:187 - Connection restablished
2025-01-03 16:32:09,597 [INFO] WebApp:190 - Connection lost
2025-01-03 16:32:09,848 [INFO] WebApp:187 - Connection restablished
2025-01-03 19:08:47,896 [INFO] WebApp:190 - Connection lost
2025-01-03 19:09:02,534 [INFO] WebApp:187 - Connection restablished
2025-01-03 19:09:04,135 [INFO] WebApp:190 - Connection lost
2025-01-03 19:09:04,398 [INFO] WebApp:187 - Connection restablished
