2025-02-25 23:12:30,846 [INFO] Activator:176 - 


2025-02-25 23:12:30,854 [INFO] Activator:177 - !SESSION log4j initialized
2025-02-25 23:12:42,333 [INFO] LogOutputStream:77 - [STDOUT_REDIRECT] 
2025-02-25 23:12:56,449 [INFO] ApplicationProperties:184 - Using Application install path: C:\ST\STM32CubeIDE_1.16.1\STM32CubeIDE\plugins\com.st.stm32cube.common.mx_6.13.0.202411220809
2025-02-25 23:12:56,473 [INFO] DbMcusXml:78 - Set database path to: C:\ST\STM32CubeIDE_1.16.1\STM32CubeIDE\plugins\com.st.stm32cube.common.mx_6.13.0.202411220809\\db\/mcu/
2025-02-25 23:12:56,473 [INFO] ApiDb:274 - Set plugin database path to: C:\ST\STM32CubeIDE_1.16.1\STM32CubeIDE\plugins\com.st.stm32cube.common.mx_6.13.0.202411220809\\db\/plugins/boardmanager/
2025-02-25 23:12:56,474 [WARN] ApiDb:259 - Overriding images path with different value:  => C:\ST\STM32CubeIDE_1.16.1\STM32CubeIDE\plugins\com.st.stm32cube.common.mx_6.13.0.202411220809\\db\/plugins/mcufinder/images/
2025-02-25 23:12:56,489 [INFO] ApiDb:250 - Set database path to: C:\Users\Shuvro\.stmcufinder\plugins\mcufinder//mcu/
2025-02-25 23:12:56,491 [INFO] DbMcusAds:125 - Set database path to: C:\Users\Shuvro\.stmcufinder\plugins\mcufinder//mcu/
2025-02-25 23:12:56,534 [INFO] CrossReferenceDbSqlite:203 - Set database path to: C:\Users\Shuvro\.stmcufinder\plugins\mcufinder//mcu/cs/
2025-02-25 23:12:56,706 [INFO] RulesReader:64 - Compatibility file has been processed (297 Rules)
2025-02-25 23:12:56,827 [INFO] DbMcusXml:78 - Set database path to: C:\ST\STM32CubeIDE_1.16.1\STM32CubeIDE\plugins\com.st.stm32cube.common.mx_6.13.0.202411220809\\db\/mcu/
2025-02-25 23:12:56,827 [INFO] ApiDb:274 - Set plugin database path to: C:\ST\STM32CubeIDE_1.16.1\STM32CubeIDE\plugins\com.st.stm32cube.common.mx_6.13.0.202411220809\\db\/plugins/boardmanager/
2025-02-25 23:12:56,828 [INFO] ApiDb:261 - Set plugin images path to: C:\ST\STM32CubeIDE_1.16.1\STM32CubeIDE\plugins\com.st.stm32cube.common.mx_6.13.0.202411220809\\db\/plugins/mcufinder/images/
2025-02-25 23:12:56,828 [WARN] DbFile:41 - Overriding database path with different value: C:\Users\Shuvro\.stmcufinder\plugins\mcufinder/ => C:\Users\Shuvro\.stmcufinder\plugins\mcufinder
2025-02-25 23:12:56,828 [INFO] ApiDb:250 - Set database path to: C:\Users\Shuvro\.stmcufinder\plugins\mcufinder//mcu/
2025-02-25 23:12:56,828 [WARN] DbFile:41 - Overriding database path with different value: C:\Users\Shuvro\.stmcufinder\plugins\mcufinder/ => C:\Users\Shuvro\.stmcufinder\plugins\mcufinder
2025-02-25 23:12:56,828 [INFO] DbMcusAds:125 - Set database path to: C:\Users\Shuvro\.stmcufinder\plugins\mcufinder//mcu/
2025-02-25 23:12:56,829 [WARN] DbFile:41 - Overriding database path with different value: C:\Users\Shuvro\.stmcufinder\plugins\mcufinder/ => C:\Users\Shuvro\.stmcufinder\plugins\mcufinder
2025-02-25 23:12:56,829 [WARN] DbFile:41 - Overriding database path with different value: C:\Users\Shuvro\.stmcufinder\plugins\mcufinder/ => C:\Users\Shuvro\.stmcufinder\plugins\mcufinder
2025-02-25 23:12:56,829 [INFO] CrossReferenceDbSqlite:203 - Set database path to: C:\Users\Shuvro\.stmcufinder\plugins\mcufinder//mcu/cs/
2025-02-25 23:12:56,955 [INFO] MainPanel:272 - HeapMemory: 268435456
2025-02-25 23:12:57,123 [INFO] DbMcusXml:78 - Set database path to: C:\ST\STM32CubeIDE_1.16.1\STM32CubeIDE\plugins\com.st.stm32cube.common.mx_6.13.0.202411220809\\db\/mcu/
2025-02-25 23:12:57,123 [INFO] ApiDb:274 - Set plugin database path to: C:\ST\STM32CubeIDE_1.16.1\STM32CubeIDE\plugins\com.st.stm32cube.common.mx_6.13.0.202411220809\\db\/plugins/boardmanager/
2025-02-25 23:12:57,123 [INFO] ApiDb:261 - Set plugin images path to: C:\ST\STM32CubeIDE_1.16.1\STM32CubeIDE\plugins\com.st.stm32cube.common.mx_6.13.0.202411220809\\db\/plugins/mcufinder/images/
2025-02-25 23:12:57,124 [WARN] DbFile:41 - Overriding database path with different value: C:\Users\Shuvro\.stmcufinder\plugins\mcufinder/ => C:\Users\Shuvro\.stmcufinder\plugins\mcufinder
2025-02-25 23:12:57,124 [INFO] ApiDb:250 - Set database path to: C:\Users\Shuvro\.stmcufinder\plugins\mcufinder//mcu/
2025-02-25 23:12:57,124 [WARN] DbFile:41 - Overriding database path with different value: C:\Users\Shuvro\.stmcufinder\plugins\mcufinder/ => C:\Users\Shuvro\.stmcufinder\plugins\mcufinder
2025-02-25 23:12:57,124 [INFO] DbMcusAds:125 - Set database path to: C:\Users\Shuvro\.stmcufinder\plugins\mcufinder//mcu/
2025-02-25 23:12:57,124 [WARN] DbFile:41 - Overriding database path with different value: C:\Users\Shuvro\.stmcufinder\plugins\mcufinder/ => C:\Users\Shuvro\.stmcufinder\plugins\mcufinder
2025-02-25 23:12:57,124 [WARN] DbFile:41 - Overriding database path with different value: C:\Users\Shuvro\.stmcufinder\plugins\mcufinder/ => C:\Users\Shuvro\.stmcufinder\plugins\mcufinder
2025-02-25 23:12:57,124 [INFO] CrossReferenceDbSqlite:203 - Set database path to: C:\Users\Shuvro\.stmcufinder\plugins\mcufinder//mcu/cs/
2025-02-25 23:12:57,152 [INFO] ApplicationProperties:184 - Using Application install path: C:\ST\STM32CubeIDE_1.16.1\STM32CubeIDE\plugins\com.st.stm32cube.common.mx_6.13.0.202411220809
2025-02-25 23:12:57,155 [INFO] PluginManage:196 - Search for loadable plugins [exclusion list=, ]
2025-02-25 23:12:57,160 [INFO] PluginManage:310 - Check plugin analytics
2025-02-25 23:13:06,985 [INFO] AnalyticsPlugin:253 - Accepted Software Licenses: 
2025-02-25 23:13:06,986 [INFO] AnalyticsPlugin:255 - Accepted CMSIS Pack Licenses: 
2025-02-25 23:13:06,986 [INFO] AnalyticsPlugin:257 - Accepted Firmware Licenses: 
2025-02-25 23:13:06,986 [INFO] PluginManage:359 - Loaded plugin analytics (category:tool,tabindex:-1)
2025-02-25 23:13:06,987 [INFO] PluginManage:310 - Check plugin cadmodel
2025-02-25 23:13:07,012 [INFO] CADModel:105 - Init CAD model plugin
2025-02-25 23:13:07,013 [INFO] PluginManage:359 - Loaded plugin cadmodel (category:power,tabindex:5)
2025-02-25 23:13:07,013 [INFO] PluginManage:310 - Check plugin clock
2025-02-25 23:13:07,040 [INFO] PluginManage:359 - Loaded plugin clock (category:base,tabindex:2)
2025-02-25 23:13:07,040 [INFO] PluginManage:310 - Check plugin ddr
2025-02-25 23:13:07,044 [INFO] PluginManage:359 - Loaded plugin ddr (category:tool,tabindex:6)
2025-02-25 23:13:07,044 [INFO] PluginManage:310 - Check plugin filemanager
2025-02-25 23:13:07,361 [INFO] PluginManage:359 - Loaded plugin filemanager (category:base,tabindex:10)
2025-02-25 23:13:07,362 [INFO] PluginManage:310 - Check plugin ipmanager
2025-02-25 23:13:07,373 [INFO] PluginManage:359 - Loaded plugin ipmanager (category:base,tabindex:5)
2025-02-25 23:13:07,374 [INFO] PluginManage:310 - Check plugin lpbam
2025-02-25 23:13:07,405 [INFO] PluginManage:359 - Loaded plugin lpbam (category:base,tabindex:0)
2025-02-25 23:13:07,406 [INFO] PluginManage:310 - Check plugin memorymap
2025-02-25 23:13:07,441 [INFO] PluginManage:359 - Loaded plugin memorymap (category:base,tabindex:4)
2025-02-25 23:13:07,442 [INFO] PluginManage:310 - Check plugin pinoutandconfiguration
2025-02-25 23:13:07,469 [INFO] PluginManage:359 - Loaded plugin pinoutandconfiguration (category:base,tabindex:1)
2025-02-25 23:13:07,469 [INFO] PluginManage:310 - Check plugin pinoutconfig
2025-02-25 23:13:07,609 [WARN] SupportedApi:132 - Cannot load RTOS API schema: s4s-elt-must-match.1: The content of 'definitions' must match (annotation?, (simpleType | complexType)?, (unique | key | keyref)*)). A problem was found starting at: attribute.
2025-02-25 23:13:07,829 [INFO] PluginManage:359 - Loaded plugin pinoutconfig (category:base,tabindex:0)
2025-02-25 23:13:07,830 [INFO] PluginManage:310 - Check plugin power
2025-02-25 23:13:07,866 [INFO] PluginManage:359 - Loaded plugin power (category:power,tabindex:4)
2025-02-25 23:13:07,866 [INFO] PluginManage:310 - Check plugin projectmanager
2025-02-25 23:13:07,892 [INFO] PluginManage:359 - Loaded plugin projectmanager (category:projectmanager,tabindex:4)
2025-02-25 23:13:07,892 [INFO] PluginManage:310 - Check plugin rif
2025-02-25 23:13:07,923 [INFO] PluginManage:359 - Loaded plugin rif (category:base,tabindex:3)
2025-02-25 23:13:07,924 [INFO] PluginManage:310 - Check plugin thirdparty
2025-02-25 23:13:08,516 [INFO] PluginManage:359 - Loaded plugin thirdparty (category:base,tabindex:-1)
2025-02-25 23:13:08,516 [WARN] IntegrityCheckThread:84 - waiting for thirdparty lock release [integrity check]
2025-02-25 23:13:08,517 [INFO] PluginManage:310 - Check plugin tools
2025-02-25 23:13:08,517 [INFO] IntegrityCheckThread:86 - entering critical section [integrity check]
2025-02-25 23:13:08,518 [INFO] ThirdPartyUpdaterWithRetryManager:70 - Updater plugin not ready yet. [1/15]
2025-02-25 23:13:08,605 [INFO] PluginManage:359 - Loaded plugin tools (category:base,tabindex:7)
2025-02-25 23:13:08,605 [INFO] PluginManage:310 - Check plugin tutovideos
2025-02-25 23:13:08,956 [INFO] PluginManage:359 - Loaded plugin tutovideos (category:base,tabindex:-1)
2025-02-25 23:13:08,956 [INFO] PluginManage:310 - Check plugin updater
2025-02-25 23:13:08,988 [INFO] PluginManage:359 - Loaded plugin updater (category:base,tabindex:12)
2025-02-25 23:13:08,989 [INFO] PluginManage:310 - Check plugin userauth
2025-02-25 23:13:08,995 [INFO] UserAuth:118 - Init User Auth plugin
2025-02-25 23:13:08,996 [INFO] PluginManage:359 - Loaded plugin userauth (category:base,tabindex:14)
2025-02-25 23:13:08,996 [INFO] PluginManage:283 - PluginManage : Loaded plugins [18]
2025-02-25 23:13:09,322 [INFO] PinOutPanel:1589 - setPackage(No Configuration,No Configuration)
2025-02-25 23:13:09,441 [INFO] CADModel:165 - CPN selected for project level
2025-02-25 23:13:09,441 [INFO] CADModel:114 - Register for checkConnection events
2025-02-25 23:13:09,481 [INFO] IPUIPlugin:80 - create IPUIPlugin
2025-02-25 23:13:09,481 [INFO] PluginManager:220 - loadIPPluginJar : add adc
2025-02-25 23:13:09,586 [INFO] IPUIPlugin:80 - create IPUIPlugin
2025-02-25 23:13:09,586 [INFO] PluginManager:220 - loadIPPluginJar : add aes
2025-02-25 23:13:09,690 [INFO] IPUIPlugin:80 - create IPUIPlugin
2025-02-25 23:13:09,691 [INFO] PluginManager:220 - loadIPPluginJar : add can
2025-02-25 23:13:09,760 [INFO] IPUIPlugin:80 - create IPUIPlugin
2025-02-25 23:13:09,760 [INFO] PluginManager:220 - loadIPPluginJar : add comp
2025-02-25 23:13:09,838 [INFO] IPUIPlugin:80 - create IPUIPlugin
2025-02-25 23:13:09,838 [INFO] PluginManager:220 - loadIPPluginJar : add cryp
2025-02-25 23:13:09,863 [INFO] IPUIPlugin:80 - create IPUIPlugin
2025-02-25 23:13:09,863 [INFO] PluginManager:220 - loadIPPluginJar : add ddr_ctrl_phy
2025-02-25 23:13:09,927 [INFO] IPUIPlugin:80 - create IPUIPlugin
2025-02-25 23:13:09,927 [INFO] PluginManager:220 - loadIPPluginJar : add dfsdm
2025-02-25 23:13:09,951 [INFO] IPUIPlugin:80 - create IPUIPlugin
2025-02-25 23:13:09,952 [INFO] PluginManager:220 - loadIPPluginJar : add dma
2025-02-25 23:13:10,035 [INFO] IPUIPlugin:80 - create IPUIPlugin
2025-02-25 23:13:10,035 [INFO] PluginManager:220 - loadIPPluginJar : add dma3
2025-02-25 23:13:10,116 [INFO] IPUIPlugin:80 - create IPUIPlugin
2025-02-25 23:13:10,117 [INFO] PluginManager:220 - loadIPPluginJar : add extmemmanager
2025-02-25 23:13:10,153 [INFO] IPUIPlugin:80 - create IPUIPlugin
2025-02-25 23:13:10,153 [INFO] PluginManager:220 - loadIPPluginJar : add fatfs
2025-02-25 23:13:10,267 [INFO] IPUIPlugin:80 - create IPUIPlugin
2025-02-25 23:13:10,267 [INFO] PluginManager:220 - loadIPPluginJar : add fmc
2025-02-25 23:13:10,290 [INFO] IPUIPlugin:80 - create IPUIPlugin
2025-02-25 23:13:10,290 [INFO] PluginManager:220 - loadIPPluginJar : add freertos
2025-02-25 23:13:10,327 [INFO] IPUIPlugin:80 - create IPUIPlugin
2025-02-25 23:13:10,327 [INFO] PluginManager:220 - loadIPPluginJar : add genericplugin
2025-02-25 23:13:10,505 [INFO] IPUIPlugin:80 - create IPUIPlugin
2025-02-25 23:13:10,505 [INFO] PluginManager:220 - loadIPPluginJar : add gfxmmu
2025-02-25 23:13:10,771 [INFO] IPUIPlugin:80 - create IPUIPlugin
2025-02-25 23:13:10,772 [INFO] PluginManager:220 - loadIPPluginJar : add gic
2025-02-25 23:13:10,791 [INFO] IPUIPlugin:80 - create IPUIPlugin
2025-02-25 23:13:10,791 [INFO] PluginManager:220 - loadIPPluginJar : add gpio
2025-02-25 23:13:10,932 [INFO] IPUIPlugin:80 - create IPUIPlugin
2025-02-25 23:13:10,933 [INFO] PluginManager:220 - loadIPPluginJar : add gtzc
2025-02-25 23:13:10,994 [INFO] IPUIPlugin:80 - create IPUIPlugin
2025-02-25 23:13:10,995 [INFO] PluginManager:220 - loadIPPluginJar : add hash
2025-02-25 23:13:11,082 [INFO] IPUIPlugin:80 - create IPUIPlugin
2025-02-25 23:13:11,082 [INFO] PluginManager:220 - loadIPPluginJar : add i2c
2025-02-25 23:13:11,138 [INFO] IPUIPlugin:80 - create IPUIPlugin
2025-02-25 23:13:11,138 [INFO] PluginManager:220 - loadIPPluginJar : add i2s
2025-02-25 23:13:11,209 [INFO] IPUIPlugin:80 - create IPUIPlugin
2025-02-25 23:13:11,209 [INFO] PluginManager:220 - loadIPPluginJar : add i3c
2025-02-25 23:13:11,398 [INFO] IPUIPlugin:80 - create IPUIPlugin
2025-02-25 23:13:11,399 [INFO] PluginManager:220 - loadIPPluginJar : add ipddr
2025-02-25 23:13:11,520 [INFO] ThirdPartyUpdaterWithRetryManager:70 - Updater plugin not ready yet. [2/15]
2025-02-25 23:13:11,581 [INFO] IPUIPlugin:80 - create IPUIPlugin
2025-02-25 23:13:11,581 [INFO] PluginManager:220 - loadIPPluginJar : add linkedlist
2025-02-25 23:13:11,632 [INFO] IPUIPlugin:80 - create IPUIPlugin
2025-02-25 23:13:11,633 [INFO] PluginManager:220 - loadIPPluginJar : add lorawan
2025-02-25 23:13:11,695 [INFO] IPUIPlugin:80 - create IPUIPlugin
2025-02-25 23:13:11,695 [INFO] PluginManager:220 - loadIPPluginJar : add ltdc
2025-02-25 23:13:11,716 [INFO] IPUIPlugin:80 - create IPUIPlugin
2025-02-25 23:13:11,716 [INFO] PluginManager:220 - loadIPPluginJar : add mdma
2025-02-25 23:13:11,735 [INFO] IPUIPlugin:80 - create IPUIPlugin
2025-02-25 23:13:11,735 [INFO] PluginManager:220 - loadIPPluginJar : add nvic
2025-02-25 23:13:11,790 [INFO] IPUIPlugin:80 - create IPUIPlugin
2025-02-25 23:13:11,790 [INFO] PluginManager:220 - loadIPPluginJar : add opamp
2025-02-25 23:13:11,894 [INFO] IPUIPlugin:80 - create IPUIPlugin
2025-02-25 23:13:11,894 [INFO] PluginManager:220 - loadIPPluginJar : add openamp
2025-02-25 23:13:11,974 [INFO] IPUIPlugin:80 - create IPUIPlugin
2025-02-25 23:13:11,974 [INFO] PluginManager:220 - loadIPPluginJar : add pdm2pcm
2025-02-25 23:13:11,992 [INFO] IPUIPlugin:80 - create IPUIPlugin
2025-02-25 23:13:11,994 [INFO] PluginManager:220 - loadIPPluginJar : add plateformsettings
2025-02-25 23:13:12,030 [INFO] IPUIPlugin:80 - create IPUIPlugin
2025-02-25 23:13:12,030 [INFO] PluginManager:220 - loadIPPluginJar : add quadspi
2025-02-25 23:13:12,066 [INFO] IPUIPlugin:80 - create IPUIPlugin
2025-02-25 23:13:12,067 [INFO] PluginManager:220 - loadIPPluginJar : add radio
2025-02-25 23:13:12,086 [INFO] IPUIPlugin:80 - create IPUIPlugin
2025-02-25 23:13:12,086 [INFO] PluginManager:220 - loadIPPluginJar : add resmgrutility
2025-02-25 23:13:12,175 [INFO] IPUIPlugin:80 - create IPUIPlugin
2025-02-25 23:13:12,175 [INFO] PluginManager:220 - loadIPPluginJar : add sai
2025-02-25 23:13:12,232 [INFO] IPUIPlugin:80 - create IPUIPlugin
2025-02-25 23:13:12,232 [INFO] PluginManager:220 - loadIPPluginJar : add spi
2025-02-25 23:13:12,348 [INFO] IPUIPlugin:80 - create IPUIPlugin
2025-02-25 23:13:12,349 [INFO] PluginManager:220 - loadIPPluginJar : add stm32_wpan
2025-02-25 23:13:12,389 [INFO] IPUIPlugin:80 - create IPUIPlugin
2025-02-25 23:13:12,389 [INFO] PluginManager:220 - loadIPPluginJar : add tim
2025-02-25 23:13:12,479 [INFO] IPUIPlugin:80 - create IPUIPlugin
2025-02-25 23:13:12,479 [INFO] PluginManager:220 - loadIPPluginJar : add touchsensing
2025-02-25 23:13:12,512 [INFO] IPUIPlugin:80 - create IPUIPlugin
2025-02-25 23:13:12,512 [INFO] PluginManager:220 - loadIPPluginJar : add tracer_emb
2025-02-25 23:13:12,549 [INFO] IPUIPlugin:80 - create IPUIPlugin
2025-02-25 23:13:12,550 [INFO] PluginManager:220 - loadIPPluginJar : add ts
2025-02-25 23:13:12,582 [INFO] IPUIPlugin:80 - create IPUIPlugin
2025-02-25 23:13:12,582 [INFO] PluginManager:220 - loadIPPluginJar : add tsc
2025-02-25 23:13:12,614 [INFO] IPUIPlugin:80 - create IPUIPlugin
2025-02-25 23:13:12,614 [INFO] PluginManager:220 - loadIPPluginJar : add ucpd
2025-02-25 23:13:12,680 [INFO] IPUIPlugin:80 - create IPUIPlugin
2025-02-25 23:13:12,680 [INFO] PluginManager:220 - loadIPPluginJar : add usart
2025-02-25 23:13:12,763 [INFO] IPUIPlugin:80 - create IPUIPlugin
2025-02-25 23:13:12,763 [INFO] PluginManager:220 - loadIPPluginJar : add usbx
2025-02-25 23:13:12,918 [FATAL] Updater:351 - Updater called before beeing initialized
2025-02-25 23:13:12,961 [INFO] RulesReader:64 - Compatibility file has been processed (297 Rules)
2025-02-25 23:13:12,977 [INFO] RulesReader:64 - Compatibility file has been processed (297 Rules)
2025-02-25 23:13:12,993 [INFO] CADModel:165 - CPN selected for project level
2025-02-25 23:13:12,993 [INFO] CADModel:114 - Register for checkConnection events
2025-02-25 23:13:12,993 [FATAL] Updater:351 - Updater called before beeing initialized
2025-02-25 23:13:12,994 [ERROR] CADModel:125 - Updater not yet initialized, retry later 
2025-02-25 23:13:13,295 [FATAL] Updater:351 - Updater called before beeing initialized
2025-02-25 23:13:13,300 [INFO] CADModel:165 - CPN selected for project level
2025-02-25 23:13:13,300 [INFO] CADModel:114 - Register for checkConnection events
2025-02-25 23:13:13,300 [FATAL] Updater:351 - Updater called before beeing initialized
2025-02-25 23:13:13,300 [ERROR] CADModel:125 - Updater not yet initialized, retry later 
2025-02-25 23:13:13,306 [FATAL] Updater:351 - Updater called before beeing initialized
2025-02-25 23:13:13,553 [FATAL] Updater:351 - Updater called before beeing initialized
2025-02-25 23:13:13,581 [INFO] DbMcusAds:53 - JSON generation date=Tue Dec 17 22:01:15 BDT 2024 (1734451275222)
2025-02-25 23:13:13,582 [FATAL] Updater:351 - Updater called before beeing initialized
2025-02-25 23:13:13,651 [WARN] DetailPanel:346 - Failed to get advertising image, set to default
2025-02-25 23:13:14,043 [FATAL] Updater:351 - Updater called before beeing initialized
2025-02-25 23:13:14,047 [FATAL] Updater:351 - Updater called before beeing initialized
2025-02-25 23:13:14,047 [FATAL] Updater:351 - Updater called before beeing initialized
2025-02-25 23:13:14,047 [WARN] DetailPanel:346 - Failed to get advertising image, set to default
2025-02-25 23:13:14,049 [FATAL] Updater:351 - Updater called before beeing initialized
2025-02-25 23:13:14,143 [ERROR] Updater:1198 - MainUpdater not yet initialized. External WinMGr cannot be set.
2025-02-25 23:13:14,166 [INFO] Updater:1134 - Updater Version found : 6.13.0
2025-02-25 23:13:14,195 [INFO] ApplicationProperties:184 - Using Application install path: C:\ST\STM32CubeIDE_1.16.1\STM32CubeIDE\plugins\com.st.stm32cube.common.mx_6.13.0.202411220809
2025-02-25 23:13:14,521 [INFO] ThirdPartyUpdaterWithRetryManager:70 - Updater plugin not ready yet. [3/15]
2025-02-25 23:13:15,805 [ERROR] LogOutputStream:75 - [STDERR_REDIRECT] Feb 25, 2025 11:13:15 PM java.util.prefs.WindowsPreferences <init>
2025-02-25 23:13:15,809 [ERROR] LogOutputStream:75 - [STDERR_REDIRECT] WARNING: Could not open/create prefs root node Software\JavaSoft\Prefs at root 0xffffffff80000002. Windows RegCreateKeyEx(...) returned error code 5.
2025-02-25 23:13:15,810 [ERROR] LogOutputStream:75 - [STDERR_REDIRECT] 
2025-02-25 23:13:16,424 [INFO] MainUpdater:2872 - connection check result : 10
2025-02-25 23:13:16,425 [INFO] MainUpdater:289 - Updater Check For Update Now.
2025-02-25 23:13:16,426 [INFO] MicroXplorer:498 - Change Database Version : DB.6.0.130
2025-02-25 23:13:16,465 [INFO] McuFinderGlobals:63 - Set McuFinder mode to 2 (CubeIDE integrated)
2025-02-25 23:13:16,465 [INFO] UserAuth:171 - activating auth plugin
2025-02-25 23:13:16,472 [INFO] UserAuth:486 - Internet connection configuration mode: 1
2025-02-25 23:13:16,530 [INFO] JxBrowserEngine:152 - Initiate JxBrowser Engine with user profile folder
2025-02-25 23:13:16,825 [INFO] CheckServerUpdateThread:120 - End of CheckServer Thread
2025-02-25 23:13:18,679 [WARN] PackLoader:240 - Cannot read IP mode file for STMicroelectronics.FP-SNS-MOTENVWB1.1.4.0
2025-02-25 23:13:18,735 [WARN] PackLoader:240 - Cannot read IP mode file for STMicroelectronics.FP-ATR-ASTRA1.2.0.1
2025-02-25 23:13:18,784 [WARN] PackLoader:240 - Cannot read IP mode file for STMicroelectronics.X-CUBE-SMBUS.2.1.0
2025-02-25 23:13:18,846 [WARN] PackLoader:240 - Cannot read IP mode file for STMicroelectronics.X-CUBE-WB05N.1.1.0
2025-02-25 23:13:18,968 [WARN] PackLoader:240 - Cannot read IP mode file for STMicroelectronics.X-CUBE-AZRTOS-F7.1.1.0
2025-02-25 23:13:19,256 [WARN] PackLoader:240 - Cannot read IP mode file for STMicroelectronics.X-CUBE-MEMS1.11.0.0
2025-02-25 23:13:19,665 [INFO] WebApp:168 - Instantiating new browser for Auth
2025-02-25 23:13:20,297 [WARN] PackLoader:240 - Cannot read IP mode file for STMicroelectronics.FP-SNS-FLIGHT1.5.0.2
2025-02-25 23:13:20,439 [WARN] PackLoader:240 - Cannot read IP mode file for STMicroelectronics.X-CUBE-DISPLAY.3.0.0
2025-02-25 23:13:20,495 [WARN] PackLoader:240 - Cannot read IP mode file for STMicroelectronics.X-CUBE-BLE1.7.0.0
2025-02-25 23:13:20,540 [WARN] PackLoader:240 - Cannot read IP mode file for STMicroelectronics.X-CUBE-NFC10.1.0.0
2025-02-25 23:13:20,595 [WARN] PackLoader:240 - Cannot read IP mode file for STMicroelectronics.X-CUBE-BLEMGR.4.0.0
2025-02-25 23:13:20,640 [WARN] PackLoader:240 - Cannot read IP mode file for emotas.I-CUBE-CANOPEN.1.3.0
2025-02-25 23:13:20,685 [WARN] PackLoader:240 - Cannot read IP mode file for STMicroelectronics.X-CUBE-BLEMGR.3.1.0
2025-02-25 23:13:20,765 [WARN] PackLoader:240 - Cannot read IP mode file for STMicroelectronics.X-CUBE-AI.10.0.0
2025-02-25 23:13:20,800 [WARN] PackLoader:240 - Cannot read IP mode file for STMicroelectronics.FP-SNS-SMARTAG2.1.2.0
2025-02-25 23:13:21,016 [WARN] PackLoader:240 - Cannot read IP mode file for STMicroelectronics.X-CUBE-MEMS1.11.1.0
2025-02-25 23:13:21,407 [INFO] LogOutputStream:77 - [STDOUT_REDIRECT] 1 : Invalid condition id : UX_CORESTACK_Condition cause : null
2025-02-25 23:13:21,409 [INFO] LogOutputStream:77 - [STDOUT_REDIRECT] 1 : Invalid condition id : UX_CORESTACK_Condition cause : null
2025-02-25 23:13:21,413 [INFO] LogOutputStream:77 - [STDOUT_REDIRECT] 1 : Invalid condition id : UX_CORESTACK_Condition cause : null
2025-02-25 23:13:21,416 [INFO] LogOutputStream:77 - [STDOUT_REDIRECT] 1 : Invalid condition id : UX_CORESTACK_Condition cause : null
2025-02-25 23:13:21,423 [INFO] LogOutputStream:77 - [STDOUT_REDIRECT] 1 : Invalid condition id : UX_CORESTACK_Condition cause : null
2025-02-25 23:13:21,429 [WARN] PackLoader:240 - Cannot read IP mode file for STMicroelectronics.X-CUBE-AZRTOS-WL.2.0.0
2025-02-25 23:13:21,483 [WARN] PackLoader:240 - Cannot read IP mode file for STMicroelectronics.FP-SNS-MOTENV1.5.0.0
2025-02-25 23:13:21,525 [WARN] PackLoader:240 - Cannot read IP mode file for wolfSSL.I-CUBE-wolfMQTT.1.19.0
2025-02-25 23:13:21,577 [WARN] PackLoader:240 - Cannot read IP mode file for WES.I-CUBE-Cesium.1.3.0
2025-02-25 23:13:21,637 [WARN] PackLoader:240 - Cannot read IP mode file for STMicroelectronics.X-CUBE-BLE2.3.3.0
2025-02-25 23:13:21,694 [WARN] PackLoader:240 - Cannot read IP mode file for STMicroelectronics.X-CUBE-NFC9.1.0.0
2025-02-25 23:13:21,755 [WARN] PackLoader:240 - Cannot read IP mode file for STMicroelectronics.X-CUBE-TCPP.4.1.0
2025-02-25 23:13:21,920 [WARN] PackLoader:240 - Cannot read IP mode file for STMicroelectronics.X-CUBE-AZRTOS-G0.1.1.0
2025-02-25 23:13:21,981 [WARN] PackLoader:240 - Cannot read IP mode file for STMicroelectronics.X-CUBE-SAFEA1.1.2.2
2025-02-25 23:13:22,026 [WARN] PackLoader:240 - Cannot read IP mode file for STMicroelectronics.X-CUBE-NFC4.3.0.0
2025-02-25 23:13:22,106 [WARN] PackLoader:240 - Cannot read IP mode file for EmbeddedOffice.I-CUBE-FS-RTOS.1.0.1
2025-02-25 23:13:22,141 [WARN] PackLoader:240 - Cannot read IP mode file for STMicroelectronics.X-CUBE-TCPP.4.2.0
2025-02-25 23:13:22,181 [WARN] PackLoader:240 - Cannot read IP mode file for RealThread.X-CUBE-RT-Thread_Nano.4.1.1
2025-02-25 23:13:22,240 [WARN] PackLoader:240 - Cannot read IP mode file for STMicroelectronics.FP-ATR-SIGFOX1.3.2.0
2025-02-25 23:13:22,274 [WARN] PackLoader:240 - Cannot read IP mode file for wolfSSL.I-CUBE-wolfSSL.5.7.2
2025-02-25 23:13:22,307 [WARN] ConditionMgr:438 - getConditionDescription Invalid condition id : Cortex-A Device cause : null
2025-02-25 23:13:22,361 [WARN] ConditionMgr:1044 - genDependencies : Invalid condition id : Cortex-A Device cause : null
2025-02-25 23:13:22,362 [WARN] ConditionMgr:1044 - genDependencies : Invalid condition id : Cortex-A Device cause : null
2025-02-25 23:13:22,362 [WARN] ConditionMgr:1044 - genDependencies : Invalid condition id : Cortex-A Device cause : null
2025-02-25 23:13:22,410 [WARN] PackLoader:240 - Cannot read IP mode file for STMicroelectronics.X-CUBE-EEPRMA1.5.1.0
2025-02-25 23:13:22,466 [WARN] PackLoader:240 - Cannot read IP mode file for ITTIA_DB.I-CUBE-ITTIADB.8.9.0
2025-02-25 23:13:22,560 [WARN] PackLoader:240 - Cannot read IP mode file for SEGGER.I-CUBE-embOS.1.3.1
2025-02-25 23:13:22,636 [WARN] PackLoader:240 - Cannot read IP mode file for STMicroelectronics.X-CUBE-ALGOBUILD.1.4.0
2025-02-25 23:13:22,687 [WARN] PackLoader:240 - Cannot read IP mode file for STMicroelectronics.X-CUBE-AI.9.1.0
2025-02-25 23:13:22,824 [WARN] PackLoader:240 - Cannot read IP mode file for STMicroelectronics.X-CUBE-AZRTOS-F4.1.1.0
2025-02-25 23:13:22,882 [WARN] PackLoader:240 - Cannot read IP mode file for STMicroelectronics.X-CUBE-ISPU.2.1.0
2025-02-25 23:13:23,048 [WARN] PackLoader:240 - Cannot read IP mode file for STMicroelectronics.X-CUBE-FREERTOS.1.2.0
2025-02-25 23:13:23,158 [WARN] PackLoader:240 - Cannot read IP mode file for STMicroelectronics.X-CUBE-AZRTOS-L5.2.0.0
2025-02-25 23:13:23,219 [WARN] PackLoader:240 - Cannot read IP mode file for STMicroelectronics.X-CUBE-NFC6.3.1.0
2025-02-25 23:13:23,265 [WARN] PackLoader:240 - Cannot read IP mode file for STMicroelectronics.X-CUBE-DPower.1.2.0
2025-02-25 23:13:23,327 [WARN] PackLoader:240 - Cannot read IP mode file for STMicroelectronics.X-CUBE-FREERTOS.1.3.0
2025-02-25 23:13:23,404 [WARN] PackLoader:240 - Cannot read IP mode file for STMicroelectronics.X-CUBE-NFC7.1.0.1
2025-02-25 23:13:23,439 [INFO] WebApp:449 - Apply proxy settings
2025-02-25 23:13:23,440 [INFO] WebApp:534 - Chromium requires no authentication
2025-02-25 23:13:23,490 [WARN] ConditionMgr:438 - getConditionDescription Invalid condition id : LAN8742 Phy interface Condition cause : null
2025-02-25 23:13:23,492 [WARN] PackLoader:240 - Cannot read IP mode file for STMicroelectronics.X-CUBE-AZRTOS-L4.2.0.0
2025-02-25 23:13:23,494 [WARN] ConditionMgr:1044 - genDependencies : Invalid condition id : LAN8742 Phy interface Condition cause : null
2025-02-25 23:13:23,495 [WARN] ConditionMgr:1044 - genDependencies : Invalid condition id : LAN8742 Phy interface Condition cause : null
2025-02-25 23:13:23,497 [WARN] ConditionMgr:1044 - genDependencies : Invalid condition id : LAN8742 Phy interface Condition cause : null
2025-02-25 23:13:23,501 [INFO] WebApp:477 - Direct internet connection detected
2025-02-25 23:13:23,557 [WARN] PackLoader:240 - Cannot read IP mode file for STMicroelectronics.X-CUBE-SFXS2LP1.4.0.0
2025-02-25 23:13:23,672 [INFO] WebApp:880 - Register for checkConnection events
2025-02-25 23:13:23,673 [INFO] WebApp:449 - Apply proxy settings
2025-02-25 23:13:23,673 [INFO] WebApp:534 - Chromium requires no authentication
2025-02-25 23:13:23,675 [INFO] WebApp:477 - Direct internet connection detected
2025-02-25 23:13:23,707 [WARN] PackLoader:240 - Cannot read IP mode file for STMicroelectronics.X-CUBE-AZRTOS-H7.3.3.0
2025-02-25 23:13:23,771 [WARN] PackLoader:240 - Cannot read IP mode file for STMicroelectronics.X-CUBE-IPS.3.0.0
2025-02-25 23:13:24,009 [WARN] ConditionMgr:438 - getConditionDescription Invalid condition id : UX DEVICE CLASS RTOS Condition cause : null
2025-02-25 23:13:24,010 [WARN] ConditionMgr:438 - getConditionDescription Invalid condition id : UX DEVICE CLASS RTOS Condition cause : null
2025-02-25 23:13:24,018 [WARN] PackLoader:240 - Cannot read IP mode file for STMicroelectronics.X-CUBE-AZRTOS-WB.2.0.0
2025-02-25 23:13:24,020 [WARN] ConditionMgr:1044 - genDependencies : Invalid condition id : UX DEVICE CLASS RTOS Condition cause : null
2025-02-25 23:13:24,021 [WARN] ConditionMgr:1044 - genDependencies : Invalid condition id : UX DEVICE CLASS RTOS Condition cause : null
2025-02-25 23:13:24,022 [WARN] ConditionMgr:1044 - genDependencies : Invalid condition id : UX DEVICE CLASS RTOS Condition cause : null
2025-02-25 23:13:24,022 [WARN] ConditionMgr:1044 - genDependencies : Invalid condition id : UX DEVICE CLASS RTOS Condition cause : null
2025-02-25 23:13:24,023 [WARN] ConditionMgr:1044 - genDependencies : Invalid condition id : UX DEVICE CLASS RTOS Condition cause : null
2025-02-25 23:13:24,090 [WARN] PackLoader:240 - Cannot read IP mode file for STMicroelectronics.X-CUBE-GNSS1.7.0.0
2025-02-25 23:13:24,139 [INFO] WebApp:187 - Connection restablished
2025-02-25 23:13:24,238 [WARN] PackLoader:240 - Cannot read IP mode file for STMicroelectronics.X-CUBE-GNSS1.7.0.1
2025-02-25 23:13:24,290 [WARN] PackLoader:240 - Cannot read IP mode file for STMicroelectronics.FP-SNS-STBOX1.2.0.0
2025-02-25 23:13:24,394 [WARN] PackLoader:240 - Cannot read IP mode file for STMicroelectronics.X-CUBE-SUBG2.5.0.0
2025-02-25 23:13:24,447 [WARN] PackLoader:240 - Cannot read IP mode file for Cesanta.I-CUBE-Mongoose.7.13.0
2025-02-25 23:13:24,550 [WARN] PackLoader:240 - Cannot read IP mode file for STMicroelectronics.X-CUBE-AZRTOS-G4.2.0.0
2025-02-25 23:13:24,649 [WARN] PackLoader:240 - Cannot read IP mode file for STMicroelectronics.X-CUBE-IPS.3.1.0
2025-02-25 23:13:24,700 [WARN] PackLoader:240 - Cannot read IP mode file for STMicroelectronics.X-CUBE-ALS.1.0.2
2025-02-25 23:13:24,749 [WARN] PackLoader:240 - Cannot read IP mode file for STMicroelectronics.X-CUBE-TOUCHGFX.4.24.2
2025-02-25 23:13:24,786 [WARN] PackLoader:240 - Cannot read IP mode file for STMicroelectronics.X-CUBE-TOUCHGFX.4.24.1
2025-02-25 23:13:24,828 [WARN] PackLoader:240 - Cannot read IP mode file for wolfSSL.I-CUBE-wolfTPM.3.4.0
2025-02-25 23:13:24,887 [INFO] WebApp:221 - Starting web application
2025-02-25 23:13:24,888 [INFO] WebApp:579 - Web application path used C:\ST\STM32CubeIDE_1.16.1\STM32CubeIDE\plugins\com.st.stm32cube.common.mx_6.13.0.202411220809\db\plugins\mcufinder\reactClient1\index.html
2025-02-25 23:13:24,915 [WARN] PackLoader:240 - Cannot read IP mode file for portGmbH.I-Cube-SoM-uGOAL.1.1.0
2025-02-25 23:13:24,993 [WARN] PackLoader:240 - Cannot read IP mode file for STMicroelectronics.X-CUBE-AZRTOS-H7RS.1.0.0
2025-02-25 23:13:25,032 [WARN] PackLoader:240 - Cannot read IP mode file for STMicroelectronics.FP-ATR-ASTRA1.2.0.0
2025-02-25 23:13:25,096 [WARN] PackLoader:240 - Cannot read IP mode file for STMicroelectronics.X-CUBE-TOF1.3.4.2
2025-02-25 23:13:25,236 [WARN] PackLoader:240 - Cannot read IP mode file for Infineon.AIROC-Wi-Fi-Bluetooth-STM32.1.6.1
2025-02-25 23:13:25,279 [WARN] PackLoader:240 - Cannot read IP mode file for wolfSSL.I-CUBE-wolfSSH.1.4.17
2025-02-25 23:13:25,280 [INFO] ThirdParty:978 - Integrity check success = true
2025-02-25 23:13:25,281 [INFO] IntegrityCheckThread:100 - exiting critical section [integrity check]
2025-02-25 23:13:25,281 [INFO] IntegrityCheckThread:103 - End integrity checks thread
