2025-03-27 00:18:32,062 [INFO] Activator:176 - 


2025-03-27 00:18:32,078 [INFO] Activator:177 - !SESSION log4j initialized
2025-03-27 00:18:40,632 [INFO] LogOutputStream:77 - [STDOUT_REDIRECT] 
2025-03-27 00:18:51,105 [INFO] ApplicationProperties:184 - Using Application install path: C:\ST\STM32CubeIDE_1.16.1\STM32CubeIDE\plugins\com.st.stm32cube.common.mx_6.14.0.202502271554
2025-03-27 00:18:51,139 [INFO] DbMcusXml:78 - Set database path to: C:\ST\STM32CubeIDE_1.16.1\STM32CubeIDE\plugins\com.st.stm32cube.common.mx_6.14.0.202502271554\\db\/mcu/
2025-03-27 00:18:51,139 [INFO] ApiDb:274 - Set plugin database path to: C:\ST\STM32CubeIDE_1.16.1\STM32CubeIDE\plugins\com.st.stm32cube.common.mx_6.14.0.202502271554\\db\/plugins/boardmanager/
2025-03-27 00:18:51,139 [WARN] ApiDb:259 - Overriding images path with different value:  => C:\ST\STM32CubeIDE_1.16.1\STM32CubeIDE\plugins\com.st.stm32cube.common.mx_6.14.0.202502271554\\db\/plugins/mcufinder/images/
2025-03-27 00:18:51,146 [INFO] ApiDb:250 - Set database path to: C:\Users\Shuvro\.stmcufinder\plugins\mcufinder//mcu/
2025-03-27 00:18:51,147 [INFO] DbMcusAds:125 - Set database path to: C:\Users\Shuvro\.stmcufinder\plugins\mcufinder//mcu/
2025-03-27 00:18:51,161 [INFO] CrossReferenceDbSqlite:203 - Set database path to: C:\Users\Shuvro\.stmcufinder\plugins\mcufinder//mcu/cs/
2025-03-27 00:18:51,302 [INFO] RulesReader:64 - Compatibility file has been processed (301 Rules)
2025-03-27 00:18:51,423 [INFO] DbMcusXml:78 - Set database path to: C:\ST\STM32CubeIDE_1.16.1\STM32CubeIDE\plugins\com.st.stm32cube.common.mx_6.14.0.202502271554\\db\/mcu/
2025-03-27 00:18:51,423 [INFO] ApiDb:274 - Set plugin database path to: C:\ST\STM32CubeIDE_1.16.1\STM32CubeIDE\plugins\com.st.stm32cube.common.mx_6.14.0.202502271554\\db\/plugins/boardmanager/
2025-03-27 00:18:51,423 [INFO] ApiDb:261 - Set plugin images path to: C:\ST\STM32CubeIDE_1.16.1\STM32CubeIDE\plugins\com.st.stm32cube.common.mx_6.14.0.202502271554\\db\/plugins/mcufinder/images/
2025-03-27 00:18:51,423 [WARN] DbFile:41 - Overriding database path with different value: C:\Users\Shuvro\.stmcufinder\plugins\mcufinder/ => C:\Users\Shuvro\.stmcufinder\plugins\mcufinder
2025-03-27 00:18:51,423 [INFO] ApiDb:250 - Set database path to: C:\Users\Shuvro\.stmcufinder\plugins\mcufinder//mcu/
2025-03-27 00:18:51,423 [WARN] DbFile:41 - Overriding database path with different value: C:\Users\Shuvro\.stmcufinder\plugins\mcufinder/ => C:\Users\Shuvro\.stmcufinder\plugins\mcufinder
2025-03-27 00:18:51,424 [INFO] DbMcusAds:125 - Set database path to: C:\Users\Shuvro\.stmcufinder\plugins\mcufinder//mcu/
2025-03-27 00:18:51,424 [WARN] DbFile:41 - Overriding database path with different value: C:\Users\Shuvro\.stmcufinder\plugins\mcufinder/ => C:\Users\Shuvro\.stmcufinder\plugins\mcufinder
2025-03-27 00:18:51,424 [WARN] DbFile:41 - Overriding database path with different value: C:\Users\Shuvro\.stmcufinder\plugins\mcufinder/ => C:\Users\Shuvro\.stmcufinder\plugins\mcufinder
2025-03-27 00:18:51,424 [INFO] CrossReferenceDbSqlite:203 - Set database path to: C:\Users\Shuvro\.stmcufinder\plugins\mcufinder//mcu/cs/
2025-03-27 00:18:51,513 [INFO] MainPanel:272 - HeapMemory: 268435456
2025-03-27 00:18:51,621 [INFO] DbMcusXml:78 - Set database path to: C:\ST\STM32CubeIDE_1.16.1\STM32CubeIDE\plugins\com.st.stm32cube.common.mx_6.14.0.202502271554\\db\/mcu/
2025-03-27 00:18:51,622 [INFO] ApiDb:274 - Set plugin database path to: C:\ST\STM32CubeIDE_1.16.1\STM32CubeIDE\plugins\com.st.stm32cube.common.mx_6.14.0.202502271554\\db\/plugins/boardmanager/
2025-03-27 00:18:51,622 [INFO] ApiDb:261 - Set plugin images path to: C:\ST\STM32CubeIDE_1.16.1\STM32CubeIDE\plugins\com.st.stm32cube.common.mx_6.14.0.202502271554\\db\/plugins/mcufinder/images/
2025-03-27 00:18:51,622 [WARN] DbFile:41 - Overriding database path with different value: C:\Users\Shuvro\.stmcufinder\plugins\mcufinder/ => C:\Users\Shuvro\.stmcufinder\plugins\mcufinder
2025-03-27 00:18:51,622 [INFO] ApiDb:250 - Set database path to: C:\Users\Shuvro\.stmcufinder\plugins\mcufinder//mcu/
2025-03-27 00:18:51,622 [WARN] DbFile:41 - Overriding database path with different value: C:\Users\Shuvro\.stmcufinder\plugins\mcufinder/ => C:\Users\Shuvro\.stmcufinder\plugins\mcufinder
2025-03-27 00:18:51,622 [INFO] DbMcusAds:125 - Set database path to: C:\Users\Shuvro\.stmcufinder\plugins\mcufinder//mcu/
2025-03-27 00:18:51,622 [WARN] DbFile:41 - Overriding database path with different value: C:\Users\Shuvro\.stmcufinder\plugins\mcufinder/ => C:\Users\Shuvro\.stmcufinder\plugins\mcufinder
2025-03-27 00:18:51,623 [WARN] DbFile:41 - Overriding database path with different value: C:\Users\Shuvro\.stmcufinder\plugins\mcufinder/ => C:\Users\Shuvro\.stmcufinder\plugins\mcufinder
2025-03-27 00:18:51,623 [INFO] CrossReferenceDbSqlite:203 - Set database path to: C:\Users\Shuvro\.stmcufinder\plugins\mcufinder//mcu/cs/
2025-03-27 00:18:51,642 [INFO] ApplicationProperties:184 - Using Application install path: C:\ST\STM32CubeIDE_1.16.1\STM32CubeIDE\plugins\com.st.stm32cube.common.mx_6.14.0.202502271554
2025-03-27 00:18:51,643 [INFO] PluginManage:196 - Search for loadable plugins [exclusion list=, ]
2025-03-27 00:18:51,645 [INFO] PluginManage:310 - Check plugin analytics
2025-03-27 00:19:01,369 [INFO] AnalyticsPlugin:253 - Accepted Software Licenses: 
2025-03-27 00:19:01,370 [INFO] AnalyticsPlugin:255 - Accepted CMSIS Pack Licenses: 
2025-03-27 00:19:01,370 [INFO] AnalyticsPlugin:257 - Accepted Firmware Licenses: 
2025-03-27 00:19:01,375 [INFO] PluginManage:359 - Loaded plugin analytics (category:tool,tabindex:-1)
2025-03-27 00:19:01,376 [INFO] PluginManage:310 - Check plugin cadmodel
2025-03-27 00:19:01,384 [INFO] CADModel:105 - Init CAD model plugin
2025-03-27 00:19:01,384 [INFO] PluginManage:359 - Loaded plugin cadmodel (category:power,tabindex:5)
2025-03-27 00:19:01,386 [INFO] PluginManage:310 - Check plugin clock
2025-03-27 00:19:01,402 [INFO] PluginManage:359 - Loaded plugin clock (category:base,tabindex:2)
2025-03-27 00:19:01,403 [INFO] PluginManage:310 - Check plugin ddr
2025-03-27 00:19:01,412 [INFO] PluginManage:359 - Loaded plugin ddr (category:tool,tabindex:6)
2025-03-27 00:19:01,412 [INFO] PluginManage:310 - Check plugin filemanager
2025-03-27 00:19:01,597 [INFO] PluginManage:359 - Loaded plugin filemanager (category:base,tabindex:10)
2025-03-27 00:19:01,597 [INFO] PluginManage:310 - Check plugin ipmanager
2025-03-27 00:19:01,604 [INFO] PluginManage:359 - Loaded plugin ipmanager (category:base,tabindex:5)
2025-03-27 00:19:01,604 [INFO] PluginManage:310 - Check plugin lpbam
2025-03-27 00:19:01,613 [INFO] PluginManage:359 - Loaded plugin lpbam (category:base,tabindex:0)
2025-03-27 00:19:01,613 [INFO] PluginManage:310 - Check plugin memorymap
2025-03-27 00:19:01,627 [INFO] PluginManage:359 - Loaded plugin memorymap (category:base,tabindex:4)
2025-03-27 00:19:01,627 [INFO] PluginManage:310 - Check plugin pinoutandconfiguration
2025-03-27 00:19:01,636 [INFO] PluginManage:359 - Loaded plugin pinoutandconfiguration (category:base,tabindex:1)
2025-03-27 00:19:01,636 [INFO] PluginManage:310 - Check plugin pinoutconfig
2025-03-27 00:19:01,748 [WARN] SupportedApi:132 - Cannot load RTOS API schema: s4s-elt-must-match.1: The content of 'definitions' must match (annotation?, (simpleType | complexType)?, (unique | key | keyref)*)). A problem was found starting at: attribute.
2025-03-27 00:19:01,942 [INFO] PluginManage:359 - Loaded plugin pinoutconfig (category:base,tabindex:0)
2025-03-27 00:19:01,943 [INFO] PluginManage:310 - Check plugin power
2025-03-27 00:19:01,957 [INFO] PluginManage:359 - Loaded plugin power (category:power,tabindex:4)
2025-03-27 00:19:01,957 [INFO] PluginManage:310 - Check plugin projectmanager
2025-03-27 00:19:01,984 [INFO] PluginManage:359 - Loaded plugin projectmanager (category:projectmanager,tabindex:4)
2025-03-27 00:19:01,984 [INFO] PluginManage:310 - Check plugin rif
2025-03-27 00:19:02,000 [INFO] PluginManage:359 - Loaded plugin rif (category:base,tabindex:3)
2025-03-27 00:19:02,000 [INFO] PluginManage:310 - Check plugin thirdparty
2025-03-27 00:19:02,149 [WARN] IntegrityCheckThread:84 - waiting for thirdparty lock release [integrity check]
2025-03-27 00:19:02,149 [INFO] IntegrityCheckThread:86 - entering critical section [integrity check]
2025-03-27 00:19:02,150 [INFO] ThirdPartyUpdaterWithRetryManager:70 - Updater plugin not ready yet. [1/15]
2025-03-27 00:19:02,150 [INFO] PluginManage:359 - Loaded plugin thirdparty (category:base,tabindex:-1)
2025-03-27 00:19:02,150 [INFO] PluginManage:310 - Check plugin tools
2025-03-27 00:19:02,154 [INFO] PluginManage:359 - Loaded plugin tools (category:base,tabindex:7)
2025-03-27 00:19:02,154 [INFO] PluginManage:310 - Check plugin tutovideos
2025-03-27 00:19:02,389 [INFO] PluginManage:359 - Loaded plugin tutovideos (category:base,tabindex:-1)
2025-03-27 00:19:02,389 [INFO] PluginManage:310 - Check plugin updater
2025-03-27 00:19:02,425 [INFO] PluginManage:359 - Loaded plugin updater (category:base,tabindex:12)
2025-03-27 00:19:02,425 [INFO] PluginManage:310 - Check plugin userauth
2025-03-27 00:19:02,431 [INFO] UserAuth:118 - Init User Auth plugin
2025-03-27 00:19:02,432 [INFO] PluginManage:359 - Loaded plugin userauth (category:base,tabindex:14)
2025-03-27 00:19:02,433 [INFO] PluginManage:283 - PluginManage : Loaded plugins [18]
2025-03-27 00:19:02,668 [INFO] PinOutPanel:1589 - setPackage(No Configuration,No Configuration)
2025-03-27 00:19:02,764 [INFO] CADModel:165 - CPN selected for project level
2025-03-27 00:19:02,764 [INFO] CADModel:114 - Register for checkConnection events
2025-03-27 00:19:02,782 [INFO] IPUIPlugin:80 - create IPUIPlugin
2025-03-27 00:19:02,782 [INFO] PluginManager:220 - loadIPPluginJar : add adc
2025-03-27 00:19:02,787 [INFO] IPUIPlugin:80 - create IPUIPlugin
2025-03-27 00:19:02,788 [INFO] PluginManager:220 - loadIPPluginJar : add aes
2025-03-27 00:19:02,792 [INFO] IPUIPlugin:80 - create IPUIPlugin
2025-03-27 00:19:02,792 [INFO] PluginManager:220 - loadIPPluginJar : add can
2025-03-27 00:19:02,796 [INFO] IPUIPlugin:80 - create IPUIPlugin
2025-03-27 00:19:02,796 [INFO] PluginManager:220 - loadIPPluginJar : add comp
2025-03-27 00:19:02,799 [INFO] IPUIPlugin:80 - create IPUIPlugin
2025-03-27 00:19:02,799 [INFO] PluginManager:220 - loadIPPluginJar : add cryp
2025-03-27 00:19:02,802 [INFO] IPUIPlugin:80 - create IPUIPlugin
2025-03-27 00:19:02,802 [INFO] PluginManager:220 - loadIPPluginJar : add ddr_ctrl_phy
2025-03-27 00:19:02,805 [INFO] IPUIPlugin:80 - create IPUIPlugin
2025-03-27 00:19:02,805 [INFO] PluginManager:220 - loadIPPluginJar : add dfsdm
2025-03-27 00:19:02,810 [INFO] IPUIPlugin:80 - create IPUIPlugin
2025-03-27 00:19:02,811 [INFO] PluginManager:220 - loadIPPluginJar : add dma
2025-03-27 00:19:02,814 [INFO] IPUIPlugin:80 - create IPUIPlugin
2025-03-27 00:19:02,814 [INFO] PluginManager:220 - loadIPPluginJar : add dma3
2025-03-27 00:19:02,817 [INFO] IPUIPlugin:80 - create IPUIPlugin
2025-03-27 00:19:02,817 [INFO] PluginManager:220 - loadIPPluginJar : add extmemmanager
2025-03-27 00:19:02,819 [INFO] IPUIPlugin:80 - create IPUIPlugin
2025-03-27 00:19:02,819 [INFO] PluginManager:220 - loadIPPluginJar : add fatfs
2025-03-27 00:19:02,824 [INFO] IPUIPlugin:80 - create IPUIPlugin
2025-03-27 00:19:02,824 [INFO] PluginManager:220 - loadIPPluginJar : add fmc
2025-03-27 00:19:02,830 [INFO] IPUIPlugin:80 - create IPUIPlugin
2025-03-27 00:19:02,831 [INFO] PluginManager:220 - loadIPPluginJar : add freertos
2025-03-27 00:19:02,833 [INFO] IPUIPlugin:80 - create IPUIPlugin
2025-03-27 00:19:02,833 [INFO] PluginManager:220 - loadIPPluginJar : add genericplugin
2025-03-27 00:19:02,836 [INFO] IPUIPlugin:80 - create IPUIPlugin
2025-03-27 00:19:02,836 [INFO] PluginManager:220 - loadIPPluginJar : add gfxmmu
2025-03-27 00:19:02,841 [INFO] IPUIPlugin:80 - create IPUIPlugin
2025-03-27 00:19:02,842 [INFO] PluginManager:220 - loadIPPluginJar : add gic
2025-03-27 00:19:02,846 [INFO] IPUIPlugin:80 - create IPUIPlugin
2025-03-27 00:19:02,847 [INFO] PluginManager:220 - loadIPPluginJar : add gpio
2025-03-27 00:19:02,850 [INFO] IPUIPlugin:80 - create IPUIPlugin
2025-03-27 00:19:02,850 [INFO] PluginManager:220 - loadIPPluginJar : add gtzc
2025-03-27 00:19:02,852 [INFO] IPUIPlugin:80 - create IPUIPlugin
2025-03-27 00:19:02,852 [INFO] PluginManager:220 - loadIPPluginJar : add hash
2025-03-27 00:19:02,856 [INFO] IPUIPlugin:80 - create IPUIPlugin
2025-03-27 00:19:02,856 [INFO] PluginManager:220 - loadIPPluginJar : add i2c
2025-03-27 00:19:02,859 [INFO] IPUIPlugin:80 - create IPUIPlugin
2025-03-27 00:19:02,859 [INFO] PluginManager:220 - loadIPPluginJar : add i2s
2025-03-27 00:19:02,863 [INFO] IPUIPlugin:80 - create IPUIPlugin
2025-03-27 00:19:02,863 [INFO] PluginManager:220 - loadIPPluginJar : add i3c
2025-03-27 00:19:02,867 [INFO] IPUIPlugin:80 - create IPUIPlugin
2025-03-27 00:19:02,868 [INFO] PluginManager:220 - loadIPPluginJar : add ipddr
2025-03-27 00:19:02,875 [INFO] IPUIPlugin:80 - create IPUIPlugin
2025-03-27 00:19:02,876 [INFO] PluginManager:220 - loadIPPluginJar : add linkedlist
2025-03-27 00:19:02,881 [INFO] IPUIPlugin:80 - create IPUIPlugin
2025-03-27 00:19:02,881 [INFO] PluginManager:220 - loadIPPluginJar : add lorawan
2025-03-27 00:19:02,883 [INFO] IPUIPlugin:80 - create IPUIPlugin
2025-03-27 00:19:02,883 [INFO] PluginManager:220 - loadIPPluginJar : add ltdc
2025-03-27 00:19:02,889 [INFO] IPUIPlugin:80 - create IPUIPlugin
2025-03-27 00:19:02,889 [INFO] PluginManager:220 - loadIPPluginJar : add mdma
2025-03-27 00:19:02,893 [INFO] IPUIPlugin:80 - create IPUIPlugin
2025-03-27 00:19:02,893 [INFO] PluginManager:220 - loadIPPluginJar : add nvic
2025-03-27 00:19:02,897 [INFO] IPUIPlugin:80 - create IPUIPlugin
2025-03-27 00:19:02,897 [INFO] PluginManager:220 - loadIPPluginJar : add opamp
2025-03-27 00:19:02,901 [INFO] IPUIPlugin:80 - create IPUIPlugin
2025-03-27 00:19:02,901 [INFO] PluginManager:220 - loadIPPluginJar : add openamp
2025-03-27 00:19:02,905 [INFO] IPUIPlugin:80 - create IPUIPlugin
2025-03-27 00:19:02,905 [INFO] PluginManager:220 - loadIPPluginJar : add pdm2pcm
2025-03-27 00:19:02,913 [INFO] IPUIPlugin:80 - create IPUIPlugin
2025-03-27 00:19:02,919 [INFO] PluginManager:220 - loadIPPluginJar : add plateformsettings
2025-03-27 00:19:02,922 [INFO] IPUIPlugin:80 - create IPUIPlugin
2025-03-27 00:19:02,922 [INFO] PluginManager:220 - loadIPPluginJar : add quadspi
2025-03-27 00:19:02,925 [INFO] IPUIPlugin:80 - create IPUIPlugin
2025-03-27 00:19:02,926 [INFO] PluginManager:220 - loadIPPluginJar : add radio
2025-03-27 00:19:02,930 [INFO] IPUIPlugin:80 - create IPUIPlugin
2025-03-27 00:19:02,931 [INFO] PluginManager:220 - loadIPPluginJar : add resmgrutility
2025-03-27 00:19:02,936 [INFO] IPUIPlugin:80 - create IPUIPlugin
2025-03-27 00:19:02,936 [INFO] PluginManager:220 - loadIPPluginJar : add sai
2025-03-27 00:19:02,941 [INFO] IPUIPlugin:80 - create IPUIPlugin
2025-03-27 00:19:02,942 [INFO] PluginManager:220 - loadIPPluginJar : add spi
2025-03-27 00:19:02,952 [INFO] IPUIPlugin:80 - create IPUIPlugin
2025-03-27 00:19:02,952 [INFO] PluginManager:220 - loadIPPluginJar : add stm32_wpan
2025-03-27 00:19:02,954 [INFO] IPUIPlugin:80 - create IPUIPlugin
2025-03-27 00:19:02,954 [INFO] PluginManager:220 - loadIPPluginJar : add tim
2025-03-27 00:19:02,958 [INFO] IPUIPlugin:80 - create IPUIPlugin
2025-03-27 00:19:02,959 [INFO] PluginManager:220 - loadIPPluginJar : add touchsensing
2025-03-27 00:19:02,963 [INFO] IPUIPlugin:80 - create IPUIPlugin
2025-03-27 00:19:02,964 [INFO] PluginManager:220 - loadIPPluginJar : add tracer_emb
2025-03-27 00:19:02,986 [INFO] IPUIPlugin:80 - create IPUIPlugin
2025-03-27 00:19:02,986 [INFO] PluginManager:220 - loadIPPluginJar : add ts
2025-03-27 00:19:02,988 [INFO] IPUIPlugin:80 - create IPUIPlugin
2025-03-27 00:19:02,989 [INFO] PluginManager:220 - loadIPPluginJar : add tsc
2025-03-27 00:19:02,991 [INFO] IPUIPlugin:80 - create IPUIPlugin
2025-03-27 00:19:02,991 [INFO] PluginManager:220 - loadIPPluginJar : add ucpd
2025-03-27 00:19:02,996 [INFO] IPUIPlugin:80 - create IPUIPlugin
2025-03-27 00:19:02,996 [INFO] PluginManager:220 - loadIPPluginJar : add usart
2025-03-27 00:19:03,002 [INFO] IPUIPlugin:80 - create IPUIPlugin
2025-03-27 00:19:03,002 [INFO] PluginManager:220 - loadIPPluginJar : add usbx
2025-03-27 00:19:03,129 [FATAL] Updater:351 - Updater called before beeing initialized
2025-03-27 00:19:03,173 [INFO] RulesReader:64 - Compatibility file has been processed (301 Rules)
2025-03-27 00:19:03,189 [INFO] RulesReader:64 - Compatibility file has been processed (301 Rules)
2025-03-27 00:19:03,203 [INFO] CADModel:165 - CPN selected for project level
2025-03-27 00:19:03,203 [INFO] CADModel:114 - Register for checkConnection events
2025-03-27 00:19:03,203 [FATAL] Updater:351 - Updater called before beeing initialized
2025-03-27 00:19:03,204 [ERROR] CADModel:125 - Updater not yet initialized, retry later 
2025-03-27 00:19:03,398 [FATAL] Updater:351 - Updater called before beeing initialized
2025-03-27 00:19:03,400 [INFO] CADModel:165 - CPN selected for project level
2025-03-27 00:19:03,400 [INFO] CADModel:114 - Register for checkConnection events
2025-03-27 00:19:03,401 [FATAL] Updater:351 - Updater called before beeing initialized
2025-03-27 00:19:03,401 [ERROR] CADModel:125 - Updater not yet initialized, retry later 
2025-03-27 00:19:03,404 [FATAL] Updater:351 - Updater called before beeing initialized
2025-03-27 00:19:03,556 [FATAL] Updater:351 - Updater called before beeing initialized
2025-03-27 00:19:03,566 [INFO] DbMcusAds:53 - JSON generation date=Thu Mar 06 20:54:21 BDT 2025 (1741272861825)
2025-03-27 00:19:03,567 [FATAL] Updater:351 - Updater called before beeing initialized
2025-03-27 00:19:03,608 [WARN] DetailPanel:346 - Failed to get advertising image, set to default
2025-03-27 00:19:03,906 [FATAL] Updater:351 - Updater called before beeing initialized
2025-03-27 00:19:03,908 [FATAL] Updater:351 - Updater called before beeing initialized
2025-03-27 00:19:03,908 [FATAL] Updater:351 - Updater called before beeing initialized
2025-03-27 00:19:03,908 [WARN] DetailPanel:346 - Failed to get advertising image, set to default
2025-03-27 00:19:03,909 [FATAL] Updater:351 - Updater called before beeing initialized
2025-03-27 00:19:03,949 [ERROR] Updater:1198 - MainUpdater not yet initialized. External WinMGr cannot be set.
2025-03-27 00:19:03,951 [INFO] Updater:1134 - Updater Version found : 6.14.0
2025-03-27 00:19:03,969 [INFO] ApplicationProperties:184 - Using Application install path: C:\ST\STM32CubeIDE_1.16.1\STM32CubeIDE\plugins\com.st.stm32cube.common.mx_6.14.0.202502271554
2025-03-27 00:19:05,151 [INFO] ThirdPartyUpdaterWithRetryManager:70 - Updater plugin not ready yet. [2/15]
2025-03-27 00:19:05,544 [ERROR] LogOutputStream:75 - [STDERR_REDIRECT] Mar 27, 2025 12:19:05 AM java.util.prefs.WindowsPreferences <init>
2025-03-27 00:19:05,546 [ERROR] LogOutputStream:75 - [STDERR_REDIRECT] WARNING: Could not open/create prefs root node Software\JavaSoft\Prefs at root 0xffffffff80000002. Windows RegCreateKeyEx(...) returned error code 5.
2025-03-27 00:19:05,547 [ERROR] LogOutputStream:75 - [STDERR_REDIRECT] 
2025-03-27 00:19:06,041 [INFO] MainUpdater:2872 - connection check result : 10
2025-03-27 00:19:06,042 [INFO] MainUpdater:289 - Updater Check For Update Now.
2025-03-27 00:19:06,043 [INFO] MicroXplorer:498 - Change Database Version : DB.6.0.140
2025-03-27 00:19:06,054 [INFO] McuFinderGlobals:63 - Set McuFinder mode to 2 (CubeIDE integrated)
2025-03-27 00:19:06,054 [INFO] UserAuth:171 - activating auth plugin
2025-03-27 00:19:06,058 [INFO] UserAuth:486 - Internet connection configuration mode: 1
2025-03-27 00:19:06,089 [INFO] JxBrowserEngine:152 - Initiate JxBrowser Engine with user profile folder
2025-03-27 00:19:06,281 [INFO] CheckServerUpdateThread:120 - End of CheckServer Thread
2025-03-27 00:19:07,147 [INFO] WebApp:169 - Instantiating new browser for Auth
2025-03-27 00:19:08,591 [INFO] WebApp:463 - Apply proxy settings
2025-03-27 00:19:08,592 [INFO] WebApp:548 - Chromium requires no authentication
2025-03-27 00:19:08,613 [INFO] WebApp:491 - Direct internet connection detected
2025-03-27 00:19:08,689 [INFO] WebApp:894 - Register for checkConnection events
2025-03-27 00:19:08,690 [INFO] WebApp:463 - Apply proxy settings
2025-03-27 00:19:08,690 [INFO] WebApp:548 - Chromium requires no authentication
2025-03-27 00:19:08,691 [INFO] WebApp:491 - Direct internet connection detected
2025-03-27 00:19:08,695 [WARN] PackLoader:240 - Cannot read IP mode file for STMicroelectronics.FP-SNS-MOTENVWB1.1.4.0
2025-03-27 00:19:08,719 [WARN] PackLoader:240 - Cannot read IP mode file for STMicroelectronics.FP-ATR-ASTRA1.2.0.2
2025-03-27 00:19:08,726 [WARN] PackLoader:240 - Cannot read IP mode file for STMicroelectronics.FP-ATR-ASTRA1.2.0.1
2025-03-27 00:19:08,747 [WARN] PackLoader:240 - Cannot read IP mode file for STMicroelectronics.X-CUBE-SMBUS.2.1.0
2025-03-27 00:19:08,763 [WARN] PackLoader:240 - Cannot read IP mode file for STMicroelectronics.X-CUBE-WB05N.1.1.0
2025-03-27 00:19:08,828 [WARN] PackLoader:240 - Cannot read IP mode file for STMicroelectronics.X-CUBE-AZRTOS-F7.1.1.0
2025-03-27 00:19:08,991 [WARN] PackLoader:240 - Cannot read IP mode file for STMicroelectronics.X-CUBE-MEMS1.11.0.0
2025-03-27 00:19:09,219 [INFO] WebApp:191 - Connection restablished
2025-03-27 00:19:09,600 [WARN] PackLoader:240 - Cannot read IP mode file for STMicroelectronics.FP-SNS-FLIGHT1.5.0.2
2025-03-27 00:19:09,615 [WARN] PackLoader:240 - Cannot read IP mode file for STMicroelectronics.X-CUBE-DISPLAY.3.0.0
2025-03-27 00:19:09,707 [WARN] PackLoader:240 - Cannot read IP mode file for STMicroelectronics.X-CUBE-BLE1.7.0.0
2025-03-27 00:19:09,723 [WARN] PackLoader:240 - Cannot read IP mode file for STMicroelectronics.X-CUBE-NFC10.1.0.0
2025-03-27 00:19:09,746 [WARN] PackLoader:240 - Cannot read IP mode file for STMicroelectronics.X-CUBE-BLEMGR.4.0.0
2025-03-27 00:19:09,768 [WARN] PackLoader:240 - Cannot read IP mode file for emotas.I-CUBE-CANOPEN.1.3.0
2025-03-27 00:19:09,789 [WARN] PackLoader:240 - Cannot read IP mode file for STMicroelectronics.X-CUBE-BLEMGR.3.1.0
2025-03-27 00:19:09,801 [WARN] PackLoader:240 - Cannot read IP mode file for STMicroelectronics.X-CUBE-AI.10.0.0
2025-03-27 00:19:09,811 [WARN] PackLoader:240 - Cannot read IP mode file for STMicroelectronics.FP-SNS-SMARTAG2.1.2.0
2025-03-27 00:19:09,817 [WARN] PackLoader:240 - Cannot read IP mode file for STMicroelectronics.FP-SNS-FLIGHT1.5.1.0
2025-03-27 00:19:09,883 [INFO] WebApp:225 - Starting web application
2025-03-27 00:19:09,884 [INFO] WebApp:593 - Web application path used C:\ST\STM32CubeIDE_1.16.1\STM32CubeIDE\plugins\com.st.stm32cube.common.mx_6.14.0.202502271554\db\plugins\mcufinder\reactClient1\index.html
2025-03-27 00:19:09,914 [WARN] PackLoader:240 - Cannot read IP mode file for STMicroelectronics.X-CUBE-MEMS1.11.1.0
2025-03-27 00:19:10,450 [INFO] LogOutputStream:77 - [STDOUT_REDIRECT] 1 : Invalid condition id : UX_CORESTACK_Condition cause : null
2025-03-27 00:19:10,453 [INFO] LogOutputStream:77 - [STDOUT_REDIRECT] 1 : Invalid condition id : UX_CORESTACK_Condition cause : null
2025-03-27 00:19:10,468 [INFO] LogOutputStream:77 - [STDOUT_REDIRECT] 1 : Invalid condition id : UX_CORESTACK_Condition cause : null
2025-03-27 00:19:10,478 [INFO] LogOutputStream:77 - [STDOUT_REDIRECT] 1 : Invalid condition id : UX_CORESTACK_Condition cause : null
2025-03-27 00:19:10,484 [INFO] LogOutputStream:77 - [STDOUT_REDIRECT] 1 : Invalid condition id : UX_CORESTACK_Condition cause : null
2025-03-27 00:19:10,498 [WARN] PackLoader:240 - Cannot read IP mode file for STMicroelectronics.X-CUBE-AZRTOS-WL.2.0.0
2025-03-27 00:19:10,520 [WARN] PackLoader:240 - Cannot read IP mode file for STMicroelectronics.FP-SNS-MOTENV1.5.0.0
2025-03-27 00:19:10,547 [WARN] PackLoader:240 - Cannot read IP mode file for wolfSSL.I-CUBE-wolfMQTT.1.19.0
2025-03-27 00:19:10,569 [WARN] PackLoader:240 - Cannot read IP mode file for WES.I-CUBE-Cesium.1.3.0
2025-03-27 00:19:10,583 [WARN] PackLoader:240 - Cannot read IP mode file for STMicroelectronics.X-CUBE-BLE2.3.3.0
2025-03-27 00:19:10,591 [WARN] PackLoader:240 - Cannot read IP mode file for STMicroelectronics.X-CUBE-NFC9.1.0.0
2025-03-27 00:19:10,604 [WARN] PackLoader:240 - Cannot read IP mode file for STMicroelectronics.X-CUBE-BLE1.7.1.0
2025-03-27 00:19:10,619 [WARN] PackLoader:240 - Cannot read IP mode file for STMicroelectronics.X-CUBE-TCPP.4.1.0
2025-03-27 00:19:10,650 [WARN] PackLoader:240 - Cannot read IP mode file for STMicroelectronics.X-CUBE-AZRTOS-G0.1.1.0
2025-03-27 00:19:10,673 [WARN] PackLoader:240 - Cannot read IP mode file for STMicroelectronics.X-CUBE-SAFEA1.1.2.2
2025-03-27 00:19:10,685 [WARN] PackLoader:240 - Cannot read IP mode file for STMicroelectronics.X-CUBE-NFC4.3.0.0
2025-03-27 00:19:10,699 [WARN] PackLoader:240 - Cannot read IP mode file for EmbeddedOffice.I-CUBE-FS-RTOS.1.0.1
2025-03-27 00:19:10,708 [WARN] PackLoader:240 - Cannot read IP mode file for STMicroelectronics.X-CUBE-TCPP.4.2.0
2025-03-27 00:19:10,727 [WARN] PackLoader:240 - Cannot read IP mode file for RealThread.X-CUBE-RT-Thread_Nano.4.1.1
2025-03-27 00:19:10,735 [WARN] PackLoader:240 - Cannot read IP mode file for STMicroelectronics.FP-ATR-SIGFOX1.3.2.0
2025-03-27 00:19:10,743 [WARN] PackLoader:240 - Cannot read IP mode file for wolfSSL.I-CUBE-wolfSSL.5.7.2
2025-03-27 00:19:10,753 [WARN] ConditionMgr:438 - getConditionDescription Invalid condition id : Cortex-A Device cause : null
2025-03-27 00:19:10,790 [WARN] ConditionMgr:1044 - genDependencies : Invalid condition id : Cortex-A Device cause : null
2025-03-27 00:19:10,790 [WARN] ConditionMgr:1044 - genDependencies : Invalid condition id : Cortex-A Device cause : null
2025-03-27 00:19:10,791 [WARN] ConditionMgr:1044 - genDependencies : Invalid condition id : Cortex-A Device cause : null
2025-03-27 00:19:10,810 [WARN] PackLoader:240 - Cannot read IP mode file for STMicroelectronics.X-CUBE-EEPRMA1.5.1.0
2025-03-27 00:19:10,834 [WARN] PackLoader:240 - Cannot read IP mode file for ITTIA_DB.I-CUBE-ITTIADB.8.9.0
2025-03-27 00:19:10,902 [WARN] PackLoader:240 - Cannot read IP mode file for SEGGER.I-CUBE-embOS.1.3.1
2025-03-27 00:19:10,980 [WARN] PackLoader:240 - Cannot read IP mode file for STMicroelectronics.X-CUBE-ALGOBUILD.1.4.0
2025-03-27 00:19:11,003 [WARN] PackLoader:240 - Cannot read IP mode file for STMicroelectronics.X-CUBE-AI.9.1.0
2025-03-27 00:19:11,067 [WARN] PackLoader:240 - Cannot read IP mode file for STMicroelectronics.X-CUBE-AZRTOS-F4.1.1.0
2025-03-27 00:19:11,090 [WARN] PackLoader:240 - Cannot read IP mode file for STMicroelectronics.X-CUBE-ISPU.2.1.0
2025-03-27 00:19:11,117 [WARN] PackLoader:240 - Cannot read IP mode file for STMicroelectronics.X-CUBE-FREERTOS.1.2.0
2025-03-27 00:19:11,176 [WARN] PackLoader:240 - Cannot read IP mode file for STMicroelectronics.X-CUBE-AZRTOS-L5.2.0.0
2025-03-27 00:19:11,203 [WARN] PackLoader:240 - Cannot read IP mode file for STMicroelectronics.X-CUBE-NFC6.3.1.0
2025-03-27 00:19:11,219 [WARN] PackLoader:240 - Cannot read IP mode file for STMicroelectronics.X-CUBE-DPower.1.2.0
2025-03-27 00:19:11,234 [WARN] PackLoader:240 - Cannot read IP mode file for STMicroelectronics.X-CUBE-FREERTOS.1.3.0
2025-03-27 00:19:11,264 [WARN] PackLoader:240 - Cannot read IP mode file for STMicroelectronics.X-CUBE-NFC7.1.0.1
2025-03-27 00:19:11,362 [WARN] ConditionMgr:438 - getConditionDescription Invalid condition id : LAN8742 Phy interface Condition cause : null
2025-03-27 00:19:11,364 [WARN] PackLoader:240 - Cannot read IP mode file for STMicroelectronics.X-CUBE-AZRTOS-L4.2.0.0
2025-03-27 00:19:11,368 [WARN] ConditionMgr:1044 - genDependencies : Invalid condition id : LAN8742 Phy interface Condition cause : null
2025-03-27 00:19:11,369 [WARN] ConditionMgr:1044 - genDependencies : Invalid condition id : LAN8742 Phy interface Condition cause : null
2025-03-27 00:19:11,369 [WARN] ConditionMgr:1044 - genDependencies : Invalid condition id : LAN8742 Phy interface Condition cause : null
2025-03-27 00:19:11,394 [WARN] PackLoader:240 - Cannot read IP mode file for STMicroelectronics.X-CUBE-SFXS2LP1.4.0.0
2025-03-27 00:19:11,468 [WARN] PackLoader:240 - Cannot read IP mode file for STMicroelectronics.X-CUBE-AZRTOS-H7.3.3.0
2025-03-27 00:19:11,499 [WARN] PackLoader:240 - Cannot read IP mode file for STMicroelectronics.X-CUBE-IPS.3.0.0
2025-03-27 00:19:11,573 [WARN] ConditionMgr:438 - getConditionDescription Invalid condition id : UX DEVICE CLASS RTOS Condition cause : null
2025-03-27 00:19:11,573 [WARN] ConditionMgr:438 - getConditionDescription Invalid condition id : UX DEVICE CLASS RTOS Condition cause : null
2025-03-27 00:19:11,578 [WARN] PackLoader:240 - Cannot read IP mode file for STMicroelectronics.X-CUBE-AZRTOS-WB.2.0.0
2025-03-27 00:19:11,579 [WARN] ConditionMgr:1044 - genDependencies : Invalid condition id : UX DEVICE CLASS RTOS Condition cause : null
2025-03-27 00:19:11,580 [WARN] ConditionMgr:1044 - genDependencies : Invalid condition id : UX DEVICE CLASS RTOS Condition cause : null
2025-03-27 00:19:11,581 [WARN] ConditionMgr:1044 - genDependencies : Invalid condition id : UX DEVICE CLASS RTOS Condition cause : null
2025-03-27 00:19:11,581 [WARN] ConditionMgr:1044 - genDependencies : Invalid condition id : UX DEVICE CLASS RTOS Condition cause : null
2025-03-27 00:19:11,581 [WARN] ConditionMgr:1044 - genDependencies : Invalid condition id : UX DEVICE CLASS RTOS Condition cause : null
2025-03-27 00:19:11,664 [WARN] PackLoader:240 - Cannot read IP mode file for STMicroelectronics.X-CUBE-GNSS1.7.0.0
2025-03-27 00:19:11,675 [WARN] PackLoader:240 - Cannot read IP mode file for STMicroelectronics.X-CUBE-GNSS1.7.0.1
2025-03-27 00:19:11,686 [WARN] PackLoader:240 - Cannot read IP mode file for STMicroelectronics.X-CUBE-TOUCHGFX.4.25.0
2025-03-27 00:19:11,702 [WARN] PackLoader:240 - Cannot read IP mode file for STMicroelectronics.FP-SNS-STBOX1.2.0.0
2025-03-27 00:19:11,745 [WARN] PackLoader:240 - Cannot read IP mode file for STMicroelectronics.X-CUBE-SUBG2.5.0.0
2025-03-27 00:19:11,787 [WARN] PackLoader:240 - Cannot read IP mode file for STMicroelectronics.X-CUBE-AZRTOS-H7RS.1.1.0
2025-03-27 00:19:11,799 [WARN] PackLoader:240 - Cannot read IP mode file for Cesanta.I-CUBE-Mongoose.7.13.0
2025-03-27 00:19:11,822 [WARN] PackLoader:240 - Cannot read IP mode file for STMicroelectronics.X-CUBE-AZRTOS-G4.2.0.0
2025-03-27 00:19:11,846 [WARN] PackLoader:240 - Cannot read IP mode file for STMicroelectronics.X-CUBE-IPS.3.1.0
2025-03-27 00:19:11,862 [WARN] PackLoader:240 - Cannot read IP mode file for STMicroelectronics.X-CUBE-ALS.1.0.2
2025-03-27 00:19:11,874 [WARN] PackLoader:240 - Cannot read IP mode file for STMicroelectronics.X-CUBE-TOUCHGFX.4.24.2
2025-03-27 00:19:11,879 [WARN] PackLoader:240 - Cannot read IP mode file for STMicroelectronics.X-CUBE-TOUCHGFX.4.24.1
2025-03-27 00:19:11,885 [WARN] PackLoader:240 - Cannot read IP mode file for wolfSSL.I-CUBE-wolfTPM.3.4.0
2025-03-27 00:19:11,894 [WARN] PackLoader:240 - Cannot read IP mode file for portGmbH.I-Cube-SoM-uGOAL.1.1.0
2025-03-27 00:19:11,923 [WARN] PackLoader:240 - Cannot read IP mode file for STMicroelectronics.X-CUBE-AZRTOS-H7RS.1.0.0
2025-03-27 00:19:11,931 [WARN] PackLoader:240 - Cannot read IP mode file for STMicroelectronics.FP-ATR-ASTRA1.2.0.0
2025-03-27 00:19:11,948 [WARN] PackLoader:240 - Cannot read IP mode file for STMicroelectronics.X-CUBE-TOF1.3.4.2
2025-03-27 00:19:12,000 [WARN] PackLoader:240 - Cannot read IP mode file for Infineon.AIROC-Wi-Fi-Bluetooth-STM32.1.6.1
2025-03-27 00:19:12,014 [WARN] PackLoader:240 - Cannot read IP mode file for wolfSSL.I-CUBE-wolfSSH.1.4.17
2025-03-27 00:19:12,016 [INFO] ThirdParty:978 - Integrity check success = true
2025-03-27 00:19:12,016 [INFO] IntegrityCheckThread:100 - exiting critical section [integrity check]
2025-03-27 00:19:12,016 [INFO] IntegrityCheckThread:103 - End integrity checks thread
2025-03-27 00:34:33,556 [INFO] Activator:176 - 


2025-03-27 00:34:33,558 [INFO] Activator:177 - !SESSION log4j initialized
2025-03-27 00:34:40,304 [ERROR] LogOutputStream:75 - [STDERR_REDIRECT] Mar 27, 2025 12:34:40 AM org.apache.lucene.internal.vectorization.VectorizationProvider lookup
2025-03-27 00:34:40,311 [ERROR] LogOutputStream:75 - [STDERR_REDIRECT] WARNING: Java vector incubator module is not readable. For optimal vector performance, pass '--add-modules jdk.incubator.vector' to enable Vector API.
2025-03-27 00:34:40,313 [ERROR] LogOutputStream:75 - [STDERR_REDIRECT] 
2025-03-27 00:34:42,380 [INFO] LogOutputStream:77 - [STDOUT_REDIRECT] 
2025-03-27 00:34:52,720 [INFO] ApplicationProperties:184 - Using Application install path: C:\ST\STM32CubeIDE_1.16.1\STM32CubeIDE\plugins\com.st.stm32cube.common.mx_6.14.0.202502271554
2025-03-27 00:34:52,742 [INFO] DbMcusXml:78 - Set database path to: C:\ST\STM32CubeIDE_1.16.1\STM32CubeIDE\plugins\com.st.stm32cube.common.mx_6.14.0.202502271554\\db\/mcu/
2025-03-27 00:34:52,742 [INFO] ApiDb:274 - Set plugin database path to: C:\ST\STM32CubeIDE_1.16.1\STM32CubeIDE\plugins\com.st.stm32cube.common.mx_6.14.0.202502271554\\db\/plugins/boardmanager/
2025-03-27 00:34:52,742 [WARN] ApiDb:259 - Overriding images path with different value:  => C:\ST\STM32CubeIDE_1.16.1\STM32CubeIDE\plugins\com.st.stm32cube.common.mx_6.14.0.202502271554\\db\/plugins/mcufinder/images/
2025-03-27 00:34:52,748 [INFO] ApiDb:250 - Set database path to: C:\Users\Shuvro\.stmcufinder\plugins\mcufinder//mcu/
2025-03-27 00:34:52,751 [INFO] DbMcusAds:125 - Set database path to: C:\Users\Shuvro\.stmcufinder\plugins\mcufinder//mcu/
2025-03-27 00:34:52,755 [INFO] CrossReferenceDbSqlite:203 - Set database path to: C:\Users\Shuvro\.stmcufinder\plugins\mcufinder//mcu/cs/
2025-03-27 00:34:52,919 [INFO] RulesReader:64 - Compatibility file has been processed (301 Rules)
2025-03-27 00:34:53,026 [INFO] DbMcusXml:78 - Set database path to: C:\ST\STM32CubeIDE_1.16.1\STM32CubeIDE\plugins\com.st.stm32cube.common.mx_6.14.0.202502271554\\db\/mcu/
2025-03-27 00:34:53,026 [INFO] ApiDb:274 - Set plugin database path to: C:\ST\STM32CubeIDE_1.16.1\STM32CubeIDE\plugins\com.st.stm32cube.common.mx_6.14.0.202502271554\\db\/plugins/boardmanager/
2025-03-27 00:34:53,026 [INFO] ApiDb:261 - Set plugin images path to: C:\ST\STM32CubeIDE_1.16.1\STM32CubeIDE\plugins\com.st.stm32cube.common.mx_6.14.0.202502271554\\db\/plugins/mcufinder/images/
2025-03-27 00:34:53,027 [WARN] DbFile:41 - Overriding database path with different value: C:\Users\Shuvro\.stmcufinder\plugins\mcufinder/ => C:\Users\Shuvro\.stmcufinder\plugins\mcufinder
2025-03-27 00:34:53,027 [INFO] ApiDb:250 - Set database path to: C:\Users\Shuvro\.stmcufinder\plugins\mcufinder//mcu/
2025-03-27 00:34:53,027 [WARN] DbFile:41 - Overriding database path with different value: C:\Users\Shuvro\.stmcufinder\plugins\mcufinder/ => C:\Users\Shuvro\.stmcufinder\plugins\mcufinder
2025-03-27 00:34:53,027 [INFO] DbMcusAds:125 - Set database path to: C:\Users\Shuvro\.stmcufinder\plugins\mcufinder//mcu/
2025-03-27 00:34:53,027 [WARN] DbFile:41 - Overriding database path with different value: C:\Users\Shuvro\.stmcufinder\plugins\mcufinder/ => C:\Users\Shuvro\.stmcufinder\plugins\mcufinder
2025-03-27 00:34:53,027 [WARN] DbFile:41 - Overriding database path with different value: C:\Users\Shuvro\.stmcufinder\plugins\mcufinder/ => C:\Users\Shuvro\.stmcufinder\plugins\mcufinder
2025-03-27 00:34:53,040 [INFO] CrossReferenceDbSqlite:203 - Set database path to: C:\Users\Shuvro\.stmcufinder\plugins\mcufinder//mcu/cs/
2025-03-27 00:34:53,117 [INFO] MainPanel:272 - HeapMemory: 268435456
2025-03-27 00:34:53,217 [INFO] DbMcusXml:78 - Set database path to: C:\ST\STM32CubeIDE_1.16.1\STM32CubeIDE\plugins\com.st.stm32cube.common.mx_6.14.0.202502271554\\db\/mcu/
2025-03-27 00:34:53,217 [INFO] ApiDb:274 - Set plugin database path to: C:\ST\STM32CubeIDE_1.16.1\STM32CubeIDE\plugins\com.st.stm32cube.common.mx_6.14.0.202502271554\\db\/plugins/boardmanager/
2025-03-27 00:34:53,218 [INFO] ApiDb:261 - Set plugin images path to: C:\ST\STM32CubeIDE_1.16.1\STM32CubeIDE\plugins\com.st.stm32cube.common.mx_6.14.0.202502271554\\db\/plugins/mcufinder/images/
2025-03-27 00:34:53,218 [WARN] DbFile:41 - Overriding database path with different value: C:\Users\Shuvro\.stmcufinder\plugins\mcufinder/ => C:\Users\Shuvro\.stmcufinder\plugins\mcufinder
2025-03-27 00:34:53,218 [INFO] ApiDb:250 - Set database path to: C:\Users\Shuvro\.stmcufinder\plugins\mcufinder//mcu/
2025-03-27 00:34:53,218 [WARN] DbFile:41 - Overriding database path with different value: C:\Users\Shuvro\.stmcufinder\plugins\mcufinder/ => C:\Users\Shuvro\.stmcufinder\plugins\mcufinder
2025-03-27 00:34:53,218 [INFO] DbMcusAds:125 - Set database path to: C:\Users\Shuvro\.stmcufinder\plugins\mcufinder//mcu/
2025-03-27 00:34:53,218 [WARN] DbFile:41 - Overriding database path with different value: C:\Users\Shuvro\.stmcufinder\plugins\mcufinder/ => C:\Users\Shuvro\.stmcufinder\plugins\mcufinder
2025-03-27 00:34:53,219 [WARN] DbFile:41 - Overriding database path with different value: C:\Users\Shuvro\.stmcufinder\plugins\mcufinder/ => C:\Users\Shuvro\.stmcufinder\plugins\mcufinder
2025-03-27 00:34:53,219 [INFO] CrossReferenceDbSqlite:203 - Set database path to: C:\Users\Shuvro\.stmcufinder\plugins\mcufinder//mcu/cs/
2025-03-27 00:34:53,243 [INFO] ApplicationProperties:184 - Using Application install path: C:\ST\STM32CubeIDE_1.16.1\STM32CubeIDE\plugins\com.st.stm32cube.common.mx_6.14.0.202502271554
2025-03-27 00:34:53,244 [INFO] PluginManage:196 - Search for loadable plugins [exclusion list=, ]
2025-03-27 00:34:53,245 [INFO] PluginManage:310 - Check plugin analytics
2025-03-27 00:35:02,978 [INFO] AnalyticsPlugin:253 - Accepted Software Licenses: 
2025-03-27 00:35:02,978 [INFO] AnalyticsPlugin:255 - Accepted CMSIS Pack Licenses: 
2025-03-27 00:35:02,978 [INFO] AnalyticsPlugin:257 - Accepted Firmware Licenses: 
2025-03-27 00:35:02,978 [INFO] PluginManage:359 - Loaded plugin analytics (category:tool,tabindex:-1)
2025-03-27 00:35:02,978 [INFO] PluginManage:310 - Check plugin cadmodel
2025-03-27 00:35:02,994 [INFO] CADModel:105 - Init CAD model plugin
2025-03-27 00:35:02,994 [INFO] PluginManage:359 - Loaded plugin cadmodel (category:power,tabindex:5)
2025-03-27 00:35:02,994 [INFO] PluginManage:310 - Check plugin clock
2025-03-27 00:35:03,010 [INFO] PluginManage:359 - Loaded plugin clock (category:base,tabindex:2)
2025-03-27 00:35:03,010 [INFO] PluginManage:310 - Check plugin ddr
2025-03-27 00:35:03,010 [INFO] PluginManage:359 - Loaded plugin ddr (category:tool,tabindex:6)
2025-03-27 00:35:03,010 [INFO] PluginManage:310 - Check plugin filemanager
2025-03-27 00:35:03,166 [INFO] PluginManage:359 - Loaded plugin filemanager (category:base,tabindex:10)
2025-03-27 00:35:03,166 [INFO] PluginManage:310 - Check plugin ipmanager
2025-03-27 00:35:03,182 [INFO] PluginManage:359 - Loaded plugin ipmanager (category:base,tabindex:5)
2025-03-27 00:35:03,182 [INFO] PluginManage:310 - Check plugin lpbam
2025-03-27 00:35:03,182 [INFO] PluginManage:359 - Loaded plugin lpbam (category:base,tabindex:0)
2025-03-27 00:35:03,182 [INFO] PluginManage:310 - Check plugin memorymap
2025-03-27 00:35:03,197 [INFO] PluginManage:359 - Loaded plugin memorymap (category:base,tabindex:4)
2025-03-27 00:35:03,197 [INFO] PluginManage:310 - Check plugin pinoutandconfiguration
2025-03-27 00:35:03,213 [INFO] PluginManage:359 - Loaded plugin pinoutandconfiguration (category:base,tabindex:1)
2025-03-27 00:35:03,213 [INFO] PluginManage:310 - Check plugin pinoutconfig
2025-03-27 00:35:03,322 [WARN] SupportedApi:132 - Cannot load RTOS API schema: s4s-elt-must-match.1: The content of 'definitions' must match (annotation?, (simpleType | complexType)?, (unique | key | keyref)*)). A problem was found starting at: attribute.
2025-03-27 00:35:03,527 [INFO] PluginManage:359 - Loaded plugin pinoutconfig (category:base,tabindex:0)
2025-03-27 00:35:03,527 [INFO] PluginManage:310 - Check plugin power
2025-03-27 00:35:03,545 [INFO] PluginManage:359 - Loaded plugin power (category:power,tabindex:4)
2025-03-27 00:35:03,545 [INFO] PluginManage:310 - Check plugin projectmanager
2025-03-27 00:35:03,570 [INFO] PluginManage:359 - Loaded plugin projectmanager (category:projectmanager,tabindex:4)
2025-03-27 00:35:03,570 [INFO] PluginManage:310 - Check plugin rif
2025-03-27 00:35:03,580 [INFO] PluginManage:359 - Loaded plugin rif (category:base,tabindex:3)
2025-03-27 00:35:03,580 [INFO] PluginManage:310 - Check plugin thirdparty
2025-03-27 00:35:03,738 [INFO] PluginManage:359 - Loaded plugin thirdparty (category:base,tabindex:-1)
2025-03-27 00:35:03,738 [WARN] IntegrityCheckThread:84 - waiting for thirdparty lock release [integrity check]
2025-03-27 00:35:03,738 [INFO] PluginManage:310 - Check plugin tools
2025-03-27 00:35:03,738 [INFO] IntegrityCheckThread:86 - entering critical section [integrity check]
2025-03-27 00:35:03,739 [INFO] ThirdPartyUpdaterWithRetryManager:70 - Updater plugin not ready yet. [1/15]
2025-03-27 00:35:03,743 [INFO] PluginManage:359 - Loaded plugin tools (category:base,tabindex:7)
2025-03-27 00:35:03,743 [INFO] PluginManage:310 - Check plugin tutovideos
2025-03-27 00:35:03,969 [INFO] PluginManage:359 - Loaded plugin tutovideos (category:base,tabindex:-1)
2025-03-27 00:35:03,969 [INFO] PluginManage:310 - Check plugin updater
2025-03-27 00:35:04,000 [INFO] PluginManage:359 - Loaded plugin updater (category:base,tabindex:12)
2025-03-27 00:35:04,000 [INFO] PluginManage:310 - Check plugin userauth
2025-03-27 00:35:04,005 [INFO] UserAuth:118 - Init User Auth plugin
2025-03-27 00:35:04,008 [INFO] PluginManage:359 - Loaded plugin userauth (category:base,tabindex:14)
2025-03-27 00:35:04,008 [INFO] PluginManage:283 - PluginManage : Loaded plugins [18]
2025-03-27 00:35:04,249 [INFO] PinOutPanel:1589 - setPackage(No Configuration,No Configuration)
2025-03-27 00:35:04,348 [INFO] CADModel:165 - CPN selected for project level
2025-03-27 00:35:04,349 [INFO] CADModel:114 - Register for checkConnection events
2025-03-27 00:35:04,372 [INFO] IPUIPlugin:80 - create IPUIPlugin
2025-03-27 00:35:04,373 [INFO] PluginManager:220 - loadIPPluginJar : add adc
2025-03-27 00:35:04,379 [INFO] IPUIPlugin:80 - create IPUIPlugin
2025-03-27 00:35:04,379 [INFO] PluginManager:220 - loadIPPluginJar : add aes
2025-03-27 00:35:04,384 [INFO] IPUIPlugin:80 - create IPUIPlugin
2025-03-27 00:35:04,384 [INFO] PluginManager:220 - loadIPPluginJar : add can
2025-03-27 00:35:04,387 [INFO] IPUIPlugin:80 - create IPUIPlugin
2025-03-27 00:35:04,387 [INFO] PluginManager:220 - loadIPPluginJar : add comp
2025-03-27 00:35:04,390 [INFO] IPUIPlugin:80 - create IPUIPlugin
2025-03-27 00:35:04,391 [INFO] PluginManager:220 - loadIPPluginJar : add cryp
2025-03-27 00:35:04,394 [INFO] IPUIPlugin:80 - create IPUIPlugin
2025-03-27 00:35:04,395 [INFO] PluginManager:220 - loadIPPluginJar : add ddr_ctrl_phy
2025-03-27 00:35:04,398 [INFO] IPUIPlugin:80 - create IPUIPlugin
2025-03-27 00:35:04,399 [INFO] PluginManager:220 - loadIPPluginJar : add dfsdm
2025-03-27 00:35:04,410 [INFO] IPUIPlugin:80 - create IPUIPlugin
2025-03-27 00:35:04,410 [INFO] PluginManager:220 - loadIPPluginJar : add dma
2025-03-27 00:35:04,417 [INFO] IPUIPlugin:80 - create IPUIPlugin
2025-03-27 00:35:04,417 [INFO] PluginManager:220 - loadIPPluginJar : add dma3
2025-03-27 00:35:04,420 [INFO] IPUIPlugin:80 - create IPUIPlugin
2025-03-27 00:35:04,420 [INFO] PluginManager:220 - loadIPPluginJar : add extmemmanager
2025-03-27 00:35:04,423 [INFO] IPUIPlugin:80 - create IPUIPlugin
2025-03-27 00:35:04,423 [INFO] PluginManager:220 - loadIPPluginJar : add fatfs
2025-03-27 00:35:04,429 [INFO] IPUIPlugin:80 - create IPUIPlugin
2025-03-27 00:35:04,430 [INFO] PluginManager:220 - loadIPPluginJar : add fmc
2025-03-27 00:35:04,436 [INFO] IPUIPlugin:80 - create IPUIPlugin
2025-03-27 00:35:04,436 [INFO] PluginManager:220 - loadIPPluginJar : add freertos
2025-03-27 00:35:04,439 [INFO] IPUIPlugin:80 - create IPUIPlugin
2025-03-27 00:35:04,439 [INFO] PluginManager:220 - loadIPPluginJar : add genericplugin
2025-03-27 00:35:04,443 [INFO] IPUIPlugin:80 - create IPUIPlugin
2025-03-27 00:35:04,443 [INFO] PluginManager:220 - loadIPPluginJar : add gfxmmu
2025-03-27 00:35:04,449 [INFO] IPUIPlugin:80 - create IPUIPlugin
2025-03-27 00:35:04,449 [INFO] PluginManager:220 - loadIPPluginJar : add gic
2025-03-27 00:35:04,456 [INFO] IPUIPlugin:80 - create IPUIPlugin
2025-03-27 00:35:04,457 [INFO] PluginManager:220 - loadIPPluginJar : add gpio
2025-03-27 00:35:04,464 [INFO] IPUIPlugin:80 - create IPUIPlugin
2025-03-27 00:35:04,464 [INFO] PluginManager:220 - loadIPPluginJar : add gtzc
2025-03-27 00:35:04,467 [INFO] IPUIPlugin:80 - create IPUIPlugin
2025-03-27 00:35:04,467 [INFO] PluginManager:220 - loadIPPluginJar : add hash
2025-03-27 00:35:04,471 [INFO] IPUIPlugin:80 - create IPUIPlugin
2025-03-27 00:35:04,471 [INFO] PluginManager:220 - loadIPPluginJar : add i2c
2025-03-27 00:35:04,474 [INFO] IPUIPlugin:80 - create IPUIPlugin
2025-03-27 00:35:04,475 [INFO] PluginManager:220 - loadIPPluginJar : add i2s
2025-03-27 00:35:04,481 [INFO] IPUIPlugin:80 - create IPUIPlugin
2025-03-27 00:35:04,481 [INFO] PluginManager:220 - loadIPPluginJar : add i3c
2025-03-27 00:35:04,486 [INFO] IPUIPlugin:80 - create IPUIPlugin
2025-03-27 00:35:04,486 [INFO] PluginManager:220 - loadIPPluginJar : add ipddr
2025-03-27 00:35:04,495 [INFO] IPUIPlugin:80 - create IPUIPlugin
2025-03-27 00:35:04,495 [INFO] PluginManager:220 - loadIPPluginJar : add linkedlist
2025-03-27 00:35:04,501 [INFO] IPUIPlugin:80 - create IPUIPlugin
2025-03-27 00:35:04,501 [INFO] PluginManager:220 - loadIPPluginJar : add lorawan
2025-03-27 00:35:04,504 [INFO] IPUIPlugin:80 - create IPUIPlugin
2025-03-27 00:35:04,504 [INFO] PluginManager:220 - loadIPPluginJar : add ltdc
2025-03-27 00:35:04,512 [INFO] IPUIPlugin:80 - create IPUIPlugin
2025-03-27 00:35:04,512 [INFO] PluginManager:220 - loadIPPluginJar : add mdma
2025-03-27 00:35:04,518 [INFO] IPUIPlugin:80 - create IPUIPlugin
2025-03-27 00:35:04,518 [INFO] PluginManager:220 - loadIPPluginJar : add nvic
2025-03-27 00:35:04,522 [INFO] IPUIPlugin:80 - create IPUIPlugin
2025-03-27 00:35:04,522 [INFO] PluginManager:220 - loadIPPluginJar : add opamp
2025-03-27 00:35:04,527 [INFO] IPUIPlugin:80 - create IPUIPlugin
2025-03-27 00:35:04,527 [INFO] PluginManager:220 - loadIPPluginJar : add openamp
2025-03-27 00:35:04,531 [INFO] IPUIPlugin:80 - create IPUIPlugin
2025-03-27 00:35:04,531 [INFO] PluginManager:220 - loadIPPluginJar : add pdm2pcm
2025-03-27 00:35:04,537 [INFO] IPUIPlugin:80 - create IPUIPlugin
2025-03-27 00:35:04,542 [INFO] PluginManager:220 - loadIPPluginJar : add plateformsettings
2025-03-27 00:35:04,545 [INFO] IPUIPlugin:80 - create IPUIPlugin
2025-03-27 00:35:04,545 [INFO] PluginManager:220 - loadIPPluginJar : add quadspi
2025-03-27 00:35:04,547 [INFO] IPUIPlugin:80 - create IPUIPlugin
2025-03-27 00:35:04,548 [INFO] PluginManager:220 - loadIPPluginJar : add radio
2025-03-27 00:35:04,552 [INFO] IPUIPlugin:80 - create IPUIPlugin
2025-03-27 00:35:04,552 [INFO] PluginManager:220 - loadIPPluginJar : add resmgrutility
2025-03-27 00:35:04,558 [INFO] IPUIPlugin:80 - create IPUIPlugin
2025-03-27 00:35:04,558 [INFO] PluginManager:220 - loadIPPluginJar : add sai
2025-03-27 00:35:04,562 [INFO] IPUIPlugin:80 - create IPUIPlugin
2025-03-27 00:35:04,562 [INFO] PluginManager:220 - loadIPPluginJar : add spi
2025-03-27 00:35:04,576 [INFO] IPUIPlugin:80 - create IPUIPlugin
2025-03-27 00:35:04,576 [INFO] PluginManager:220 - loadIPPluginJar : add stm32_wpan
2025-03-27 00:35:04,579 [INFO] IPUIPlugin:80 - create IPUIPlugin
2025-03-27 00:35:04,579 [INFO] PluginManager:220 - loadIPPluginJar : add tim
2025-03-27 00:35:04,583 [INFO] IPUIPlugin:80 - create IPUIPlugin
2025-03-27 00:35:04,583 [INFO] PluginManager:220 - loadIPPluginJar : add touchsensing
2025-03-27 00:35:04,585 [INFO] IPUIPlugin:80 - create IPUIPlugin
2025-03-27 00:35:04,585 [INFO] PluginManager:220 - loadIPPluginJar : add tracer_emb
2025-03-27 00:35:04,588 [INFO] IPUIPlugin:80 - create IPUIPlugin
2025-03-27 00:35:04,588 [INFO] PluginManager:220 - loadIPPluginJar : add ts
2025-03-27 00:35:04,590 [INFO] IPUIPlugin:80 - create IPUIPlugin
2025-03-27 00:35:04,590 [INFO] PluginManager:220 - loadIPPluginJar : add tsc
2025-03-27 00:35:04,593 [INFO] IPUIPlugin:80 - create IPUIPlugin
2025-03-27 00:35:04,593 [INFO] PluginManager:220 - loadIPPluginJar : add ucpd
2025-03-27 00:35:04,596 [INFO] IPUIPlugin:80 - create IPUIPlugin
2025-03-27 00:35:04,596 [INFO] PluginManager:220 - loadIPPluginJar : add usart
2025-03-27 00:35:04,601 [INFO] IPUIPlugin:80 - create IPUIPlugin
2025-03-27 00:35:04,602 [INFO] PluginManager:220 - loadIPPluginJar : add usbx
2025-03-27 00:35:04,727 [FATAL] Updater:351 - Updater called before beeing initialized
2025-03-27 00:35:04,756 [INFO] RulesReader:64 - Compatibility file has been processed (301 Rules)
2025-03-27 00:35:04,768 [INFO] RulesReader:64 - Compatibility file has been processed (301 Rules)
2025-03-27 00:35:04,781 [INFO] CADModel:165 - CPN selected for project level
2025-03-27 00:35:04,781 [INFO] CADModel:114 - Register for checkConnection events
2025-03-27 00:35:04,781 [FATAL] Updater:351 - Updater called before beeing initialized
2025-03-27 00:35:04,782 [ERROR] CADModel:125 - Updater not yet initialized, retry later 
2025-03-27 00:35:04,967 [FATAL] Updater:351 - Updater called before beeing initialized
2025-03-27 00:35:04,969 [INFO] CADModel:165 - CPN selected for project level
2025-03-27 00:35:04,969 [INFO] CADModel:114 - Register for checkConnection events
2025-03-27 00:35:04,969 [FATAL] Updater:351 - Updater called before beeing initialized
2025-03-27 00:35:04,970 [ERROR] CADModel:125 - Updater not yet initialized, retry later 
2025-03-27 00:35:04,973 [FATAL] Updater:351 - Updater called before beeing initialized
2025-03-27 00:35:05,102 [FATAL] Updater:351 - Updater called before beeing initialized
2025-03-27 00:35:05,106 [INFO] DbMcusAds:53 - JSON generation date=Thu Mar 06 20:54:21 BDT 2025 (1741272861825)
2025-03-27 00:35:05,106 [FATAL] Updater:351 - Updater called before beeing initialized
2025-03-27 00:35:05,146 [WARN] DetailPanel:346 - Failed to get advertising image, set to default
2025-03-27 00:35:05,469 [FATAL] Updater:351 - Updater called before beeing initialized
2025-03-27 00:35:05,471 [FATAL] Updater:351 - Updater called before beeing initialized
2025-03-27 00:35:05,471 [FATAL] Updater:351 - Updater called before beeing initialized
2025-03-27 00:35:05,471 [WARN] DetailPanel:346 - Failed to get advertising image, set to default
2025-03-27 00:35:05,472 [FATAL] Updater:351 - Updater called before beeing initialized
2025-03-27 00:35:05,524 [ERROR] Updater:1198 - MainUpdater not yet initialized. External WinMGr cannot be set.
2025-03-27 00:35:05,524 [INFO] Updater:1134 - Updater Version found : 6.14.0
2025-03-27 00:35:05,556 [INFO] ApplicationProperties:184 - Using Application install path: C:\ST\STM32CubeIDE_1.16.1\STM32CubeIDE\plugins\com.st.stm32cube.common.mx_6.14.0.202502271554
2025-03-27 00:35:06,740 [INFO] ThirdPartyUpdaterWithRetryManager:70 - Updater plugin not ready yet. [2/15]
2025-03-27 00:35:07,156 [ERROR] LogOutputStream:75 - [STDERR_REDIRECT] Mar 27, 2025 12:35:07 AM java.util.prefs.WindowsPreferences <init>
2025-03-27 00:35:07,160 [ERROR] LogOutputStream:75 - [STDERR_REDIRECT] WARNING: Could not open/create prefs root node Software\JavaSoft\Prefs at root 0xffffffff80000002. Windows RegCreateKeyEx(...) returned error code 5.
2025-03-27 00:35:07,161 [ERROR] LogOutputStream:75 - [STDERR_REDIRECT] 
2025-03-27 00:35:07,579 [INFO] MainUpdater:2872 - connection check result : 10
2025-03-27 00:35:07,581 [INFO] MainUpdater:289 - Updater Check For Update Now.
2025-03-27 00:35:07,581 [INFO] MicroXplorer:498 - Change Database Version : DB.6.0.140
2025-03-27 00:35:07,595 [INFO] McuFinderGlobals:63 - Set McuFinder mode to 2 (CubeIDE integrated)
2025-03-27 00:35:07,595 [INFO] UserAuth:171 - activating auth plugin
2025-03-27 00:35:07,598 [INFO] UserAuth:486 - Internet connection configuration mode: 1
2025-03-27 00:35:07,645 [INFO] JxBrowserEngine:152 - Initiate JxBrowser Engine with user profile folder
2025-03-27 00:35:07,790 [INFO] CheckServerUpdateThread:120 - End of CheckServer Thread
2025-03-27 00:35:08,653 [INFO] WebApp:169 - Instantiating new browser for Auth
2025-03-27 00:35:09,875 [INFO] WebApp:463 - Apply proxy settings
2025-03-27 00:35:09,879 [INFO] WebApp:548 - Chromium requires no authentication
2025-03-27 00:35:09,896 [INFO] WebApp:491 - Direct internet connection detected
2025-03-27 00:35:10,030 [INFO] WebApp:894 - Register for checkConnection events
2025-03-27 00:35:10,032 [INFO] WebApp:463 - Apply proxy settings
2025-03-27 00:35:10,032 [INFO] WebApp:548 - Chromium requires no authentication
2025-03-27 00:35:10,033 [INFO] WebApp:491 - Direct internet connection detected
2025-03-27 00:35:10,363 [INFO] WebApp:191 - Connection restablished
2025-03-27 00:35:10,689 [WARN] PackLoader:240 - Cannot read IP mode file for STMicroelectronics.FP-SNS-MOTENVWB1.1.4.0
2025-03-27 00:35:10,734 [WARN] PackLoader:240 - Cannot read IP mode file for STMicroelectronics.FP-ATR-ASTRA1.2.0.2
2025-03-27 00:35:10,746 [WARN] PackLoader:240 - Cannot read IP mode file for STMicroelectronics.FP-ATR-ASTRA1.2.0.1
2025-03-27 00:35:10,786 [WARN] PackLoader:240 - Cannot read IP mode file for STMicroelectronics.X-CUBE-SMBUS.2.1.0
2025-03-27 00:35:10,804 [WARN] PackLoader:240 - Cannot read IP mode file for STMicroelectronics.X-CUBE-WB05N.1.1.0
2025-03-27 00:35:10,916 [WARN] PackLoader:240 - Cannot read IP mode file for STMicroelectronics.X-CUBE-AZRTOS-F7.1.1.0
2025-03-27 00:35:11,110 [WARN] PackLoader:240 - Cannot read IP mode file for STMicroelectronics.X-CUBE-MEMS1.11.0.0
2025-03-27 00:35:11,156 [INFO] WebApp:225 - Starting web application
2025-03-27 00:35:11,156 [INFO] WebApp:593 - Web application path used C:\ST\STM32CubeIDE_1.16.1\STM32CubeIDE\plugins\com.st.stm32cube.common.mx_6.14.0.202502271554\db\plugins\mcufinder\reactClient1\index.html
2025-03-27 00:35:11,831 [WARN] PackLoader:240 - Cannot read IP mode file for STMicroelectronics.FP-SNS-FLIGHT1.5.0.2
2025-03-27 00:35:11,850 [WARN] PackLoader:240 - Cannot read IP mode file for STMicroelectronics.X-CUBE-DISPLAY.3.0.0
2025-03-27 00:35:11,904 [WARN] PackLoader:240 - Cannot read IP mode file for STMicroelectronics.X-CUBE-BLE1.7.0.0
2025-03-27 00:35:11,920 [WARN] PackLoader:240 - Cannot read IP mode file for STMicroelectronics.X-CUBE-NFC10.1.0.0
2025-03-27 00:35:11,946 [WARN] PackLoader:240 - Cannot read IP mode file for STMicroelectronics.X-CUBE-BLEMGR.4.0.0
2025-03-27 00:35:11,968 [WARN] PackLoader:240 - Cannot read IP mode file for emotas.I-CUBE-CANOPEN.1.3.0
2025-03-27 00:35:11,988 [WARN] PackLoader:240 - Cannot read IP mode file for STMicroelectronics.X-CUBE-BLEMGR.3.1.0
2025-03-27 00:35:12,004 [WARN] PackLoader:240 - Cannot read IP mode file for STMicroelectronics.X-CUBE-AI.10.0.0
2025-03-27 00:35:12,017 [WARN] PackLoader:240 - Cannot read IP mode file for STMicroelectronics.FP-SNS-SMARTAG2.1.2.0
2025-03-27 00:35:12,025 [WARN] PackLoader:240 - Cannot read IP mode file for STMicroelectronics.FP-SNS-FLIGHT1.5.1.0
2025-03-27 00:35:12,174 [WARN] PackLoader:240 - Cannot read IP mode file for STMicroelectronics.X-CUBE-MEMS1.11.1.0
2025-03-27 00:35:12,503 [INFO] LogOutputStream:77 - [STDOUT_REDIRECT] 1 : Invalid condition id : UX_CORESTACK_Condition cause : null
2025-03-27 00:35:12,504 [INFO] LogOutputStream:77 - [STDOUT_REDIRECT] 1 : Invalid condition id : UX_CORESTACK_Condition cause : null
2025-03-27 00:35:12,508 [INFO] LogOutputStream:77 - [STDOUT_REDIRECT] 1 : Invalid condition id : UX_CORESTACK_Condition cause : null
2025-03-27 00:35:12,512 [INFO] LogOutputStream:77 - [STDOUT_REDIRECT] 1 : Invalid condition id : UX_CORESTACK_Condition cause : null
2025-03-27 00:35:12,516 [INFO] LogOutputStream:77 - [STDOUT_REDIRECT] 1 : Invalid condition id : UX_CORESTACK_Condition cause : null
2025-03-27 00:35:12,522 [WARN] PackLoader:240 - Cannot read IP mode file for STMicroelectronics.X-CUBE-AZRTOS-WL.2.0.0
2025-03-27 00:35:12,535 [WARN] PackLoader:240 - Cannot read IP mode file for STMicroelectronics.FP-SNS-MOTENV1.5.0.0
2025-03-27 00:35:12,549 [WARN] PackLoader:240 - Cannot read IP mode file for wolfSSL.I-CUBE-wolfMQTT.1.19.0
2025-03-27 00:35:12,577 [WARN] PackLoader:240 - Cannot read IP mode file for WES.I-CUBE-Cesium.1.3.0
2025-03-27 00:35:12,591 [WARN] PackLoader:240 - Cannot read IP mode file for STMicroelectronics.X-CUBE-BLE2.3.3.0
2025-03-27 00:35:12,635 [WARN] PackLoader:240 - Cannot read IP mode file for STMicroelectronics.X-CUBE-NFC9.1.0.0
2025-03-27 00:35:12,654 [WARN] PackLoader:240 - Cannot read IP mode file for STMicroelectronics.X-CUBE-BLE1.7.1.0
2025-03-27 00:35:12,690 [WARN] PackLoader:240 - Cannot read IP mode file for STMicroelectronics.X-CUBE-TCPP.4.1.0
2025-03-27 00:35:12,740 [WARN] PackLoader:240 - Cannot read IP mode file for STMicroelectronics.X-CUBE-AZRTOS-G0.1.1.0
2025-03-27 00:35:12,757 [WARN] PackLoader:240 - Cannot read IP mode file for STMicroelectronics.X-CUBE-SAFEA1.1.2.2
2025-03-27 00:35:12,774 [WARN] PackLoader:240 - Cannot read IP mode file for STMicroelectronics.X-CUBE-NFC4.3.0.0
2025-03-27 00:35:12,802 [WARN] PackLoader:240 - Cannot read IP mode file for EmbeddedOffice.I-CUBE-FS-RTOS.1.0.1
2025-03-27 00:35:12,818 [WARN] PackLoader:240 - Cannot read IP mode file for STMicroelectronics.X-CUBE-TCPP.4.2.0
2025-03-27 00:35:12,834 [WARN] PackLoader:240 - Cannot read IP mode file for RealThread.X-CUBE-RT-Thread_Nano.4.1.1
2025-03-27 00:35:12,842 [WARN] PackLoader:240 - Cannot read IP mode file for STMicroelectronics.FP-ATR-SIGFOX1.3.2.0
2025-03-27 00:35:12,854 [WARN] PackLoader:240 - Cannot read IP mode file for wolfSSL.I-CUBE-wolfSSL.5.7.2
2025-03-27 00:35:12,866 [WARN] ConditionMgr:438 - getConditionDescription Invalid condition id : Cortex-A Device cause : null
2025-03-27 00:35:12,893 [WARN] ConditionMgr:1044 - genDependencies : Invalid condition id : Cortex-A Device cause : null
2025-03-27 00:35:12,893 [WARN] ConditionMgr:1044 - genDependencies : Invalid condition id : Cortex-A Device cause : null
2025-03-27 00:35:12,893 [WARN] ConditionMgr:1044 - genDependencies : Invalid condition id : Cortex-A Device cause : null
2025-03-27 00:35:12,934 [WARN] PackLoader:240 - Cannot read IP mode file for STMicroelectronics.X-CUBE-EEPRMA1.5.1.0
2025-03-27 00:35:12,959 [WARN] PackLoader:240 - Cannot read IP mode file for ITTIA_DB.I-CUBE-ITTIADB.8.9.0
2025-03-27 00:35:13,031 [WARN] PackLoader:240 - Cannot read IP mode file for SEGGER.I-CUBE-embOS.1.3.1
2025-03-27 00:35:13,191 [WARN] PackLoader:240 - Cannot read IP mode file for STMicroelectronics.X-CUBE-ALGOBUILD.1.4.0
2025-03-27 00:35:13,209 [WARN] PackLoader:240 - Cannot read IP mode file for STMicroelectronics.X-CUBE-AI.9.1.0
2025-03-27 00:35:13,270 [WARN] PackLoader:240 - Cannot read IP mode file for STMicroelectronics.X-CUBE-AZRTOS-F4.1.1.0
2025-03-27 00:35:13,298 [WARN] PackLoader:240 - Cannot read IP mode file for STMicroelectronics.X-CUBE-ISPU.2.1.0
2025-03-27 00:35:13,309 [WARN] PackLoader:240 - Cannot read IP mode file for STMicroelectronics.X-CUBE-FREERTOS.1.2.0
2025-03-27 00:35:13,373 [WARN] PackLoader:240 - Cannot read IP mode file for STMicroelectronics.X-CUBE-AZRTOS-L5.2.0.0
2025-03-27 00:35:13,417 [WARN] PackLoader:240 - Cannot read IP mode file for STMicroelectronics.X-CUBE-NFC6.3.1.0
2025-03-27 00:35:13,434 [WARN] PackLoader:240 - Cannot read IP mode file for STMicroelectronics.X-CUBE-DPower.1.2.0
2025-03-27 00:35:13,442 [WARN] PackLoader:240 - Cannot read IP mode file for STMicroelectronics.X-CUBE-FREERTOS.1.3.0
2025-03-27 00:35:13,454 [WARN] PackLoader:240 - Cannot read IP mode file for STMicroelectronics.X-CUBE-NFC7.1.0.1
2025-03-27 00:35:13,494 [WARN] ConditionMgr:438 - getConditionDescription Invalid condition id : LAN8742 Phy interface Condition cause : null
2025-03-27 00:35:13,499 [WARN] PackLoader:240 - Cannot read IP mode file for STMicroelectronics.X-CUBE-AZRTOS-L4.2.0.0
2025-03-27 00:35:13,501 [WARN] ConditionMgr:1044 - genDependencies : Invalid condition id : LAN8742 Phy interface Condition cause : null
2025-03-27 00:35:13,501 [WARN] ConditionMgr:1044 - genDependencies : Invalid condition id : LAN8742 Phy interface Condition cause : null
2025-03-27 00:35:13,502 [WARN] ConditionMgr:1044 - genDependencies : Invalid condition id : LAN8742 Phy interface Condition cause : null
2025-03-27 00:35:13,522 [WARN] PackLoader:240 - Cannot read IP mode file for STMicroelectronics.X-CUBE-SFXS2LP1.4.0.0
2025-03-27 00:35:13,566 [WARN] PackLoader:240 - Cannot read IP mode file for STMicroelectronics.X-CUBE-AZRTOS-H7.3.3.0
2025-03-27 00:35:13,590 [WARN] PackLoader:240 - Cannot read IP mode file for STMicroelectronics.X-CUBE-IPS.3.0.0
2025-03-27 00:35:13,621 [WARN] ConditionMgr:438 - getConditionDescription Invalid condition id : UX DEVICE CLASS RTOS Condition cause : null
2025-03-27 00:35:13,622 [WARN] ConditionMgr:438 - getConditionDescription Invalid condition id : UX DEVICE CLASS RTOS Condition cause : null
2025-03-27 00:35:13,625 [WARN] PackLoader:240 - Cannot read IP mode file for STMicroelectronics.X-CUBE-AZRTOS-WB.2.0.0
2025-03-27 00:35:13,626 [WARN] ConditionMgr:1044 - genDependencies : Invalid condition id : UX DEVICE CLASS RTOS Condition cause : null
2025-03-27 00:35:13,627 [WARN] ConditionMgr:1044 - genDependencies : Invalid condition id : UX DEVICE CLASS RTOS Condition cause : null
2025-03-27 00:35:13,627 [WARN] ConditionMgr:1044 - genDependencies : Invalid condition id : UX DEVICE CLASS RTOS Condition cause : null
2025-03-27 00:35:13,628 [WARN] ConditionMgr:1044 - genDependencies : Invalid condition id : UX DEVICE CLASS RTOS Condition cause : null
2025-03-27 00:35:13,631 [WARN] ConditionMgr:1044 - genDependencies : Invalid condition id : UX DEVICE CLASS RTOS Condition cause : null
2025-03-27 00:35:13,640 [WARN] PackLoader:240 - Cannot read IP mode file for STMicroelectronics.X-CUBE-GNSS1.7.0.0
2025-03-27 00:35:13,652 [WARN] PackLoader:240 - Cannot read IP mode file for STMicroelectronics.X-CUBE-GNSS1.7.0.1
2025-03-27 00:35:13,664 [WARN] PackLoader:240 - Cannot read IP mode file for STMicroelectronics.X-CUBE-TOUCHGFX.4.25.0
2025-03-27 00:35:13,675 [WARN] PackLoader:240 - Cannot read IP mode file for STMicroelectronics.FP-SNS-STBOX1.2.0.0
2025-03-27 00:35:13,699 [WARN] PackLoader:240 - Cannot read IP mode file for STMicroelectronics.X-CUBE-SUBG2.5.0.0
2025-03-27 00:35:13,737 [WARN] PackLoader:240 - Cannot read IP mode file for STMicroelectronics.X-CUBE-AZRTOS-H7RS.1.1.0
2025-03-27 00:35:13,749 [WARN] PackLoader:240 - Cannot read IP mode file for Cesanta.I-CUBE-Mongoose.7.13.0
2025-03-27 00:35:13,768 [WARN] PackLoader:240 - Cannot read IP mode file for STMicroelectronics.X-CUBE-AZRTOS-G4.2.0.0
2025-03-27 00:35:13,787 [WARN] PackLoader:240 - Cannot read IP mode file for STMicroelectronics.X-CUBE-IPS.3.1.0
2025-03-27 00:35:13,804 [WARN] PackLoader:240 - Cannot read IP mode file for STMicroelectronics.X-CUBE-ALS.1.0.2
2025-03-27 00:35:13,809 [WARN] PackLoader:240 - Cannot read IP mode file for STMicroelectronics.X-CUBE-TOUCHGFX.4.24.2
2025-03-27 00:35:13,817 [WARN] PackLoader:240 - Cannot read IP mode file for STMicroelectronics.X-CUBE-TOUCHGFX.4.24.1
2025-03-27 00:35:13,823 [WARN] PackLoader:240 - Cannot read IP mode file for wolfSSL.I-CUBE-wolfTPM.3.4.0
2025-03-27 00:35:13,831 [WARN] PackLoader:240 - Cannot read IP mode file for portGmbH.I-Cube-SoM-uGOAL.1.1.0
2025-03-27 00:35:13,850 [WARN] PackLoader:240 - Cannot read IP mode file for STMicroelectronics.X-CUBE-AZRTOS-H7RS.1.0.0
2025-03-27 00:35:13,855 [WARN] PackLoader:240 - Cannot read IP mode file for STMicroelectronics.FP-ATR-ASTRA1.2.0.0
2025-03-27 00:35:13,865 [WARN] PackLoader:240 - Cannot read IP mode file for STMicroelectronics.X-CUBE-TOF1.3.4.2
2025-03-27 00:35:13,892 [WARN] PackLoader:240 - Cannot read IP mode file for Infineon.AIROC-Wi-Fi-Bluetooth-STM32.1.6.1
2025-03-27 00:35:13,901 [WARN] PackLoader:240 - Cannot read IP mode file for wolfSSL.I-CUBE-wolfSSH.1.4.17
2025-03-27 00:35:13,902 [INFO] ThirdParty:978 - Integrity check success = true
2025-03-27 00:35:13,902 [INFO] IntegrityCheckThread:100 - exiting critical section [integrity check]
2025-03-27 00:35:13,902 [INFO] IntegrityCheckThread:103 - End integrity checks thread
2025-03-27 02:48:56,028 [ERROR] LogOutputStream:75 - [STDERR_REDIRECT] 
2025-03-27 02:49:23,223 [ERROR] LogOutputStream:75 - [STDERR_REDIRECT] 
2025-03-27 12:48:53,855 [INFO] Activator:176 - 


2025-03-27 12:48:53,858 [INFO] Activator:177 - !SESSION log4j initialized
2025-03-27 12:49:01,604 [ERROR] LogOutputStream:75 - [STDERR_REDIRECT] Mar 27, 2025 12:49:01 PM org.apache.lucene.internal.vectorization.VectorizationProvider lookup
2025-03-27 12:49:01,620 [ERROR] LogOutputStream:75 - [STDERR_REDIRECT] WARNING: Java vector incubator module is not readable. For optimal vector performance, pass '--add-modules jdk.incubator.vector' to enable Vector API.
2025-03-27 12:49:01,620 [ERROR] LogOutputStream:75 - [STDERR_REDIRECT] 
2025-03-27 12:49:03,647 [INFO] LogOutputStream:77 - [STDOUT_REDIRECT] 
2025-03-27 12:49:14,026 [INFO] ApplicationProperties:184 - Using Application install path: C:\ST\STM32CubeIDE_1.16.1\STM32CubeIDE\plugins\com.st.stm32cube.common.mx_6.14.0.202502271554
2025-03-27 12:49:14,048 [INFO] DbMcusXml:78 - Set database path to: C:\ST\STM32CubeIDE_1.16.1\STM32CubeIDE\plugins\com.st.stm32cube.common.mx_6.14.0.202502271554\\db\/mcu/
2025-03-27 12:49:14,049 [INFO] ApiDb:274 - Set plugin database path to: C:\ST\STM32CubeIDE_1.16.1\STM32CubeIDE\plugins\com.st.stm32cube.common.mx_6.14.0.202502271554\\db\/plugins/boardmanager/
2025-03-27 12:49:14,049 [WARN] ApiDb:259 - Overriding images path with different value:  => C:\ST\STM32CubeIDE_1.16.1\STM32CubeIDE\plugins\com.st.stm32cube.common.mx_6.14.0.202502271554\\db\/plugins/mcufinder/images/
2025-03-27 12:49:14,061 [INFO] ApiDb:250 - Set database path to: C:\Users\Shuvro\.stmcufinder\plugins\mcufinder//mcu/
2025-03-27 12:49:14,062 [INFO] DbMcusAds:125 - Set database path to: C:\Users\Shuvro\.stmcufinder\plugins\mcufinder//mcu/
2025-03-27 12:49:14,078 [INFO] CrossReferenceDbSqlite:203 - Set database path to: C:\Users\Shuvro\.stmcufinder\plugins\mcufinder//mcu/cs/
2025-03-27 12:49:14,224 [INFO] RulesReader:64 - Compatibility file has been processed (301 Rules)
2025-03-27 12:49:14,351 [INFO] DbMcusXml:78 - Set database path to: C:\ST\STM32CubeIDE_1.16.1\STM32CubeIDE\plugins\com.st.stm32cube.common.mx_6.14.0.202502271554\\db\/mcu/
2025-03-27 12:49:14,351 [INFO] ApiDb:274 - Set plugin database path to: C:\ST\STM32CubeIDE_1.16.1\STM32CubeIDE\plugins\com.st.stm32cube.common.mx_6.14.0.202502271554\\db\/plugins/boardmanager/
2025-03-27 12:49:14,351 [INFO] ApiDb:261 - Set plugin images path to: C:\ST\STM32CubeIDE_1.16.1\STM32CubeIDE\plugins\com.st.stm32cube.common.mx_6.14.0.202502271554\\db\/plugins/mcufinder/images/
2025-03-27 12:49:14,351 [WARN] DbFile:41 - Overriding database path with different value: C:\Users\Shuvro\.stmcufinder\plugins\mcufinder/ => C:\Users\Shuvro\.stmcufinder\plugins\mcufinder
2025-03-27 12:49:14,351 [INFO] ApiDb:250 - Set database path to: C:\Users\Shuvro\.stmcufinder\plugins\mcufinder//mcu/
2025-03-27 12:49:14,351 [WARN] DbFile:41 - Overriding database path with different value: C:\Users\Shuvro\.stmcufinder\plugins\mcufinder/ => C:\Users\Shuvro\.stmcufinder\plugins\mcufinder
2025-03-27 12:49:14,351 [INFO] DbMcusAds:125 - Set database path to: C:\Users\Shuvro\.stmcufinder\plugins\mcufinder//mcu/
2025-03-27 12:49:14,353 [WARN] DbFile:41 - Overriding database path with different value: C:\Users\Shuvro\.stmcufinder\plugins\mcufinder/ => C:\Users\Shuvro\.stmcufinder\plugins\mcufinder
2025-03-27 12:49:14,353 [WARN] DbFile:41 - Overriding database path with different value: C:\Users\Shuvro\.stmcufinder\plugins\mcufinder/ => C:\Users\Shuvro\.stmcufinder\plugins\mcufinder
2025-03-27 12:49:14,353 [INFO] CrossReferenceDbSqlite:203 - Set database path to: C:\Users\Shuvro\.stmcufinder\plugins\mcufinder//mcu/cs/
2025-03-27 12:49:14,450 [INFO] MainPanel:272 - HeapMemory: 268435456
2025-03-27 12:49:14,584 [INFO] DbMcusXml:78 - Set database path to: C:\ST\STM32CubeIDE_1.16.1\STM32CubeIDE\plugins\com.st.stm32cube.common.mx_6.14.0.202502271554\\db\/mcu/
2025-03-27 12:49:14,584 [INFO] ApiDb:274 - Set plugin database path to: C:\ST\STM32CubeIDE_1.16.1\STM32CubeIDE\plugins\com.st.stm32cube.common.mx_6.14.0.202502271554\\db\/plugins/boardmanager/
2025-03-27 12:49:14,584 [INFO] ApiDb:261 - Set plugin images path to: C:\ST\STM32CubeIDE_1.16.1\STM32CubeIDE\plugins\com.st.stm32cube.common.mx_6.14.0.202502271554\\db\/plugins/mcufinder/images/
2025-03-27 12:49:14,584 [WARN] DbFile:41 - Overriding database path with different value: C:\Users\Shuvro\.stmcufinder\plugins\mcufinder/ => C:\Users\Shuvro\.stmcufinder\plugins\mcufinder
2025-03-27 12:49:14,584 [INFO] ApiDb:250 - Set database path to: C:\Users\Shuvro\.stmcufinder\plugins\mcufinder//mcu/
2025-03-27 12:49:14,584 [WARN] DbFile:41 - Overriding database path with different value: C:\Users\Shuvro\.stmcufinder\plugins\mcufinder/ => C:\Users\Shuvro\.stmcufinder\plugins\mcufinder
2025-03-27 12:49:14,584 [INFO] DbMcusAds:125 - Set database path to: C:\Users\Shuvro\.stmcufinder\plugins\mcufinder//mcu/
2025-03-27 12:49:14,585 [WARN] DbFile:41 - Overriding database path with different value: C:\Users\Shuvro\.stmcufinder\plugins\mcufinder/ => C:\Users\Shuvro\.stmcufinder\plugins\mcufinder
2025-03-27 12:49:14,585 [WARN] DbFile:41 - Overriding database path with different value: C:\Users\Shuvro\.stmcufinder\plugins\mcufinder/ => C:\Users\Shuvro\.stmcufinder\plugins\mcufinder
2025-03-27 12:49:14,585 [INFO] CrossReferenceDbSqlite:203 - Set database path to: C:\Users\Shuvro\.stmcufinder\plugins\mcufinder//mcu/cs/
2025-03-27 12:49:14,606 [INFO] ApplicationProperties:184 - Using Application install path: C:\ST\STM32CubeIDE_1.16.1\STM32CubeIDE\plugins\com.st.stm32cube.common.mx_6.14.0.202502271554
2025-03-27 12:49:14,607 [INFO] PluginManage:196 - Search for loadable plugins [exclusion list=, ]
2025-03-27 12:49:14,609 [INFO] PluginManage:310 - Check plugin analytics
2025-03-27 12:49:24,345 [INFO] AnalyticsPlugin:253 - Accepted Software Licenses: 
2025-03-27 12:49:24,345 [INFO] AnalyticsPlugin:255 - Accepted CMSIS Pack Licenses: 
2025-03-27 12:49:24,345 [INFO] AnalyticsPlugin:257 - Accepted Firmware Licenses: 
2025-03-27 12:49:24,350 [INFO] PluginManage:359 - Loaded plugin analytics (category:tool,tabindex:-1)
2025-03-27 12:49:24,351 [INFO] PluginManage:310 - Check plugin cadmodel
2025-03-27 12:49:24,360 [INFO] CADModel:105 - Init CAD model plugin
2025-03-27 12:49:24,360 [INFO] PluginManage:359 - Loaded plugin cadmodel (category:power,tabindex:5)
2025-03-27 12:49:24,361 [INFO] PluginManage:310 - Check plugin clock
2025-03-27 12:49:24,377 [INFO] PluginManage:359 - Loaded plugin clock (category:base,tabindex:2)
2025-03-27 12:49:24,378 [INFO] PluginManage:310 - Check plugin ddr
2025-03-27 12:49:24,381 [INFO] PluginManage:359 - Loaded plugin ddr (category:tool,tabindex:6)
2025-03-27 12:49:24,382 [INFO] PluginManage:310 - Check plugin filemanager
2025-03-27 12:49:24,565 [INFO] PluginManage:359 - Loaded plugin filemanager (category:base,tabindex:10)
2025-03-27 12:49:24,565 [INFO] PluginManage:310 - Check plugin ipmanager
2025-03-27 12:49:24,573 [INFO] PluginManage:359 - Loaded plugin ipmanager (category:base,tabindex:5)
2025-03-27 12:49:24,573 [INFO] PluginManage:310 - Check plugin lpbam
2025-03-27 12:49:24,585 [INFO] PluginManage:359 - Loaded plugin lpbam (category:base,tabindex:0)
2025-03-27 12:49:24,585 [INFO] PluginManage:310 - Check plugin memorymap
2025-03-27 12:49:24,604 [INFO] PluginManage:359 - Loaded plugin memorymap (category:base,tabindex:4)
2025-03-27 12:49:24,604 [INFO] PluginManage:310 - Check plugin pinoutandconfiguration
2025-03-27 12:49:24,615 [INFO] PluginManage:359 - Loaded plugin pinoutandconfiguration (category:base,tabindex:1)
2025-03-27 12:49:24,616 [INFO] PluginManage:310 - Check plugin pinoutconfig
2025-03-27 12:49:24,744 [WARN] SupportedApi:132 - Cannot load RTOS API schema: s4s-elt-must-match.1: The content of 'definitions' must match (annotation?, (simpleType | complexType)?, (unique | key | keyref)*)). A problem was found starting at: attribute.
2025-03-27 12:49:24,924 [INFO] PluginManage:359 - Loaded plugin pinoutconfig (category:base,tabindex:0)
2025-03-27 12:49:24,924 [INFO] PluginManage:310 - Check plugin power
2025-03-27 12:49:24,936 [INFO] PluginManage:359 - Loaded plugin power (category:power,tabindex:4)
2025-03-27 12:49:24,936 [INFO] PluginManage:310 - Check plugin projectmanager
2025-03-27 12:49:24,954 [INFO] PluginManage:359 - Loaded plugin projectmanager (category:projectmanager,tabindex:4)
2025-03-27 12:49:24,954 [INFO] PluginManage:310 - Check plugin rif
2025-03-27 12:49:24,964 [INFO] PluginManage:359 - Loaded plugin rif (category:base,tabindex:3)
2025-03-27 12:49:24,965 [INFO] PluginManage:310 - Check plugin thirdparty
2025-03-27 12:49:25,135 [INFO] PluginManage:359 - Loaded plugin thirdparty (category:base,tabindex:-1)
2025-03-27 12:49:25,135 [WARN] IntegrityCheckThread:84 - waiting for thirdparty lock release [integrity check]
2025-03-27 12:49:25,136 [INFO] PluginManage:310 - Check plugin tools
2025-03-27 12:49:25,136 [INFO] IntegrityCheckThread:86 - entering critical section [integrity check]
2025-03-27 12:49:25,136 [INFO] ThirdPartyUpdaterWithRetryManager:70 - Updater plugin not ready yet. [1/15]
2025-03-27 12:49:25,142 [INFO] PluginManage:359 - Loaded plugin tools (category:base,tabindex:7)
2025-03-27 12:49:25,142 [INFO] PluginManage:310 - Check plugin tutovideos
2025-03-27 12:49:25,410 [INFO] PluginManage:359 - Loaded plugin tutovideos (category:base,tabindex:-1)
2025-03-27 12:49:25,410 [INFO] PluginManage:310 - Check plugin updater
2025-03-27 12:49:25,445 [INFO] PluginManage:359 - Loaded plugin updater (category:base,tabindex:12)
2025-03-27 12:49:25,446 [INFO] PluginManage:310 - Check plugin userauth
2025-03-27 12:49:25,454 [INFO] UserAuth:118 - Init User Auth plugin
2025-03-27 12:49:25,455 [INFO] PluginManage:359 - Loaded plugin userauth (category:base,tabindex:14)
2025-03-27 12:49:25,456 [INFO] PluginManage:283 - PluginManage : Loaded plugins [18]
2025-03-27 12:49:25,753 [INFO] PinOutPanel:1589 - setPackage(No Configuration,No Configuration)
2025-03-27 12:49:25,859 [INFO] CADModel:165 - CPN selected for project level
2025-03-27 12:49:25,859 [INFO] CADModel:114 - Register for checkConnection events
2025-03-27 12:49:25,890 [INFO] IPUIPlugin:80 - create IPUIPlugin
2025-03-27 12:49:25,891 [INFO] PluginManager:220 - loadIPPluginJar : add adc
2025-03-27 12:49:25,896 [INFO] IPUIPlugin:80 - create IPUIPlugin
2025-03-27 12:49:25,896 [INFO] PluginManager:220 - loadIPPluginJar : add aes
2025-03-27 12:49:25,901 [INFO] IPUIPlugin:80 - create IPUIPlugin
2025-03-27 12:49:25,901 [INFO] PluginManager:220 - loadIPPluginJar : add can
2025-03-27 12:49:25,904 [INFO] IPUIPlugin:80 - create IPUIPlugin
2025-03-27 12:49:25,904 [INFO] PluginManager:220 - loadIPPluginJar : add comp
2025-03-27 12:49:25,908 [INFO] IPUIPlugin:80 - create IPUIPlugin
2025-03-27 12:49:25,908 [INFO] PluginManager:220 - loadIPPluginJar : add cryp
2025-03-27 12:49:25,918 [INFO] IPUIPlugin:80 - create IPUIPlugin
2025-03-27 12:49:25,918 [INFO] PluginManager:220 - loadIPPluginJar : add ddr_ctrl_phy
2025-03-27 12:49:25,923 [INFO] IPUIPlugin:80 - create IPUIPlugin
2025-03-27 12:49:25,923 [INFO] PluginManager:220 - loadIPPluginJar : add dfsdm
2025-03-27 12:49:25,931 [INFO] IPUIPlugin:80 - create IPUIPlugin
2025-03-27 12:49:25,932 [INFO] PluginManager:220 - loadIPPluginJar : add dma
2025-03-27 12:49:25,936 [INFO] IPUIPlugin:80 - create IPUIPlugin
2025-03-27 12:49:25,936 [INFO] PluginManager:220 - loadIPPluginJar : add dma3
2025-03-27 12:49:25,940 [INFO] IPUIPlugin:80 - create IPUIPlugin
2025-03-27 12:49:25,941 [INFO] PluginManager:220 - loadIPPluginJar : add extmemmanager
2025-03-27 12:49:25,943 [INFO] IPUIPlugin:80 - create IPUIPlugin
2025-03-27 12:49:25,943 [INFO] PluginManager:220 - loadIPPluginJar : add fatfs
2025-03-27 12:49:25,949 [INFO] IPUIPlugin:80 - create IPUIPlugin
2025-03-27 12:49:25,949 [INFO] PluginManager:220 - loadIPPluginJar : add fmc
2025-03-27 12:49:25,958 [INFO] IPUIPlugin:80 - create IPUIPlugin
2025-03-27 12:49:25,959 [INFO] PluginManager:220 - loadIPPluginJar : add freertos
2025-03-27 12:49:25,961 [INFO] IPUIPlugin:80 - create IPUIPlugin
2025-03-27 12:49:25,961 [INFO] PluginManager:220 - loadIPPluginJar : add genericplugin
2025-03-27 12:49:25,965 [INFO] IPUIPlugin:80 - create IPUIPlugin
2025-03-27 12:49:25,965 [INFO] PluginManager:220 - loadIPPluginJar : add gfxmmu
2025-03-27 12:49:25,973 [INFO] IPUIPlugin:80 - create IPUIPlugin
2025-03-27 12:49:25,973 [INFO] PluginManager:220 - loadIPPluginJar : add gic
2025-03-27 12:49:25,980 [INFO] IPUIPlugin:80 - create IPUIPlugin
2025-03-27 12:49:25,980 [INFO] PluginManager:220 - loadIPPluginJar : add gpio
2025-03-27 12:49:25,985 [INFO] IPUIPlugin:80 - create IPUIPlugin
2025-03-27 12:49:25,985 [INFO] PluginManager:220 - loadIPPluginJar : add gtzc
2025-03-27 12:49:25,989 [INFO] IPUIPlugin:80 - create IPUIPlugin
2025-03-27 12:49:25,989 [INFO] PluginManager:220 - loadIPPluginJar : add hash
2025-03-27 12:49:25,993 [INFO] IPUIPlugin:80 - create IPUIPlugin
2025-03-27 12:49:25,994 [INFO] PluginManager:220 - loadIPPluginJar : add i2c
2025-03-27 12:49:25,999 [INFO] IPUIPlugin:80 - create IPUIPlugin
2025-03-27 12:49:25,999 [INFO] PluginManager:220 - loadIPPluginJar : add i2s
2025-03-27 12:49:26,004 [INFO] IPUIPlugin:80 - create IPUIPlugin
2025-03-27 12:49:26,004 [INFO] PluginManager:220 - loadIPPluginJar : add i3c
2025-03-27 12:49:26,010 [INFO] IPUIPlugin:80 - create IPUIPlugin
2025-03-27 12:49:26,010 [INFO] PluginManager:220 - loadIPPluginJar : add ipddr
2025-03-27 12:49:26,025 [INFO] IPUIPlugin:80 - create IPUIPlugin
2025-03-27 12:49:26,025 [INFO] PluginManager:220 - loadIPPluginJar : add linkedlist
2025-03-27 12:49:26,029 [INFO] IPUIPlugin:80 - create IPUIPlugin
2025-03-27 12:49:26,029 [INFO] PluginManager:220 - loadIPPluginJar : add lorawan
2025-03-27 12:49:26,032 [INFO] IPUIPlugin:80 - create IPUIPlugin
2025-03-27 12:49:26,032 [INFO] PluginManager:220 - loadIPPluginJar : add ltdc
2025-03-27 12:49:26,042 [INFO] IPUIPlugin:80 - create IPUIPlugin
2025-03-27 12:49:26,042 [INFO] PluginManager:220 - loadIPPluginJar : add mdma
2025-03-27 12:49:26,048 [INFO] IPUIPlugin:80 - create IPUIPlugin
2025-03-27 12:49:26,048 [INFO] PluginManager:220 - loadIPPluginJar : add nvic
2025-03-27 12:49:26,053 [INFO] IPUIPlugin:80 - create IPUIPlugin
2025-03-27 12:49:26,053 [INFO] PluginManager:220 - loadIPPluginJar : add opamp
2025-03-27 12:49:26,058 [INFO] IPUIPlugin:80 - create IPUIPlugin
2025-03-27 12:49:26,058 [INFO] PluginManager:220 - loadIPPluginJar : add openamp
2025-03-27 12:49:26,064 [INFO] IPUIPlugin:80 - create IPUIPlugin
2025-03-27 12:49:26,064 [INFO] PluginManager:220 - loadIPPluginJar : add pdm2pcm
2025-03-27 12:49:26,074 [INFO] IPUIPlugin:80 - create IPUIPlugin
2025-03-27 12:49:26,079 [INFO] PluginManager:220 - loadIPPluginJar : add plateformsettings
2025-03-27 12:49:26,081 [INFO] IPUIPlugin:80 - create IPUIPlugin
2025-03-27 12:49:26,081 [INFO] PluginManager:220 - loadIPPluginJar : add quadspi
2025-03-27 12:49:26,084 [INFO] IPUIPlugin:80 - create IPUIPlugin
2025-03-27 12:49:26,084 [INFO] PluginManager:220 - loadIPPluginJar : add radio
2025-03-27 12:49:26,091 [INFO] IPUIPlugin:80 - create IPUIPlugin
2025-03-27 12:49:26,091 [INFO] PluginManager:220 - loadIPPluginJar : add resmgrutility
2025-03-27 12:49:26,096 [INFO] IPUIPlugin:80 - create IPUIPlugin
2025-03-27 12:49:26,097 [INFO] PluginManager:220 - loadIPPluginJar : add sai
2025-03-27 12:49:26,100 [INFO] IPUIPlugin:80 - create IPUIPlugin
2025-03-27 12:49:26,101 [INFO] PluginManager:220 - loadIPPluginJar : add spi
2025-03-27 12:49:26,108 [INFO] IPUIPlugin:80 - create IPUIPlugin
2025-03-27 12:49:26,108 [INFO] PluginManager:220 - loadIPPluginJar : add stm32_wpan
2025-03-27 12:49:26,111 [INFO] IPUIPlugin:80 - create IPUIPlugin
2025-03-27 12:49:26,111 [INFO] PluginManager:220 - loadIPPluginJar : add tim
2025-03-27 12:49:26,115 [INFO] IPUIPlugin:80 - create IPUIPlugin
2025-03-27 12:49:26,116 [INFO] PluginManager:220 - loadIPPluginJar : add touchsensing
2025-03-27 12:49:26,120 [INFO] IPUIPlugin:80 - create IPUIPlugin
2025-03-27 12:49:26,120 [INFO] PluginManager:220 - loadIPPluginJar : add tracer_emb
2025-03-27 12:49:26,123 [INFO] IPUIPlugin:80 - create IPUIPlugin
2025-03-27 12:49:26,123 [INFO] PluginManager:220 - loadIPPluginJar : add ts
2025-03-27 12:49:26,126 [INFO] IPUIPlugin:80 - create IPUIPlugin
2025-03-27 12:49:26,126 [INFO] PluginManager:220 - loadIPPluginJar : add tsc
2025-03-27 12:49:26,129 [INFO] IPUIPlugin:80 - create IPUIPlugin
2025-03-27 12:49:26,129 [INFO] PluginManager:220 - loadIPPluginJar : add ucpd
2025-03-27 12:49:26,132 [INFO] IPUIPlugin:80 - create IPUIPlugin
2025-03-27 12:49:26,132 [INFO] PluginManager:220 - loadIPPluginJar : add usart
2025-03-27 12:49:26,137 [INFO] IPUIPlugin:80 - create IPUIPlugin
2025-03-27 12:49:26,137 [INFO] PluginManager:220 - loadIPPluginJar : add usbx
2025-03-27 12:49:26,323 [FATAL] Updater:351 - Updater called before beeing initialized
2025-03-27 12:49:26,351 [INFO] RulesReader:64 - Compatibility file has been processed (301 Rules)
2025-03-27 12:49:26,362 [INFO] RulesReader:64 - Compatibility file has been processed (301 Rules)
2025-03-27 12:49:26,372 [INFO] CADModel:165 - CPN selected for project level
2025-03-27 12:49:26,372 [INFO] CADModel:114 - Register for checkConnection events
2025-03-27 12:49:26,372 [FATAL] Updater:351 - Updater called before beeing initialized
2025-03-27 12:49:26,372 [ERROR] CADModel:125 - Updater not yet initialized, retry later 
2025-03-27 12:49:26,578 [FATAL] Updater:351 - Updater called before beeing initialized
2025-03-27 12:49:26,582 [INFO] CADModel:165 - CPN selected for project level
2025-03-27 12:49:26,582 [INFO] CADModel:114 - Register for checkConnection events
2025-03-27 12:49:26,582 [FATAL] Updater:351 - Updater called before beeing initialized
2025-03-27 12:49:26,582 [ERROR] CADModel:125 - Updater not yet initialized, retry later 
2025-03-27 12:49:26,586 [FATAL] Updater:351 - Updater called before beeing initialized
2025-03-27 12:49:26,716 [FATAL] Updater:351 - Updater called before beeing initialized
2025-03-27 12:49:26,730 [INFO] DbMcusAds:53 - JSON generation date=Thu Mar 06 20:54:21 BDT 2025 (1741272861825)
2025-03-27 12:49:26,731 [FATAL] Updater:351 - Updater called before beeing initialized
2025-03-27 12:49:26,788 [WARN] DetailPanel:346 - Failed to get advertising image, set to default
2025-03-27 12:49:27,139 [FATAL] Updater:351 - Updater called before beeing initialized
2025-03-27 12:49:27,141 [FATAL] Updater:351 - Updater called before beeing initialized
2025-03-27 12:49:27,141 [FATAL] Updater:351 - Updater called before beeing initialized
2025-03-27 12:49:27,142 [WARN] DetailPanel:346 - Failed to get advertising image, set to default
2025-03-27 12:49:27,142 [FATAL] Updater:351 - Updater called before beeing initialized
2025-03-27 12:49:27,193 [ERROR] Updater:1198 - MainUpdater not yet initialized. External WinMGr cannot be set.
2025-03-27 12:49:27,197 [INFO] Updater:1134 - Updater Version found : 6.14.0
2025-03-27 12:49:27,251 [INFO] ApplicationProperties:184 - Using Application install path: C:\ST\STM32CubeIDE_1.16.1\STM32CubeIDE\plugins\com.st.stm32cube.common.mx_6.14.0.202502271554
2025-03-27 12:49:28,137 [INFO] ThirdPartyUpdaterWithRetryManager:70 - Updater plugin not ready yet. [2/15]
2025-03-27 12:49:28,830 [ERROR] LogOutputStream:75 - [STDERR_REDIRECT] Mar 27, 2025 12:49:28 PM java.util.prefs.WindowsPreferences <init>
2025-03-27 12:49:28,833 [ERROR] LogOutputStream:75 - [STDERR_REDIRECT] WARNING: Could not open/create prefs root node Software\JavaSoft\Prefs at root 0xffffffff80000002. Windows RegCreateKeyEx(...) returned error code 5.
2025-03-27 12:49:28,833 [ERROR] LogOutputStream:75 - [STDERR_REDIRECT] 
2025-03-27 12:49:31,138 [FATAL] Updater:351 - Updater called before beeing initialized
2025-03-27 12:49:31,138 [ERROR] IntegrityCheckThread:130 - Cannot retrieve database content from updater: error 21
2025-03-27 12:49:31,138 [INFO] ThirdParty:978 - Integrity check success = false
2025-03-27 12:49:31,139 [INFO] IntegrityCheckThread:100 - exiting critical section [integrity check]
2025-03-27 12:49:31,139 [INFO] IntegrityCheckThread:103 - End integrity checks thread
2025-03-27 12:49:31,455 [INFO] MainUpdater:2872 - connection check result : 10
2025-03-27 12:49:31,456 [INFO] MainUpdater:289 - Updater Check For Update Now.
2025-03-27 12:49:31,456 [INFO] MicroXplorer:498 - Change Database Version : DB.6.0.140
2025-03-27 12:49:31,471 [INFO] McuFinderGlobals:63 - Set McuFinder mode to 2 (CubeIDE integrated)
2025-03-27 12:49:31,471 [INFO] UserAuth:171 - activating auth plugin
2025-03-27 12:49:31,475 [INFO] UserAuth:486 - Internet connection configuration mode: 1
2025-03-27 12:49:31,524 [INFO] JxBrowserEngine:152 - Initiate JxBrowser Engine with user profile folder
2025-03-27 12:49:31,661 [INFO] CheckServerUpdateThread:120 - End of CheckServer Thread
2025-03-27 12:49:34,212 [INFO] WebApp:169 - Instantiating new browser for Auth
2025-03-27 12:49:36,095 [INFO] WebApp:463 - Apply proxy settings
2025-03-27 12:49:36,096 [INFO] WebApp:548 - Chromium requires no authentication
2025-03-27 12:49:36,134 [INFO] WebApp:491 - Direct internet connection detected
2025-03-27 12:49:36,236 [INFO] WebApp:894 - Register for checkConnection events
2025-03-27 12:49:36,236 [INFO] WebApp:463 - Apply proxy settings
2025-03-27 12:49:36,237 [INFO] WebApp:548 - Chromium requires no authentication
2025-03-27 12:49:36,242 [INFO] WebApp:491 - Direct internet connection detected
2025-03-27 12:49:36,807 [INFO] WebApp:191 - Connection restablished
2025-03-27 12:49:36,944 [INFO] WebApp:225 - Starting web application
2025-03-27 12:49:36,944 [INFO] WebApp:593 - Web application path used C:\ST\STM32CubeIDE_1.16.1\STM32CubeIDE\plugins\com.st.stm32cube.common.mx_6.14.0.202502271554\db\plugins\mcufinder\reactClient1\index.html
2025-03-27 15:09:02,953 [INFO] WebApp:194 - Connection lost
2025-03-27 15:09:03,192 [INFO] WebApp:191 - Connection restablished
2025-03-27 15:09:05,446 [INFO] WebApp:194 - Connection lost
2025-03-27 15:09:05,694 [INFO] WebApp:191 - Connection restablished
2025-03-27 16:09:08,157 [INFO] WebApp:194 - Connection lost
2025-03-27 16:09:16,291 [INFO] WebApp:191 - Connection restablished
2025-03-27 16:09:18,475 [INFO] WebApp:194 - Connection lost
2025-03-27 16:09:18,721 [INFO] WebApp:191 - Connection restablished
2025-03-27 16:17:53,278 [INFO] WebApp:194 - Connection lost
2025-03-27 16:22:55,213 [INFO] WebApp:191 - Connection restablished
2025-03-27 17:22:03,091 [INFO] WebApp:403 - JxBrowser engine has been closed 
